<?xml version="1.0" encoding="UTF-8"?>
<TestRun id="2ff984ad-15c6-4ec6-bd91-6047c55029ea" name="mathias@MATHIAS-PC 2012-01-21 14:44:48" runUser="mathias-PC\mathias" xmlns="http://microsoft.com/schemas/VisualStudio/TeamTest/2010">
  <TestSettings name="Lokal" id="2f49c074-a861-4ffa-afec-cc51f40226af">
    <Description>Dies sind die standardmäßigen Testeinstellungen für einen lokalen Testlauf.</Description>
    <Deployment enabled="false" runDeploymentRoot="mathias_MATHIAS-PC 2012-01-21 14_44_48">
      <DeploymentItem filename="C:\Users\mathias\studium\master\semester 1\programmierung\Medienprogrammierung\Programming\Programming\bin\Release\Newtonsoft.Json.dll" />
      <DeploymentItem filename="C:\Users\mathias\studium\master\semester 1\programmierung\Medienprogrammierung\Programming\Programming\bin\Debug\AForge.Video.dll" />
      <DeploymentItem filename="C:\Users\mathias\studium\master\semester 1\programmierung\Medienprogrammierung\Programming\Programming\bin\Debug\AForge.Video.DirectShow.dll" />
      <DeploymentItem filename="C:\Users\mathias\studium\master\semester 1\programmierung\Medienprogrammierung\Programming\Programming\bin\Release\Facebook.dll" />
      <DeploymentItem filename="C:\Users\mathias\studium\master\semester 1\programmierung\Medienprogrammierung\Programming\Programming\bin\Debug\Programming.exe" />
    </Deployment>
    <Execution>
      <TestTypeSpecific />
      <AgentRule name="Execution Agents">
      </AgentRule>
    </Execution>
  </TestSettings>
  <Times creation="2012-01-21T14:44:48.4511716+01:00" queuing="2012-01-21T14:44:48.5131751+01:00" start="2012-01-21T14:44:48.6301818+01:00" finish="2012-01-21T14:44:52.7324164+01:00" />
  <ResultSummary outcome="Error">
    <Counters total="29" executed="29" passed="26" error="1" failed="0" timeout="0" aborted="0" inconclusive="2" passedButRunAborted="0" notRunnable="0" notExecuted="0" disconnected="0" warning="0" completed="0" inProgress="0" pending="0" />
    <RunInfos>
      <RunInfo computerName="MATHIAS-PC" outcome="Error" timestamp="2012-01-21T14:44:50.1482686+01:00">
        <Text>Einer der Hintergrundthreads hat eine Ausnahme ausgelöst: 
System.NullReferenceException: Der Objektverweis wurde nicht auf eine Objektinstanz festgelegt.
   bei Programming.ThreadHandler.try_refresh() in C:\Users\mathias\studium\master\semester 1\programmierung\Medienprogrammierung\Programming\Programming\ThreadHandler.cs:Zeile 111.
   bei Programming.ThreadHandler.&lt;refresh&gt;b__1() in C:\Users\mathias\studium\master\semester 1\programmierung\Medienprogrammierung\Programming\Programming\ThreadHandler.cs:Zeile 86.
   bei System.Threading.ThreadHelper.ThreadStart_Context(Object state)
   bei System.Threading.ExecutionContext.runTryCode(Object userData)
   bei System.Runtime.CompilerServices.RuntimeHelpers.ExecuteCodeWithGuaranteedCleanup(TryCode code, CleanupCode backoutCode, Object userData)
   bei System.Threading.ExecutionContext.RunInternal(ExecutionContext executionContext, ContextCallback callback, Object state)
   bei System.Threading.ExecutionContext.Run(ExecutionContext executionContext, ContextCallback callback, Object state, Boolean ignoreSyncCtx)
   bei System.Threading.ExecutionContext.Run(ExecutionContext executionContext, ContextCallback callback, Object state)
   bei System.Threading.ThreadHelper.ThreadStart()</Text>
      </RunInfo>
      <RunInfo computerName="MATHIAS-PC" outcome="Error" timestamp="2012-01-21T14:44:50.1492687+01:00">
        <Text>Einer der Hintergrundthreads hat eine Ausnahme ausgelöst: 
System.InvalidOperationException: Invoke oder BeginInvoke kann für ein Steuerelement erst aufgerufen werden, wenn das Fensterhandle erstellt wurde.
   bei System.Windows.Forms.Control.MarshaledInvoke(Control caller, Delegate method, Object[] args, Boolean synchronous)
   bei System.Windows.Forms.Control.Invoke(Delegate method, Object[] args)
   bei System.Windows.Forms.Control.Invoke(Delegate method)
   bei Programming.ThreadHandler.try_refresh() in C:\Users\mathias\studium\master\semester 1\programmierung\Medienprogrammierung\Programming\Programming\ThreadHandler.cs:Zeile 111.
   bei Programming.ThreadHandler.&lt;refresh&gt;b__1() in C:\Users\mathias\studium\master\semester 1\programmierung\Medienprogrammierung\Programming\Programming\ThreadHandler.cs:Zeile 86.
   bei System.Threading.ThreadHelper.ThreadStart_Context(Object state)
   bei System.Threading.ExecutionContext.runTryCode(Object userData)
   bei System.Runtime.CompilerServices.RuntimeHelpers.ExecuteCodeWithGuaranteedCleanup(TryCode code, CleanupCode backoutCode, Object userData)
   bei System.Threading.ExecutionContext.RunInternal(ExecutionContext executionContext, ContextCallback callback, Object state)
   bei System.Threading.ExecutionContext.Run(ExecutionContext executionContext, ContextCallback callback, Object state, Boolean ignoreSyncCtx)
   bei System.Threading.ExecutionContext.Run(ExecutionContext executionContext, ContextCallback callback, Object state)
   bei System.Threading.ThreadHelper.ThreadStart()</Text>
      </RunInfo>
    </RunInfos>
  </ResultSummary>
  <TestDefinitions>
    <UnitTest name="stop_captureTest" storage="c:\users\mathias\studium\master\semester 1\programmierung\medienprogrammierung\programming\testproject1\bin\debug\testproject1.dll" id="38dff47a-7dba-e3f1-22bd-fcae75232126">
      <Execution id="a935a582-7aa1-4bfd-8c4b-db16db08d0ba" />
      <TestMethod codeBase="C:/Users/mathias/studium/master/semester 1/programmierung/Medienprogrammierung/Programming/TestProject1/bin/Debug/TestProject1.DLL" adapterTypeName="Microsoft.VisualStudio.TestTools.TestTypes.Unit.UnitTestAdapter, Microsoft.VisualStudio.QualityTools.Tips.UnitTest.Adapter, Version=10.0.0.0, Culture=neutral, PublicKeyToken=b03f5f7f11d50a3a" className="TestProject1.WebcamControllerTest, TestProject1, Version=1.0.0.0, Culture=neutral, PublicKeyToken=null" name="stop_captureTest" />
    </UnitTest>
    <UnitTest name="ImageObjectConstructorTest" storage="c:\users\mathias\studium\master\semester 1\programmierung\medienprogrammierung\programming\testproject1\bin\debug\testproject1.dll" id="002d83ad-e4d7-31f9-b4df-1f60f1b5d3b4">
      <Execution id="3b2232a8-068d-4a65-bf38-378b847bd7e6" />
      <TestMethod codeBase="C:/Users/mathias/studium/master/semester 1/programmierung/Medienprogrammierung/Programming/TestProject1/bin/Debug/TestProject1.DLL" adapterTypeName="Microsoft.VisualStudio.TestTools.TestTypes.Unit.UnitTestAdapter, Microsoft.VisualStudio.QualityTools.Tips.UnitTest.Adapter, Version=10.0.0.0, Culture=neutral, PublicKeyToken=b03f5f7f11d50a3a" className="TestProject1.ImageObjectTest, TestProject1, Version=1.0.0.0, Culture=neutral, PublicKeyToken=null" name="ImageObjectConstructorTest" />
    </UnitTest>
    <UnitTest name="show_Webcam_pictureTest" storage="c:\users\mathias\studium\master\semester 1\programmierung\medienprogrammierung\programming\testproject1\bin\debug\testproject1.dll" id="5694bef5-fbcd-f717-8901-1348ecdba087">
      <Execution id="03abf469-9e3b-4f8b-a73f-95a3d523b9d1" />
      <TestMethod codeBase="C:/Users/mathias/studium/master/semester 1/programmierung/Medienprogrammierung/Programming/TestProject1/bin/Debug/TestProject1.DLL" adapterTypeName="Microsoft.VisualStudio.TestTools.TestTypes.Unit.UnitTestAdapter, Microsoft.VisualStudio.QualityTools.Tips.UnitTest.Adapter, Version=10.0.0.0, Culture=neutral, PublicKeyToken=b03f5f7f11d50a3a" className="TestProject1.WebcamControllerTest, TestProject1, Version=1.0.0.0, Culture=neutral, PublicKeyToken=null" name="show_Webcam_pictureTest" />
    </UnitTest>
    <UnitTest name="invoke_refreshTest" storage="c:\users\mathias\studium\master\semester 1\programmierung\medienprogrammierung\programming\testproject1\bin\debug\testproject1.dll" id="12236330-5422-6a79-c41f-2614bfda9226">
      <DeploymentItems>
        <DeploymentItem filename="Programming.exe" />
      </DeploymentItems>
      <Execution id="53bafbc6-fc62-418a-a555-46f77316c0e4" />
      <TestMethod codeBase="C:/Users/mathias/studium/master/semester 1/programmierung/Medienprogrammierung/Programming/TestProject1/bin/Debug/TestProject1.DLL" adapterTypeName="Microsoft.VisualStudio.TestTools.TestTypes.Unit.UnitTestAdapter, Microsoft.VisualStudio.QualityTools.Tips.UnitTest.Adapter, Version=10.0.0.0, Culture=neutral, PublicKeyToken=b03f5f7f11d50a3a" className="TestProject1.ThreadHandlerTest, TestProject1, Version=1.0.0.0, Culture=neutral, PublicKeyToken=null" name="invoke_refreshTest" />
    </UnitTest>
    <UnitTest name="get_ImageManipulatorTypeTest" storage="c:\users\mathias\studium\master\semester 1\programmierung\medienprogrammierung\programming\testproject1\bin\debug\testproject1.dll" id="7890454c-0a6b-e2f7-057c-7d73ddaaa939">
      <Execution id="6e611738-364b-46e0-9f8b-da37cb480faf" />
      <TestMethod codeBase="C:/Users/mathias/studium/master/semester 1/programmierung/Medienprogrammierung/Programming/TestProject1/bin/Debug/TestProject1.DLL" adapterTypeName="Microsoft.VisualStudio.TestTools.TestTypes.Unit.UnitTestAdapter, Microsoft.VisualStudio.QualityTools.Tips.UnitTest.Adapter, Version=10.0.0.0, Culture=neutral, PublicKeyToken=b03f5f7f11d50a3a" className="TestProject1.ImageObjectTest, TestProject1, Version=1.0.0.0, Culture=neutral, PublicKeyToken=null" name="get_ImageManipulatorTypeTest" />
    </UnitTest>
    <UnitTest name="getThreadsTest" storage="c:\users\mathias\studium\master\semester 1\programmierung\medienprogrammierung\programming\testproject1\bin\debug\testproject1.dll" id="b573db96-268a-85a5-d513-a40b0110ca2d">
      <Execution id="3a04ea41-2beb-42e8-a4a0-fa5c29017ea7" />
      <TestMethod codeBase="C:/Users/mathias/studium/master/semester 1/programmierung/Medienprogrammierung/Programming/TestProject1/bin/Debug/TestProject1.DLL" adapterTypeName="Microsoft.VisualStudio.TestTools.TestTypes.Unit.UnitTestAdapter, Microsoft.VisualStudio.QualityTools.Tips.UnitTest.Adapter, Version=10.0.0.0, Culture=neutral, PublicKeyToken=b03f5f7f11d50a3a" className="TestProject1.ThreadHandlerTest, TestProject1, Version=1.0.0.0, Culture=neutral, PublicKeyToken=null" name="getThreadsTest" />
    </UnitTest>
    <UnitTest name="get_ImageTest" storage="c:\users\mathias\studium\master\semester 1\programmierung\medienprogrammierung\programming\testproject1\bin\debug\testproject1.dll" id="78001a50-ff7e-88eb-9e4c-1447d4837f35">
      <Execution id="de2301e7-01c2-4a4b-a4d4-2d39535029bd" />
      <TestMethod codeBase="C:/Users/mathias/studium/master/semester 1/programmierung/Medienprogrammierung/Programming/TestProject1/bin/Debug/TestProject1.DLL" adapterTypeName="Microsoft.VisualStudio.TestTools.TestTypes.Unit.UnitTestAdapter, Microsoft.VisualStudio.QualityTools.Tips.UnitTest.Adapter, Version=10.0.0.0, Culture=neutral, PublicKeyToken=b03f5f7f11d50a3a" className="TestProject1.ImageObjectTest, TestProject1, Version=1.0.0.0, Culture=neutral, PublicKeyToken=null" name="get_ImageTest" />
    </UnitTest>
    <UnitTest name="addTest" storage="c:\users\mathias\studium\master\semester 1\programmierung\medienprogrammierung\programming\testproject1\bin\debug\testproject1.dll" id="37f7fa63-e38f-d747-b2a4-90104bd11c78">
      <Execution id="57e4ebed-f991-4c59-a404-8f3034abac4c" />
      <TestMethod codeBase="C:/Users/mathias/studium/master/semester 1/programmierung/Medienprogrammierung/Programming/TestProject1/bin/Debug/TestProject1.DLL" adapterTypeName="Microsoft.VisualStudio.TestTools.TestTypes.Unit.UnitTestAdapter, Microsoft.VisualStudio.QualityTools.Tips.UnitTest.Adapter, Version=10.0.0.0, Culture=neutral, PublicKeyToken=b03f5f7f11d50a3a" className="TestProject1.PixelStateTest, TestProject1, Version=1.0.0.0, Culture=neutral, PublicKeyToken=null" name="addTest" />
    </UnitTest>
    <UnitTest name="try_refreshTest" storage="c:\users\mathias\studium\master\semester 1\programmierung\medienprogrammierung\programming\testproject1\bin\debug\testproject1.dll" id="04f5fa0a-27c4-cb2b-5bf8-37a8a1374577">
      <DeploymentItems>
        <DeploymentItem filename="Programming.exe" />
      </DeploymentItems>
      <Execution id="475f001c-de4c-4244-97a8-e4a622682139" />
      <TestMethod codeBase="C:/Users/mathias/studium/master/semester 1/programmierung/Medienprogrammierung/Programming/TestProject1/bin/Debug/TestProject1.DLL" adapterTypeName="Microsoft.VisualStudio.TestTools.TestTypes.Unit.UnitTestAdapter, Microsoft.VisualStudio.QualityTools.Tips.UnitTest.Adapter, Version=10.0.0.0, Culture=neutral, PublicKeyToken=b03f5f7f11d50a3a" className="TestProject1.ThreadHandlerTest, TestProject1, Version=1.0.0.0, Culture=neutral, PublicKeyToken=null" name="try_refreshTest" />
    </UnitTest>
    <UnitTest name="ThreadHandlerConstructorTest" storage="c:\users\mathias\studium\master\semester 1\programmierung\medienprogrammierung\programming\testproject1\bin\debug\testproject1.dll" id="cf2f512f-e3ec-d64c-76cd-f2dad22b45cd">
      <Execution id="5f86e273-05a0-4939-bb76-50403c5953e0" />
      <TestMethod codeBase="C:/Users/mathias/studium/master/semester 1/programmierung/Medienprogrammierung/Programming/TestProject1/bin/Debug/TestProject1.DLL" adapterTypeName="Microsoft.VisualStudio.TestTools.TestTypes.Unit.UnitTestAdapter, Microsoft.VisualStudio.QualityTools.Tips.UnitTest.Adapter, Version=10.0.0.0, Culture=neutral, PublicKeyToken=b03f5f7f11d50a3a" className="TestProject1.ThreadHandlerTest, TestProject1, Version=1.0.0.0, Culture=neutral, PublicKeyToken=null" name="ThreadHandlerConstructorTest" />
    </UnitTest>
    <UnitTest name="startTimeTest" storage="c:\users\mathias\studium\master\semester 1\programmierung\medienprogrammierung\programming\testproject1\bin\debug\testproject1.dll" id="0dfe1cd7-d495-1876-69e7-6ac597aa1bbd">
      <DeploymentItems>
        <DeploymentItem filename="Programming.exe" />
      </DeploymentItems>
      <Execution id="b43d2e79-c940-4f5e-8b08-ca0914b1d907" />
      <TestMethod codeBase="C:/Users/mathias/studium/master/semester 1/programmierung/Medienprogrammierung/Programming/TestProject1/bin/Debug/TestProject1.DLL" adapterTypeName="Microsoft.VisualStudio.TestTools.TestTypes.Unit.UnitTestAdapter, Microsoft.VisualStudio.QualityTools.Tips.UnitTest.Adapter, Version=10.0.0.0, Culture=neutral, PublicKeyToken=b03f5f7f11d50a3a" className="TestProject1.ThreadHandlerTest, TestProject1, Version=1.0.0.0, Culture=neutral, PublicKeyToken=null" name="startTimeTest" />
    </UnitTest>
    <UnitTest name="remove_lastTest" storage="c:\users\mathias\studium\master\semester 1\programmierung\medienprogrammierung\programming\testproject1\bin\debug\testproject1.dll" id="3196b23b-28ea-1580-8a76-65c8297f7f0d">
      <Execution id="fb117e96-fee5-49d3-9200-ff9c1ae65938" />
      <TestMethod codeBase="C:/Users/mathias/studium/master/semester 1/programmierung/Medienprogrammierung/Programming/TestProject1/bin/Debug/TestProject1.DLL" adapterTypeName="Microsoft.VisualStudio.TestTools.TestTypes.Unit.UnitTestAdapter, Microsoft.VisualStudio.QualityTools.Tips.UnitTest.Adapter, Version=10.0.0.0, Culture=neutral, PublicKeyToken=b03f5f7f11d50a3a" className="TestProject1.PixelStateTest, TestProject1, Version=1.0.0.0, Culture=neutral, PublicKeyToken=null" name="remove_lastTest" />
    </UnitTest>
    <UnitTest name="OscillationFilterConstructorTest" storage="c:\users\mathias\studium\master\semester 1\programmierung\medienprogrammierung\programming\testproject1\bin\debug\testproject1.dll" id="0ff7e0d0-a263-d910-623c-cc55a9dbcac2">
      <Execution id="ddf8efd7-30c7-4f99-93dc-075c8642583c" />
      <TestMethod codeBase="C:/Users/mathias/studium/master/semester 1/programmierung/Medienprogrammierung/Programming/TestProject1/bin/Debug/TestProject1.DLL" adapterTypeName="Microsoft.VisualStudio.TestTools.TestTypes.Unit.UnitTestAdapter, Microsoft.VisualStudio.QualityTools.Tips.UnitTest.Adapter, Version=10.0.0.0, Culture=neutral, PublicKeyToken=b03f5f7f11d50a3a" className="TestProject1.OscillationFilterTest, TestProject1, Version=1.0.0.0, Culture=neutral, PublicKeyToken=null" name="OscillationFilterConstructorTest" />
    </UnitTest>
    <UnitTest name="getInstanceTest" storage="c:\users\mathias\studium\master\semester 1\programmierung\medienprogrammierung\programming\testproject1\bin\debug\testproject1.dll" id="b6d985b7-8ac2-ad2d-96aa-548b788286c5">
      <Execution id="3ea10110-392c-4365-9720-1bf214214f6d" />
      <TestMethod codeBase="C:/Users/mathias/studium/master/semester 1/programmierung/Medienprogrammierung/Programming/TestProject1/bin/Debug/TestProject1.DLL" adapterTypeName="Microsoft.VisualStudio.TestTools.TestTypes.Unit.UnitTestAdapter, Microsoft.VisualStudio.QualityTools.Tips.UnitTest.Adapter, Version=10.0.0.0, Culture=neutral, PublicKeyToken=b03f5f7f11d50a3a" className="TestProject1.PixelStateTest, TestProject1, Version=1.0.0.0, Culture=neutral, PublicKeyToken=null" name="getInstanceTest" />
    </UnitTest>
    <UnitTest name="ErrorDiffusionFilterConstructorTest" storage="c:\users\mathias\studium\master\semester 1\programmierung\medienprogrammierung\programming\testproject1\bin\debug\testproject1.dll" id="cb6f91e9-958d-53a3-511f-f5e378b3ee24">
      <Execution id="cb068671-da3c-40d7-9901-daf1ea5d70d7" />
      <TestMethod codeBase="C:/Users/mathias/studium/master/semester 1/programmierung/Medienprogrammierung/Programming/TestProject1/bin/Debug/TestProject1.DLL" adapterTypeName="Microsoft.VisualStudio.TestTools.TestTypes.Unit.UnitTestAdapter, Microsoft.VisualStudio.QualityTools.Tips.UnitTest.Adapter, Version=10.0.0.0, Culture=neutral, PublicKeyToken=b03f5f7f11d50a3a" className="TestProject1.ErrorDiffusionFilterTest, TestProject1, Version=1.0.0.0, Culture=neutral, PublicKeyToken=null" name="ErrorDiffusionFilterConstructorTest" />
    </UnitTest>
    <UnitTest name="registerTest" storage="c:\users\mathias\studium\master\semester 1\programmierung\medienprogrammierung\programming\testproject1\bin\debug\testproject1.dll" id="5ca0c1f6-2d3a-88b6-1bfe-844668d71a0a">
      <Execution id="6e152355-881f-456f-a722-6f7ebd7f5ce5" />
      <TestMethod codeBase="C:/Users/mathias/studium/master/semester 1/programmierung/Medienprogrammierung/Programming/TestProject1/bin/Debug/TestProject1.DLL" adapterTypeName="Microsoft.VisualStudio.TestTools.TestTypes.Unit.UnitTestAdapter, Microsoft.VisualStudio.QualityTools.Tips.UnitTest.Adapter, Version=10.0.0.0, Culture=neutral, PublicKeyToken=b03f5f7f11d50a3a" className="TestProject1.ThreadHandlerTest, TestProject1, Version=1.0.0.0, Culture=neutral, PublicKeyToken=null" name="registerTest" />
    </UnitTest>
    <UnitTest name="set_solutionTest" storage="c:\users\mathias\studium\master\semester 1\programmierung\medienprogrammierung\programming\testproject1\bin\debug\testproject1.dll" id="3f931057-a5a1-c80b-16bc-3727154b6a57">
      <Execution id="78e412fa-08db-4721-9d04-47aae53a0a3b" />
      <TestMethod codeBase="C:/Users/mathias/studium/master/semester 1/programmierung/Medienprogrammierung/Programming/TestProject1/bin/Debug/TestProject1.DLL" adapterTypeName="Microsoft.VisualStudio.TestTools.TestTypes.Unit.UnitTestAdapter, Microsoft.VisualStudio.QualityTools.Tips.UnitTest.Adapter, Version=10.0.0.0, Culture=neutral, PublicKeyToken=b03f5f7f11d50a3a" className="TestProject1.WebcamControllerTest, TestProject1, Version=1.0.0.0, Culture=neutral, PublicKeyToken=null" name="set_solutionTest" />
    </UnitTest>
    <UnitTest name="GrayscaleFilterConstructorTest" storage="c:\users\mathias\studium\master\semester 1\programmierung\medienprogrammierung\programming\testproject1\bin\debug\testproject1.dll" id="cfa535a2-756a-5d02-badb-8fb7df1ef388">
      <Execution id="6a16c5e1-c5a8-4b13-be80-31b42a847588" />
      <TestMethod codeBase="C:/Users/mathias/studium/master/semester 1/programmierung/Medienprogrammierung/Programming/TestProject1/bin/Debug/TestProject1.DLL" adapterTypeName="Microsoft.VisualStudio.TestTools.TestTypes.Unit.UnitTestAdapter, Microsoft.VisualStudio.QualityTools.Tips.UnitTest.Adapter, Version=10.0.0.0, Culture=neutral, PublicKeyToken=b03f5f7f11d50a3a" className="TestProject1.GrayscaleFilterTest, TestProject1, Version=1.0.0.0, Culture=neutral, PublicKeyToken=null" name="GrayscaleFilterConstructorTest" />
    </UnitTest>
    <UnitTest name="threadsAreAliveTest" storage="c:\users\mathias\studium\master\semester 1\programmierung\medienprogrammierung\programming\testproject1\bin\debug\testproject1.dll" id="7d71edaf-c14b-63d9-80d9-3ceb4795ab69">
      <Execution id="d3be46bf-4ee0-41fa-a4bf-70a9c6197531" />
      <TestMethod codeBase="C:/Users/mathias/studium/master/semester 1/programmierung/Medienprogrammierung/Programming/TestProject1/bin/Debug/TestProject1.DLL" adapterTypeName="Microsoft.VisualStudio.TestTools.TestTypes.Unit.UnitTestAdapter, Microsoft.VisualStudio.QualityTools.Tips.UnitTest.Adapter, Version=10.0.0.0, Culture=neutral, PublicKeyToken=b03f5f7f11d50a3a" className="TestProject1.ThreadHandlerTest, TestProject1, Version=1.0.0.0, Culture=neutral, PublicKeyToken=null" name="threadsAreAliveTest" />
    </UnitTest>
    <UnitTest name="performTest" storage="c:\users\mathias\studium\master\semester 1\programmierung\medienprogrammierung\programming\testproject1\bin\debug\testproject1.dll" id="5fafb705-0681-66bb-8720-8f83850173f6">
      <Execution id="57c4663d-c732-4544-ac9c-b4d5e855ec6a" />
      <TestMethod codeBase="C:/Users/mathias/studium/master/semester 1/programmierung/Medienprogrammierung/Programming/TestProject1/bin/Debug/TestProject1.DLL" adapterTypeName="Microsoft.VisualStudio.TestTools.TestTypes.Unit.UnitTestAdapter, Microsoft.VisualStudio.QualityTools.Tips.UnitTest.Adapter, Version=10.0.0.0, Culture=neutral, PublicKeyToken=b03f5f7f11d50a3a" className="TestProject1.GrayscaleFilterTest, TestProject1, Version=1.0.0.0, Culture=neutral, PublicKeyToken=null" name="performTest" />
    </UnitTest>
    <UnitTest name="refreshTest" storage="c:\users\mathias\studium\master\semester 1\programmierung\medienprogrammierung\programming\testproject1\bin\debug\testproject1.dll" id="518d9429-f1e2-c6b6-191d-aa275e2ecffe">
      <Execution id="5fe51abf-17af-4649-a67b-0677978dcd5e" />
      <TestMethod codeBase="C:/Users/mathias/studium/master/semester 1/programmierung/Medienprogrammierung/Programming/TestProject1/bin/Debug/TestProject1.DLL" adapterTypeName="Microsoft.VisualStudio.TestTools.TestTypes.Unit.UnitTestAdapter, Microsoft.VisualStudio.QualityTools.Tips.UnitTest.Adapter, Version=10.0.0.0, Culture=neutral, PublicKeyToken=b03f5f7f11d50a3a" className="TestProject1.ThreadHandlerTest, TestProject1, Version=1.0.0.0, Culture=neutral, PublicKeyToken=null" name="refreshTest" />
    </UnitTest>
    <UnitTest name="performTest" storage="c:\users\mathias\studium\master\semester 1\programmierung\medienprogrammierung\programming\testproject1\bin\debug\testproject1.dll" id="69e27bca-8834-dbda-d579-a227f1d890a9">
      <Execution id="6a1f5c9b-403b-406c-9c0b-fc19ab856c47" />
      <TestMethod codeBase="C:/Users/mathias/studium/master/semester 1/programmierung/Medienprogrammierung/Programming/TestProject1/bin/Debug/TestProject1.DLL" adapterTypeName="Microsoft.VisualStudio.TestTools.TestTypes.Unit.UnitTestAdapter, Microsoft.VisualStudio.QualityTools.Tips.UnitTest.Adapter, Version=10.0.0.0, Culture=neutral, PublicKeyToken=b03f5f7f11d50a3a" className="TestProject1.ErrorDiffusionFilterTest, TestProject1, Version=1.0.0.0, Culture=neutral, PublicKeyToken=null" name="performTest" />
    </UnitTest>
    <UnitTest name="resetTest" storage="c:\users\mathias\studium\master\semester 1\programmierung\medienprogrammierung\programming\testproject1\bin\debug\testproject1.dll" id="fafc4f6d-5127-6b3c-75ce-070639d10101">
      <Execution id="0866fdb9-dc63-48f5-b640-08c3020cae89" />
      <TestMethod codeBase="C:/Users/mathias/studium/master/semester 1/programmierung/Medienprogrammierung/Programming/TestProject1/bin/Debug/TestProject1.DLL" adapterTypeName="Microsoft.VisualStudio.TestTools.TestTypes.Unit.UnitTestAdapter, Microsoft.VisualStudio.QualityTools.Tips.UnitTest.Adapter, Version=10.0.0.0, Culture=neutral, PublicKeyToken=b03f5f7f11d50a3a" className="TestProject1.PixelStateTest, TestProject1, Version=1.0.0.0, Culture=neutral, PublicKeyToken=null" name="resetTest" />
    </UnitTest>
    <UnitTest name="getInstanceTest" storage="c:\users\mathias\studium\master\semester 1\programmierung\medienprogrammierung\programming\testproject1\bin\debug\testproject1.dll" id="c17a41ff-1724-776a-23b7-c9e08163c9a8">
      <Execution id="b767ee2c-bbe7-436a-b4c1-96e97fbf0bd7" />
      <TestMethod codeBase="C:/Users/mathias/studium/master/semester 1/programmierung/Medienprogrammierung/Programming/TestProject1/bin/Debug/TestProject1.DLL" adapterTypeName="Microsoft.VisualStudio.TestTools.TestTypes.Unit.UnitTestAdapter, Microsoft.VisualStudio.QualityTools.Tips.UnitTest.Adapter, Version=10.0.0.0, Culture=neutral, PublicKeyToken=b03f5f7f11d50a3a" className="TestProject1.ThreadHandlerTest, TestProject1, Version=1.0.0.0, Culture=neutral, PublicKeyToken=null" name="getInstanceTest" />
    </UnitTest>
    <UnitTest name="performTest" storage="c:\users\mathias\studium\master\semester 1\programmierung\medienprogrammierung\programming\testproject1\bin\debug\testproject1.dll" id="c4c3c443-7469-c3ab-1664-55cbef9492d7">
      <Execution id="e13e5464-e4ef-4a70-819c-e171c31a68e6" />
      <TestMethod codeBase="C:/Users/mathias/studium/master/semester 1/programmierung/Medienprogrammierung/Programming/TestProject1/bin/Debug/TestProject1.DLL" adapterTypeName="Microsoft.VisualStudio.TestTools.TestTypes.Unit.UnitTestAdapter, Microsoft.VisualStudio.QualityTools.Tips.UnitTest.Adapter, Version=10.0.0.0, Culture=neutral, PublicKeyToken=b03f5f7f11d50a3a" className="TestProject1.OscillationFilterTest, TestProject1, Version=1.0.0.0, Culture=neutral, PublicKeyToken=null" name="performTest" />
    </UnitTest>
    <UnitTest name="try_save_PixelStateTest" storage="c:\users\mathias\studium\master\semester 1\programmierung\medienprogrammierung\programming\testproject1\bin\debug\testproject1.dll" id="d595057a-93cd-79ea-b780-b06fe4591bbc">
      <DeploymentItems>
        <DeploymentItem filename="Programming.exe" />
      </DeploymentItems>
      <Execution id="f323500a-0e7c-4f84-ae42-e8e215e9c6d2" />
      <TestMethod codeBase="C:/Users/mathias/studium/master/semester 1/programmierung/Medienprogrammierung/Programming/TestProject1/bin/Debug/TestProject1.DLL" adapterTypeName="Microsoft.VisualStudio.TestTools.TestTypes.Unit.UnitTestAdapter, Microsoft.VisualStudio.QualityTools.Tips.UnitTest.Adapter, Version=10.0.0.0, Culture=neutral, PublicKeyToken=b03f5f7f11d50a3a" className="TestProject1.ThreadHandlerTest, TestProject1, Version=1.0.0.0, Culture=neutral, PublicKeyToken=null" name="try_save_PixelStateTest" />
    </UnitTest>
    <UnitTest name="getTimeTest" storage="c:\users\mathias\studium\master\semester 1\programmierung\medienprogrammierung\programming\testproject1\bin\debug\testproject1.dll" id="70a1c56b-2926-56d3-d384-a7aa4f5f64e3">
      <Execution id="c27c4b70-d474-4dbf-8498-601527570cbc" />
      <TestMethod codeBase="C:/Users/mathias/studium/master/semester 1/programmierung/Medienprogrammierung/Programming/TestProject1/bin/Debug/TestProject1.DLL" adapterTypeName="Microsoft.VisualStudio.TestTools.TestTypes.Unit.UnitTestAdapter, Microsoft.VisualStudio.QualityTools.Tips.UnitTest.Adapter, Version=10.0.0.0, Culture=neutral, PublicKeyToken=b03f5f7f11d50a3a" className="TestProject1.ThreadHandlerTest, TestProject1, Version=1.0.0.0, Culture=neutral, PublicKeyToken=null" name="getTimeTest" />
    </UnitTest>
    <UnitTest name="get_lastTest" storage="c:\users\mathias\studium\master\semester 1\programmierung\medienprogrammierung\programming\testproject1\bin\debug\testproject1.dll" id="e47e284a-b0f2-867a-9c3d-a3b9b019db7c">
      <Execution id="172afdb5-f143-4110-9592-d3e8b31b8c93" />
      <TestMethod codeBase="C:/Users/mathias/studium/master/semester 1/programmierung/Medienprogrammierung/Programming/TestProject1/bin/Debug/TestProject1.DLL" adapterTypeName="Microsoft.VisualStudio.TestTools.TestTypes.Unit.UnitTestAdapter, Microsoft.VisualStudio.QualityTools.Tips.UnitTest.Adapter, Version=10.0.0.0, Culture=neutral, PublicKeyToken=b03f5f7f11d50a3a" className="TestProject1.PixelStateTest, TestProject1, Version=1.0.0.0, Culture=neutral, PublicKeyToken=null" name="get_lastTest" />
    </UnitTest>
    <UnitTest name="save_PixelStateTest" storage="c:\users\mathias\studium\master\semester 1\programmierung\medienprogrammierung\programming\testproject1\bin\debug\testproject1.dll" id="9f5c1e07-d3c6-a508-adce-b5381cb99ec2">
      <Execution id="4c70d4ae-e754-46e3-9d1d-ef7f1a22f25a" />
      <TestMethod codeBase="C:/Users/mathias/studium/master/semester 1/programmierung/Medienprogrammierung/Programming/TestProject1/bin/Debug/TestProject1.DLL" adapterTypeName="Microsoft.VisualStudio.TestTools.TestTypes.Unit.UnitTestAdapter, Microsoft.VisualStudio.QualityTools.Tips.UnitTest.Adapter, Version=10.0.0.0, Culture=neutral, PublicKeyToken=b03f5f7f11d50a3a" className="TestProject1.ThreadHandlerTest, TestProject1, Version=1.0.0.0, Culture=neutral, PublicKeyToken=null" name="save_PixelStateTest" />
    </UnitTest>
  </TestDefinitions>
  <TestLists>
    <TestList name="Nicht in einer Liste enthaltene Ergebnisse" id="8c84fa94-04c1-424b-9868-57a2d4851a1d" />
    <TestList name="Alle geladenen Ergebnisse" id="19431567-8539-422a-85d7-44ee4e166bda" />
  </TestLists>
  <TestEntries>
    <TestEntry testId="3f931057-a5a1-c80b-16bc-3727154b6a57" executionId="78e412fa-08db-4721-9d04-47aae53a0a3b" testListId="8c84fa94-04c1-424b-9868-57a2d4851a1d" />
    <TestEntry testId="5694bef5-fbcd-f717-8901-1348ecdba087" executionId="03abf469-9e3b-4f8b-a73f-95a3d523b9d1" testListId="8c84fa94-04c1-424b-9868-57a2d4851a1d" />
    <TestEntry testId="38dff47a-7dba-e3f1-22bd-fcae75232126" executionId="a935a582-7aa1-4bfd-8c4b-db16db08d0ba" testListId="8c84fa94-04c1-424b-9868-57a2d4851a1d" />
    <TestEntry testId="69e27bca-8834-dbda-d579-a227f1d890a9" executionId="6a1f5c9b-403b-406c-9c0b-fc19ab856c47" testListId="8c84fa94-04c1-424b-9868-57a2d4851a1d" />
    <TestEntry testId="cb6f91e9-958d-53a3-511f-f5e378b3ee24" executionId="cb068671-da3c-40d7-9901-daf1ea5d70d7" testListId="8c84fa94-04c1-424b-9868-57a2d4851a1d" />
    <TestEntry testId="37f7fa63-e38f-d747-b2a4-90104bd11c78" executionId="57e4ebed-f991-4c59-a404-8f3034abac4c" testListId="8c84fa94-04c1-424b-9868-57a2d4851a1d" />
    <TestEntry testId="b6d985b7-8ac2-ad2d-96aa-548b788286c5" executionId="3ea10110-392c-4365-9720-1bf214214f6d" testListId="8c84fa94-04c1-424b-9868-57a2d4851a1d" />
    <TestEntry testId="e47e284a-b0f2-867a-9c3d-a3b9b019db7c" executionId="172afdb5-f143-4110-9592-d3e8b31b8c93" testListId="8c84fa94-04c1-424b-9868-57a2d4851a1d" />
    <TestEntry testId="3196b23b-28ea-1580-8a76-65c8297f7f0d" executionId="fb117e96-fee5-49d3-9200-ff9c1ae65938" testListId="8c84fa94-04c1-424b-9868-57a2d4851a1d" />
    <TestEntry testId="fafc4f6d-5127-6b3c-75ce-070639d10101" executionId="0866fdb9-dc63-48f5-b640-08c3020cae89" testListId="8c84fa94-04c1-424b-9868-57a2d4851a1d" />
    <TestEntry testId="cf2f512f-e3ec-d64c-76cd-f2dad22b45cd" executionId="5f86e273-05a0-4939-bb76-50403c5953e0" testListId="8c84fa94-04c1-424b-9868-57a2d4851a1d" />
    <TestEntry testId="c17a41ff-1724-776a-23b7-c9e08163c9a8" executionId="b767ee2c-bbe7-436a-b4c1-96e97fbf0bd7" testListId="8c84fa94-04c1-424b-9868-57a2d4851a1d" />
    <TestEntry testId="b573db96-268a-85a5-d513-a40b0110ca2d" executionId="3a04ea41-2beb-42e8-a4a0-fa5c29017ea7" testListId="8c84fa94-04c1-424b-9868-57a2d4851a1d" />
    <TestEntry testId="70a1c56b-2926-56d3-d384-a7aa4f5f64e3" executionId="c27c4b70-d474-4dbf-8498-601527570cbc" testListId="8c84fa94-04c1-424b-9868-57a2d4851a1d" />
    <TestEntry testId="12236330-5422-6a79-c41f-2614bfda9226" executionId="53bafbc6-fc62-418a-a555-46f77316c0e4" testListId="8c84fa94-04c1-424b-9868-57a2d4851a1d" />
    <TestEntry testId="518d9429-f1e2-c6b6-191d-aa275e2ecffe" executionId="5fe51abf-17af-4649-a67b-0677978dcd5e" testListId="8c84fa94-04c1-424b-9868-57a2d4851a1d" />
    <TestEntry testId="5ca0c1f6-2d3a-88b6-1bfe-844668d71a0a" executionId="6e152355-881f-456f-a722-6f7ebd7f5ce5" testListId="8c84fa94-04c1-424b-9868-57a2d4851a1d" />
    <TestEntry testId="9f5c1e07-d3c6-a508-adce-b5381cb99ec2" executionId="4c70d4ae-e754-46e3-9d1d-ef7f1a22f25a" testListId="8c84fa94-04c1-424b-9868-57a2d4851a1d" />
    <TestEntry testId="0dfe1cd7-d495-1876-69e7-6ac597aa1bbd" executionId="b43d2e79-c940-4f5e-8b08-ca0914b1d907" testListId="8c84fa94-04c1-424b-9868-57a2d4851a1d" />
    <TestEntry testId="7d71edaf-c14b-63d9-80d9-3ceb4795ab69" executionId="d3be46bf-4ee0-41fa-a4bf-70a9c6197531" testListId="8c84fa94-04c1-424b-9868-57a2d4851a1d" />
    <TestEntry testId="04f5fa0a-27c4-cb2b-5bf8-37a8a1374577" executionId="475f001c-de4c-4244-97a8-e4a622682139" testListId="8c84fa94-04c1-424b-9868-57a2d4851a1d" />
    <TestEntry testId="d595057a-93cd-79ea-b780-b06fe4591bbc" executionId="f323500a-0e7c-4f84-ae42-e8e215e9c6d2" testListId="8c84fa94-04c1-424b-9868-57a2d4851a1d" />
    <TestEntry testId="c4c3c443-7469-c3ab-1664-55cbef9492d7" executionId="e13e5464-e4ef-4a70-819c-e171c31a68e6" testListId="8c84fa94-04c1-424b-9868-57a2d4851a1d" />
    <TestEntry testId="0ff7e0d0-a263-d910-623c-cc55a9dbcac2" executionId="ddf8efd7-30c7-4f99-93dc-075c8642583c" testListId="8c84fa94-04c1-424b-9868-57a2d4851a1d" />
    <TestEntry testId="002d83ad-e4d7-31f9-b4df-1f60f1b5d3b4" executionId="3b2232a8-068d-4a65-bf38-378b847bd7e6" testListId="8c84fa94-04c1-424b-9868-57a2d4851a1d" />
    <TestEntry testId="78001a50-ff7e-88eb-9e4c-1447d4837f35" executionId="de2301e7-01c2-4a4b-a4d4-2d39535029bd" testListId="8c84fa94-04c1-424b-9868-57a2d4851a1d" />
    <TestEntry testId="7890454c-0a6b-e2f7-057c-7d73ddaaa939" executionId="6e611738-364b-46e0-9f8b-da37cb480faf" testListId="8c84fa94-04c1-424b-9868-57a2d4851a1d" />
    <TestEntry testId="cfa535a2-756a-5d02-badb-8fb7df1ef388" executionId="6a16c5e1-c5a8-4b13-be80-31b42a847588" testListId="8c84fa94-04c1-424b-9868-57a2d4851a1d" />
    <TestEntry testId="5fafb705-0681-66bb-8720-8f83850173f6" executionId="57c4663d-c732-4544-ac9c-b4d5e855ec6a" testListId="8c84fa94-04c1-424b-9868-57a2d4851a1d" />
  </TestEntries>
  <Results>
    <UnitTestResult executionId="78e412fa-08db-4721-9d04-47aae53a0a3b" testId="3f931057-a5a1-c80b-16bc-3727154b6a57" testName="set_solutionTest" computerName="MATHIAS-PC" duration="00:00:00.0884717" startTime="2012-01-21T14:44:48.6581834+01:00" endTime="2012-01-21T14:44:49.4692298+01:00" testType="13cdc9d9-ddb5-4fa4-a97d-d965ccfc6d4b" outcome="Passed" testListId="8c84fa94-04c1-424b-9868-57a2d4851a1d" relativeResultsDirectory="78e412fa-08db-4721-9d04-47aae53a0a3b">
    </UnitTestResult>
    <UnitTestResult executionId="03abf469-9e3b-4f8b-a73f-95a3d523b9d1" testId="5694bef5-fbcd-f717-8901-1348ecdba087" testName="show_Webcam_pictureTest" computerName="MATHIAS-PC" duration="00:00:00.0489101" startTime="2012-01-21T14:44:49.4782303+01:00" endTime="2012-01-21T14:44:49.5402339+01:00" testType="13cdc9d9-ddb5-4fa4-a97d-d965ccfc6d4b" outcome="Inconclusive" testListId="8c84fa94-04c1-424b-9868-57a2d4851a1d" relativeResultsDirectory="03abf469-9e3b-4f8b-a73f-95a3d523b9d1">
      <Output>
        <ErrorInfo>
          <Message>Fehler bei "Assert.Inconclusive". Eine Methode, die keinen Wert zurückgibt, kann nicht überprüft werden.</Message>
          <StackTrace>   bei TestProject1.WebcamControllerTest.show_Webcam_pictureTest() in C:\Users\mathias\studium\master\semester 1\programmierung\Medienprogrammierung\Programming\TestProject1\WebcamControllerTest.cs:Zeile 178.
</StackTrace>
        </ErrorInfo>
      </Output>
    </UnitTestResult>
    <UnitTestResult executionId="a935a582-7aa1-4bfd-8c4b-db16db08d0ba" testId="38dff47a-7dba-e3f1-22bd-fcae75232126" testName="stop_captureTest" computerName="MATHIAS-PC" duration="00:00:00.0149676" startTime="2012-01-21T14:44:49.5562348+01:00" endTime="2012-01-21T14:44:49.5812362+01:00" testType="13cdc9d9-ddb5-4fa4-a97d-d965ccfc6d4b" outcome="Inconclusive" testListId="8c84fa94-04c1-424b-9868-57a2d4851a1d" relativeResultsDirectory="a935a582-7aa1-4bfd-8c4b-db16db08d0ba">
      <Output>
        <ErrorInfo>
          <Message>Fehler bei "Assert.Inconclusive". Eine Methode, die keinen Wert zurückgibt, kann nicht überprüft werden.</Message>
          <StackTrace>   bei TestProject1.WebcamControllerTest.stop_captureTest() in C:\Users\mathias\studium\master\semester 1\programmierung\Medienprogrammierung\Programming\TestProject1\WebcamControllerTest.cs:Zeile 189.
</StackTrace>
        </ErrorInfo>
      </Output>
    </UnitTestResult>
    <UnitTestResult executionId="6a1f5c9b-403b-406c-9c0b-fc19ab856c47" testId="69e27bca-8834-dbda-d579-a227f1d890a9" testName="performTest" computerName="MATHIAS-PC" duration="00:00:00.0058765" startTime="2012-01-21T14:44:49.5872365+01:00" endTime="2012-01-21T14:44:49.6042375+01:00" testType="13cdc9d9-ddb5-4fa4-a97d-d965ccfc6d4b" outcome="Passed" testListId="8c84fa94-04c1-424b-9868-57a2d4851a1d" relativeResultsDirectory="6a1f5c9b-403b-406c-9c0b-fc19ab856c47">
    </UnitTestResult>
    <UnitTestResult executionId="cb068671-da3c-40d7-9901-daf1ea5d70d7" testId="cb6f91e9-958d-53a3-511f-f5e378b3ee24" testName="ErrorDiffusionFilterConstructorTest" computerName="MATHIAS-PC" duration="00:00:00.0005194" startTime="2012-01-21T14:44:49.6112379+01:00" endTime="2012-01-21T14:44:49.6222385+01:00" testType="13cdc9d9-ddb5-4fa4-a97d-d965ccfc6d4b" outcome="Passed" testListId="8c84fa94-04c1-424b-9868-57a2d4851a1d" relativeResultsDirectory="cb068671-da3c-40d7-9901-daf1ea5d70d7">
    </UnitTestResult>
    <UnitTestResult executionId="57e4ebed-f991-4c59-a404-8f3034abac4c" testId="37f7fa63-e38f-d747-b2a4-90104bd11c78" testName="addTest" computerName="MATHIAS-PC" duration="00:00:00.0047710" startTime="2012-01-21T14:44:49.6242387+01:00" endTime="2012-01-21T14:44:49.6522403+01:00" testType="13cdc9d9-ddb5-4fa4-a97d-d965ccfc6d4b" outcome="Passed" testListId="8c84fa94-04c1-424b-9868-57a2d4851a1d" relativeResultsDirectory="57e4ebed-f991-4c59-a404-8f3034abac4c">
    </UnitTestResult>
    <UnitTestResult executionId="3ea10110-392c-4365-9720-1bf214214f6d" testId="b6d985b7-8ac2-ad2d-96aa-548b788286c5" testName="getInstanceTest" computerName="MATHIAS-PC" duration="00:00:00.0006066" startTime="2012-01-21T14:44:49.6572405+01:00" endTime="2012-01-21T14:44:49.6682412+01:00" testType="13cdc9d9-ddb5-4fa4-a97d-d965ccfc6d4b" outcome="Passed" testListId="8c84fa94-04c1-424b-9868-57a2d4851a1d" relativeResultsDirectory="3ea10110-392c-4365-9720-1bf214214f6d">
    </UnitTestResult>
    <UnitTestResult executionId="172afdb5-f143-4110-9592-d3e8b31b8c93" testId="e47e284a-b0f2-867a-9c3d-a3b9b019db7c" testName="get_lastTest" computerName="MATHIAS-PC" duration="00:00:00.0042369" startTime="2012-01-21T14:44:49.6722414+01:00" endTime="2012-01-21T14:44:49.6912425+01:00" testType="13cdc9d9-ddb5-4fa4-a97d-d965ccfc6d4b" outcome="Passed" testListId="8c84fa94-04c1-424b-9868-57a2d4851a1d" relativeResultsDirectory="172afdb5-f143-4110-9592-d3e8b31b8c93">
    </UnitTestResult>
    <UnitTestResult executionId="fb117e96-fee5-49d3-9200-ff9c1ae65938" testId="3196b23b-28ea-1580-8a76-65c8297f7f0d" testName="remove_lastTest" computerName="MATHIAS-PC" duration="00:00:00.0018972" startTime="2012-01-21T14:44:49.6922426+01:00" endTime="2012-01-21T14:44:49.7032432+01:00" testType="13cdc9d9-ddb5-4fa4-a97d-d965ccfc6d4b" outcome="Passed" testListId="8c84fa94-04c1-424b-9868-57a2d4851a1d" relativeResultsDirectory="fb117e96-fee5-49d3-9200-ff9c1ae65938">
    </UnitTestResult>
    <UnitTestResult executionId="0866fdb9-dc63-48f5-b640-08c3020cae89" testId="fafc4f6d-5127-6b3c-75ce-070639d10101" testName="resetTest" computerName="MATHIAS-PC" duration="00:00:00.0281336" startTime="2012-01-21T14:44:49.7362451+01:00" endTime="2012-01-21T14:44:49.7952484+01:00" testType="13cdc9d9-ddb5-4fa4-a97d-d965ccfc6d4b" outcome="Passed" testListId="8c84fa94-04c1-424b-9868-57a2d4851a1d" relativeResultsDirectory="0866fdb9-dc63-48f5-b640-08c3020cae89">
    </UnitTestResult>
    <UnitTestResult executionId="5f86e273-05a0-4939-bb76-50403c5953e0" testId="cf2f512f-e3ec-d64c-76cd-f2dad22b45cd" testName="ThreadHandlerConstructorTest" computerName="MATHIAS-PC" duration="00:00:00.0135444" startTime="2012-01-21T14:44:49.8192498+01:00" endTime="2012-01-21T14:44:49.8412511+01:00" testType="13cdc9d9-ddb5-4fa4-a97d-d965ccfc6d4b" outcome="Passed" testListId="8c84fa94-04c1-424b-9868-57a2d4851a1d" relativeResultsDirectory="5f86e273-05a0-4939-bb76-50403c5953e0">
    </UnitTestResult>
    <UnitTestResult executionId="b767ee2c-bbe7-436a-b4c1-96e97fbf0bd7" testId="c17a41ff-1724-776a-23b7-c9e08163c9a8" testName="getInstanceTest" computerName="MATHIAS-PC" duration="00:00:00.0049955" startTime="2012-01-21T14:44:49.8732529+01:00" endTime="2012-01-21T14:44:49.9052547+01:00" testType="13cdc9d9-ddb5-4fa4-a97d-d965ccfc6d4b" outcome="Passed" testListId="8c84fa94-04c1-424b-9868-57a2d4851a1d" relativeResultsDirectory="b767ee2c-bbe7-436a-b4c1-96e97fbf0bd7">
    </UnitTestResult>
    <UnitTestResult executionId="3a04ea41-2beb-42e8-a4a0-fa5c29017ea7" testId="b573db96-268a-85a5-d513-a40b0110ca2d" testName="getThreadsTest" computerName="MATHIAS-PC" duration="00:00:00.0004866" startTime="2012-01-21T14:44:49.9192555+01:00" endTime="2012-01-21T14:44:49.9462571+01:00" testType="13cdc9d9-ddb5-4fa4-a97d-d965ccfc6d4b" outcome="Passed" testListId="8c84fa94-04c1-424b-9868-57a2d4851a1d" relativeResultsDirectory="3a04ea41-2beb-42e8-a4a0-fa5c29017ea7">
    </UnitTestResult>
    <UnitTestResult executionId="c27c4b70-d474-4dbf-8498-601527570cbc" testId="70a1c56b-2926-56d3-d384-a7aa4f5f64e3" testName="getTimeTest" computerName="MATHIAS-PC" duration="00:00:00.0009267" startTime="2012-01-21T14:44:49.9952599+01:00" endTime="2012-01-21T14:44:50.0202613+01:00" testType="13cdc9d9-ddb5-4fa4-a97d-d965ccfc6d4b" outcome="Passed" testListId="8c84fa94-04c1-424b-9868-57a2d4851a1d" relativeResultsDirectory="c27c4b70-d474-4dbf-8498-601527570cbc">
    </UnitTestResult>
    <UnitTestResult executionId="53bafbc6-fc62-418a-a555-46f77316c0e4" testId="12236330-5422-6a79-c41f-2614bfda9226" testName="invoke_refreshTest" computerName="MATHIAS-PC" duration="00:00:00.0125581" startTime="2012-01-21T14:44:50.0232615+01:00" endTime="2012-01-21T14:44:50.0552633+01:00" testType="13cdc9d9-ddb5-4fa4-a97d-d965ccfc6d4b" outcome="Passed" testListId="8c84fa94-04c1-424b-9868-57a2d4851a1d" relativeResultsDirectory="53bafbc6-fc62-418a-a555-46f77316c0e4">
    </UnitTestResult>
    <UnitTestResult executionId="5fe51abf-17af-4649-a67b-0677978dcd5e" testId="518d9429-f1e2-c6b6-191d-aa275e2ecffe" testName="refreshTest" computerName="MATHIAS-PC" duration="00:00:00.0021034" startTime="2012-01-21T14:44:50.0892653+01:00" endTime="2012-01-21T14:44:50.1392681+01:00" testType="13cdc9d9-ddb5-4fa4-a97d-d965ccfc6d4b" outcome="Passed" testListId="8c84fa94-04c1-424b-9868-57a2d4851a1d" relativeResultsDirectory="5fe51abf-17af-4649-a67b-0677978dcd5e">
    </UnitTestResult>
    <UnitTestResult executionId="6e152355-881f-456f-a722-6f7ebd7f5ce5" testId="5ca0c1f6-2d3a-88b6-1bfe-844668d71a0a" testName="registerTest" computerName="MATHIAS-PC" duration="00:00:00.0146928" startTime="2012-01-21T14:44:50.1672697+01:00" endTime="2012-01-21T14:44:50.2022717+01:00" testType="13cdc9d9-ddb5-4fa4-a97d-d965ccfc6d4b" outcome="Passed" testListId="8c84fa94-04c1-424b-9868-57a2d4851a1d" relativeResultsDirectory="6e152355-881f-456f-a722-6f7ebd7f5ce5">
    </UnitTestResult>
    <UnitTestResult executionId="4c70d4ae-e754-46e3-9d1d-ef7f1a22f25a" testId="9f5c1e07-d3c6-a508-adce-b5381cb99ec2" testName="save_PixelStateTest" computerName="MATHIAS-PC" startTime="2012-01-21T14:44:50.2042718+01:00" endTime="2012-01-21T14:44:51.2293305+01:00" testType="13cdc9d9-ddb5-4fa4-a97d-d965ccfc6d4b" testListId="8c84fa94-04c1-424b-9868-57a2d4851a1d" relativeResultsDirectory="4c70d4ae-e754-46e3-9d1d-ef7f1a22f25a">
      <Output>
        <ErrorInfo>
          <Message>Der Agent-Prozess wurde angehalten, solange der Test ausgeführt wird.</Message>
        </ErrorInfo>
      </Output>
    </UnitTestResult>
    <UnitTestResult executionId="b43d2e79-c940-4f5e-8b08-ca0914b1d907" testId="0dfe1cd7-d495-1876-69e7-6ac597aa1bbd" testName="startTimeTest" computerName="MATHIAS-PC" duration="00:00:00.0524922" startTime="2012-01-21T14:44:51.3873395+01:00" endTime="2012-01-21T14:44:52.3953972+01:00" testType="13cdc9d9-ddb5-4fa4-a97d-d965ccfc6d4b" outcome="Passed" testListId="8c84fa94-04c1-424b-9868-57a2d4851a1d" relativeResultsDirectory="b43d2e79-c940-4f5e-8b08-ca0914b1d907">
    </UnitTestResult>
    <UnitTestResult executionId="d3be46bf-4ee0-41fa-a4bf-70a9c6197531" testId="7d71edaf-c14b-63d9-80d9-3ceb4795ab69" testName="threadsAreAliveTest" computerName="MATHIAS-PC" duration="00:00:00.0022485" startTime="2012-01-21T14:44:52.4183985+01:00" endTime="2012-01-21T14:44:52.4353995+01:00" testType="13cdc9d9-ddb5-4fa4-a97d-d965ccfc6d4b" outcome="Passed" testListId="8c84fa94-04c1-424b-9868-57a2d4851a1d" relativeResultsDirectory="d3be46bf-4ee0-41fa-a4bf-70a9c6197531">
    </UnitTestResult>
    <UnitTestResult executionId="475f001c-de4c-4244-97a8-e4a622682139" testId="04f5fa0a-27c4-cb2b-5bf8-37a8a1374577" testName="try_refreshTest" computerName="MATHIAS-PC" duration="00:00:00.0001665" startTime="2012-01-21T14:44:52.4373996+01:00" endTime="2012-01-21T14:44:52.4484002+01:00" testType="13cdc9d9-ddb5-4fa4-a97d-d965ccfc6d4b" outcome="Passed" testListId="8c84fa94-04c1-424b-9868-57a2d4851a1d" relativeResultsDirectory="475f001c-de4c-4244-97a8-e4a622682139">
    </UnitTestResult>
    <UnitTestResult executionId="f323500a-0e7c-4f84-ae42-e8e215e9c6d2" testId="d595057a-93cd-79ea-b780-b06fe4591bbc" testName="try_save_PixelStateTest" computerName="MATHIAS-PC" duration="00:00:00.0152784" startTime="2012-01-21T14:44:52.4524004+01:00" endTime="2012-01-21T14:44:52.4764018+01:00" testType="13cdc9d9-ddb5-4fa4-a97d-d965ccfc6d4b" outcome="Passed" testListId="8c84fa94-04c1-424b-9868-57a2d4851a1d" relativeResultsDirectory="f323500a-0e7c-4f84-ae42-e8e215e9c6d2">
    </UnitTestResult>
    <UnitTestResult executionId="e13e5464-e4ef-4a70-819c-e171c31a68e6" testId="c4c3c443-7469-c3ab-1664-55cbef9492d7" testName="performTest" computerName="MATHIAS-PC" duration="00:00:00.0020735" startTime="2012-01-21T14:44:52.4844023+01:00" endTime="2012-01-21T14:44:52.4934028+01:00" testType="13cdc9d9-ddb5-4fa4-a97d-d965ccfc6d4b" outcome="Passed" testListId="8c84fa94-04c1-424b-9868-57a2d4851a1d" relativeResultsDirectory="e13e5464-e4ef-4a70-819c-e171c31a68e6">
    </UnitTestResult>
    <UnitTestResult executionId="ddf8efd7-30c7-4f99-93dc-075c8642583c" testId="0ff7e0d0-a263-d910-623c-cc55a9dbcac2" testName="OscillationFilterConstructorTest" computerName="MATHIAS-PC" duration="00:00:00.0004708" startTime="2012-01-21T14:44:52.4984031+01:00" endTime="2012-01-21T14:44:52.5074036+01:00" testType="13cdc9d9-ddb5-4fa4-a97d-d965ccfc6d4b" outcome="Passed" testListId="8c84fa94-04c1-424b-9868-57a2d4851a1d" relativeResultsDirectory="ddf8efd7-30c7-4f99-93dc-075c8642583c">
    </UnitTestResult>
    <UnitTestResult executionId="3b2232a8-068d-4a65-bf38-378b847bd7e6" testId="002d83ad-e4d7-31f9-b4df-1f60f1b5d3b4" testName="ImageObjectConstructorTest" computerName="MATHIAS-PC" duration="00:00:00.0022708" startTime="2012-01-21T14:44:52.5144040+01:00" endTime="2012-01-21T14:44:52.5234045+01:00" testType="13cdc9d9-ddb5-4fa4-a97d-d965ccfc6d4b" outcome="Passed" testListId="8c84fa94-04c1-424b-9868-57a2d4851a1d" relativeResultsDirectory="3b2232a8-068d-4a65-bf38-378b847bd7e6">
    </UnitTestResult>
    <UnitTestResult executionId="de2301e7-01c2-4a4b-a4d4-2d39535029bd" testId="78001a50-ff7e-88eb-9e4c-1447d4837f35" testName="get_ImageTest" computerName="MATHIAS-PC" duration="00:00:00.0005361" startTime="2012-01-21T14:44:52.5384053+01:00" endTime="2012-01-21T14:44:52.5504060+01:00" testType="13cdc9d9-ddb5-4fa4-a97d-d965ccfc6d4b" outcome="Passed" testListId="8c84fa94-04c1-424b-9868-57a2d4851a1d" relativeResultsDirectory="de2301e7-01c2-4a4b-a4d4-2d39535029bd">
    </UnitTestResult>
    <UnitTestResult executionId="6e611738-364b-46e0-9f8b-da37cb480faf" testId="7890454c-0a6b-e2f7-057c-7d73ddaaa939" testName="get_ImageManipulatorTypeTest" computerName="MATHIAS-PC" duration="00:00:00.0013347" startTime="2012-01-21T14:44:52.5654069+01:00" endTime="2012-01-21T14:44:52.5864081+01:00" testType="13cdc9d9-ddb5-4fa4-a97d-d965ccfc6d4b" outcome="Passed" testListId="8c84fa94-04c1-424b-9868-57a2d4851a1d" relativeResultsDirectory="6e611738-364b-46e0-9f8b-da37cb480faf">
    </UnitTestResult>
    <UnitTestResult executionId="6a16c5e1-c5a8-4b13-be80-31b42a847588" testId="cfa535a2-756a-5d02-badb-8fb7df1ef388" testName="GrayscaleFilterConstructorTest" computerName="MATHIAS-PC" duration="00:00:00.0065495" startTime="2012-01-21T14:44:52.5874081+01:00" endTime="2012-01-21T14:44:52.6144097+01:00" testType="13cdc9d9-ddb5-4fa4-a97d-d965ccfc6d4b" outcome="Passed" testListId="8c84fa94-04c1-424b-9868-57a2d4851a1d" relativeResultsDirectory="6a16c5e1-c5a8-4b13-be80-31b42a847588">
    </UnitTestResult>
    <UnitTestResult executionId="57c4663d-c732-4544-ac9c-b4d5e855ec6a" testId="5fafb705-0681-66bb-8720-8f83850173f6" testName="performTest" computerName="MATHIAS-PC" duration="00:00:00.0008858" startTime="2012-01-21T14:44:52.6154097+01:00" endTime="2012-01-21T14:44:52.6254103+01:00" testType="13cdc9d9-ddb5-4fa4-a97d-d965ccfc6d4b" outcome="Passed" testListId="8c84fa94-04c1-424b-9868-57a2d4851a1d" relativeResultsDirectory="57c4663d-c732-4544-ac9c-b4d5e855ec6a">
    </UnitTestResult>
  </Results>
</TestRun>