<?xml version="1.0" encoding="UTF-8"?>
<TestRun id="fbe79fd1-3cf2-4181-b0c6-2c82446bf311" name="mathias@MATHIAS-PC 2011-12-21 22:25:06" runUser="mathias-PC\mathias" xmlns="http://microsoft.com/schemas/VisualStudio/TeamTest/2010">
  <TestSettings name="Lokal" id="2f49c074-a861-4ffa-afec-cc51f40226af">
    <Description>Dies sind die standardmäßigen Testeinstellungen für einen lokalen Testlauf.</Description>
    <Deployment enabled="false" runDeploymentRoot="mathias_MATHIAS-PC 2011-12-21 22_25_06">
      <DeploymentItem filename="C:\Users\mathias\studium\master\semester 1\programmierung\Medienprogrammierung\Programming\Programming\bin\Release\Newtonsoft.Json.dll" />
      <DeploymentItem filename="C:\Users\mathias\studium\master\semester 1\programmierung\Medienprogrammierung\Programming\Programming\bin\Release\Facebook.dll" />
      <DeploymentItem filename="C:\Users\mathias\studium\master\semester 1\programmierung\Medienprogrammierung\Programming\Programming\bin\Debug\Programming.exe" />
    </Deployment>
    <Execution>
      <TestTypeSpecific />
      <AgentRule name="Execution Agents">
      </AgentRule>
    </Execution>
  </TestSettings>
  <Times creation="2011-12-21T22:25:06.8862020+01:00" queuing="2011-12-21T22:25:06.9192039+01:00" start="2011-12-21T22:25:06.9252042+01:00" finish="2011-12-21T22:25:07.1762186+01:00" />
  <ResultSummary outcome="Completed">
    <Counters total="1" executed="1" passed="1" error="0" failed="0" timeout="0" aborted="0" inconclusive="0" passedButRunAborted="0" notRunnable="0" notExecuted="0" disconnected="0" warning="0" completed="0" inProgress="0" pending="0" />
  </ResultSummary>
  <TestDefinitions>
    <UnitTest name="BlackWhiteFilterConstructorTest" storage="c:\users\mathias\studium\master\semester 1\programmierung\medienprogrammierung\programming\testproject1\bin\debug\testproject1.dll" id="04635d02-4f9e-45d8-3e06-60b4ba2dbebd">
      <Execution id="ea01a513-b86b-4d2c-9785-fc17bf4852a0" />
      <TestMethod codeBase="C:/Users/mathias/studium/master/semester 1/programmierung/Medienprogrammierung/Programming/TestProject1/bin/Debug/TestProject1.DLL" adapterTypeName="Microsoft.VisualStudio.TestTools.TestTypes.Unit.UnitTestAdapter, Microsoft.VisualStudio.QualityTools.Tips.UnitTest.Adapter, Version=10.0.0.0, Culture=neutral, PublicKeyToken=b03f5f7f11d50a3a" className="TestProject1.BlackWhiteFilterTest, TestProject1, Version=1.0.0.0, Culture=neutral, PublicKeyToken=null" name="BlackWhiteFilterConstructorTest" />
    </UnitTest>
  </TestDefinitions>
  <TestLists>
    <TestList name="Nicht in einer Liste enthaltene Ergebnisse" id="8c84fa94-04c1-424b-9868-57a2d4851a1d" />
    <TestList name="Alle geladenen Ergebnisse" id="19431567-8539-422a-85d7-44ee4e166bda" />
  </TestLists>
  <TestEntries>
    <TestEntry testId="04635d02-4f9e-45d8-3e06-60b4ba2dbebd" executionId="ea01a513-b86b-4d2c-9785-fc17bf4852a0" testListId="8c84fa94-04c1-424b-9868-57a2d4851a1d" />
  </TestEntries>
  <Results>
    <UnitTestResult executionId="ea01a513-b86b-4d2c-9785-fc17bf4852a0" testId="04635d02-4f9e-45d8-3e06-60b4ba2dbebd" testName="BlackWhiteFilterConstructorTest" computerName="MATHIAS-PC" duration="00:00:00.0195676" startTime="2011-12-21T22:25:06.9272043+01:00" endTime="2011-12-21T22:25:07.1592176+01:00" testType="13cdc9d9-ddb5-4fa4-a97d-d965ccfc6d4b" outcome="Passed" testListId="8c84fa94-04c1-424b-9868-57a2d4851a1d" relativeResultsDirectory="ea01a513-b86b-4d2c-9785-fc17bf4852a0">
    </UnitTestResult>
  </Results>
</TestRun>