<?xml version="1.0" encoding="UTF-8"?>
<TestRun id="d3d5f197-8378-4507-82f4-d6fd54ff239c" name="mathias@MATHIAS-PC 2011-12-21 21:29:03" runUser="mathias-PC\mathias" xmlns="http://microsoft.com/schemas/VisualStudio/TeamTest/2010">
  <TestSettings name="Lokal" id="2f49c074-a861-4ffa-afec-cc51f40226af">
    <Description>Dies sind die standardmäßigen Testeinstellungen für einen lokalen Testlauf.</Description>
    <Deployment enabled="false" runDeploymentRoot="mathias_MATHIAS-PC 2011-12-21 21_29_03">
      <DeploymentItem filename="C:\Users\mathias\studium\master\semester 1\programmierung\Medienprogrammierung\Programming\Programming\bin\Release\Newtonsoft.Json.dll" />
      <DeploymentItem filename="C:\Users\mathias\studium\master\semester 1\programmierung\Medienprogrammierung\Programming\Programming\bin\Release\Facebook.dll" />
      <DeploymentItem filename="C:\Users\mathias\studium\master\semester 1\programmierung\Medienprogrammierung\Programming\Programming\bin\Debug\Programming.exe" />
    </Deployment>
    <Execution>
      <TestTypeSpecific />
      <AgentRule name="Execution Agents">
      </AgentRule>
    </Execution>
  </TestSettings>
  <Times creation="2011-12-21T21:29:03.3055820+01:00" queuing="2011-12-21T21:29:05.2516934+01:00" start="2011-12-21T21:29:05.4257033+01:00" finish="2011-12-21T21:29:20.1325445+01:00" />
  <ResultSummary outcome="Error">
    <Counters total="2" executed="2" passed="1" error="0" failed="0" timeout="0" aborted="1" inconclusive="0" passedButRunAborted="0" notRunnable="0" notExecuted="0" disconnected="0" warning="0" completed="0" inProgress="0" pending="0" />
    <RunInfos>
      <RunInfo computerName="MATHIAS-PC" outcome="Error" timestamp="2011-12-21T21:29:20.1305444+01:00">
        <Text>Der Testhostprozess wurde unerwartet beendet.</Text>
      </RunInfo>
    </RunInfos>
  </ResultSummary>
  <TestDefinitions>
    <UnitTest name="get_lastTest" storage="c:\users\mathias\studium\master\semester 1\programmierung\medienprogrammierung\programming\testproject1\bin\debug\testproject1.dll" id="e47e284a-b0f2-867a-9c3d-a3b9b019db7c">
      <Execution id="b5668331-224c-41cd-9c1a-267ae3fdd3a0" />
      <TestMethod codeBase="C:/Users/mathias/studium/master/semester 1/programmierung/Medienprogrammierung/Programming/TestProject1/bin/Debug/TestProject1.DLL" adapterTypeName="Microsoft.VisualStudio.TestTools.TestTypes.Unit.UnitTestAdapter, Microsoft.VisualStudio.QualityTools.Tips.UnitTest.Adapter, Version=10.0.0.0, Culture=neutral, PublicKeyToken=b03f5f7f11d50a3a" className="TestProject1.PixelStateTest, TestProject1, Version=1.0.0.0, Culture=neutral, PublicKeyToken=null" name="get_lastTest" />
    </UnitTest>
    <UnitTest name="remove_lastTest" storage="c:\users\mathias\studium\master\semester 1\programmierung\medienprogrammierung\programming\testproject1\bin\debug\testproject1.dll" id="3196b23b-28ea-1580-8a76-65c8297f7f0d">
      <Execution id="10ef40e9-6c79-4b14-b97d-e271034cce77" />
      <TestMethod codeBase="C:/Users/mathias/studium/master/semester 1/programmierung/Medienprogrammierung/Programming/TestProject1/bin/Debug/TestProject1.DLL" adapterTypeName="Microsoft.VisualStudio.TestTools.TestTypes.Unit.UnitTestAdapter, Microsoft.VisualStudio.QualityTools.Tips.UnitTest.Adapter, Version=10.0.0.0, Culture=neutral, PublicKeyToken=b03f5f7f11d50a3a" className="TestProject1.PixelStateTest, TestProject1, Version=1.0.0.0, Culture=neutral, PublicKeyToken=null" name="remove_lastTest" />
    </UnitTest>
  </TestDefinitions>
  <TestLists>
    <TestList name="Nicht in einer Liste enthaltene Ergebnisse" id="8c84fa94-04c1-424b-9868-57a2d4851a1d" />
    <TestList name="Alle geladenen Ergebnisse" id="19431567-8539-422a-85d7-44ee4e166bda" />
  </TestLists>
  <TestEntries>
    <TestEntry testId="e47e284a-b0f2-867a-9c3d-a3b9b019db7c" executionId="b5668331-224c-41cd-9c1a-267ae3fdd3a0" testListId="8c84fa94-04c1-424b-9868-57a2d4851a1d" />
    <TestEntry testId="3196b23b-28ea-1580-8a76-65c8297f7f0d" executionId="10ef40e9-6c79-4b14-b97d-e271034cce77" testListId="8c84fa94-04c1-424b-9868-57a2d4851a1d" />
  </TestEntries>
  <Results>
    <UnitTestResult executionId="b5668331-224c-41cd-9c1a-267ae3fdd3a0" testId="e47e284a-b0f2-867a-9c3d-a3b9b019db7c" testName="get_lastTest" computerName="MATHIAS-PC" duration="00:00:00.0425868" startTime="2011-12-21T21:29:05.5997133+01:00" endTime="2011-12-21T21:29:06.3987590+01:00" testType="13cdc9d9-ddb5-4fa4-a97d-d965ccfc6d4b" outcome="Passed" testListId="8c84fa94-04c1-424b-9868-57a2d4851a1d" relativeResultsDirectory="b5668331-224c-41cd-9c1a-267ae3fdd3a0">
    </UnitTestResult>
    <UnitTestResult executionId="10ef40e9-6c79-4b14-b97d-e271034cce77" testId="3196b23b-28ea-1580-8a76-65c8297f7f0d" testName="remove_lastTest" computerName="MATHIAS-PC" duration="00:00:13.7207848" startTime="2011-12-21T21:29:06.4117597+01:00" endTime="2011-12-21T21:29:20.1325445+01:00" testType="13cdc9d9-ddb5-4fa4-a97d-d965ccfc6d4b" outcome="Aborted" testListId="8c84fa94-04c1-424b-9868-57a2d4851a1d" relativeResultsDirectory="10ef40e9-6c79-4b14-b97d-e271034cce77">
    </UnitTestResult>
  </Results>
</TestRun>