<?xml version="1.0" encoding="UTF-8"?>
<TestRun id="d01e4e2c-ea6b-4af5-9f6d-e4f73b5b271e" name="mathias@MATHIAS-PC 2012-01-21 15:00:52" runUser="mathias-PC\mathias" xmlns="http://microsoft.com/schemas/VisualStudio/TeamTest/2010">
  <TestSettings name="Lokal" id="2f49c074-a861-4ffa-afec-cc51f40226af">
    <Description>Dies sind die standardmäßigen Testeinstellungen für einen lokalen Testlauf.</Description>
    <Deployment userDeploymentRoot="C:\Users\mathias\studium\master\semester 1\programmierung\Medienprogrammierung\Programming\TestResults" useDefaultDeploymentRoot="false" enabled="false" runDeploymentRoot="mathias_MATHIAS-PC 2012-01-21 15_00_52">
      <DeploymentItem filename="C:\Users\mathias\studium\master\semester 1\programmierung\Medienprogrammierung\Programming\Programming\bin\Release\Newtonsoft.Json.dll" />
      <DeploymentItem filename="C:\Users\mathias\studium\master\semester 1\programmierung\Medienprogrammierung\Programming\Programming\bin\Debug\AForge.Video.dll" />
      <DeploymentItem filename="C:\Users\mathias\studium\master\semester 1\programmierung\Medienprogrammierung\Programming\Programming\bin\Debug\AForge.Video.DirectShow.dll" />
      <DeploymentItem filename="C:\Users\mathias\studium\master\semester 1\programmierung\Medienprogrammierung\Programming\Programming\bin\Release\Facebook.dll" />
      <DeploymentItem filename="C:\Users\mathias\studium\master\semester 1\programmierung\Medienprogrammierung\Programming\Programming\bin\Debug\Programming.exe" />
    </Deployment>
    <Execution>
      <TestTypeSpecific />
      <AgentRule name="Execution Agents">
      </AgentRule>
    </Execution>
  </TestSettings>
  <Times creation="2012-01-21T15:00:52.3753049+01:00" queuing="2012-01-21T15:00:52.3913058+01:00" start="2012-01-21T15:00:52.5003120+01:00" finish="2012-01-21T15:02:47.2868774+01:00" />
  <ResultSummary outcome="Aborted">
    <Counters total="4" executed="4" error="0" failed="0" timeout="0" aborted="1" inconclusive="2" passedButRunAborted="1" notRunnable="0" notExecuted="0" disconnected="0" warning="0" passed="0" completed="0" inProgress="0" pending="0" />
  </ResultSummary>
  <TestDefinitions>
    <UnitTest name="openWebcamWindowTest" storage="c:\users\mathias\studium\master\semester 1\programmierung\medienprogrammierung\programming\testproject1\bin\debug\testproject1.dll" id="c0c10d26-1016-1b3b-be9d-3dac26dd0d63">
      <Execution id="f8bbc1a2-0d11-4a61-8fdf-cc331b863ff4" />
      <TestMethod codeBase="C:/Users/mathias/studium/master/semester 1/programmierung/Medienprogrammierung/Programming/TestProject1/bin/Debug/TestProject1.DLL" adapterTypeName="Microsoft.VisualStudio.TestTools.TestTypes.Unit.UnitTestAdapter, Microsoft.VisualStudio.QualityTools.Tips.UnitTest.Adapter, Version=10.0.0.0, Culture=neutral, PublicKeyToken=b03f5f7f11d50a3a" className="TestProject1.WebcamControllerTest, TestProject1, Version=1.0.0.0, Culture=neutral, PublicKeyToken=null" name="openWebcamWindowTest" />
    </UnitTest>
    <UnitTest name="set_deviceTest" storage="c:\users\mathias\studium\master\semester 1\programmierung\medienprogrammierung\programming\testproject1\bin\debug\testproject1.dll" id="25c7f40f-f705-2c0e-0d5a-1c8405235583">
      <Execution id="a8393a63-2337-49ad-af86-702498d7febe" />
      <TestMethod codeBase="C:/Users/mathias/studium/master/semester 1/programmierung/Medienprogrammierung/Programming/TestProject1/bin/Debug/TestProject1.DLL" adapterTypeName="Microsoft.VisualStudio.TestTools.TestTypes.Unit.UnitTestAdapter, Microsoft.VisualStudio.QualityTools.Tips.UnitTest.Adapter, Version=10.0.0.0, Culture=neutral, PublicKeyToken=b03f5f7f11d50a3a" className="TestProject1.WebcamControllerTest, TestProject1, Version=1.0.0.0, Culture=neutral, PublicKeyToken=null" name="set_deviceTest" />
    </UnitTest>
    <UnitTest name="setMainFormTest" storage="c:\users\mathias\studium\master\semester 1\programmierung\medienprogrammierung\programming\testproject1\bin\debug\testproject1.dll" id="b433c2d4-cdc9-e771-9e94-8baef9ea3cf8">
      <Execution id="35dd1d16-b035-411d-8714-c81b602c937c" />
      <TestMethod codeBase="C:/Users/mathias/studium/master/semester 1/programmierung/Medienprogrammierung/Programming/TestProject1/bin/Debug/TestProject1.DLL" adapterTypeName="Microsoft.VisualStudio.TestTools.TestTypes.Unit.UnitTestAdapter, Microsoft.VisualStudio.QualityTools.Tips.UnitTest.Adapter, Version=10.0.0.0, Culture=neutral, PublicKeyToken=b03f5f7f11d50a3a" className="TestProject1.WebcamControllerTest, TestProject1, Version=1.0.0.0, Culture=neutral, PublicKeyToken=null" name="setMainFormTest" />
    </UnitTest>
    <UnitTest name="set_Webcam_pictureTest" storage="c:\users\mathias\studium\master\semester 1\programmierung\medienprogrammierung\programming\testproject1\bin\debug\testproject1.dll" id="33a1462e-9d73-e911-3c6d-16b35104b689">
      <Execution id="f630d53d-3dac-4c5b-a224-56bbe57a5c86" />
      <TestMethod codeBase="C:/Users/mathias/studium/master/semester 1/programmierung/Medienprogrammierung/Programming/TestProject1/bin/Debug/TestProject1.DLL" adapterTypeName="Microsoft.VisualStudio.TestTools.TestTypes.Unit.UnitTestAdapter, Microsoft.VisualStudio.QualityTools.Tips.UnitTest.Adapter, Version=10.0.0.0, Culture=neutral, PublicKeyToken=b03f5f7f11d50a3a" className="TestProject1.WebcamControllerTest, TestProject1, Version=1.0.0.0, Culture=neutral, PublicKeyToken=null" name="set_Webcam_pictureTest" />
    </UnitTest>
  </TestDefinitions>
  <TestLists>
    <TestList name="Nicht in einer Liste enthaltene Ergebnisse" id="8c84fa94-04c1-424b-9868-57a2d4851a1d" />
    <TestList name="Alle geladenen Ergebnisse" id="19431567-8539-422a-85d7-44ee4e166bda" />
  </TestLists>
  <TestEntries>
    <TestEntry testId="25c7f40f-f705-2c0e-0d5a-1c8405235583" executionId="a8393a63-2337-49ad-af86-702498d7febe" testListId="8c84fa94-04c1-424b-9868-57a2d4851a1d" />
    <TestEntry testId="c0c10d26-1016-1b3b-be9d-3dac26dd0d63" executionId="f8bbc1a2-0d11-4a61-8fdf-cc331b863ff4" testListId="8c84fa94-04c1-424b-9868-57a2d4851a1d" />
    <TestEntry testId="b433c2d4-cdc9-e771-9e94-8baef9ea3cf8" executionId="35dd1d16-b035-411d-8714-c81b602c937c" testListId="8c84fa94-04c1-424b-9868-57a2d4851a1d" />
    <TestEntry testId="33a1462e-9d73-e911-3c6d-16b35104b689" executionId="f630d53d-3dac-4c5b-a224-56bbe57a5c86" testListId="8c84fa94-04c1-424b-9868-57a2d4851a1d" />
  </TestEntries>
  <Results>
    <UnitTestResult executionId="a8393a63-2337-49ad-af86-702498d7febe" testId="25c7f40f-f705-2c0e-0d5a-1c8405235583" testName="set_deviceTest" computerName="MATHIAS-PC" duration="00:00:00.0372636" startTime="2012-01-21T15:00:52.5393143+01:00" endTime="2012-01-21T15:00:53.2123527+01:00" testType="13cdc9d9-ddb5-4fa4-a97d-d965ccfc6d4b" outcome="PassedButRunAborted" testListId="8c84fa94-04c1-424b-9868-57a2d4851a1d" relativeResultsDirectory="a8393a63-2337-49ad-af86-702498d7febe">
    </UnitTestResult>
    <UnitTestResult executionId="f8bbc1a2-0d11-4a61-8fdf-cc331b863ff4" testId="c0c10d26-1016-1b3b-be9d-3dac26dd0d63" testName="openWebcamWindowTest" computerName="MATHIAS-PC" duration="00:00:00.3021936" startTime="2012-01-21T15:00:53.2193531+01:00" endTime="2012-01-21T15:00:53.5343712+01:00" testType="13cdc9d9-ddb5-4fa4-a97d-d965ccfc6d4b" outcome="Inconclusive" testListId="8c84fa94-04c1-424b-9868-57a2d4851a1d" relativeResultsDirectory="f8bbc1a2-0d11-4a61-8fdf-cc331b863ff4">
      <Output>
        <ErrorInfo>
          <Message>Fehler bei "Assert.Inconclusive". Eine Methode, die keinen Wert zurückgibt, kann nicht überprüft werden.</Message>
          <StackTrace>   bei TestProject1.WebcamControllerTest.openWebcamWindowTest() in C:\Users\mathias\studium\master\semester 1\programmierung\Medienprogrammierung\Programming\TestProject1\WebcamControllerTest.cs:Zeile 116.
</StackTrace>
        </ErrorInfo>
      </Output>
    </UnitTestResult>
    <UnitTestResult executionId="35dd1d16-b035-411d-8714-c81b602c937c" testId="b433c2d4-cdc9-e771-9e94-8baef9ea3cf8" testName="setMainFormTest" computerName="MATHIAS-PC" duration="00:00:00.0031449" startTime="2012-01-21T15:00:53.5393715+01:00" endTime="2012-01-21T15:00:53.5543723+01:00" testType="13cdc9d9-ddb5-4fa4-a97d-d965ccfc6d4b" outcome="Inconclusive" testListId="8c84fa94-04c1-424b-9868-57a2d4851a1d" relativeResultsDirectory="35dd1d16-b035-411d-8714-c81b602c937c">
      <Output>
        <ErrorInfo>
          <Message>Fehler bei "Assert.Inconclusive". Eine Methode, die keinen Wert zurückgibt, kann nicht überprüft werden.</Message>
          <StackTrace>   bei TestProject1.WebcamControllerTest.setMainFormTest() in C:\Users\mathias\studium\master\semester 1\programmierung\Medienprogrammierung\Programming\TestProject1\WebcamControllerTest.cs:Zeile 128.
</StackTrace>
        </ErrorInfo>
      </Output>
    </UnitTestResult>
    <UnitTestResult executionId="f630d53d-3dac-4c5b-a224-56bbe57a5c86" testId="33a1462e-9d73-e911-3c6d-16b35104b689" testName="set_Webcam_pictureTest" computerName="MATHIAS-PC" duration="00:01:37.2965650" startTime="2012-01-21T15:00:53.5553724+01:00" endTime="2012-01-21T15:02:30.8519374+01:00" testType="13cdc9d9-ddb5-4fa4-a97d-d965ccfc6d4b" outcome="Aborted" testListId="8c84fa94-04c1-424b-9868-57a2d4851a1d" relativeResultsDirectory="f630d53d-3dac-4c5b-a224-56bbe57a5c86">
      <Output>
        <ErrorInfo>
          <Message>Benutzer hat den Testlauf abgebrochen.</Message>
        </ErrorInfo>
      </Output>
    </UnitTestResult>
  </Results>
</TestRun>