<?xml version="1.0" encoding="UTF-8"?>
<TestRun id="41a7f5ad-50d0-4480-a5a6-24ec28b4fa95" name="mathias@MATHIAS-PC 2012-01-21 17:46:35" runUser="mathias-PC\mathias" xmlns="http://microsoft.com/schemas/VisualStudio/TeamTest/2010">
  <TestSettings name="Lokal" id="2f49c074-a861-4ffa-afec-cc51f40226af">
    <Description>Dies sind die standardmäßigen Testeinstellungen für einen lokalen Testlauf.</Description>
    <Deployment enabled="false" runDeploymentRoot="mathias_MATHIAS-PC 2012-01-21 17_46_35">
      <DeploymentItem filename="C:\Users\mathias\studium\master\semester 1\programmierung\Medienprogrammierung\Programming\Programming\bin\Release\Newtonsoft.Json.dll" />
      <DeploymentItem filename="C:\Users\mathias\studium\master\semester 1\programmierung\Medienprogrammierung\Programming\Programming\bin\Debug\AForge.Video.dll" />
      <DeploymentItem filename="C:\Users\mathias\studium\master\semester 1\programmierung\Medienprogrammierung\Programming\Programming\bin\Debug\AForge.Video.DirectShow.dll" />
      <DeploymentItem filename="C:\Users\mathias\studium\master\semester 1\programmierung\Medienprogrammierung\Programming\Programming\bin\Release\Facebook.dll" />
      <DeploymentItem filename="C:\Users\mathias\studium\master\semester 1\programmierung\Medienprogrammierung\Programming\Programming\bin\Debug\Programming.exe" />
    </Deployment>
    <Execution>
      <TestTypeSpecific />
      <AgentRule name="Execution Agents">
      </AgentRule>
    </Execution>
  </TestSettings>
  <Times creation="2012-01-21T17:46:35.9632017+01:00" queuing="2012-01-21T17:46:36.0282054+01:00" start="2012-01-21T17:46:36.0482066+01:00" finish="2012-01-21T17:46:36.6852430+01:00" />
  <ResultSummary outcome="Warning">
    <Counters total="1" executed="1" passed="1" error="0" failed="0" timeout="0" aborted="0" inconclusive="0" passedButRunAborted="0" notRunnable="0" notExecuted="0" disconnected="0" warning="0" completed="0" inProgress="0" pending="0" />
    <RunInfos>
      <RunInfo computerName="MATHIAS-PC" outcome="Warning" timestamp="2012-01-21T17:46:36.0272054+01:00">
        <Text>Die Bereitstellung ist zurzeit deaktiviert. Das Bereitstellungselement "Programming.exe" für Test "TestProject1.StatistikModelTest.calculate_entropyTest" wurde nicht bereitgestellt.</Text>
      </RunInfo>
    </RunInfos>
  </ResultSummary>
  <TestDefinitions>
    <UnitTest name="calculate_entropyTest" storage="c:\users\mathias\studium\master\semester 1\programmierung\medienprogrammierung\programming\testproject1\bin\debug\testproject1.dll" id="6a2ce9f8-73c7-c0ca-b41f-ff6d538a08a1">
      <DeploymentItems>
        <DeploymentItem filename="Programming.exe" />
      </DeploymentItems>
      <Execution id="af869c6e-89b1-4d5b-9116-a3d234934e4b" />
      <TestMethod codeBase="C:/Users/mathias/studium/master/semester 1/programmierung/Medienprogrammierung/Programming/TestProject1/bin/Debug/TestProject1.DLL" adapterTypeName="Microsoft.VisualStudio.TestTools.TestTypes.Unit.UnitTestAdapter, Microsoft.VisualStudio.QualityTools.Tips.UnitTest.Adapter, Version=10.0.0.0, Culture=neutral, PublicKeyToken=b03f5f7f11d50a3a" className="TestProject1.StatistikModelTest, TestProject1, Version=1.0.0.0, Culture=neutral, PublicKeyToken=null" name="calculate_entropyTest" />
    </UnitTest>
  </TestDefinitions>
  <TestLists>
    <TestList name="Nicht in einer Liste enthaltene Ergebnisse" id="8c84fa94-04c1-424b-9868-57a2d4851a1d" />
    <TestList name="Alle geladenen Ergebnisse" id="19431567-8539-422a-85d7-44ee4e166bda" />
  </TestLists>
  <TestEntries>
    <TestEntry testId="6a2ce9f8-73c7-c0ca-b41f-ff6d538a08a1" executionId="af869c6e-89b1-4d5b-9116-a3d234934e4b" testListId="8c84fa94-04c1-424b-9868-57a2d4851a1d" />
  </TestEntries>
  <Results>
    <UnitTestResult executionId="af869c6e-89b1-4d5b-9116-a3d234934e4b" testId="6a2ce9f8-73c7-c0ca-b41f-ff6d538a08a1" testName="calculate_entropyTest" computerName="MATHIAS-PC" duration="00:00:00.0638372" startTime="2012-01-21T17:46:36.0762082+01:00" endTime="2012-01-21T17:46:36.6492409+01:00" testType="13cdc9d9-ddb5-4fa4-a97d-d965ccfc6d4b" outcome="Passed" testListId="8c84fa94-04c1-424b-9868-57a2d4851a1d" relativeResultsDirectory="af869c6e-89b1-4d5b-9116-a3d234934e4b">
    </UnitTestResult>
  </Results>
</TestRun>