<?xml version="1.0" encoding="UTF-8"?>
<TestRun id="82057498-218e-4292-a33c-057d36d3eaf3" name="mathias@MATHIAS-PC 2011-12-21 22:35:53" runUser="mathias-PC\mathias" xmlns="http://microsoft.com/schemas/VisualStudio/TeamTest/2010">
  <TestSettings name="Lokal" id="2f49c074-a861-4ffa-afec-cc51f40226af">
    <Description>Dies sind die standardmäßigen Testeinstellungen für einen lokalen Testlauf.</Description>
    <Deployment enabled="false" runDeploymentRoot="mathias_MATHIAS-PC 2011-12-21 22_35_53">
      <DeploymentItem filename="C:\Users\mathias\studium\master\semester 1\programmierung\Medienprogrammierung\Programming\Programming\bin\Release\Newtonsoft.Json.dll" />
      <DeploymentItem filename="C:\Users\mathias\studium\master\semester 1\programmierung\Medienprogrammierung\Programming\Programming\bin\Release\Facebook.dll" />
      <DeploymentItem filename="C:\Users\mathias\studium\master\semester 1\programmierung\Medienprogrammierung\Programming\Programming\bin\Debug\Programming.exe" />
    </Deployment>
    <Execution>
      <TestTypeSpecific />
      <AgentRule name="Execution Agents">
      </AgentRule>
    </Execution>
  </TestSettings>
  <Times creation="2011-12-21T22:35:53.9192102+01:00" queuing="2011-12-21T22:35:53.9462117+01:00" start="2011-12-21T22:35:53.9682130+01:00" finish="2011-12-21T22:35:55.6373084+01:00" />
  <ResultSummary outcome="Error">
    <Counters total="46" executed="46" passed="20" error="2" failed="0" timeout="0" aborted="24" inconclusive="0" passedButRunAborted="0" notRunnable="0" notExecuted="0" disconnected="0" warning="0" completed="0" inProgress="24" pending="0" />
    <RunInfos>
      <RunInfo computerName="MATHIAS-PC" outcome="Error" timestamp="2011-12-21T22:35:54.5512463+01:00">
        <Text>Einer der Hintergrundthreads hat eine Ausnahme ausgelöst: 
System.NullReferenceException: Der Objektverweis wurde nicht auf eine Objektinstanz festgelegt.
   bei Programming.ThreadHandler.try_refresh() in C:\Users\mathias\studium\master\semester 1\programmierung\Medienprogrammierung\Programming\Programming\ThreadHandler.cs:Zeile 111.
   bei Programming.ThreadHandler.&lt;refresh&gt;b__1() in C:\Users\mathias\studium\master\semester 1\programmierung\Medienprogrammierung\Programming\Programming\ThreadHandler.cs:Zeile 86.
   bei System.Threading.ThreadHelper.ThreadStart_Context(Object state)
   bei System.Threading.ExecutionContext.runTryCode(Object userData)
   bei System.Runtime.CompilerServices.RuntimeHelpers.ExecuteCodeWithGuaranteedCleanup(TryCode code, CleanupCode backoutCode, Object userData)
   bei System.Threading.ExecutionContext.RunInternal(ExecutionContext executionContext, ContextCallback callback, Object state)
   bei System.Threading.ExecutionContext.Run(ExecutionContext executionContext, ContextCallback callback, Object state, Boolean ignoreSyncCtx)
   bei System.Threading.ExecutionContext.Run(ExecutionContext executionContext, ContextCallback callback, Object state)
   bei System.Threading.ThreadHelper.ThreadStart()</Text>
      </RunInfo>
      <RunInfo computerName="MATHIAS-PC" outcome="Error" timestamp="2011-12-21T22:35:54.5752477+01:00">
        <Text>Einer der Hintergrundthreads hat eine Ausnahme ausgelöst: 
System.InvalidOperationException: Invoke oder BeginInvoke kann für ein Steuerelement erst aufgerufen werden, wenn das Fensterhandle erstellt wurde.
   bei System.Windows.Forms.Control.MarshaledInvoke(Control caller, Delegate method, Object[] args, Boolean synchronous)
   bei System.Windows.Forms.Control.Invoke(Delegate method, Object[] args)
   bei System.Windows.Forms.Control.Invoke(Delegate method)
   bei Programming.ThreadHandler.try_refresh() in C:\Users\mathias\studium\master\semester 1\programmierung\Medienprogrammierung\Programming\Programming\ThreadHandler.cs:Zeile 111.
   bei Programming.ThreadHandler.&lt;refresh&gt;b__1() in C:\Users\mathias\studium\master\semester 1\programmierung\Medienprogrammierung\Programming\Programming\ThreadHandler.cs:Zeile 86.
   bei System.Threading.ThreadHelper.ThreadStart_Context(Object state)
   bei System.Threading.ExecutionContext.runTryCode(Object userData)
   bei System.Runtime.CompilerServices.RuntimeHelpers.ExecuteCodeWithGuaranteedCleanup(TryCode code, CleanupCode backoutCode, Object userData)
   bei System.Threading.ExecutionContext.RunInternal(ExecutionContext executionContext, ContextCallback callback, Object state)
   bei System.Threading.ExecutionContext.Run(ExecutionContext executionContext, ContextCallback callback, Object state, Boolean ignoreSyncCtx)
   bei System.Threading.ExecutionContext.Run(ExecutionContext executionContext, ContextCallback callback, Object state)
   bei System.Threading.ThreadHelper.ThreadStart()</Text>
      </RunInfo>
    </RunInfos>
  </ResultSummary>
  <TestDefinitions>
    <UnitTest name="SepiaFilterConstructorTest" storage="c:\users\mathias\studium\master\semester 1\programmierung\medienprogrammierung\programming\testproject1\bin\debug\testproject1.dll" id="2230829b-1f4f-d9e4-adb1-df3b8d64f72f">
      <Execution id="8064cb4a-d145-496b-943d-41b3fc23cd8d" />
      <TestMethod codeBase="C:/Users/mathias/studium/master/semester 1/programmierung/Medienprogrammierung/Programming/TestProject1/bin/Debug/TestProject1.DLL" adapterTypeName="Microsoft.VisualStudio.TestTools.TestTypes.Unit.UnitTestAdapter, Microsoft.VisualStudio.QualityTools.Tips.UnitTest.Adapter, Version=10.0.0.0, Culture=neutral, PublicKeyToken=b03f5f7f11d50a3a" className="TestProject1.SepiaFilterTest, TestProject1, Version=1.0.0.0, Culture=neutral, PublicKeyToken=null" name="SepiaFilterConstructorTest" />
    </UnitTest>
    <UnitTest name="ErrorDiffusionFilterConstructorTest" storage="c:\users\mathias\studium\master\semester 1\programmierung\medienprogrammierung\programming\testproject1\bin\debug\testproject1.dll" id="cb6f91e9-958d-53a3-511f-f5e378b3ee24">
      <Execution id="e40a9962-8749-4253-8524-33a872e2df81" />
      <TestMethod codeBase="C:/Users/mathias/studium/master/semester 1/programmierung/Medienprogrammierung/Programming/TestProject1/bin/Debug/TestProject1.DLL" adapterTypeName="Microsoft.VisualStudio.TestTools.TestTypes.Unit.UnitTestAdapter, Microsoft.VisualStudio.QualityTools.Tips.UnitTest.Adapter, Version=10.0.0.0, Culture=neutral, PublicKeyToken=b03f5f7f11d50a3a" className="TestProject1.ErrorDiffusionFilterTest, TestProject1, Version=1.0.0.0, Culture=neutral, PublicKeyToken=null" name="ErrorDiffusionFilterConstructorTest" />
    </UnitTest>
    <UnitTest name="ImageObjectConstructorTest" storage="c:\users\mathias\studium\master\semester 1\programmierung\medienprogrammierung\programming\testproject1\bin\debug\testproject1.dll" id="002d83ad-e4d7-31f9-b4df-1f60f1b5d3b4">
      <Execution id="20b2d44e-e4f0-4527-89ba-e81db8b4af0f" />
      <TestMethod codeBase="C:/Users/mathias/studium/master/semester 1/programmierung/Medienprogrammierung/Programming/TestProject1/bin/Debug/TestProject1.DLL" adapterTypeName="Microsoft.VisualStudio.TestTools.TestTypes.Unit.UnitTestAdapter, Microsoft.VisualStudio.QualityTools.Tips.UnitTest.Adapter, Version=10.0.0.0, Culture=neutral, PublicKeyToken=b03f5f7f11d50a3a" className="TestProject1.ImageObjectTest, TestProject1, Version=1.0.0.0, Culture=neutral, PublicKeyToken=null" name="ImageObjectConstructorTest" />
    </UnitTest>
    <UnitTest name="setPictureBoxTest" storage="c:\users\mathias\studium\master\semester 1\programmierung\medienprogrammierung\programming\testproject1\bin\debug\testproject1.dll" id="e2ad20fc-5473-ee46-2f75-88e5a48cb321">
      <Execution id="930e81ad-f0c8-4499-ba2c-f07f5d957006" />
      <TestMethod codeBase="C:/Users/mathias/studium/master/semester 1/programmierung/Medienprogrammierung/Programming/TestProject1/bin/Debug/TestProject1.DLL" adapterTypeName="Microsoft.VisualStudio.TestTools.TestTypes.Unit.UnitTestAdapter, Microsoft.VisualStudio.QualityTools.Tips.UnitTest.Adapter, Version=10.0.0.0, Culture=neutral, PublicKeyToken=b03f5f7f11d50a3a" className="TestProject1.ControllerTest, TestProject1, Version=1.0.0.0, Culture=neutral, PublicKeyToken=null" name="setPictureBoxTest" />
    </UnitTest>
    <UnitTest name="undoTest" storage="c:\users\mathias\studium\master\semester 1\programmierung\medienprogrammierung\programming\testproject1\bin\debug\testproject1.dll" id="e7eac791-de3c-46f2-bce8-f4d477776f01">
      <Execution id="ddc46b93-074b-4d74-b636-bc5e28d539bd" />
      <TestMethod codeBase="C:/Users/mathias/studium/master/semester 1/programmierung/Medienprogrammierung/Programming/TestProject1/bin/Debug/TestProject1.DLL" adapterTypeName="Microsoft.VisualStudio.TestTools.TestTypes.Unit.UnitTestAdapter, Microsoft.VisualStudio.QualityTools.Tips.UnitTest.Adapter, Version=10.0.0.0, Culture=neutral, PublicKeyToken=b03f5f7f11d50a3a" className="TestProject1.ControllerTest, TestProject1, Version=1.0.0.0, Culture=neutral, PublicKeyToken=null" name="undoTest" />
    </UnitTest>
    <UnitTest name="performTest" storage="c:\users\mathias\studium\master\semester 1\programmierung\medienprogrammierung\programming\testproject1\bin\debug\testproject1.dll" id="c4c3c443-7469-c3ab-1664-55cbef9492d7">
      <Execution id="34bd773d-7820-468d-9843-f1307d334f81" />
      <TestMethod codeBase="C:/Users/mathias/studium/master/semester 1/programmierung/Medienprogrammierung/Programming/TestProject1/bin/Debug/TestProject1.DLL" adapterTypeName="Microsoft.VisualStudio.TestTools.TestTypes.Unit.UnitTestAdapter, Microsoft.VisualStudio.QualityTools.Tips.UnitTest.Adapter, Version=10.0.0.0, Culture=neutral, PublicKeyToken=b03f5f7f11d50a3a" className="TestProject1.OscillationFilterTest, TestProject1, Version=1.0.0.0, Culture=neutral, PublicKeyToken=null" name="performTest" />
    </UnitTest>
    <UnitTest name="performTest" storage="c:\users\mathias\studium\master\semester 1\programmierung\medienprogrammierung\programming\testproject1\bin\debug\testproject1.dll" id="0154749f-78bc-bf28-ca06-2e5f09a33e51">
      <Execution id="7f314eb1-4ea6-4e97-b291-e10405576265" />
      <TestMethod codeBase="C:/Users/mathias/studium/master/semester 1/programmierung/Medienprogrammierung/Programming/TestProject1/bin/Debug/TestProject1.DLL" adapterTypeName="Microsoft.VisualStudio.TestTools.TestTypes.Unit.UnitTestAdapter, Microsoft.VisualStudio.QualityTools.Tips.UnitTest.Adapter, Version=10.0.0.0, Culture=neutral, PublicKeyToken=b03f5f7f11d50a3a" className="TestProject1.BlackWhiteFilterTest, TestProject1, Version=1.0.0.0, Culture=neutral, PublicKeyToken=null" name="performTest" />
    </UnitTest>
    <UnitTest name="invoke_refreshTest" storage="c:\users\mathias\studium\master\semester 1\programmierung\medienprogrammierung\programming\testproject1\bin\debug\testproject1.dll" id="12236330-5422-6a79-c41f-2614bfda9226">
      <DeploymentItems>
        <DeploymentItem filename="Programming.exe" />
      </DeploymentItems>
      <Execution id="5264d29d-4082-48e9-96a6-dcf68ba6d148" />
      <TestMethod codeBase="C:/Users/mathias/studium/master/semester 1/programmierung/Medienprogrammierung/Programming/TestProject1/bin/Debug/TestProject1.DLL" adapterTypeName="Microsoft.VisualStudio.TestTools.TestTypes.Unit.UnitTestAdapter, Microsoft.VisualStudio.QualityTools.Tips.UnitTest.Adapter, Version=10.0.0.0, Culture=neutral, PublicKeyToken=b03f5f7f11d50a3a" className="TestProject1.ThreadHandlerTest, TestProject1, Version=1.0.0.0, Culture=neutral, PublicKeyToken=null" name="invoke_refreshTest" />
    </UnitTest>
    <UnitTest name="MainTest" storage="c:\users\mathias\studium\master\semester 1\programmierung\medienprogrammierung\programming\testproject1\bin\debug\testproject1.dll" id="9a46fa9b-9a2e-3eff-02e4-ce3ff885083d">
      <DeploymentItems>
        <DeploymentItem filename="Programming.exe" />
      </DeploymentItems>
      <Execution id="91ca78ab-1f86-49af-82d8-1a56819d2599" />
      <TestMethod codeBase="C:/Users/mathias/studium/master/semester 1/programmierung/Medienprogrammierung/Programming/TestProject1/bin/Debug/TestProject1.DLL" adapterTypeName="Microsoft.VisualStudio.TestTools.TestTypes.Unit.UnitTestAdapter, Microsoft.VisualStudio.QualityTools.Tips.UnitTest.Adapter, Version=10.0.0.0, Culture=neutral, PublicKeyToken=b03f5f7f11d50a3a" className="TestProject1.ProgramTest, TestProject1, Version=1.0.0.0, Culture=neutral, PublicKeyToken=null" name="MainTest" />
    </UnitTest>
    <UnitTest name="get_ImageManipulatorTypeTest" storage="c:\users\mathias\studium\master\semester 1\programmierung\medienprogrammierung\programming\testproject1\bin\debug\testproject1.dll" id="7890454c-0a6b-e2f7-057c-7d73ddaaa939">
      <Execution id="e0031043-a716-47ab-9fec-b9de67e28e90" />
      <TestMethod codeBase="C:/Users/mathias/studium/master/semester 1/programmierung/Medienprogrammierung/Programming/TestProject1/bin/Debug/TestProject1.DLL" adapterTypeName="Microsoft.VisualStudio.TestTools.TestTypes.Unit.UnitTestAdapter, Microsoft.VisualStudio.QualityTools.Tips.UnitTest.Adapter, Version=10.0.0.0, Culture=neutral, PublicKeyToken=b03f5f7f11d50a3a" className="TestProject1.ImageObjectTest, TestProject1, Version=1.0.0.0, Culture=neutral, PublicKeyToken=null" name="get_ImageManipulatorTypeTest" />
    </UnitTest>
    <UnitTest name="RotateFilterConstructorTest" storage="c:\users\mathias\studium\master\semester 1\programmierung\medienprogrammierung\programming\testproject1\bin\debug\testproject1.dll" id="5d17ee44-b5cd-0e62-ac4b-1bc91d9bc224">
      <Execution id="c4967fd6-1a9f-4fec-aec9-9abd93736ace" />
      <TestMethod codeBase="C:/Users/mathias/studium/master/semester 1/programmierung/Medienprogrammierung/Programming/TestProject1/bin/Debug/TestProject1.DLL" adapterTypeName="Microsoft.VisualStudio.TestTools.TestTypes.Unit.UnitTestAdapter, Microsoft.VisualStudio.QualityTools.Tips.UnitTest.Adapter, Version=10.0.0.0, Culture=neutral, PublicKeyToken=b03f5f7f11d50a3a" className="TestProject1.RotateFilterTest, TestProject1, Version=1.0.0.0, Culture=neutral, PublicKeyToken=null" name="RotateFilterConstructorTest" />
    </UnitTest>
    <UnitTest name="getThreadsTest" storage="c:\users\mathias\studium\master\semester 1\programmierung\medienprogrammierung\programming\testproject1\bin\debug\testproject1.dll" id="b573db96-268a-85a5-d513-a40b0110ca2d">
      <Execution id="2dc9beb8-19a2-4b7d-8db8-2f3904e88480" />
      <TestMethod codeBase="C:/Users/mathias/studium/master/semester 1/programmierung/Medienprogrammierung/Programming/TestProject1/bin/Debug/TestProject1.DLL" adapterTypeName="Microsoft.VisualStudio.TestTools.TestTypes.Unit.UnitTestAdapter, Microsoft.VisualStudio.QualityTools.Tips.UnitTest.Adapter, Version=10.0.0.0, Culture=neutral, PublicKeyToken=b03f5f7f11d50a3a" className="TestProject1.ThreadHandlerTest, TestProject1, Version=1.0.0.0, Culture=neutral, PublicKeyToken=null" name="getThreadsTest" />
    </UnitTest>
    <UnitTest name="get_ImageTest" storage="c:\users\mathias\studium\master\semester 1\programmierung\medienprogrammierung\programming\testproject1\bin\debug\testproject1.dll" id="78001a50-ff7e-88eb-9e4c-1447d4837f35">
      <Execution id="6aeec984-070d-440a-ad76-c57c099e6735" />
      <TestMethod codeBase="C:/Users/mathias/studium/master/semester 1/programmierung/Medienprogrammierung/Programming/TestProject1/bin/Debug/TestProject1.DLL" adapterTypeName="Microsoft.VisualStudio.TestTools.TestTypes.Unit.UnitTestAdapter, Microsoft.VisualStudio.QualityTools.Tips.UnitTest.Adapter, Version=10.0.0.0, Culture=neutral, PublicKeyToken=b03f5f7f11d50a3a" className="TestProject1.ImageObjectTest, TestProject1, Version=1.0.0.0, Culture=neutral, PublicKeyToken=null" name="get_ImageTest" />
    </UnitTest>
    <UnitTest name="performTest" storage="c:\users\mathias\studium\master\semester 1\programmierung\medienprogrammierung\programming\testproject1\bin\debug\testproject1.dll" id="f7cd8541-dc96-429d-5112-23b12e0d7bcb">
      <Execution id="b636d477-ddba-426b-a628-d8f760eb634f" />
      <TestMethod codeBase="C:/Users/mathias/studium/master/semester 1/programmierung/Medienprogrammierung/Programming/TestProject1/bin/Debug/TestProject1.DLL" adapterTypeName="Microsoft.VisualStudio.TestTools.TestTypes.Unit.UnitTestAdapter, Microsoft.VisualStudio.QualityTools.Tips.UnitTest.Adapter, Version=10.0.0.0, Culture=neutral, PublicKeyToken=b03f5f7f11d50a3a" className="TestProject1.InvertFilterTest, TestProject1, Version=1.0.0.0, Culture=neutral, PublicKeyToken=null" name="performTest" />
    </UnitTest>
    <UnitTest name="addTest" storage="c:\users\mathias\studium\master\semester 1\programmierung\medienprogrammierung\programming\testproject1\bin\debug\testproject1.dll" id="37f7fa63-e38f-d747-b2a4-90104bd11c78">
      <Execution id="97cba99d-e38c-4a95-9c3b-b1fb9195b73a" />
      <TestMethod codeBase="C:/Users/mathias/studium/master/semester 1/programmierung/Medienprogrammierung/Programming/TestProject1/bin/Debug/TestProject1.DLL" adapterTypeName="Microsoft.VisualStudio.TestTools.TestTypes.Unit.UnitTestAdapter, Microsoft.VisualStudio.QualityTools.Tips.UnitTest.Adapter, Version=10.0.0.0, Culture=neutral, PublicKeyToken=b03f5f7f11d50a3a" className="TestProject1.PixelStateTest, TestProject1, Version=1.0.0.0, Culture=neutral, PublicKeyToken=null" name="addTest" />
    </UnitTest>
    <UnitTest name="threadsAreAliveTest" storage="c:\users\mathias\studium\master\semester 1\programmierung\medienprogrammierung\programming\testproject1\bin\debug\testproject1.dll" id="7d71edaf-c14b-63d9-80d9-3ceb4795ab69">
      <Execution id="9b0613af-43d7-4186-b351-fdfba0de5f5f" />
      <TestMethod codeBase="C:/Users/mathias/studium/master/semester 1/programmierung/Medienprogrammierung/Programming/TestProject1/bin/Debug/TestProject1.DLL" adapterTypeName="Microsoft.VisualStudio.TestTools.TestTypes.Unit.UnitTestAdapter, Microsoft.VisualStudio.QualityTools.Tips.UnitTest.Adapter, Version=10.0.0.0, Culture=neutral, PublicKeyToken=b03f5f7f11d50a3a" className="TestProject1.ThreadHandlerTest, TestProject1, Version=1.0.0.0, Culture=neutral, PublicKeyToken=null" name="threadsAreAliveTest" />
    </UnitTest>
    <UnitTest name="setMainFormTest" storage="c:\users\mathias\studium\master\semester 1\programmierung\medienprogrammierung\programming\testproject1\bin\debug\testproject1.dll" id="b30649c3-9490-1525-b4f4-8e069a4e79f4">
      <Execution id="feaab826-19e2-45f6-b0fa-de349d023763" />
      <TestMethod codeBase="C:/Users/mathias/studium/master/semester 1/programmierung/Medienprogrammierung/Programming/TestProject1/bin/Debug/TestProject1.DLL" adapterTypeName="Microsoft.VisualStudio.TestTools.TestTypes.Unit.UnitTestAdapter, Microsoft.VisualStudio.QualityTools.Tips.UnitTest.Adapter, Version=10.0.0.0, Culture=neutral, PublicKeyToken=b03f5f7f11d50a3a" className="TestProject1.ControllerTest, TestProject1, Version=1.0.0.0, Culture=neutral, PublicKeyToken=null" name="setMainFormTest" />
    </UnitTest>
    <UnitTest name="startTimeTest" storage="c:\users\mathias\studium\master\semester 1\programmierung\medienprogrammierung\programming\testproject1\bin\debug\testproject1.dll" id="0dfe1cd7-d495-1876-69e7-6ac597aa1bbd">
      <DeploymentItems>
        <DeploymentItem filename="Programming.exe" />
      </DeploymentItems>
      <Execution id="ef6c975b-41d5-4e83-9901-1caa5c2f3999" />
      <TestMethod codeBase="C:/Users/mathias/studium/master/semester 1/programmierung/Medienprogrammierung/Programming/TestProject1/bin/Debug/TestProject1.DLL" adapterTypeName="Microsoft.VisualStudio.TestTools.TestTypes.Unit.UnitTestAdapter, Microsoft.VisualStudio.QualityTools.Tips.UnitTest.Adapter, Version=10.0.0.0, Culture=neutral, PublicKeyToken=b03f5f7f11d50a3a" className="TestProject1.ThreadHandlerTest, TestProject1, Version=1.0.0.0, Culture=neutral, PublicKeyToken=null" name="startTimeTest" />
    </UnitTest>
    <UnitTest name="performTest1" storage="c:\users\mathias\studium\master\semester 1\programmierung\medienprogrammierung\programming\testproject1\bin\debug\testproject1.dll" id="d6f5ee68-bc22-0ee5-b9c1-df81399fcf61">
      <DeploymentItems>
        <DeploymentItem filename="Programming.exe" />
      </DeploymentItems>
      <Execution id="3b8a16a6-24da-4316-a5b1-43688d8c0e30" />
      <TestMethod codeBase="C:/Users/mathias/studium/master/semester 1/programmierung/Medienprogrammierung/Programming/TestProject1/bin/Debug/TestProject1.DLL" adapterTypeName="Microsoft.VisualStudio.TestTools.TestTypes.Unit.UnitTestAdapter, Microsoft.VisualStudio.QualityTools.Tips.UnitTest.Adapter, Version=10.0.0.0, Culture=neutral, PublicKeyToken=b03f5f7f11d50a3a" className="TestProject1.ImageManipulatorTest, TestProject1, Version=1.0.0.0, Culture=neutral, PublicKeyToken=null" name="performTest1" />
    </UnitTest>
    <UnitTest name="remove_lastTest" storage="c:\users\mathias\studium\master\semester 1\programmierung\medienprogrammierung\programming\testproject1\bin\debug\testproject1.dll" id="3196b23b-28ea-1580-8a76-65c8297f7f0d">
      <Execution id="13ec9d9e-59b1-470e-a90f-56b494e9f75d" />
      <TestMethod codeBase="C:/Users/mathias/studium/master/semester 1/programmierung/Medienprogrammierung/Programming/TestProject1/bin/Debug/TestProject1.DLL" adapterTypeName="Microsoft.VisualStudio.TestTools.TestTypes.Unit.UnitTestAdapter, Microsoft.VisualStudio.QualityTools.Tips.UnitTest.Adapter, Version=10.0.0.0, Culture=neutral, PublicKeyToken=b03f5f7f11d50a3a" className="TestProject1.PixelStateTest, TestProject1, Version=1.0.0.0, Culture=neutral, PublicKeyToken=null" name="remove_lastTest" />
    </UnitTest>
    <UnitTest name="OscillationFilterConstructorTest" storage="c:\users\mathias\studium\master\semester 1\programmierung\medienprogrammierung\programming\testproject1\bin\debug\testproject1.dll" id="0ff7e0d0-a263-d910-623c-cc55a9dbcac2">
      <Execution id="1052053b-d4fb-421b-8559-a9e0eb1c4378" />
      <TestMethod codeBase="C:/Users/mathias/studium/master/semester 1/programmierung/Medienprogrammierung/Programming/TestProject1/bin/Debug/TestProject1.DLL" adapterTypeName="Microsoft.VisualStudio.TestTools.TestTypes.Unit.UnitTestAdapter, Microsoft.VisualStudio.QualityTools.Tips.UnitTest.Adapter, Version=10.0.0.0, Culture=neutral, PublicKeyToken=b03f5f7f11d50a3a" className="TestProject1.OscillationFilterTest, TestProject1, Version=1.0.0.0, Culture=neutral, PublicKeyToken=null" name="OscillationFilterConstructorTest" />
    </UnitTest>
    <UnitTest name="RGB_ModeFilterConstructorTest" storage="c:\users\mathias\studium\master\semester 1\programmierung\medienprogrammierung\programming\testproject1\bin\debug\testproject1.dll" id="a09dfaf6-7239-4f0d-306e-6ed80bf95595">
      <Execution id="31f97ef1-cf56-4f84-9305-9994a985bf23" />
      <TestMethod codeBase="C:/Users/mathias/studium/master/semester 1/programmierung/Medienprogrammierung/Programming/TestProject1/bin/Debug/TestProject1.DLL" adapterTypeName="Microsoft.VisualStudio.TestTools.TestTypes.Unit.UnitTestAdapter, Microsoft.VisualStudio.QualityTools.Tips.UnitTest.Adapter, Version=10.0.0.0, Culture=neutral, PublicKeyToken=b03f5f7f11d50a3a" className="TestProject1.RGB_ModeFilterTest, TestProject1, Version=1.0.0.0, Culture=neutral, PublicKeyToken=null" name="RGB_ModeFilterConstructorTest" />
    </UnitTest>
    <UnitTest name="getInstanceTest" storage="c:\users\mathias\studium\master\semester 1\programmierung\medienprogrammierung\programming\testproject1\bin\debug\testproject1.dll" id="b6d985b7-8ac2-ad2d-96aa-548b788286c5">
      <Execution id="ec4d7c26-315f-4827-b314-2c83d4082a72" />
      <TestMethod codeBase="C:/Users/mathias/studium/master/semester 1/programmierung/Medienprogrammierung/Programming/TestProject1/bin/Debug/TestProject1.DLL" adapterTypeName="Microsoft.VisualStudio.TestTools.TestTypes.Unit.UnitTestAdapter, Microsoft.VisualStudio.QualityTools.Tips.UnitTest.Adapter, Version=10.0.0.0, Culture=neutral, PublicKeyToken=b03f5f7f11d50a3a" className="TestProject1.PixelStateTest, TestProject1, Version=1.0.0.0, Culture=neutral, PublicKeyToken=null" name="getInstanceTest" />
    </UnitTest>
    <UnitTest name="rotateTest" storage="c:\users\mathias\studium\master\semester 1\programmierung\medienprogrammierung\programming\testproject1\bin\debug\testproject1.dll" id="3be80adf-bcab-b9a9-d0fe-a1804ca70733">
      <Execution id="b7eba36d-a964-4da0-9453-916ba301645f" />
      <TestMethod codeBase="C:/Users/mathias/studium/master/semester 1/programmierung/Medienprogrammierung/Programming/TestProject1/bin/Debug/TestProject1.DLL" adapterTypeName="Microsoft.VisualStudio.TestTools.TestTypes.Unit.UnitTestAdapter, Microsoft.VisualStudio.QualityTools.Tips.UnitTest.Adapter, Version=10.0.0.0, Culture=neutral, PublicKeyToken=b03f5f7f11d50a3a" className="TestProject1.RotateFilterTest, TestProject1, Version=1.0.0.0, Culture=neutral, PublicKeyToken=null" name="rotateTest" />
    </UnitTest>
    <UnitTest name="registerTest" storage="c:\users\mathias\studium\master\semester 1\programmierung\medienprogrammierung\programming\testproject1\bin\debug\testproject1.dll" id="5ca0c1f6-2d3a-88b6-1bfe-844668d71a0a">
      <Execution id="6c696899-d87a-4047-ba85-c77e0f24efd7" />
      <TestMethod codeBase="C:/Users/mathias/studium/master/semester 1/programmierung/Medienprogrammierung/Programming/TestProject1/bin/Debug/TestProject1.DLL" adapterTypeName="Microsoft.VisualStudio.TestTools.TestTypes.Unit.UnitTestAdapter, Microsoft.VisualStudio.QualityTools.Tips.UnitTest.Adapter, Version=10.0.0.0, Culture=neutral, PublicKeyToken=b03f5f7f11d50a3a" className="TestProject1.ThreadHandlerTest, TestProject1, Version=1.0.0.0, Culture=neutral, PublicKeyToken=null" name="registerTest" />
    </UnitTest>
    <UnitTest name="try_refreshTest" storage="c:\users\mathias\studium\master\semester 1\programmierung\medienprogrammierung\programming\testproject1\bin\debug\testproject1.dll" id="04f5fa0a-27c4-cb2b-5bf8-37a8a1374577">
      <DeploymentItems>
        <DeploymentItem filename="Programming.exe" />
      </DeploymentItems>
      <Execution id="699ce8d2-d20d-424d-a130-297d0102ed99" />
      <TestMethod codeBase="C:/Users/mathias/studium/master/semester 1/programmierung/Medienprogrammierung/Programming/TestProject1/bin/Debug/TestProject1.DLL" adapterTypeName="Microsoft.VisualStudio.TestTools.TestTypes.Unit.UnitTestAdapter, Microsoft.VisualStudio.QualityTools.Tips.UnitTest.Adapter, Version=10.0.0.0, Culture=neutral, PublicKeyToken=b03f5f7f11d50a3a" className="TestProject1.ThreadHandlerTest, TestProject1, Version=1.0.0.0, Culture=neutral, PublicKeyToken=null" name="try_refreshTest" />
    </UnitTest>
    <UnitTest name="GrayscaleFilterConstructorTest" storage="c:\users\mathias\studium\master\semester 1\programmierung\medienprogrammierung\programming\testproject1\bin\debug\testproject1.dll" id="cfa535a2-756a-5d02-badb-8fb7df1ef388">
      <Execution id="6ff4597d-461d-4695-9280-aa6b960e74fb" />
      <TestMethod codeBase="C:/Users/mathias/studium/master/semester 1/programmierung/Medienprogrammierung/Programming/TestProject1/bin/Debug/TestProject1.DLL" adapterTypeName="Microsoft.VisualStudio.TestTools.TestTypes.Unit.UnitTestAdapter, Microsoft.VisualStudio.QualityTools.Tips.UnitTest.Adapter, Version=10.0.0.0, Culture=neutral, PublicKeyToken=b03f5f7f11d50a3a" className="TestProject1.GrayscaleFilterTest, TestProject1, Version=1.0.0.0, Culture=neutral, PublicKeyToken=null" name="GrayscaleFilterConstructorTest" />
    </UnitTest>
    <UnitTest name="InvertFilterConstructorTest" storage="c:\users\mathias\studium\master\semester 1\programmierung\medienprogrammierung\programming\testproject1\bin\debug\testproject1.dll" id="d9cbe861-7ec5-3099-ba38-2c605d306673">
      <Execution id="6128fdc0-72fb-4fa3-84cc-7e70b261c044" />
      <TestMethod codeBase="C:/Users/mathias/studium/master/semester 1/programmierung/Medienprogrammierung/Programming/TestProject1/bin/Debug/TestProject1.DLL" adapterTypeName="Microsoft.VisualStudio.TestTools.TestTypes.Unit.UnitTestAdapter, Microsoft.VisualStudio.QualityTools.Tips.UnitTest.Adapter, Version=10.0.0.0, Culture=neutral, PublicKeyToken=b03f5f7f11d50a3a" className="TestProject1.InvertFilterTest, TestProject1, Version=1.0.0.0, Culture=neutral, PublicKeyToken=null" name="InvertFilterConstructorTest" />
    </UnitTest>
    <UnitTest name="getInstanceTest" storage="c:\users\mathias\studium\master\semester 1\programmierung\medienprogrammierung\programming\testproject1\bin\debug\testproject1.dll" id="e94ba4b9-677d-b5cb-1b24-050f26be0897">
      <Execution id="dfd85497-1f95-4a4c-b105-9fe690985835" />
      <TestMethod codeBase="C:/Users/mathias/studium/master/semester 1/programmierung/Medienprogrammierung/Programming/TestProject1/bin/Debug/TestProject1.DLL" adapterTypeName="Microsoft.VisualStudio.TestTools.TestTypes.Unit.UnitTestAdapter, Microsoft.VisualStudio.QualityTools.Tips.UnitTest.Adapter, Version=10.0.0.0, Culture=neutral, PublicKeyToken=b03f5f7f11d50a3a" className="TestProject1.ControllerTest, TestProject1, Version=1.0.0.0, Culture=neutral, PublicKeyToken=null" name="getInstanceTest" />
    </UnitTest>
    <UnitTest name="performTest" storage="c:\users\mathias\studium\master\semester 1\programmierung\medienprogrammierung\programming\testproject1\bin\debug\testproject1.dll" id="7870b940-fe6b-7b30-3290-675eea668a00">
      <Execution id="00a07f74-e8fe-4ba7-8374-d4208ce30857" />
      <TestMethod codeBase="C:/Users/mathias/studium/master/semester 1/programmierung/Medienprogrammierung/Programming/TestProject1/bin/Debug/TestProject1.DLL" adapterTypeName="Microsoft.VisualStudio.TestTools.TestTypes.Unit.UnitTestAdapter, Microsoft.VisualStudio.QualityTools.Tips.UnitTest.Adapter, Version=10.0.0.0, Culture=neutral, PublicKeyToken=b03f5f7f11d50a3a" className="TestProject1.SepiaFilterTest, TestProject1, Version=1.0.0.0, Culture=neutral, PublicKeyToken=null" name="performTest" />
    </UnitTest>
    <UnitTest name="performTest" storage="c:\users\mathias\studium\master\semester 1\programmierung\medienprogrammierung\programming\testproject1\bin\debug\testproject1.dll" id="5fafb705-0681-66bb-8720-8f83850173f6">
      <Execution id="79815ac0-9e8f-41a3-b2e0-377efd5545f5" />
      <TestMethod codeBase="C:/Users/mathias/studium/master/semester 1/programmierung/Medienprogrammierung/Programming/TestProject1/bin/Debug/TestProject1.DLL" adapterTypeName="Microsoft.VisualStudio.TestTools.TestTypes.Unit.UnitTestAdapter, Microsoft.VisualStudio.QualityTools.Tips.UnitTest.Adapter, Version=10.0.0.0, Culture=neutral, PublicKeyToken=b03f5f7f11d50a3a" className="TestProject1.GrayscaleFilterTest, TestProject1, Version=1.0.0.0, Culture=neutral, PublicKeyToken=null" name="performTest" />
    </UnitTest>
    <UnitTest name="refreshTest" storage="c:\users\mathias\studium\master\semester 1\programmierung\medienprogrammierung\programming\testproject1\bin\debug\testproject1.dll" id="518d9429-f1e2-c6b6-191d-aa275e2ecffe">
      <Execution id="711fea4f-a8bb-44ad-9d9b-3dfe10212a8a" />
      <TestMethod codeBase="C:/Users/mathias/studium/master/semester 1/programmierung/Medienprogrammierung/Programming/TestProject1/bin/Debug/TestProject1.DLL" adapterTypeName="Microsoft.VisualStudio.TestTools.TestTypes.Unit.UnitTestAdapter, Microsoft.VisualStudio.QualityTools.Tips.UnitTest.Adapter, Version=10.0.0.0, Culture=neutral, PublicKeyToken=b03f5f7f11d50a3a" className="TestProject1.ThreadHandlerTest, TestProject1, Version=1.0.0.0, Culture=neutral, PublicKeyToken=null" name="refreshTest" />
    </UnitTest>
    <UnitTest name="performTest" storage="c:\users\mathias\studium\master\semester 1\programmierung\medienprogrammierung\programming\testproject1\bin\debug\testproject1.dll" id="ed98a529-aab6-d61c-cfb4-73dfff4d2c0d">
      <Execution id="f1e54e1f-920e-44cc-8d04-c79df123f365" />
      <TestMethod codeBase="C:/Users/mathias/studium/master/semester 1/programmierung/Medienprogrammierung/Programming/TestProject1/bin/Debug/TestProject1.DLL" adapterTypeName="Microsoft.VisualStudio.TestTools.TestTypes.Unit.UnitTestAdapter, Microsoft.VisualStudio.QualityTools.Tips.UnitTest.Adapter, Version=10.0.0.0, Culture=neutral, PublicKeyToken=b03f5f7f11d50a3a" className="TestProject1.ImageManipulatorTest, TestProject1, Version=1.0.0.0, Culture=neutral, PublicKeyToken=null" name="performTest" />
    </UnitTest>
    <UnitTest name="ImageManipulatorConstructorTest" storage="c:\users\mathias\studium\master\semester 1\programmierung\medienprogrammierung\programming\testproject1\bin\debug\testproject1.dll" id="c54b7c3d-97a4-cf3e-1b61-db666fb0b2b4">
      <Execution id="bc4ac22b-fa23-4dc6-a035-f4272ff14fc6" />
      <TestMethod codeBase="C:/Users/mathias/studium/master/semester 1/programmierung/Medienprogrammierung/Programming/TestProject1/bin/Debug/TestProject1.DLL" adapterTypeName="Microsoft.VisualStudio.TestTools.TestTypes.Unit.UnitTestAdapter, Microsoft.VisualStudio.QualityTools.Tips.UnitTest.Adapter, Version=10.0.0.0, Culture=neutral, PublicKeyToken=b03f5f7f11d50a3a" className="TestProject1.ImageManipulatorTest, TestProject1, Version=1.0.0.0, Culture=neutral, PublicKeyToken=null" name="ImageManipulatorConstructorTest" />
    </UnitTest>
    <UnitTest name="performTest" storage="c:\users\mathias\studium\master\semester 1\programmierung\medienprogrammierung\programming\testproject1\bin\debug\testproject1.dll" id="69e27bca-8834-dbda-d579-a227f1d890a9">
      <Execution id="972b3626-b483-474f-9a57-4a8a9f41e7c2" />
      <TestMethod codeBase="C:/Users/mathias/studium/master/semester 1/programmierung/Medienprogrammierung/Programming/TestProject1/bin/Debug/TestProject1.DLL" adapterTypeName="Microsoft.VisualStudio.TestTools.TestTypes.Unit.UnitTestAdapter, Microsoft.VisualStudio.QualityTools.Tips.UnitTest.Adapter, Version=10.0.0.0, Culture=neutral, PublicKeyToken=b03f5f7f11d50a3a" className="TestProject1.ErrorDiffusionFilterTest, TestProject1, Version=1.0.0.0, Culture=neutral, PublicKeyToken=null" name="performTest" />
    </UnitTest>
    <UnitTest name="performTest" storage="c:\users\mathias\studium\master\semester 1\programmierung\medienprogrammierung\programming\testproject1\bin\debug\testproject1.dll" id="75cc471e-1517-af11-e8dc-a61e8ea83941">
      <Execution id="830886d7-00c1-4c31-860e-3ef095151caf" />
      <TestMethod codeBase="C:/Users/mathias/studium/master/semester 1/programmierung/Medienprogrammierung/Programming/TestProject1/bin/Debug/TestProject1.DLL" adapterTypeName="Microsoft.VisualStudio.TestTools.TestTypes.Unit.UnitTestAdapter, Microsoft.VisualStudio.QualityTools.Tips.UnitTest.Adapter, Version=10.0.0.0, Culture=neutral, PublicKeyToken=b03f5f7f11d50a3a" className="TestProject1.RGB_ModeFilterTest, TestProject1, Version=1.0.0.0, Culture=neutral, PublicKeyToken=null" name="performTest" />
    </UnitTest>
    <UnitTest name="resetTest" storage="c:\users\mathias\studium\master\semester 1\programmierung\medienprogrammierung\programming\testproject1\bin\debug\testproject1.dll" id="fafc4f6d-5127-6b3c-75ce-070639d10101">
      <Execution id="f8612490-08eb-489a-976c-474915a98752" />
      <TestMethod codeBase="C:/Users/mathias/studium/master/semester 1/programmierung/Medienprogrammierung/Programming/TestProject1/bin/Debug/TestProject1.DLL" adapterTypeName="Microsoft.VisualStudio.TestTools.TestTypes.Unit.UnitTestAdapter, Microsoft.VisualStudio.QualityTools.Tips.UnitTest.Adapter, Version=10.0.0.0, Culture=neutral, PublicKeyToken=b03f5f7f11d50a3a" className="TestProject1.PixelStateTest, TestProject1, Version=1.0.0.0, Culture=neutral, PublicKeyToken=null" name="resetTest" />
    </UnitTest>
    <UnitTest name="getInstanceTest" storage="c:\users\mathias\studium\master\semester 1\programmierung\medienprogrammierung\programming\testproject1\bin\debug\testproject1.dll" id="c17a41ff-1724-776a-23b7-c9e08163c9a8">
      <Execution id="9b8f875e-758c-4828-ad6f-6911ca3a5664" />
      <TestMethod codeBase="C:/Users/mathias/studium/master/semester 1/programmierung/Medienprogrammierung/Programming/TestProject1/bin/Debug/TestProject1.DLL" adapterTypeName="Microsoft.VisualStudio.TestTools.TestTypes.Unit.UnitTestAdapter, Microsoft.VisualStudio.QualityTools.Tips.UnitTest.Adapter, Version=10.0.0.0, Culture=neutral, PublicKeyToken=b03f5f7f11d50a3a" className="TestProject1.ThreadHandlerTest, TestProject1, Version=1.0.0.0, Culture=neutral, PublicKeyToken=null" name="getInstanceTest" />
    </UnitTest>
    <UnitTest name="computeHeightStepsTest" storage="c:\users\mathias\studium\master\semester 1\programmierung\medienprogrammierung\programming\testproject1\bin\debug\testproject1.dll" id="c8cc5580-ead3-5acf-a1e1-3282adddd441">
      <DeploymentItems>
        <DeploymentItem filename="Programming.exe" />
      </DeploymentItems>
      <Execution id="0ebd5bd9-9ff1-4c32-a9fc-faf29a560842" />
      <TestMethod codeBase="C:/Users/mathias/studium/master/semester 1/programmierung/Medienprogrammierung/Programming/TestProject1/bin/Debug/TestProject1.DLL" adapterTypeName="Microsoft.VisualStudio.TestTools.TestTypes.Unit.UnitTestAdapter, Microsoft.VisualStudio.QualityTools.Tips.UnitTest.Adapter, Version=10.0.0.0, Culture=neutral, PublicKeyToken=b03f5f7f11d50a3a" className="TestProject1.ImageManipulatorTest, TestProject1, Version=1.0.0.0, Culture=neutral, PublicKeyToken=null" name="computeHeightStepsTest" />
    </UnitTest>
    <UnitTest name="try_save_PixelStateTest" storage="c:\users\mathias\studium\master\semester 1\programmierung\medienprogrammierung\programming\testproject1\bin\debug\testproject1.dll" id="d595057a-93cd-79ea-b780-b06fe4591bbc">
      <DeploymentItems>
        <DeploymentItem filename="Programming.exe" />
      </DeploymentItems>
      <Execution id="43353b38-59cd-4722-993f-6a01e466b1c6" />
      <TestMethod codeBase="C:/Users/mathias/studium/master/semester 1/programmierung/Medienprogrammierung/Programming/TestProject1/bin/Debug/TestProject1.DLL" adapterTypeName="Microsoft.VisualStudio.TestTools.TestTypes.Unit.UnitTestAdapter, Microsoft.VisualStudio.QualityTools.Tips.UnitTest.Adapter, Version=10.0.0.0, Culture=neutral, PublicKeyToken=b03f5f7f11d50a3a" className="TestProject1.ThreadHandlerTest, TestProject1, Version=1.0.0.0, Culture=neutral, PublicKeyToken=null" name="try_save_PixelStateTest" />
    </UnitTest>
    <UnitTest name="setNameTest" storage="c:\users\mathias\studium\master\semester 1\programmierung\medienprogrammierung\programming\testproject1\bin\debug\testproject1.dll" id="808b215a-6a8c-b953-5df1-d3c332ac032c">
      <Execution id="207996c9-fbec-43a3-bd31-fe287a8f1b01" />
      <TestMethod codeBase="C:/Users/mathias/studium/master/semester 1/programmierung/Medienprogrammierung/Programming/TestProject1/bin/Debug/TestProject1.DLL" adapterTypeName="Microsoft.VisualStudio.TestTools.TestTypes.Unit.UnitTestAdapter, Microsoft.VisualStudio.QualityTools.Tips.UnitTest.Adapter, Version=10.0.0.0, Culture=neutral, PublicKeyToken=b03f5f7f11d50a3a" className="TestProject1.UserTest, TestProject1, Version=1.0.0.0, Culture=neutral, PublicKeyToken=null" name="setNameTest" />
    </UnitTest>
    <UnitTest name="BlackWhiteFilterConstructorTest" storage="c:\users\mathias\studium\master\semester 1\programmierung\medienprogrammierung\programming\testproject1\bin\debug\testproject1.dll" id="04635d02-4f9e-45d8-3e06-60b4ba2dbebd">
      <Execution id="62c69a06-c430-49b8-95c4-442026b4f9f4" />
      <TestMethod codeBase="C:/Users/mathias/studium/master/semester 1/programmierung/Medienprogrammierung/Programming/TestProject1/bin/Debug/TestProject1.DLL" adapterTypeName="Microsoft.VisualStudio.TestTools.TestTypes.Unit.UnitTestAdapter, Microsoft.VisualStudio.QualityTools.Tips.UnitTest.Adapter, Version=10.0.0.0, Culture=neutral, PublicKeyToken=b03f5f7f11d50a3a" className="TestProject1.BlackWhiteFilterTest, TestProject1, Version=1.0.0.0, Culture=neutral, PublicKeyToken=null" name="BlackWhiteFilterConstructorTest" />
    </UnitTest>
    <UnitTest name="getTimeTest" storage="c:\users\mathias\studium\master\semester 1\programmierung\medienprogrammierung\programming\testproject1\bin\debug\testproject1.dll" id="70a1c56b-2926-56d3-d384-a7aa4f5f64e3">
      <Execution id="a848de80-e94f-4214-b219-7c9c40fec8bf" />
      <TestMethod codeBase="C:/Users/mathias/studium/master/semester 1/programmierung/Medienprogrammierung/Programming/TestProject1/bin/Debug/TestProject1.DLL" adapterTypeName="Microsoft.VisualStudio.TestTools.TestTypes.Unit.UnitTestAdapter, Microsoft.VisualStudio.QualityTools.Tips.UnitTest.Adapter, Version=10.0.0.0, Culture=neutral, PublicKeyToken=b03f5f7f11d50a3a" className="TestProject1.ThreadHandlerTest, TestProject1, Version=1.0.0.0, Culture=neutral, PublicKeyToken=null" name="getTimeTest" />
    </UnitTest>
    <UnitTest name="ThreadHandlerConstructorTest" storage="c:\users\mathias\studium\master\semester 1\programmierung\medienprogrammierung\programming\testproject1\bin\debug\testproject1.dll" id="cf2f512f-e3ec-d64c-76cd-f2dad22b45cd">
      <Execution id="74ac8e61-a3d1-4ff1-bf4e-9f825e717469" />
      <TestMethod codeBase="C:/Users/mathias/studium/master/semester 1/programmierung/Medienprogrammierung/Programming/TestProject1/bin/Debug/TestProject1.DLL" adapterTypeName="Microsoft.VisualStudio.TestTools.TestTypes.Unit.UnitTestAdapter, Microsoft.VisualStudio.QualityTools.Tips.UnitTest.Adapter, Version=10.0.0.0, Culture=neutral, PublicKeyToken=b03f5f7f11d50a3a" className="TestProject1.ThreadHandlerTest, TestProject1, Version=1.0.0.0, Culture=neutral, PublicKeyToken=null" name="ThreadHandlerConstructorTest" />
    </UnitTest>
    <UnitTest name="get_lastTest" storage="c:\users\mathias\studium\master\semester 1\programmierung\medienprogrammierung\programming\testproject1\bin\debug\testproject1.dll" id="e47e284a-b0f2-867a-9c3d-a3b9b019db7c">
      <Execution id="b082fb82-ed2a-45fc-9946-333de0081900" />
      <TestMethod codeBase="C:/Users/mathias/studium/master/semester 1/programmierung/Medienprogrammierung/Programming/TestProject1/bin/Debug/TestProject1.DLL" adapterTypeName="Microsoft.VisualStudio.TestTools.TestTypes.Unit.UnitTestAdapter, Microsoft.VisualStudio.QualityTools.Tips.UnitTest.Adapter, Version=10.0.0.0, Culture=neutral, PublicKeyToken=b03f5f7f11d50a3a" className="TestProject1.PixelStateTest, TestProject1, Version=1.0.0.0, Culture=neutral, PublicKeyToken=null" name="get_lastTest" />
    </UnitTest>
    <UnitTest name="save_PixelStateTest" storage="c:\users\mathias\studium\master\semester 1\programmierung\medienprogrammierung\programming\testproject1\bin\debug\testproject1.dll" id="9f5c1e07-d3c6-a508-adce-b5381cb99ec2">
      <Execution id="d507248a-c34e-41b1-b180-41a957eb6057" />
      <TestMethod codeBase="C:/Users/mathias/studium/master/semester 1/programmierung/Medienprogrammierung/Programming/TestProject1/bin/Debug/TestProject1.DLL" adapterTypeName="Microsoft.VisualStudio.TestTools.TestTypes.Unit.UnitTestAdapter, Microsoft.VisualStudio.QualityTools.Tips.UnitTest.Adapter, Version=10.0.0.0, Culture=neutral, PublicKeyToken=b03f5f7f11d50a3a" className="TestProject1.ThreadHandlerTest, TestProject1, Version=1.0.0.0, Culture=neutral, PublicKeyToken=null" name="save_PixelStateTest" />
    </UnitTest>
  </TestDefinitions>
  <TestLists>
    <TestList name="Nicht in einer Liste enthaltene Ergebnisse" id="8c84fa94-04c1-424b-9868-57a2d4851a1d" />
    <TestList name="Alle geladenen Ergebnisse" id="19431567-8539-422a-85d7-44ee4e166bda" />
  </TestLists>
  <TestEntries>
    <TestEntry testId="37f7fa63-e38f-d747-b2a4-90104bd11c78" executionId="97cba99d-e38c-4a95-9c3b-b1fb9195b73a" testListId="8c84fa94-04c1-424b-9868-57a2d4851a1d" />
    <TestEntry testId="b6d985b7-8ac2-ad2d-96aa-548b788286c5" executionId="ec4d7c26-315f-4827-b314-2c83d4082a72" testListId="8c84fa94-04c1-424b-9868-57a2d4851a1d" />
    <TestEntry testId="e47e284a-b0f2-867a-9c3d-a3b9b019db7c" executionId="b082fb82-ed2a-45fc-9946-333de0081900" testListId="8c84fa94-04c1-424b-9868-57a2d4851a1d" />
    <TestEntry testId="3196b23b-28ea-1580-8a76-65c8297f7f0d" executionId="13ec9d9e-59b1-470e-a90f-56b494e9f75d" testListId="8c84fa94-04c1-424b-9868-57a2d4851a1d" />
    <TestEntry testId="fafc4f6d-5127-6b3c-75ce-070639d10101" executionId="f8612490-08eb-489a-976c-474915a98752" testListId="8c84fa94-04c1-424b-9868-57a2d4851a1d" />
    <TestEntry testId="002d83ad-e4d7-31f9-b4df-1f60f1b5d3b4" executionId="20b2d44e-e4f0-4527-89ba-e81db8b4af0f" testListId="8c84fa94-04c1-424b-9868-57a2d4851a1d" />
    <TestEntry testId="78001a50-ff7e-88eb-9e4c-1447d4837f35" executionId="6aeec984-070d-440a-ad76-c57c099e6735" testListId="8c84fa94-04c1-424b-9868-57a2d4851a1d" />
    <TestEntry testId="7890454c-0a6b-e2f7-057c-7d73ddaaa939" executionId="e0031043-a716-47ab-9fec-b9de67e28e90" testListId="8c84fa94-04c1-424b-9868-57a2d4851a1d" />
    <TestEntry testId="cf2f512f-e3ec-d64c-76cd-f2dad22b45cd" executionId="74ac8e61-a3d1-4ff1-bf4e-9f825e717469" testListId="8c84fa94-04c1-424b-9868-57a2d4851a1d" />
    <TestEntry testId="c17a41ff-1724-776a-23b7-c9e08163c9a8" executionId="9b8f875e-758c-4828-ad6f-6911ca3a5664" testListId="8c84fa94-04c1-424b-9868-57a2d4851a1d" />
    <TestEntry testId="b573db96-268a-85a5-d513-a40b0110ca2d" executionId="2dc9beb8-19a2-4b7d-8db8-2f3904e88480" testListId="8c84fa94-04c1-424b-9868-57a2d4851a1d" />
    <TestEntry testId="70a1c56b-2926-56d3-d384-a7aa4f5f64e3" executionId="a848de80-e94f-4214-b219-7c9c40fec8bf" testListId="8c84fa94-04c1-424b-9868-57a2d4851a1d" />
    <TestEntry testId="12236330-5422-6a79-c41f-2614bfda9226" executionId="5264d29d-4082-48e9-96a6-dcf68ba6d148" testListId="8c84fa94-04c1-424b-9868-57a2d4851a1d" />
    <TestEntry testId="518d9429-f1e2-c6b6-191d-aa275e2ecffe" executionId="711fea4f-a8bb-44ad-9d9b-3dfe10212a8a" testListId="8c84fa94-04c1-424b-9868-57a2d4851a1d" />
    <TestEntry testId="5ca0c1f6-2d3a-88b6-1bfe-844668d71a0a" executionId="6c696899-d87a-4047-ba85-c77e0f24efd7" testListId="8c84fa94-04c1-424b-9868-57a2d4851a1d" />
    <TestEntry testId="9f5c1e07-d3c6-a508-adce-b5381cb99ec2" executionId="d507248a-c34e-41b1-b180-41a957eb6057" testListId="8c84fa94-04c1-424b-9868-57a2d4851a1d" />
    <TestEntry testId="0dfe1cd7-d495-1876-69e7-6ac597aa1bbd" executionId="ef6c975b-41d5-4e83-9901-1caa5c2f3999" testListId="8c84fa94-04c1-424b-9868-57a2d4851a1d" />
    <TestEntry testId="7d71edaf-c14b-63d9-80d9-3ceb4795ab69" executionId="9b0613af-43d7-4186-b351-fdfba0de5f5f" testListId="8c84fa94-04c1-424b-9868-57a2d4851a1d" />
    <TestEntry testId="04f5fa0a-27c4-cb2b-5bf8-37a8a1374577" executionId="699ce8d2-d20d-424d-a130-297d0102ed99" testListId="8c84fa94-04c1-424b-9868-57a2d4851a1d" />
    <TestEntry testId="d595057a-93cd-79ea-b780-b06fe4591bbc" executionId="43353b38-59cd-4722-993f-6a01e466b1c6" testListId="8c84fa94-04c1-424b-9868-57a2d4851a1d" />
    <TestEntry testId="ed98a529-aab6-d61c-cfb4-73dfff4d2c0d" executionId="f1e54e1f-920e-44cc-8d04-c79df123f365" testListId="8c84fa94-04c1-424b-9868-57a2d4851a1d" />
    <TestEntry testId="d6f5ee68-bc22-0ee5-b9c1-df81399fcf61" executionId="3b8a16a6-24da-4316-a5b1-43688d8c0e30" testListId="8c84fa94-04c1-424b-9868-57a2d4851a1d" />
    <TestEntry testId="c8cc5580-ead3-5acf-a1e1-3282adddd441" executionId="0ebd5bd9-9ff1-4c32-a9fc-faf29a560842" testListId="8c84fa94-04c1-424b-9868-57a2d4851a1d" />
    <TestEntry testId="c54b7c3d-97a4-cf3e-1b61-db666fb0b2b4" executionId="bc4ac22b-fa23-4dc6-a035-f4272ff14fc6" testListId="8c84fa94-04c1-424b-9868-57a2d4851a1d" />
    <TestEntry testId="e94ba4b9-677d-b5cb-1b24-050f26be0897" executionId="dfd85497-1f95-4a4c-b105-9fe690985835" testListId="8c84fa94-04c1-424b-9868-57a2d4851a1d" />
    <TestEntry testId="b30649c3-9490-1525-b4f4-8e069a4e79f4" executionId="feaab826-19e2-45f6-b0fa-de349d023763" testListId="8c84fa94-04c1-424b-9868-57a2d4851a1d" />
    <TestEntry testId="e2ad20fc-5473-ee46-2f75-88e5a48cb321" executionId="930e81ad-f0c8-4499-ba2c-f07f5d957006" testListId="8c84fa94-04c1-424b-9868-57a2d4851a1d" />
    <TestEntry testId="e7eac791-de3c-46f2-bce8-f4d477776f01" executionId="ddc46b93-074b-4d74-b636-bc5e28d539bd" testListId="8c84fa94-04c1-424b-9868-57a2d4851a1d" />
    <TestEntry testId="0154749f-78bc-bf28-ca06-2e5f09a33e51" executionId="7f314eb1-4ea6-4e97-b291-e10405576265" testListId="8c84fa94-04c1-424b-9868-57a2d4851a1d" />
    <TestEntry testId="04635d02-4f9e-45d8-3e06-60b4ba2dbebd" executionId="62c69a06-c430-49b8-95c4-442026b4f9f4" testListId="8c84fa94-04c1-424b-9868-57a2d4851a1d" />
    <TestEntry testId="cfa535a2-756a-5d02-badb-8fb7df1ef388" executionId="6ff4597d-461d-4695-9280-aa6b960e74fb" testListId="8c84fa94-04c1-424b-9868-57a2d4851a1d" />
    <TestEntry testId="5fafb705-0681-66bb-8720-8f83850173f6" executionId="79815ac0-9e8f-41a3-b2e0-377efd5545f5" testListId="8c84fa94-04c1-424b-9868-57a2d4851a1d" />
    <TestEntry testId="d9cbe861-7ec5-3099-ba38-2c605d306673" executionId="6128fdc0-72fb-4fa3-84cc-7e70b261c044" testListId="8c84fa94-04c1-424b-9868-57a2d4851a1d" />
    <TestEntry testId="f7cd8541-dc96-429d-5112-23b12e0d7bcb" executionId="b636d477-ddba-426b-a628-d8f760eb634f" testListId="8c84fa94-04c1-424b-9868-57a2d4851a1d" />
    <TestEntry testId="c4c3c443-7469-c3ab-1664-55cbef9492d7" executionId="34bd773d-7820-468d-9843-f1307d334f81" testListId="8c84fa94-04c1-424b-9868-57a2d4851a1d" />
    <TestEntry testId="0ff7e0d0-a263-d910-623c-cc55a9dbcac2" executionId="1052053b-d4fb-421b-8559-a9e0eb1c4378" testListId="8c84fa94-04c1-424b-9868-57a2d4851a1d" />
    <TestEntry testId="75cc471e-1517-af11-e8dc-a61e8ea83941" executionId="830886d7-00c1-4c31-860e-3ef095151caf" testListId="8c84fa94-04c1-424b-9868-57a2d4851a1d" />
    <TestEntry testId="a09dfaf6-7239-4f0d-306e-6ed80bf95595" executionId="31f97ef1-cf56-4f84-9305-9994a985bf23" testListId="8c84fa94-04c1-424b-9868-57a2d4851a1d" />
    <TestEntry testId="3be80adf-bcab-b9a9-d0fe-a1804ca70733" executionId="b7eba36d-a964-4da0-9453-916ba301645f" testListId="8c84fa94-04c1-424b-9868-57a2d4851a1d" />
    <TestEntry testId="5d17ee44-b5cd-0e62-ac4b-1bc91d9bc224" executionId="c4967fd6-1a9f-4fec-aec9-9abd93736ace" testListId="8c84fa94-04c1-424b-9868-57a2d4851a1d" />
    <TestEntry testId="7870b940-fe6b-7b30-3290-675eea668a00" executionId="00a07f74-e8fe-4ba7-8374-d4208ce30857" testListId="8c84fa94-04c1-424b-9868-57a2d4851a1d" />
    <TestEntry testId="2230829b-1f4f-d9e4-adb1-df3b8d64f72f" executionId="8064cb4a-d145-496b-943d-41b3fc23cd8d" testListId="8c84fa94-04c1-424b-9868-57a2d4851a1d" />
    <TestEntry testId="69e27bca-8834-dbda-d579-a227f1d890a9" executionId="972b3626-b483-474f-9a57-4a8a9f41e7c2" testListId="8c84fa94-04c1-424b-9868-57a2d4851a1d" />
    <TestEntry testId="cb6f91e9-958d-53a3-511f-f5e378b3ee24" executionId="e40a9962-8749-4253-8524-33a872e2df81" testListId="8c84fa94-04c1-424b-9868-57a2d4851a1d" />
    <TestEntry testId="9a46fa9b-9a2e-3eff-02e4-ce3ff885083d" executionId="91ca78ab-1f86-49af-82d8-1a56819d2599" testListId="8c84fa94-04c1-424b-9868-57a2d4851a1d" />
    <TestEntry testId="808b215a-6a8c-b953-5df1-d3c332ac032c" executionId="207996c9-fbec-43a3-bd31-fe287a8f1b01" testListId="8c84fa94-04c1-424b-9868-57a2d4851a1d" />
  </TestEntries>
  <Results>
    <UnitTestResult executionId="97cba99d-e38c-4a95-9c3b-b1fb9195b73a" testId="37f7fa63-e38f-d747-b2a4-90104bd11c78" testName="addTest" computerName="MATHIAS-PC" duration="00:00:00.0320232" startTime="2011-12-21T22:35:54.0392170+01:00" endTime="2011-12-21T22:35:54.3962375+01:00" testType="13cdc9d9-ddb5-4fa4-a97d-d965ccfc6d4b" outcome="Passed" testListId="8c84fa94-04c1-424b-9868-57a2d4851a1d" relativeResultsDirectory="97cba99d-e38c-4a95-9c3b-b1fb9195b73a">
    </UnitTestResult>
    <UnitTestResult executionId="ec4d7c26-315f-4827-b314-2c83d4082a72" testId="b6d985b7-8ac2-ad2d-96aa-548b788286c5" testName="getInstanceTest" computerName="MATHIAS-PC" duration="00:00:00.0003796" startTime="2011-12-21T22:35:54.3972375+01:00" endTime="2011-12-21T22:35:54.4062380+01:00" testType="13cdc9d9-ddb5-4fa4-a97d-d965ccfc6d4b" outcome="Passed" testListId="8c84fa94-04c1-424b-9868-57a2d4851a1d" relativeResultsDirectory="ec4d7c26-315f-4827-b314-2c83d4082a72">
    </UnitTestResult>
    <UnitTestResult executionId="b082fb82-ed2a-45fc-9946-333de0081900" testId="e47e284a-b0f2-867a-9c3d-a3b9b019db7c" testName="get_lastTest" computerName="MATHIAS-PC" duration="00:00:00.0013899" startTime="2011-12-21T22:35:54.4102383+01:00" endTime="2011-12-21T22:35:54.4172387+01:00" testType="13cdc9d9-ddb5-4fa4-a97d-d965ccfc6d4b" outcome="Passed" testListId="8c84fa94-04c1-424b-9868-57a2d4851a1d" relativeResultsDirectory="b082fb82-ed2a-45fc-9946-333de0081900">
    </UnitTestResult>
    <UnitTestResult executionId="13ec9d9e-59b1-470e-a90f-56b494e9f75d" testId="3196b23b-28ea-1580-8a76-65c8297f7f0d" testName="remove_lastTest" computerName="MATHIAS-PC" duration="00:00:00.0015268" startTime="2011-12-21T22:35:54.4202388+01:00" endTime="2011-12-21T22:35:54.4282393+01:00" testType="13cdc9d9-ddb5-4fa4-a97d-d965ccfc6d4b" outcome="Passed" testListId="8c84fa94-04c1-424b-9868-57a2d4851a1d" relativeResultsDirectory="13ec9d9e-59b1-470e-a90f-56b494e9f75d">
    </UnitTestResult>
    <UnitTestResult executionId="f8612490-08eb-489a-976c-474915a98752" testId="fafc4f6d-5127-6b3c-75ce-070639d10101" testName="resetTest" computerName="MATHIAS-PC" duration="00:00:00.0007978" startTime="2011-12-21T22:35:54.4312395+01:00" endTime="2011-12-21T22:35:54.4392399+01:00" testType="13cdc9d9-ddb5-4fa4-a97d-d965ccfc6d4b" outcome="Passed" testListId="8c84fa94-04c1-424b-9868-57a2d4851a1d" relativeResultsDirectory="f8612490-08eb-489a-976c-474915a98752">
    </UnitTestResult>
    <UnitTestResult executionId="20b2d44e-e4f0-4527-89ba-e81db8b4af0f" testId="002d83ad-e4d7-31f9-b4df-1f60f1b5d3b4" testName="ImageObjectConstructorTest" computerName="MATHIAS-PC" duration="00:00:00.0010061" startTime="2011-12-21T22:35:54.4452403+01:00" endTime="2011-12-21T22:35:54.4542408+01:00" testType="13cdc9d9-ddb5-4fa4-a97d-d965ccfc6d4b" outcome="Passed" testListId="8c84fa94-04c1-424b-9868-57a2d4851a1d" relativeResultsDirectory="20b2d44e-e4f0-4527-89ba-e81db8b4af0f">
    </UnitTestResult>
    <UnitTestResult executionId="6aeec984-070d-440a-ad76-c57c099e6735" testId="78001a50-ff7e-88eb-9e4c-1447d4837f35" testName="get_ImageTest" computerName="MATHIAS-PC" duration="00:00:00.0005839" startTime="2011-12-21T22:35:54.4582410+01:00" endTime="2011-12-21T22:35:54.4642413+01:00" testType="13cdc9d9-ddb5-4fa4-a97d-d965ccfc6d4b" outcome="Passed" testListId="8c84fa94-04c1-424b-9868-57a2d4851a1d" relativeResultsDirectory="6aeec984-070d-440a-ad76-c57c099e6735">
    </UnitTestResult>
    <UnitTestResult executionId="e0031043-a716-47ab-9fec-b9de67e28e90" testId="7890454c-0a6b-e2f7-057c-7d73ddaaa939" testName="get_ImageManipulatorTypeTest" computerName="MATHIAS-PC" duration="00:00:00.0011962" startTime="2011-12-21T22:35:54.4662415+01:00" endTime="2011-12-21T22:35:54.4752420+01:00" testType="13cdc9d9-ddb5-4fa4-a97d-d965ccfc6d4b" outcome="Passed" testListId="8c84fa94-04c1-424b-9868-57a2d4851a1d" relativeResultsDirectory="e0031043-a716-47ab-9fec-b9de67e28e90">
    </UnitTestResult>
    <UnitTestResult executionId="74ac8e61-a3d1-4ff1-bf4e-9f825e717469" testId="cf2f512f-e3ec-d64c-76cd-f2dad22b45cd" testName="ThreadHandlerConstructorTest" computerName="MATHIAS-PC" duration="00:00:00.0022351" startTime="2011-12-21T22:35:54.4782421+01:00" endTime="2011-12-21T22:35:54.4862426+01:00" testType="13cdc9d9-ddb5-4fa4-a97d-d965ccfc6d4b" outcome="Passed" testListId="8c84fa94-04c1-424b-9868-57a2d4851a1d" relativeResultsDirectory="74ac8e61-a3d1-4ff1-bf4e-9f825e717469">
    </UnitTestResult>
    <UnitTestResult executionId="9b8f875e-758c-4828-ad6f-6911ca3a5664" testId="c17a41ff-1724-776a-23b7-c9e08163c9a8" testName="getInstanceTest" computerName="MATHIAS-PC" duration="00:00:00.0004878" startTime="2011-12-21T22:35:54.4902428+01:00" endTime="2011-12-21T22:35:54.4962432+01:00" testType="13cdc9d9-ddb5-4fa4-a97d-d965ccfc6d4b" outcome="Passed" testListId="8c84fa94-04c1-424b-9868-57a2d4851a1d" relativeResultsDirectory="9b8f875e-758c-4828-ad6f-6911ca3a5664">
    </UnitTestResult>
    <UnitTestResult executionId="2dc9beb8-19a2-4b7d-8db8-2f3904e88480" testId="b573db96-268a-85a5-d513-a40b0110ca2d" testName="getThreadsTest" computerName="MATHIAS-PC" duration="00:00:00.0002483" startTime="2011-12-21T22:35:54.5002434+01:00" endTime="2011-12-21T22:35:54.5062437+01:00" testType="13cdc9d9-ddb5-4fa4-a97d-d965ccfc6d4b" outcome="Passed" testListId="8c84fa94-04c1-424b-9868-57a2d4851a1d" relativeResultsDirectory="2dc9beb8-19a2-4b7d-8db8-2f3904e88480">
    </UnitTestResult>
    <UnitTestResult executionId="a848de80-e94f-4214-b219-7c9c40fec8bf" testId="70a1c56b-2926-56d3-d384-a7aa4f5f64e3" testName="getTimeTest" computerName="MATHIAS-PC" duration="00:00:00.0007297" startTime="2011-12-21T22:35:54.5092439+01:00" endTime="2011-12-21T22:35:54.5172444+01:00" testType="13cdc9d9-ddb5-4fa4-a97d-d965ccfc6d4b" outcome="Passed" testListId="8c84fa94-04c1-424b-9868-57a2d4851a1d" relativeResultsDirectory="a848de80-e94f-4214-b219-7c9c40fec8bf">
    </UnitTestResult>
    <UnitTestResult executionId="5264d29d-4082-48e9-96a6-dcf68ba6d148" testId="12236330-5422-6a79-c41f-2614bfda9226" testName="invoke_refreshTest" computerName="MATHIAS-PC" duration="00:00:00.0040238" startTime="2011-12-21T22:35:54.5192445+01:00" endTime="2011-12-21T22:35:54.5302451+01:00" testType="13cdc9d9-ddb5-4fa4-a97d-d965ccfc6d4b" outcome="Passed" testListId="8c84fa94-04c1-424b-9868-57a2d4851a1d" relativeResultsDirectory="5264d29d-4082-48e9-96a6-dcf68ba6d148">
    </UnitTestResult>
    <UnitTestResult executionId="711fea4f-a8bb-44ad-9d9b-3dfe10212a8a" testId="518d9429-f1e2-c6b6-191d-aa275e2ecffe" testName="refreshTest" computerName="MATHIAS-PC" duration="00:00:00.0089107" startTime="2011-12-21T22:35:54.5342453+01:00" endTime="2011-12-21T22:35:54.5492462+01:00" testType="13cdc9d9-ddb5-4fa4-a97d-d965ccfc6d4b" outcome="Passed" testListId="8c84fa94-04c1-424b-9868-57a2d4851a1d" relativeResultsDirectory="711fea4f-a8bb-44ad-9d9b-3dfe10212a8a">
    </UnitTestResult>
    <UnitTestResult executionId="6c696899-d87a-4047-ba85-c77e0f24efd7" testId="5ca0c1f6-2d3a-88b6-1bfe-844668d71a0a" testName="registerTest" computerName="MATHIAS-PC" duration="00:00:00.0048285" startTime="2011-12-21T22:35:54.5662472+01:00" endTime="2011-12-21T22:35:54.5872484+01:00" testType="13cdc9d9-ddb5-4fa4-a97d-d965ccfc6d4b" outcome="Passed" testListId="8c84fa94-04c1-424b-9868-57a2d4851a1d" relativeResultsDirectory="6c696899-d87a-4047-ba85-c77e0f24efd7">
    </UnitTestResult>
    <UnitTestResult executionId="d507248a-c34e-41b1-b180-41a957eb6057" testId="9f5c1e07-d3c6-a508-adce-b5381cb99ec2" testName="save_PixelStateTest" computerName="MATHIAS-PC" startTime="2011-12-21T22:35:54.5902485+01:00" endTime="2011-12-21T22:35:55.1552809+01:00" testType="13cdc9d9-ddb5-4fa4-a97d-d965ccfc6d4b" testListId="8c84fa94-04c1-424b-9868-57a2d4851a1d" relativeResultsDirectory="d507248a-c34e-41b1-b180-41a957eb6057">
      <Output>
        <ErrorInfo>
          <Message>Der Agent-Prozess wurde angehalten, solange der Test ausgeführt wird.</Message>
        </ErrorInfo>
      </Output>
    </UnitTestResult>
    <UnitTestResult executionId="ef6c975b-41d5-4e83-9901-1caa5c2f3999" testId="0dfe1cd7-d495-1876-69e7-6ac597aa1bbd" testName="startTimeTest" computerName="MATHIAS-PC" duration="00:00:00.0187409" startTime="2011-12-21T22:35:55.1652814+01:00" endTime="2011-12-21T22:35:55.4062952+01:00" testType="13cdc9d9-ddb5-4fa4-a97d-d965ccfc6d4b" outcome="Passed" testListId="8c84fa94-04c1-424b-9868-57a2d4851a1d" relativeResultsDirectory="ef6c975b-41d5-4e83-9901-1caa5c2f3999">
    </UnitTestResult>
    <UnitTestResult executionId="9b0613af-43d7-4186-b351-fdfba0de5f5f" testId="7d71edaf-c14b-63d9-80d9-3ceb4795ab69" testName="threadsAreAliveTest" computerName="MATHIAS-PC" duration="00:00:00.0013011" startTime="2011-12-21T22:35:55.4072953+01:00" endTime="2011-12-21T22:35:55.4142957+01:00" testType="13cdc9d9-ddb5-4fa4-a97d-d965ccfc6d4b" outcome="Passed" testListId="8c84fa94-04c1-424b-9868-57a2d4851a1d" relativeResultsDirectory="9b0613af-43d7-4186-b351-fdfba0de5f5f">
    </UnitTestResult>
    <UnitTestResult executionId="699ce8d2-d20d-424d-a130-297d0102ed99" testId="04f5fa0a-27c4-cb2b-5bf8-37a8a1374577" testName="try_refreshTest" computerName="MATHIAS-PC" duration="00:00:00.0001547" startTime="2011-12-21T22:35:55.4152957+01:00" endTime="2011-12-21T22:35:55.4272964+01:00" testType="13cdc9d9-ddb5-4fa4-a97d-d965ccfc6d4b" outcome="Passed" testListId="8c84fa94-04c1-424b-9868-57a2d4851a1d" relativeResultsDirectory="699ce8d2-d20d-424d-a130-297d0102ed99">
    </UnitTestResult>
    <UnitTestResult executionId="43353b38-59cd-4722-993f-6a01e466b1c6" testId="d595057a-93cd-79ea-b780-b06fe4591bbc" testName="try_save_PixelStateTest" computerName="MATHIAS-PC" duration="00:00:00.0052175" startTime="2011-12-21T22:35:55.4302966+01:00" endTime="2011-12-21T22:35:55.4412972+01:00" testType="13cdc9d9-ddb5-4fa4-a97d-d965ccfc6d4b" outcome="Passed" testListId="8c84fa94-04c1-424b-9868-57a2d4851a1d" relativeResultsDirectory="43353b38-59cd-4722-993f-6a01e466b1c6">
    </UnitTestResult>
    <UnitTestResult executionId="f1e54e1f-920e-44cc-8d04-c79df123f365" testId="ed98a529-aab6-d61c-cfb4-73dfff4d2c0d" testName="performTest" computerName="MATHIAS-PC" duration="00:00:00.0032198" startTime="2011-12-21T22:35:55.4442974+01:00" endTime="2011-12-21T22:35:55.4532979+01:00" testType="13cdc9d9-ddb5-4fa4-a97d-d965ccfc6d4b" outcome="Passed" testListId="8c84fa94-04c1-424b-9868-57a2d4851a1d" relativeResultsDirectory="f1e54e1f-920e-44cc-8d04-c79df123f365">
    </UnitTestResult>
    <UnitTestResult executionId="3b8a16a6-24da-4316-a5b1-43688d8c0e30" testId="d6f5ee68-bc22-0ee5-b9c1-df81399fcf61" testName="performTest1" computerName="MATHIAS-PC" duration="00:00:00.0160009" startTime="2011-12-21T22:35:55.4562981+01:00" endTime="2011-12-21T22:35:55.4722990+01:00" testType="13cdc9d9-ddb5-4fa4-a97d-d965ccfc6d4b" testListId="8c84fa94-04c1-424b-9868-57a2d4851a1d" relativeResultsDirectory="3b8a16a6-24da-4316-a5b1-43688d8c0e30">
      <Output>
        <ErrorInfo>
          <Message>Der Testadapter "UnitTestAdapter" hat beim Ausführen des Tests "performTest1" eine Ausnahme ausgelöst. Ein Aufrufziel hat einen Ausnahmefehler verursacht.
Es wurde versucht, im geschützten Speicher zu lesen oder zu schreiben. Dies ist häufig ein Hinweis darauf, dass anderer Speicher beschädigt ist.</Message>
        </ErrorInfo>
      </Output>
    </UnitTestResult>
    <UnitTestResult executionId="0ebd5bd9-9ff1-4c32-a9fc-faf29a560842" testId="c8cc5580-ead3-5acf-a1e1-3282adddd441" testName="computeHeightStepsTest" computerName="MATHIAS-PC" duration="00:00:00.1350078" startTime="2011-12-21T22:35:55.4923001+01:00" endTime="2011-12-21T22:35:55.6273079+01:00" testType="13cdc9d9-ddb5-4fa4-a97d-d965ccfc6d4b" outcome="Aborted" testListId="8c84fa94-04c1-424b-9868-57a2d4851a1d" relativeResultsDirectory="0ebd5bd9-9ff1-4c32-a9fc-faf29a560842">
    </UnitTestResult>
    <UnitTestResult executionId="bc4ac22b-fa23-4dc6-a035-f4272ff14fc6" testId="c54b7c3d-97a4-cf3e-1b61-db666fb0b2b4" testName="ImageManipulatorConstructorTest" computerName="MATHIAS-PC" duration="00:00:00.1320076" startTime="2011-12-21T22:35:55.4953003+01:00" endTime="2011-12-21T22:35:55.6273079+01:00" testType="13cdc9d9-ddb5-4fa4-a97d-d965ccfc6d4b" outcome="Aborted" testListId="8c84fa94-04c1-424b-9868-57a2d4851a1d" relativeResultsDirectory="bc4ac22b-fa23-4dc6-a035-f4272ff14fc6">
    </UnitTestResult>
    <UnitTestResult executionId="dfd85497-1f95-4a4c-b105-9fe690985835" testId="e94ba4b9-677d-b5cb-1b24-050f26be0897" testName="getInstanceTest" computerName="MATHIAS-PC" duration="00:00:00.1300074" startTime="2011-12-21T22:35:55.4983005+01:00" endTime="2011-12-21T22:35:55.6283079+01:00" testType="13cdc9d9-ddb5-4fa4-a97d-d965ccfc6d4b" outcome="Aborted" testListId="8c84fa94-04c1-424b-9868-57a2d4851a1d" relativeResultsDirectory="dfd85497-1f95-4a4c-b105-9fe690985835">
    </UnitTestResult>
    <UnitTestResult executionId="feaab826-19e2-45f6-b0fa-de349d023763" testId="b30649c3-9490-1525-b4f4-8e069a4e79f4" testName="setMainFormTest" computerName="MATHIAS-PC" duration="00:00:00.1280073" startTime="2011-12-21T22:35:55.5003006+01:00" endTime="2011-12-21T22:35:55.6283079+01:00" testType="13cdc9d9-ddb5-4fa4-a97d-d965ccfc6d4b" outcome="Aborted" testListId="8c84fa94-04c1-424b-9868-57a2d4851a1d" relativeResultsDirectory="feaab826-19e2-45f6-b0fa-de349d023763">
    </UnitTestResult>
    <UnitTestResult executionId="930e81ad-f0c8-4499-ba2c-f07f5d957006" testId="e2ad20fc-5473-ee46-2f75-88e5a48cb321" testName="setPictureBoxTest" computerName="MATHIAS-PC" duration="00:00:00.1250071" startTime="2011-12-21T22:35:55.5033008+01:00" endTime="2011-12-21T22:35:55.6283079+01:00" testType="13cdc9d9-ddb5-4fa4-a97d-d965ccfc6d4b" outcome="Aborted" testListId="8c84fa94-04c1-424b-9868-57a2d4851a1d" relativeResultsDirectory="930e81ad-f0c8-4499-ba2c-f07f5d957006">
    </UnitTestResult>
    <UnitTestResult executionId="ddc46b93-074b-4d74-b636-bc5e28d539bd" testId="e7eac791-de3c-46f2-bce8-f4d477776f01" testName="undoTest" computerName="MATHIAS-PC" duration="00:00:00.1240071" startTime="2011-12-21T22:35:55.5053009+01:00" endTime="2011-12-21T22:35:55.6293080+01:00" testType="13cdc9d9-ddb5-4fa4-a97d-d965ccfc6d4b" outcome="Aborted" testListId="8c84fa94-04c1-424b-9868-57a2d4851a1d" relativeResultsDirectory="ddc46b93-074b-4d74-b636-bc5e28d539bd">
    </UnitTestResult>
    <UnitTestResult executionId="7f314eb1-4ea6-4e97-b291-e10405576265" testId="0154749f-78bc-bf28-ca06-2e5f09a33e51" testName="performTest" computerName="MATHIAS-PC" duration="00:00:00.1220070" startTime="2011-12-21T22:35:55.5073010+01:00" endTime="2011-12-21T22:35:55.6293080+01:00" testType="13cdc9d9-ddb5-4fa4-a97d-d965ccfc6d4b" outcome="Aborted" testListId="8c84fa94-04c1-424b-9868-57a2d4851a1d" relativeResultsDirectory="7f314eb1-4ea6-4e97-b291-e10405576265">
    </UnitTestResult>
    <UnitTestResult executionId="62c69a06-c430-49b8-95c4-442026b4f9f4" testId="04635d02-4f9e-45d8-3e06-60b4ba2dbebd" testName="BlackWhiteFilterConstructorTest" computerName="MATHIAS-PC" duration="00:00:00.1220069" startTime="2011-12-21T22:35:55.5083011+01:00" endTime="2011-12-21T22:35:55.6303080+01:00" testType="13cdc9d9-ddb5-4fa4-a97d-d965ccfc6d4b" outcome="Aborted" testListId="8c84fa94-04c1-424b-9868-57a2d4851a1d" relativeResultsDirectory="62c69a06-c430-49b8-95c4-442026b4f9f4">
    </UnitTestResult>
    <UnitTestResult executionId="6ff4597d-461d-4695-9280-aa6b960e74fb" testId="cfa535a2-756a-5d02-badb-8fb7df1ef388" testName="GrayscaleFilterConstructorTest" computerName="MATHIAS-PC" duration="00:00:00.1210069" startTime="2011-12-21T22:35:55.5093011+01:00" endTime="2011-12-21T22:35:55.6303080+01:00" testType="13cdc9d9-ddb5-4fa4-a97d-d965ccfc6d4b" outcome="Aborted" testListId="8c84fa94-04c1-424b-9868-57a2d4851a1d" relativeResultsDirectory="6ff4597d-461d-4695-9280-aa6b960e74fb">
    </UnitTestResult>
    <UnitTestResult executionId="79815ac0-9e8f-41a3-b2e0-377efd5545f5" testId="5fafb705-0681-66bb-8720-8f83850173f6" testName="performTest" computerName="MATHIAS-PC" duration="00:00:00.1200068" startTime="2011-12-21T22:35:55.5103012+01:00" endTime="2011-12-21T22:35:55.6303080+01:00" testType="13cdc9d9-ddb5-4fa4-a97d-d965ccfc6d4b" outcome="Aborted" testListId="8c84fa94-04c1-424b-9868-57a2d4851a1d" relativeResultsDirectory="79815ac0-9e8f-41a3-b2e0-377efd5545f5">
    </UnitTestResult>
    <UnitTestResult executionId="6128fdc0-72fb-4fa3-84cc-7e70b261c044" testId="d9cbe861-7ec5-3099-ba38-2c605d306673" testName="InvertFilterConstructorTest" computerName="MATHIAS-PC" duration="00:00:00.1160066" startTime="2011-12-21T22:35:55.5153015+01:00" endTime="2011-12-21T22:35:55.6313081+01:00" testType="13cdc9d9-ddb5-4fa4-a97d-d965ccfc6d4b" outcome="Aborted" testListId="8c84fa94-04c1-424b-9868-57a2d4851a1d" relativeResultsDirectory="6128fdc0-72fb-4fa3-84cc-7e70b261c044">
    </UnitTestResult>
    <UnitTestResult executionId="b636d477-ddba-426b-a628-d8f760eb634f" testId="f7cd8541-dc96-429d-5112-23b12e0d7bcb" testName="performTest" computerName="MATHIAS-PC" duration="00:00:00.1140065" startTime="2011-12-21T22:35:55.5173016+01:00" endTime="2011-12-21T22:35:55.6313081+01:00" testType="13cdc9d9-ddb5-4fa4-a97d-d965ccfc6d4b" outcome="Aborted" testListId="8c84fa94-04c1-424b-9868-57a2d4851a1d" relativeResultsDirectory="b636d477-ddba-426b-a628-d8f760eb634f">
    </UnitTestResult>
    <UnitTestResult executionId="34bd773d-7820-468d-9843-f1307d334f81" testId="c4c3c443-7469-c3ab-1664-55cbef9492d7" testName="performTest" computerName="MATHIAS-PC" duration="00:00:00.1120065" startTime="2011-12-21T22:35:55.5203017+01:00" endTime="2011-12-21T22:35:55.6323082+01:00" testType="13cdc9d9-ddb5-4fa4-a97d-d965ccfc6d4b" outcome="Aborted" testListId="8c84fa94-04c1-424b-9868-57a2d4851a1d" relativeResultsDirectory="34bd773d-7820-468d-9843-f1307d334f81">
    </UnitTestResult>
    <UnitTestResult executionId="1052053b-d4fb-421b-8559-a9e0eb1c4378" testId="0ff7e0d0-a263-d910-623c-cc55a9dbcac2" testName="OscillationFilterConstructorTest" computerName="MATHIAS-PC" duration="00:00:00.1100063" startTime="2011-12-21T22:35:55.5223019+01:00" endTime="2011-12-21T22:35:55.6323082+01:00" testType="13cdc9d9-ddb5-4fa4-a97d-d965ccfc6d4b" outcome="Aborted" testListId="8c84fa94-04c1-424b-9868-57a2d4851a1d" relativeResultsDirectory="1052053b-d4fb-421b-8559-a9e0eb1c4378">
    </UnitTestResult>
    <UnitTestResult executionId="830886d7-00c1-4c31-860e-3ef095151caf" testId="75cc471e-1517-af11-e8dc-a61e8ea83941" testName="performTest" computerName="MATHIAS-PC" duration="00:00:00.1090062" startTime="2011-12-21T22:35:55.5243020+01:00" endTime="2011-12-21T22:35:55.6333082+01:00" testType="13cdc9d9-ddb5-4fa4-a97d-d965ccfc6d4b" outcome="Aborted" testListId="8c84fa94-04c1-424b-9868-57a2d4851a1d" relativeResultsDirectory="830886d7-00c1-4c31-860e-3ef095151caf">
    </UnitTestResult>
    <UnitTestResult executionId="31f97ef1-cf56-4f84-9305-9994a985bf23" testId="a09dfaf6-7239-4f0d-306e-6ed80bf95595" testName="RGB_ModeFilterConstructorTest" computerName="MATHIAS-PC" duration="00:00:00.1080062" startTime="2011-12-21T22:35:55.5253020+01:00" endTime="2011-12-21T22:35:55.6333082+01:00" testType="13cdc9d9-ddb5-4fa4-a97d-d965ccfc6d4b" outcome="Aborted" testListId="8c84fa94-04c1-424b-9868-57a2d4851a1d" relativeResultsDirectory="31f97ef1-cf56-4f84-9305-9994a985bf23">
    </UnitTestResult>
    <UnitTestResult executionId="b7eba36d-a964-4da0-9453-916ba301645f" testId="3be80adf-bcab-b9a9-d0fe-a1804ca70733" testName="rotateTest" computerName="MATHIAS-PC" duration="00:00:00.1070062" startTime="2011-12-21T22:35:55.5273021+01:00" endTime="2011-12-21T22:35:55.6343083+01:00" testType="13cdc9d9-ddb5-4fa4-a97d-d965ccfc6d4b" outcome="Aborted" testListId="8c84fa94-04c1-424b-9868-57a2d4851a1d" relativeResultsDirectory="b7eba36d-a964-4da0-9453-916ba301645f">
    </UnitTestResult>
    <UnitTestResult executionId="c4967fd6-1a9f-4fec-aec9-9abd93736ace" testId="5d17ee44-b5cd-0e62-ac4b-1bc91d9bc224" testName="RotateFilterConstructorTest" computerName="MATHIAS-PC" duration="00:00:00.1050060" startTime="2011-12-21T22:35:55.5293023+01:00" endTime="2011-12-21T22:35:55.6343083+01:00" testType="13cdc9d9-ddb5-4fa4-a97d-d965ccfc6d4b" outcome="Aborted" testListId="8c84fa94-04c1-424b-9868-57a2d4851a1d" relativeResultsDirectory="c4967fd6-1a9f-4fec-aec9-9abd93736ace">
    </UnitTestResult>
    <UnitTestResult executionId="00a07f74-e8fe-4ba7-8374-d4208ce30857" testId="7870b940-fe6b-7b30-3290-675eea668a00" testName="performTest" computerName="MATHIAS-PC" duration="00:00:00.1010058" startTime="2011-12-21T22:35:55.5333025+01:00" endTime="2011-12-21T22:35:55.6343083+01:00" testType="13cdc9d9-ddb5-4fa4-a97d-d965ccfc6d4b" outcome="Aborted" testListId="8c84fa94-04c1-424b-9868-57a2d4851a1d" relativeResultsDirectory="00a07f74-e8fe-4ba7-8374-d4208ce30857">
    </UnitTestResult>
    <UnitTestResult executionId="8064cb4a-d145-496b-943d-41b3fc23cd8d" testId="2230829b-1f4f-d9e4-adb1-df3b8d64f72f" testName="SepiaFilterConstructorTest" computerName="MATHIAS-PC" duration="00:00:00.1000057" startTime="2011-12-21T22:35:55.5353026+01:00" endTime="2011-12-21T22:35:55.6353083+01:00" testType="13cdc9d9-ddb5-4fa4-a97d-d965ccfc6d4b" outcome="Aborted" testListId="8c84fa94-04c1-424b-9868-57a2d4851a1d" relativeResultsDirectory="8064cb4a-d145-496b-943d-41b3fc23cd8d">
    </UnitTestResult>
    <UnitTestResult executionId="972b3626-b483-474f-9a57-4a8a9f41e7c2" testId="69e27bca-8834-dbda-d579-a227f1d890a9" testName="performTest" computerName="MATHIAS-PC" duration="00:00:00.0990056" startTime="2011-12-21T22:35:55.5363027+01:00" endTime="2011-12-21T22:35:55.6353083+01:00" testType="13cdc9d9-ddb5-4fa4-a97d-d965ccfc6d4b" outcome="Aborted" testListId="8c84fa94-04c1-424b-9868-57a2d4851a1d" relativeResultsDirectory="972b3626-b483-474f-9a57-4a8a9f41e7c2">
    </UnitTestResult>
    <UnitTestResult executionId="e40a9962-8749-4253-8524-33a872e2df81" testId="cb6f91e9-958d-53a3-511f-f5e378b3ee24" testName="ErrorDiffusionFilterConstructorTest" computerName="MATHIAS-PC" duration="00:00:00.0970056" startTime="2011-12-21T22:35:55.5393028+01:00" endTime="2011-12-21T22:35:55.6363084+01:00" testType="13cdc9d9-ddb5-4fa4-a97d-d965ccfc6d4b" outcome="Aborted" testListId="8c84fa94-04c1-424b-9868-57a2d4851a1d" relativeResultsDirectory="e40a9962-8749-4253-8524-33a872e2df81">
    </UnitTestResult>
    <UnitTestResult executionId="91ca78ab-1f86-49af-82d8-1a56819d2599" testId="9a46fa9b-9a2e-3eff-02e4-ce3ff885083d" testName="MainTest" computerName="MATHIAS-PC" duration="00:00:00.0960055" startTime="2011-12-21T22:35:55.5403029+01:00" endTime="2011-12-21T22:35:55.6363084+01:00" testType="13cdc9d9-ddb5-4fa4-a97d-d965ccfc6d4b" outcome="Aborted" testListId="8c84fa94-04c1-424b-9868-57a2d4851a1d" relativeResultsDirectory="91ca78ab-1f86-49af-82d8-1a56819d2599">
    </UnitTestResult>
    <UnitTestResult executionId="207996c9-fbec-43a3-bd31-fe287a8f1b01" testId="808b215a-6a8c-b953-5df1-d3c332ac032c" testName="setNameTest" computerName="MATHIAS-PC" duration="00:00:00.0950054" startTime="2011-12-21T22:35:55.5423030+01:00" endTime="2011-12-21T22:35:55.6373084+01:00" testType="13cdc9d9-ddb5-4fa4-a97d-d965ccfc6d4b" outcome="Aborted" testListId="8c84fa94-04c1-424b-9868-57a2d4851a1d" relativeResultsDirectory="207996c9-fbec-43a3-bd31-fe287a8f1b01">
    </UnitTestResult>
  </Results>
</TestRun>