<?xml version="1.0" encoding="UTF-8"?>
<TestRun id="7f6848b4-e572-4e7a-a32a-d0af2016646c" name="mathias@MATHIAS-PC 2011-12-21 22:37:25" runUser="mathias-PC\mathias" xmlns="http://microsoft.com/schemas/VisualStudio/TeamTest/2010">
  <TestSettings name="Lokal" id="2f49c074-a861-4ffa-afec-cc51f40226af">
    <Description>Dies sind die standardmäßigen Testeinstellungen für einen lokalen Testlauf.</Description>
    <Deployment enabled="false" runDeploymentRoot="mathias_MATHIAS-PC 2011-12-21 22_37_25">
      <DeploymentItem filename="C:\Users\mathias\studium\master\semester 1\programmierung\Medienprogrammierung\Programming\Programming\bin\Release\Newtonsoft.Json.dll" />
      <DeploymentItem filename="C:\Users\mathias\studium\master\semester 1\programmierung\Medienprogrammierung\Programming\Programming\bin\Release\Facebook.dll" />
      <DeploymentItem filename="C:\Users\mathias\studium\master\semester 1\programmierung\Medienprogrammierung\Programming\Programming\bin\Debug\Programming.exe" />
    </Deployment>
    <Execution>
      <TestTypeSpecific />
      <AgentRule name="Execution Agents">
      </AgentRule>
    </Execution>
  </TestSettings>
  <Times creation="2011-12-21T22:37:25.2664349+01:00" queuing="2011-12-21T22:37:25.4844474+01:00" start="2011-12-21T22:37:25.5144491+01:00" finish="2011-12-21T22:37:29.0996542+01:00" />
  <ResultSummary outcome="Error">
    <Counters total="46" executed="46" passed="43" error="1" failed="1" timeout="0" aborted="0" inconclusive="1" passedButRunAborted="0" notRunnable="0" notExecuted="0" disconnected="0" warning="0" completed="0" inProgress="0" pending="0" />
    <RunInfos>
      <RunInfo computerName="MATHIAS-PC" outcome="Error" timestamp="2011-12-21T22:37:26.2194894+01:00">
        <Text>Einer der Hintergrundthreads hat eine Ausnahme ausgelöst: 
System.NullReferenceException: Der Objektverweis wurde nicht auf eine Objektinstanz festgelegt.
   bei Programming.ThreadHandler.try_refresh() in C:\Users\mathias\studium\master\semester 1\programmierung\Medienprogrammierung\Programming\Programming\ThreadHandler.cs:Zeile 111.
   bei Programming.ThreadHandler.&lt;refresh&gt;b__1() in C:\Users\mathias\studium\master\semester 1\programmierung\Medienprogrammierung\Programming\Programming\ThreadHandler.cs:Zeile 86.
   bei System.Threading.ThreadHelper.ThreadStart_Context(Object state)
   bei System.Threading.ExecutionContext.runTryCode(Object userData)
   bei System.Runtime.CompilerServices.RuntimeHelpers.ExecuteCodeWithGuaranteedCleanup(TryCode code, CleanupCode backoutCode, Object userData)
   bei System.Threading.ExecutionContext.RunInternal(ExecutionContext executionContext, ContextCallback callback, Object state)
   bei System.Threading.ExecutionContext.Run(ExecutionContext executionContext, ContextCallback callback, Object state, Boolean ignoreSyncCtx)
   bei System.Threading.ExecutionContext.Run(ExecutionContext executionContext, ContextCallback callback, Object state)
   bei System.Threading.ThreadHelper.ThreadStart()</Text>
      </RunInfo>
      <RunInfo computerName="MATHIAS-PC" outcome="Error" timestamp="2011-12-21T22:37:26.2734925+01:00">
        <Text>Einer der Hintergrundthreads hat eine Ausnahme ausgelöst: 
System.InvalidOperationException: Invoke oder BeginInvoke kann für ein Steuerelement erst aufgerufen werden, wenn das Fensterhandle erstellt wurde.
   bei System.Windows.Forms.Control.MarshaledInvoke(Control caller, Delegate method, Object[] args, Boolean synchronous)
   bei System.Windows.Forms.Control.Invoke(Delegate method, Object[] args)
   bei System.Windows.Forms.Control.Invoke(Delegate method)
   bei Programming.ThreadHandler.try_refresh() in C:\Users\mathias\studium\master\semester 1\programmierung\Medienprogrammierung\Programming\Programming\ThreadHandler.cs:Zeile 111.
   bei Programming.ThreadHandler.&lt;refresh&gt;b__1() in C:\Users\mathias\studium\master\semester 1\programmierung\Medienprogrammierung\Programming\Programming\ThreadHandler.cs:Zeile 86.
   bei System.Threading.ThreadHelper.ThreadStart_Context(Object state)
   bei System.Threading.ExecutionContext.runTryCode(Object userData)
   bei System.Runtime.CompilerServices.RuntimeHelpers.ExecuteCodeWithGuaranteedCleanup(TryCode code, CleanupCode backoutCode, Object userData)
   bei System.Threading.ExecutionContext.RunInternal(ExecutionContext executionContext, ContextCallback callback, Object state)
   bei System.Threading.ExecutionContext.Run(ExecutionContext executionContext, ContextCallback callback, Object state, Boolean ignoreSyncCtx)
   bei System.Threading.ExecutionContext.Run(ExecutionContext executionContext, ContextCallback callback, Object state)
   bei System.Threading.ThreadHelper.ThreadStart()</Text>
      </RunInfo>
    </RunInfos>
  </ResultSummary>
  <TestDefinitions>
    <UnitTest name="SepiaFilterConstructorTest" storage="c:\users\mathias\studium\master\semester 1\programmierung\medienprogrammierung\programming\testproject1\bin\debug\testproject1.dll" id="2230829b-1f4f-d9e4-adb1-df3b8d64f72f">
      <Execution id="f3feabdd-45d5-4661-b8e4-2ecfeb98597f" />
      <TestMethod codeBase="C:/Users/mathias/studium/master/semester 1/programmierung/Medienprogrammierung/Programming/TestProject1/bin/Debug/TestProject1.DLL" adapterTypeName="Microsoft.VisualStudio.TestTools.TestTypes.Unit.UnitTestAdapter, Microsoft.VisualStudio.QualityTools.Tips.UnitTest.Adapter, Version=10.0.0.0, Culture=neutral, PublicKeyToken=b03f5f7f11d50a3a" className="TestProject1.SepiaFilterTest, TestProject1, Version=1.0.0.0, Culture=neutral, PublicKeyToken=null" name="SepiaFilterConstructorTest" />
    </UnitTest>
    <UnitTest name="ErrorDiffusionFilterConstructorTest" storage="c:\users\mathias\studium\master\semester 1\programmierung\medienprogrammierung\programming\testproject1\bin\debug\testproject1.dll" id="cb6f91e9-958d-53a3-511f-f5e378b3ee24">
      <Execution id="9556df8b-daf8-4be4-9519-c931c999b698" />
      <TestMethod codeBase="C:/Users/mathias/studium/master/semester 1/programmierung/Medienprogrammierung/Programming/TestProject1/bin/Debug/TestProject1.DLL" adapterTypeName="Microsoft.VisualStudio.TestTools.TestTypes.Unit.UnitTestAdapter, Microsoft.VisualStudio.QualityTools.Tips.UnitTest.Adapter, Version=10.0.0.0, Culture=neutral, PublicKeyToken=b03f5f7f11d50a3a" className="TestProject1.ErrorDiffusionFilterTest, TestProject1, Version=1.0.0.0, Culture=neutral, PublicKeyToken=null" name="ErrorDiffusionFilterConstructorTest" />
    </UnitTest>
    <UnitTest name="ImageObjectConstructorTest" storage="c:\users\mathias\studium\master\semester 1\programmierung\medienprogrammierung\programming\testproject1\bin\debug\testproject1.dll" id="002d83ad-e4d7-31f9-b4df-1f60f1b5d3b4">
      <Execution id="885b8270-e033-4a02-91d7-e16ece3f172f" />
      <TestMethod codeBase="C:/Users/mathias/studium/master/semester 1/programmierung/Medienprogrammierung/Programming/TestProject1/bin/Debug/TestProject1.DLL" adapterTypeName="Microsoft.VisualStudio.TestTools.TestTypes.Unit.UnitTestAdapter, Microsoft.VisualStudio.QualityTools.Tips.UnitTest.Adapter, Version=10.0.0.0, Culture=neutral, PublicKeyToken=b03f5f7f11d50a3a" className="TestProject1.ImageObjectTest, TestProject1, Version=1.0.0.0, Culture=neutral, PublicKeyToken=null" name="ImageObjectConstructorTest" />
    </UnitTest>
    <UnitTest name="setPictureBoxTest" storage="c:\users\mathias\studium\master\semester 1\programmierung\medienprogrammierung\programming\testproject1\bin\debug\testproject1.dll" id="e2ad20fc-5473-ee46-2f75-88e5a48cb321">
      <Execution id="86925f81-39de-4aff-ad82-10727a175c38" />
      <TestMethod codeBase="C:/Users/mathias/studium/master/semester 1/programmierung/Medienprogrammierung/Programming/TestProject1/bin/Debug/TestProject1.DLL" adapterTypeName="Microsoft.VisualStudio.TestTools.TestTypes.Unit.UnitTestAdapter, Microsoft.VisualStudio.QualityTools.Tips.UnitTest.Adapter, Version=10.0.0.0, Culture=neutral, PublicKeyToken=b03f5f7f11d50a3a" className="TestProject1.ControllerTest, TestProject1, Version=1.0.0.0, Culture=neutral, PublicKeyToken=null" name="setPictureBoxTest" />
    </UnitTest>
    <UnitTest name="undoTest" storage="c:\users\mathias\studium\master\semester 1\programmierung\medienprogrammierung\programming\testproject1\bin\debug\testproject1.dll" id="e7eac791-de3c-46f2-bce8-f4d477776f01">
      <Execution id="7d48a278-9af5-45b0-ba61-fdb45617ed79" />
      <TestMethod codeBase="C:/Users/mathias/studium/master/semester 1/programmierung/Medienprogrammierung/Programming/TestProject1/bin/Debug/TestProject1.DLL" adapterTypeName="Microsoft.VisualStudio.TestTools.TestTypes.Unit.UnitTestAdapter, Microsoft.VisualStudio.QualityTools.Tips.UnitTest.Adapter, Version=10.0.0.0, Culture=neutral, PublicKeyToken=b03f5f7f11d50a3a" className="TestProject1.ControllerTest, TestProject1, Version=1.0.0.0, Culture=neutral, PublicKeyToken=null" name="undoTest" />
    </UnitTest>
    <UnitTest name="performTest" storage="c:\users\mathias\studium\master\semester 1\programmierung\medienprogrammierung\programming\testproject1\bin\debug\testproject1.dll" id="c4c3c443-7469-c3ab-1664-55cbef9492d7">
      <Execution id="8d2e986d-6220-4ee7-9374-986c9eabab5e" />
      <TestMethod codeBase="C:/Users/mathias/studium/master/semester 1/programmierung/Medienprogrammierung/Programming/TestProject1/bin/Debug/TestProject1.DLL" adapterTypeName="Microsoft.VisualStudio.TestTools.TestTypes.Unit.UnitTestAdapter, Microsoft.VisualStudio.QualityTools.Tips.UnitTest.Adapter, Version=10.0.0.0, Culture=neutral, PublicKeyToken=b03f5f7f11d50a3a" className="TestProject1.OscillationFilterTest, TestProject1, Version=1.0.0.0, Culture=neutral, PublicKeyToken=null" name="performTest" />
    </UnitTest>
    <UnitTest name="performTest" storage="c:\users\mathias\studium\master\semester 1\programmierung\medienprogrammierung\programming\testproject1\bin\debug\testproject1.dll" id="0154749f-78bc-bf28-ca06-2e5f09a33e51">
      <Execution id="f499a008-1174-4234-bc19-4ead512d1f20" />
      <TestMethod codeBase="C:/Users/mathias/studium/master/semester 1/programmierung/Medienprogrammierung/Programming/TestProject1/bin/Debug/TestProject1.DLL" adapterTypeName="Microsoft.VisualStudio.TestTools.TestTypes.Unit.UnitTestAdapter, Microsoft.VisualStudio.QualityTools.Tips.UnitTest.Adapter, Version=10.0.0.0, Culture=neutral, PublicKeyToken=b03f5f7f11d50a3a" className="TestProject1.BlackWhiteFilterTest, TestProject1, Version=1.0.0.0, Culture=neutral, PublicKeyToken=null" name="performTest" />
    </UnitTest>
    <UnitTest name="invoke_refreshTest" storage="c:\users\mathias\studium\master\semester 1\programmierung\medienprogrammierung\programming\testproject1\bin\debug\testproject1.dll" id="12236330-5422-6a79-c41f-2614bfda9226">
      <DeploymentItems>
        <DeploymentItem filename="Programming.exe" />
      </DeploymentItems>
      <Execution id="ff9d03a1-404d-4251-a829-1ee0791d51e5" />
      <TestMethod codeBase="C:/Users/mathias/studium/master/semester 1/programmierung/Medienprogrammierung/Programming/TestProject1/bin/Debug/TestProject1.DLL" adapterTypeName="Microsoft.VisualStudio.TestTools.TestTypes.Unit.UnitTestAdapter, Microsoft.VisualStudio.QualityTools.Tips.UnitTest.Adapter, Version=10.0.0.0, Culture=neutral, PublicKeyToken=b03f5f7f11d50a3a" className="TestProject1.ThreadHandlerTest, TestProject1, Version=1.0.0.0, Culture=neutral, PublicKeyToken=null" name="invoke_refreshTest" />
    </UnitTest>
    <UnitTest name="MainTest" storage="c:\users\mathias\studium\master\semester 1\programmierung\medienprogrammierung\programming\testproject1\bin\debug\testproject1.dll" id="9a46fa9b-9a2e-3eff-02e4-ce3ff885083d">
      <DeploymentItems>
        <DeploymentItem filename="Programming.exe" />
      </DeploymentItems>
      <Execution id="4f24eed9-0115-4b90-b16f-a7011cfb02fa" />
      <TestMethod codeBase="C:/Users/mathias/studium/master/semester 1/programmierung/Medienprogrammierung/Programming/TestProject1/bin/Debug/TestProject1.DLL" adapterTypeName="Microsoft.VisualStudio.TestTools.TestTypes.Unit.UnitTestAdapter, Microsoft.VisualStudio.QualityTools.Tips.UnitTest.Adapter, Version=10.0.0.0, Culture=neutral, PublicKeyToken=b03f5f7f11d50a3a" className="TestProject1.ProgramTest, TestProject1, Version=1.0.0.0, Culture=neutral, PublicKeyToken=null" name="MainTest" />
    </UnitTest>
    <UnitTest name="get_ImageManipulatorTypeTest" storage="c:\users\mathias\studium\master\semester 1\programmierung\medienprogrammierung\programming\testproject1\bin\debug\testproject1.dll" id="7890454c-0a6b-e2f7-057c-7d73ddaaa939">
      <Execution id="ab4de7a7-fbcf-47ab-a68e-f8c9912127ad" />
      <TestMethod codeBase="C:/Users/mathias/studium/master/semester 1/programmierung/Medienprogrammierung/Programming/TestProject1/bin/Debug/TestProject1.DLL" adapterTypeName="Microsoft.VisualStudio.TestTools.TestTypes.Unit.UnitTestAdapter, Microsoft.VisualStudio.QualityTools.Tips.UnitTest.Adapter, Version=10.0.0.0, Culture=neutral, PublicKeyToken=b03f5f7f11d50a3a" className="TestProject1.ImageObjectTest, TestProject1, Version=1.0.0.0, Culture=neutral, PublicKeyToken=null" name="get_ImageManipulatorTypeTest" />
    </UnitTest>
    <UnitTest name="RotateFilterConstructorTest" storage="c:\users\mathias\studium\master\semester 1\programmierung\medienprogrammierung\programming\testproject1\bin\debug\testproject1.dll" id="5d17ee44-b5cd-0e62-ac4b-1bc91d9bc224">
      <Execution id="9b1f19f1-c251-41e7-bc54-5eedb7570b4f" />
      <TestMethod codeBase="C:/Users/mathias/studium/master/semester 1/programmierung/Medienprogrammierung/Programming/TestProject1/bin/Debug/TestProject1.DLL" adapterTypeName="Microsoft.VisualStudio.TestTools.TestTypes.Unit.UnitTestAdapter, Microsoft.VisualStudio.QualityTools.Tips.UnitTest.Adapter, Version=10.0.0.0, Culture=neutral, PublicKeyToken=b03f5f7f11d50a3a" className="TestProject1.RotateFilterTest, TestProject1, Version=1.0.0.0, Culture=neutral, PublicKeyToken=null" name="RotateFilterConstructorTest" />
    </UnitTest>
    <UnitTest name="getThreadsTest" storage="c:\users\mathias\studium\master\semester 1\programmierung\medienprogrammierung\programming\testproject1\bin\debug\testproject1.dll" id="b573db96-268a-85a5-d513-a40b0110ca2d">
      <Execution id="45229319-1997-4442-8f9f-6aa961b2e538" />
      <TestMethod codeBase="C:/Users/mathias/studium/master/semester 1/programmierung/Medienprogrammierung/Programming/TestProject1/bin/Debug/TestProject1.DLL" adapterTypeName="Microsoft.VisualStudio.TestTools.TestTypes.Unit.UnitTestAdapter, Microsoft.VisualStudio.QualityTools.Tips.UnitTest.Adapter, Version=10.0.0.0, Culture=neutral, PublicKeyToken=b03f5f7f11d50a3a" className="TestProject1.ThreadHandlerTest, TestProject1, Version=1.0.0.0, Culture=neutral, PublicKeyToken=null" name="getThreadsTest" />
    </UnitTest>
    <UnitTest name="get_ImageTest" storage="c:\users\mathias\studium\master\semester 1\programmierung\medienprogrammierung\programming\testproject1\bin\debug\testproject1.dll" id="78001a50-ff7e-88eb-9e4c-1447d4837f35">
      <Execution id="02e54a4c-1560-418c-bccb-00c5e0856827" />
      <TestMethod codeBase="C:/Users/mathias/studium/master/semester 1/programmierung/Medienprogrammierung/Programming/TestProject1/bin/Debug/TestProject1.DLL" adapterTypeName="Microsoft.VisualStudio.TestTools.TestTypes.Unit.UnitTestAdapter, Microsoft.VisualStudio.QualityTools.Tips.UnitTest.Adapter, Version=10.0.0.0, Culture=neutral, PublicKeyToken=b03f5f7f11d50a3a" className="TestProject1.ImageObjectTest, TestProject1, Version=1.0.0.0, Culture=neutral, PublicKeyToken=null" name="get_ImageTest" />
    </UnitTest>
    <UnitTest name="performTest" storage="c:\users\mathias\studium\master\semester 1\programmierung\medienprogrammierung\programming\testproject1\bin\debug\testproject1.dll" id="f7cd8541-dc96-429d-5112-23b12e0d7bcb">
      <Execution id="9abe00e1-de90-46e9-b0e5-c1176605fb05" />
      <TestMethod codeBase="C:/Users/mathias/studium/master/semester 1/programmierung/Medienprogrammierung/Programming/TestProject1/bin/Debug/TestProject1.DLL" adapterTypeName="Microsoft.VisualStudio.TestTools.TestTypes.Unit.UnitTestAdapter, Microsoft.VisualStudio.QualityTools.Tips.UnitTest.Adapter, Version=10.0.0.0, Culture=neutral, PublicKeyToken=b03f5f7f11d50a3a" className="TestProject1.InvertFilterTest, TestProject1, Version=1.0.0.0, Culture=neutral, PublicKeyToken=null" name="performTest" />
    </UnitTest>
    <UnitTest name="addTest" storage="c:\users\mathias\studium\master\semester 1\programmierung\medienprogrammierung\programming\testproject1\bin\debug\testproject1.dll" id="37f7fa63-e38f-d747-b2a4-90104bd11c78">
      <Execution id="b5b8b1a7-13d3-4584-94b7-84caf9d4b603" />
      <TestMethod codeBase="C:/Users/mathias/studium/master/semester 1/programmierung/Medienprogrammierung/Programming/TestProject1/bin/Debug/TestProject1.DLL" adapterTypeName="Microsoft.VisualStudio.TestTools.TestTypes.Unit.UnitTestAdapter, Microsoft.VisualStudio.QualityTools.Tips.UnitTest.Adapter, Version=10.0.0.0, Culture=neutral, PublicKeyToken=b03f5f7f11d50a3a" className="TestProject1.PixelStateTest, TestProject1, Version=1.0.0.0, Culture=neutral, PublicKeyToken=null" name="addTest" />
    </UnitTest>
    <UnitTest name="threadsAreAliveTest" storage="c:\users\mathias\studium\master\semester 1\programmierung\medienprogrammierung\programming\testproject1\bin\debug\testproject1.dll" id="7d71edaf-c14b-63d9-80d9-3ceb4795ab69">
      <Execution id="955e8982-30c6-4259-9146-00349d192ab9" />
      <TestMethod codeBase="C:/Users/mathias/studium/master/semester 1/programmierung/Medienprogrammierung/Programming/TestProject1/bin/Debug/TestProject1.DLL" adapterTypeName="Microsoft.VisualStudio.TestTools.TestTypes.Unit.UnitTestAdapter, Microsoft.VisualStudio.QualityTools.Tips.UnitTest.Adapter, Version=10.0.0.0, Culture=neutral, PublicKeyToken=b03f5f7f11d50a3a" className="TestProject1.ThreadHandlerTest, TestProject1, Version=1.0.0.0, Culture=neutral, PublicKeyToken=null" name="threadsAreAliveTest" />
    </UnitTest>
    <UnitTest name="setMainFormTest" storage="c:\users\mathias\studium\master\semester 1\programmierung\medienprogrammierung\programming\testproject1\bin\debug\testproject1.dll" id="b30649c3-9490-1525-b4f4-8e069a4e79f4">
      <Execution id="439ac7e9-c003-48e4-ac2e-bdb20be64517" />
      <TestMethod codeBase="C:/Users/mathias/studium/master/semester 1/programmierung/Medienprogrammierung/Programming/TestProject1/bin/Debug/TestProject1.DLL" adapterTypeName="Microsoft.VisualStudio.TestTools.TestTypes.Unit.UnitTestAdapter, Microsoft.VisualStudio.QualityTools.Tips.UnitTest.Adapter, Version=10.0.0.0, Culture=neutral, PublicKeyToken=b03f5f7f11d50a3a" className="TestProject1.ControllerTest, TestProject1, Version=1.0.0.0, Culture=neutral, PublicKeyToken=null" name="setMainFormTest" />
    </UnitTest>
    <UnitTest name="startTimeTest" storage="c:\users\mathias\studium\master\semester 1\programmierung\medienprogrammierung\programming\testproject1\bin\debug\testproject1.dll" id="0dfe1cd7-d495-1876-69e7-6ac597aa1bbd">
      <DeploymentItems>
        <DeploymentItem filename="Programming.exe" />
      </DeploymentItems>
      <Execution id="9c80b6fc-f96f-4ca7-8c04-fa798a9b660b" />
      <TestMethod codeBase="C:/Users/mathias/studium/master/semester 1/programmierung/Medienprogrammierung/Programming/TestProject1/bin/Debug/TestProject1.DLL" adapterTypeName="Microsoft.VisualStudio.TestTools.TestTypes.Unit.UnitTestAdapter, Microsoft.VisualStudio.QualityTools.Tips.UnitTest.Adapter, Version=10.0.0.0, Culture=neutral, PublicKeyToken=b03f5f7f11d50a3a" className="TestProject1.ThreadHandlerTest, TestProject1, Version=1.0.0.0, Culture=neutral, PublicKeyToken=null" name="startTimeTest" />
    </UnitTest>
    <UnitTest name="performTest1" storage="c:\users\mathias\studium\master\semester 1\programmierung\medienprogrammierung\programming\testproject1\bin\debug\testproject1.dll" id="d6f5ee68-bc22-0ee5-b9c1-df81399fcf61">
      <DeploymentItems>
        <DeploymentItem filename="Programming.exe" />
      </DeploymentItems>
      <Execution id="027fdef7-9af5-47fd-87a4-74e8a2f1ec59" />
      <TestMethod codeBase="C:/Users/mathias/studium/master/semester 1/programmierung/Medienprogrammierung/Programming/TestProject1/bin/Debug/TestProject1.DLL" adapterTypeName="Microsoft.VisualStudio.TestTools.TestTypes.Unit.UnitTestAdapter, Microsoft.VisualStudio.QualityTools.Tips.UnitTest.Adapter, Version=10.0.0.0, Culture=neutral, PublicKeyToken=b03f5f7f11d50a3a" className="TestProject1.ImageManipulatorTest, TestProject1, Version=1.0.0.0, Culture=neutral, PublicKeyToken=null" name="performTest1" />
    </UnitTest>
    <UnitTest name="remove_lastTest" storage="c:\users\mathias\studium\master\semester 1\programmierung\medienprogrammierung\programming\testproject1\bin\debug\testproject1.dll" id="3196b23b-28ea-1580-8a76-65c8297f7f0d">
      <Execution id="f0581206-3e79-429d-aaa2-bdbd78a2a9dc" />
      <TestMethod codeBase="C:/Users/mathias/studium/master/semester 1/programmierung/Medienprogrammierung/Programming/TestProject1/bin/Debug/TestProject1.DLL" adapterTypeName="Microsoft.VisualStudio.TestTools.TestTypes.Unit.UnitTestAdapter, Microsoft.VisualStudio.QualityTools.Tips.UnitTest.Adapter, Version=10.0.0.0, Culture=neutral, PublicKeyToken=b03f5f7f11d50a3a" className="TestProject1.PixelStateTest, TestProject1, Version=1.0.0.0, Culture=neutral, PublicKeyToken=null" name="remove_lastTest" />
    </UnitTest>
    <UnitTest name="OscillationFilterConstructorTest" storage="c:\users\mathias\studium\master\semester 1\programmierung\medienprogrammierung\programming\testproject1\bin\debug\testproject1.dll" id="0ff7e0d0-a263-d910-623c-cc55a9dbcac2">
      <Execution id="ce543271-922d-4883-8e61-8930b7a02f1f" />
      <TestMethod codeBase="C:/Users/mathias/studium/master/semester 1/programmierung/Medienprogrammierung/Programming/TestProject1/bin/Debug/TestProject1.DLL" adapterTypeName="Microsoft.VisualStudio.TestTools.TestTypes.Unit.UnitTestAdapter, Microsoft.VisualStudio.QualityTools.Tips.UnitTest.Adapter, Version=10.0.0.0, Culture=neutral, PublicKeyToken=b03f5f7f11d50a3a" className="TestProject1.OscillationFilterTest, TestProject1, Version=1.0.0.0, Culture=neutral, PublicKeyToken=null" name="OscillationFilterConstructorTest" />
    </UnitTest>
    <UnitTest name="RGB_ModeFilterConstructorTest" storage="c:\users\mathias\studium\master\semester 1\programmierung\medienprogrammierung\programming\testproject1\bin\debug\testproject1.dll" id="a09dfaf6-7239-4f0d-306e-6ed80bf95595">
      <Execution id="f66fa849-de9b-4c91-a424-4d1eb80d5872" />
      <TestMethod codeBase="C:/Users/mathias/studium/master/semester 1/programmierung/Medienprogrammierung/Programming/TestProject1/bin/Debug/TestProject1.DLL" adapterTypeName="Microsoft.VisualStudio.TestTools.TestTypes.Unit.UnitTestAdapter, Microsoft.VisualStudio.QualityTools.Tips.UnitTest.Adapter, Version=10.0.0.0, Culture=neutral, PublicKeyToken=b03f5f7f11d50a3a" className="TestProject1.RGB_ModeFilterTest, TestProject1, Version=1.0.0.0, Culture=neutral, PublicKeyToken=null" name="RGB_ModeFilterConstructorTest" />
    </UnitTest>
    <UnitTest name="getInstanceTest" storage="c:\users\mathias\studium\master\semester 1\programmierung\medienprogrammierung\programming\testproject1\bin\debug\testproject1.dll" id="b6d985b7-8ac2-ad2d-96aa-548b788286c5">
      <Execution id="70c2e513-1b8e-464c-b8d3-605f34861756" />
      <TestMethod codeBase="C:/Users/mathias/studium/master/semester 1/programmierung/Medienprogrammierung/Programming/TestProject1/bin/Debug/TestProject1.DLL" adapterTypeName="Microsoft.VisualStudio.TestTools.TestTypes.Unit.UnitTestAdapter, Microsoft.VisualStudio.QualityTools.Tips.UnitTest.Adapter, Version=10.0.0.0, Culture=neutral, PublicKeyToken=b03f5f7f11d50a3a" className="TestProject1.PixelStateTest, TestProject1, Version=1.0.0.0, Culture=neutral, PublicKeyToken=null" name="getInstanceTest" />
    </UnitTest>
    <UnitTest name="rotateTest" storage="c:\users\mathias\studium\master\semester 1\programmierung\medienprogrammierung\programming\testproject1\bin\debug\testproject1.dll" id="3be80adf-bcab-b9a9-d0fe-a1804ca70733">
      <Execution id="ae6434d9-9a2b-4d5f-86a1-5f7f65907984" />
      <TestMethod codeBase="C:/Users/mathias/studium/master/semester 1/programmierung/Medienprogrammierung/Programming/TestProject1/bin/Debug/TestProject1.DLL" adapterTypeName="Microsoft.VisualStudio.TestTools.TestTypes.Unit.UnitTestAdapter, Microsoft.VisualStudio.QualityTools.Tips.UnitTest.Adapter, Version=10.0.0.0, Culture=neutral, PublicKeyToken=b03f5f7f11d50a3a" className="TestProject1.RotateFilterTest, TestProject1, Version=1.0.0.0, Culture=neutral, PublicKeyToken=null" name="rotateTest" />
    </UnitTest>
    <UnitTest name="registerTest" storage="c:\users\mathias\studium\master\semester 1\programmierung\medienprogrammierung\programming\testproject1\bin\debug\testproject1.dll" id="5ca0c1f6-2d3a-88b6-1bfe-844668d71a0a">
      <Execution id="c2d088a2-d03c-4238-87b1-6bd3d7aa2123" />
      <TestMethod codeBase="C:/Users/mathias/studium/master/semester 1/programmierung/Medienprogrammierung/Programming/TestProject1/bin/Debug/TestProject1.DLL" adapterTypeName="Microsoft.VisualStudio.TestTools.TestTypes.Unit.UnitTestAdapter, Microsoft.VisualStudio.QualityTools.Tips.UnitTest.Adapter, Version=10.0.0.0, Culture=neutral, PublicKeyToken=b03f5f7f11d50a3a" className="TestProject1.ThreadHandlerTest, TestProject1, Version=1.0.0.0, Culture=neutral, PublicKeyToken=null" name="registerTest" />
    </UnitTest>
    <UnitTest name="try_refreshTest" storage="c:\users\mathias\studium\master\semester 1\programmierung\medienprogrammierung\programming\testproject1\bin\debug\testproject1.dll" id="04f5fa0a-27c4-cb2b-5bf8-37a8a1374577">
      <DeploymentItems>
        <DeploymentItem filename="Programming.exe" />
      </DeploymentItems>
      <Execution id="6d94d737-9f00-4fc5-bc09-8b0793b9817e" />
      <TestMethod codeBase="C:/Users/mathias/studium/master/semester 1/programmierung/Medienprogrammierung/Programming/TestProject1/bin/Debug/TestProject1.DLL" adapterTypeName="Microsoft.VisualStudio.TestTools.TestTypes.Unit.UnitTestAdapter, Microsoft.VisualStudio.QualityTools.Tips.UnitTest.Adapter, Version=10.0.0.0, Culture=neutral, PublicKeyToken=b03f5f7f11d50a3a" className="TestProject1.ThreadHandlerTest, TestProject1, Version=1.0.0.0, Culture=neutral, PublicKeyToken=null" name="try_refreshTest" />
    </UnitTest>
    <UnitTest name="GrayscaleFilterConstructorTest" storage="c:\users\mathias\studium\master\semester 1\programmierung\medienprogrammierung\programming\testproject1\bin\debug\testproject1.dll" id="cfa535a2-756a-5d02-badb-8fb7df1ef388">
      <Execution id="30f6b377-bd9e-43c3-96af-416161b9c37b" />
      <TestMethod codeBase="C:/Users/mathias/studium/master/semester 1/programmierung/Medienprogrammierung/Programming/TestProject1/bin/Debug/TestProject1.DLL" adapterTypeName="Microsoft.VisualStudio.TestTools.TestTypes.Unit.UnitTestAdapter, Microsoft.VisualStudio.QualityTools.Tips.UnitTest.Adapter, Version=10.0.0.0, Culture=neutral, PublicKeyToken=b03f5f7f11d50a3a" className="TestProject1.GrayscaleFilterTest, TestProject1, Version=1.0.0.0, Culture=neutral, PublicKeyToken=null" name="GrayscaleFilterConstructorTest" />
    </UnitTest>
    <UnitTest name="InvertFilterConstructorTest" storage="c:\users\mathias\studium\master\semester 1\programmierung\medienprogrammierung\programming\testproject1\bin\debug\testproject1.dll" id="d9cbe861-7ec5-3099-ba38-2c605d306673">
      <Execution id="a53d1e6c-4ea2-4d0a-8652-b0dfa4303d21" />
      <TestMethod codeBase="C:/Users/mathias/studium/master/semester 1/programmierung/Medienprogrammierung/Programming/TestProject1/bin/Debug/TestProject1.DLL" adapterTypeName="Microsoft.VisualStudio.TestTools.TestTypes.Unit.UnitTestAdapter, Microsoft.VisualStudio.QualityTools.Tips.UnitTest.Adapter, Version=10.0.0.0, Culture=neutral, PublicKeyToken=b03f5f7f11d50a3a" className="TestProject1.InvertFilterTest, TestProject1, Version=1.0.0.0, Culture=neutral, PublicKeyToken=null" name="InvertFilterConstructorTest" />
    </UnitTest>
    <UnitTest name="getInstanceTest" storage="c:\users\mathias\studium\master\semester 1\programmierung\medienprogrammierung\programming\testproject1\bin\debug\testproject1.dll" id="e94ba4b9-677d-b5cb-1b24-050f26be0897">
      <Execution id="37de782c-28d4-4968-80ae-7eb0704b938a" />
      <TestMethod codeBase="C:/Users/mathias/studium/master/semester 1/programmierung/Medienprogrammierung/Programming/TestProject1/bin/Debug/TestProject1.DLL" adapterTypeName="Microsoft.VisualStudio.TestTools.TestTypes.Unit.UnitTestAdapter, Microsoft.VisualStudio.QualityTools.Tips.UnitTest.Adapter, Version=10.0.0.0, Culture=neutral, PublicKeyToken=b03f5f7f11d50a3a" className="TestProject1.ControllerTest, TestProject1, Version=1.0.0.0, Culture=neutral, PublicKeyToken=null" name="getInstanceTest" />
    </UnitTest>
    <UnitTest name="performTest" storage="c:\users\mathias\studium\master\semester 1\programmierung\medienprogrammierung\programming\testproject1\bin\debug\testproject1.dll" id="7870b940-fe6b-7b30-3290-675eea668a00">
      <Execution id="f68a3721-57f1-4285-bfdc-b655cebd69f4" />
      <TestMethod codeBase="C:/Users/mathias/studium/master/semester 1/programmierung/Medienprogrammierung/Programming/TestProject1/bin/Debug/TestProject1.DLL" adapterTypeName="Microsoft.VisualStudio.TestTools.TestTypes.Unit.UnitTestAdapter, Microsoft.VisualStudio.QualityTools.Tips.UnitTest.Adapter, Version=10.0.0.0, Culture=neutral, PublicKeyToken=b03f5f7f11d50a3a" className="TestProject1.SepiaFilterTest, TestProject1, Version=1.0.0.0, Culture=neutral, PublicKeyToken=null" name="performTest" />
    </UnitTest>
    <UnitTest name="performTest" storage="c:\users\mathias\studium\master\semester 1\programmierung\medienprogrammierung\programming\testproject1\bin\debug\testproject1.dll" id="5fafb705-0681-66bb-8720-8f83850173f6">
      <Execution id="817c0a98-5b16-43b3-874f-543626e90ed1" />
      <TestMethod codeBase="C:/Users/mathias/studium/master/semester 1/programmierung/Medienprogrammierung/Programming/TestProject1/bin/Debug/TestProject1.DLL" adapterTypeName="Microsoft.VisualStudio.TestTools.TestTypes.Unit.UnitTestAdapter, Microsoft.VisualStudio.QualityTools.Tips.UnitTest.Adapter, Version=10.0.0.0, Culture=neutral, PublicKeyToken=b03f5f7f11d50a3a" className="TestProject1.GrayscaleFilterTest, TestProject1, Version=1.0.0.0, Culture=neutral, PublicKeyToken=null" name="performTest" />
    </UnitTest>
    <UnitTest name="refreshTest" storage="c:\users\mathias\studium\master\semester 1\programmierung\medienprogrammierung\programming\testproject1\bin\debug\testproject1.dll" id="518d9429-f1e2-c6b6-191d-aa275e2ecffe">
      <Execution id="272cd281-3753-44b3-9593-ecdcb3fee54d" />
      <TestMethod codeBase="C:/Users/mathias/studium/master/semester 1/programmierung/Medienprogrammierung/Programming/TestProject1/bin/Debug/TestProject1.DLL" adapterTypeName="Microsoft.VisualStudio.TestTools.TestTypes.Unit.UnitTestAdapter, Microsoft.VisualStudio.QualityTools.Tips.UnitTest.Adapter, Version=10.0.0.0, Culture=neutral, PublicKeyToken=b03f5f7f11d50a3a" className="TestProject1.ThreadHandlerTest, TestProject1, Version=1.0.0.0, Culture=neutral, PublicKeyToken=null" name="refreshTest" />
    </UnitTest>
    <UnitTest name="performTest" storage="c:\users\mathias\studium\master\semester 1\programmierung\medienprogrammierung\programming\testproject1\bin\debug\testproject1.dll" id="ed98a529-aab6-d61c-cfb4-73dfff4d2c0d">
      <Execution id="dc839fb5-c712-4c59-822f-188ac191d7c1" />
      <TestMethod codeBase="C:/Users/mathias/studium/master/semester 1/programmierung/Medienprogrammierung/Programming/TestProject1/bin/Debug/TestProject1.DLL" adapterTypeName="Microsoft.VisualStudio.TestTools.TestTypes.Unit.UnitTestAdapter, Microsoft.VisualStudio.QualityTools.Tips.UnitTest.Adapter, Version=10.0.0.0, Culture=neutral, PublicKeyToken=b03f5f7f11d50a3a" className="TestProject1.ImageManipulatorTest, TestProject1, Version=1.0.0.0, Culture=neutral, PublicKeyToken=null" name="performTest" />
    </UnitTest>
    <UnitTest name="ImageManipulatorConstructorTest" storage="c:\users\mathias\studium\master\semester 1\programmierung\medienprogrammierung\programming\testproject1\bin\debug\testproject1.dll" id="c54b7c3d-97a4-cf3e-1b61-db666fb0b2b4">
      <Execution id="a205f4df-9f0f-44ec-9d2c-6b2ef8682e0f" />
      <TestMethod codeBase="C:/Users/mathias/studium/master/semester 1/programmierung/Medienprogrammierung/Programming/TestProject1/bin/Debug/TestProject1.DLL" adapterTypeName="Microsoft.VisualStudio.TestTools.TestTypes.Unit.UnitTestAdapter, Microsoft.VisualStudio.QualityTools.Tips.UnitTest.Adapter, Version=10.0.0.0, Culture=neutral, PublicKeyToken=b03f5f7f11d50a3a" className="TestProject1.ImageManipulatorTest, TestProject1, Version=1.0.0.0, Culture=neutral, PublicKeyToken=null" name="ImageManipulatorConstructorTest" />
    </UnitTest>
    <UnitTest name="performTest" storage="c:\users\mathias\studium\master\semester 1\programmierung\medienprogrammierung\programming\testproject1\bin\debug\testproject1.dll" id="69e27bca-8834-dbda-d579-a227f1d890a9">
      <Execution id="c1334f2d-b0fc-4e66-89ec-dd4a050d508a" />
      <TestMethod codeBase="C:/Users/mathias/studium/master/semester 1/programmierung/Medienprogrammierung/Programming/TestProject1/bin/Debug/TestProject1.DLL" adapterTypeName="Microsoft.VisualStudio.TestTools.TestTypes.Unit.UnitTestAdapter, Microsoft.VisualStudio.QualityTools.Tips.UnitTest.Adapter, Version=10.0.0.0, Culture=neutral, PublicKeyToken=b03f5f7f11d50a3a" className="TestProject1.ErrorDiffusionFilterTest, TestProject1, Version=1.0.0.0, Culture=neutral, PublicKeyToken=null" name="performTest" />
    </UnitTest>
    <UnitTest name="performTest" storage="c:\users\mathias\studium\master\semester 1\programmierung\medienprogrammierung\programming\testproject1\bin\debug\testproject1.dll" id="75cc471e-1517-af11-e8dc-a61e8ea83941">
      <Execution id="c2feab51-bc23-4338-9e6b-9707b8a66218" />
      <TestMethod codeBase="C:/Users/mathias/studium/master/semester 1/programmierung/Medienprogrammierung/Programming/TestProject1/bin/Debug/TestProject1.DLL" adapterTypeName="Microsoft.VisualStudio.TestTools.TestTypes.Unit.UnitTestAdapter, Microsoft.VisualStudio.QualityTools.Tips.UnitTest.Adapter, Version=10.0.0.0, Culture=neutral, PublicKeyToken=b03f5f7f11d50a3a" className="TestProject1.RGB_ModeFilterTest, TestProject1, Version=1.0.0.0, Culture=neutral, PublicKeyToken=null" name="performTest" />
    </UnitTest>
    <UnitTest name="resetTest" storage="c:\users\mathias\studium\master\semester 1\programmierung\medienprogrammierung\programming\testproject1\bin\debug\testproject1.dll" id="fafc4f6d-5127-6b3c-75ce-070639d10101">
      <Execution id="5a811c0f-1285-4f7d-b67c-62a9c2e2ab89" />
      <TestMethod codeBase="C:/Users/mathias/studium/master/semester 1/programmierung/Medienprogrammierung/Programming/TestProject1/bin/Debug/TestProject1.DLL" adapterTypeName="Microsoft.VisualStudio.TestTools.TestTypes.Unit.UnitTestAdapter, Microsoft.VisualStudio.QualityTools.Tips.UnitTest.Adapter, Version=10.0.0.0, Culture=neutral, PublicKeyToken=b03f5f7f11d50a3a" className="TestProject1.PixelStateTest, TestProject1, Version=1.0.0.0, Culture=neutral, PublicKeyToken=null" name="resetTest" />
    </UnitTest>
    <UnitTest name="getInstanceTest" storage="c:\users\mathias\studium\master\semester 1\programmierung\medienprogrammierung\programming\testproject1\bin\debug\testproject1.dll" id="c17a41ff-1724-776a-23b7-c9e08163c9a8">
      <Execution id="1110dae7-74ce-45bb-8e24-15419428ab98" />
      <TestMethod codeBase="C:/Users/mathias/studium/master/semester 1/programmierung/Medienprogrammierung/Programming/TestProject1/bin/Debug/TestProject1.DLL" adapterTypeName="Microsoft.VisualStudio.TestTools.TestTypes.Unit.UnitTestAdapter, Microsoft.VisualStudio.QualityTools.Tips.UnitTest.Adapter, Version=10.0.0.0, Culture=neutral, PublicKeyToken=b03f5f7f11d50a3a" className="TestProject1.ThreadHandlerTest, TestProject1, Version=1.0.0.0, Culture=neutral, PublicKeyToken=null" name="getInstanceTest" />
    </UnitTest>
    <UnitTest name="computeHeightStepsTest" storage="c:\users\mathias\studium\master\semester 1\programmierung\medienprogrammierung\programming\testproject1\bin\debug\testproject1.dll" id="c8cc5580-ead3-5acf-a1e1-3282adddd441">
      <DeploymentItems>
        <DeploymentItem filename="Programming.exe" />
      </DeploymentItems>
      <Execution id="78550dad-d7eb-432d-bf57-5e78d8d65761" />
      <TestMethod codeBase="C:/Users/mathias/studium/master/semester 1/programmierung/Medienprogrammierung/Programming/TestProject1/bin/Debug/TestProject1.DLL" adapterTypeName="Microsoft.VisualStudio.TestTools.TestTypes.Unit.UnitTestAdapter, Microsoft.VisualStudio.QualityTools.Tips.UnitTest.Adapter, Version=10.0.0.0, Culture=neutral, PublicKeyToken=b03f5f7f11d50a3a" className="TestProject1.ImageManipulatorTest, TestProject1, Version=1.0.0.0, Culture=neutral, PublicKeyToken=null" name="computeHeightStepsTest" />
    </UnitTest>
    <UnitTest name="try_save_PixelStateTest" storage="c:\users\mathias\studium\master\semester 1\programmierung\medienprogrammierung\programming\testproject1\bin\debug\testproject1.dll" id="d595057a-93cd-79ea-b780-b06fe4591bbc">
      <DeploymentItems>
        <DeploymentItem filename="Programming.exe" />
      </DeploymentItems>
      <Execution id="75b12927-87d2-46b1-a34b-50c7a2ccb644" />
      <TestMethod codeBase="C:/Users/mathias/studium/master/semester 1/programmierung/Medienprogrammierung/Programming/TestProject1/bin/Debug/TestProject1.DLL" adapterTypeName="Microsoft.VisualStudio.TestTools.TestTypes.Unit.UnitTestAdapter, Microsoft.VisualStudio.QualityTools.Tips.UnitTest.Adapter, Version=10.0.0.0, Culture=neutral, PublicKeyToken=b03f5f7f11d50a3a" className="TestProject1.ThreadHandlerTest, TestProject1, Version=1.0.0.0, Culture=neutral, PublicKeyToken=null" name="try_save_PixelStateTest" />
    </UnitTest>
    <UnitTest name="setNameTest" storage="c:\users\mathias\studium\master\semester 1\programmierung\medienprogrammierung\programming\testproject1\bin\debug\testproject1.dll" id="808b215a-6a8c-b953-5df1-d3c332ac032c">
      <Execution id="c5f4dd65-ed47-44c9-a2c1-cd3b65719e8f" />
      <TestMethod codeBase="C:/Users/mathias/studium/master/semester 1/programmierung/Medienprogrammierung/Programming/TestProject1/bin/Debug/TestProject1.DLL" adapterTypeName="Microsoft.VisualStudio.TestTools.TestTypes.Unit.UnitTestAdapter, Microsoft.VisualStudio.QualityTools.Tips.UnitTest.Adapter, Version=10.0.0.0, Culture=neutral, PublicKeyToken=b03f5f7f11d50a3a" className="TestProject1.UserTest, TestProject1, Version=1.0.0.0, Culture=neutral, PublicKeyToken=null" name="setNameTest" />
    </UnitTest>
    <UnitTest name="BlackWhiteFilterConstructorTest" storage="c:\users\mathias\studium\master\semester 1\programmierung\medienprogrammierung\programming\testproject1\bin\debug\testproject1.dll" id="04635d02-4f9e-45d8-3e06-60b4ba2dbebd">
      <Execution id="e9aa7a48-8805-43f5-90db-7f60df6b8418" />
      <TestMethod codeBase="C:/Users/mathias/studium/master/semester 1/programmierung/Medienprogrammierung/Programming/TestProject1/bin/Debug/TestProject1.DLL" adapterTypeName="Microsoft.VisualStudio.TestTools.TestTypes.Unit.UnitTestAdapter, Microsoft.VisualStudio.QualityTools.Tips.UnitTest.Adapter, Version=10.0.0.0, Culture=neutral, PublicKeyToken=b03f5f7f11d50a3a" className="TestProject1.BlackWhiteFilterTest, TestProject1, Version=1.0.0.0, Culture=neutral, PublicKeyToken=null" name="BlackWhiteFilterConstructorTest" />
    </UnitTest>
    <UnitTest name="getTimeTest" storage="c:\users\mathias\studium\master\semester 1\programmierung\medienprogrammierung\programming\testproject1\bin\debug\testproject1.dll" id="70a1c56b-2926-56d3-d384-a7aa4f5f64e3">
      <Execution id="b7bcd496-c324-45bd-996b-ef848af2d8b2" />
      <TestMethod codeBase="C:/Users/mathias/studium/master/semester 1/programmierung/Medienprogrammierung/Programming/TestProject1/bin/Debug/TestProject1.DLL" adapterTypeName="Microsoft.VisualStudio.TestTools.TestTypes.Unit.UnitTestAdapter, Microsoft.VisualStudio.QualityTools.Tips.UnitTest.Adapter, Version=10.0.0.0, Culture=neutral, PublicKeyToken=b03f5f7f11d50a3a" className="TestProject1.ThreadHandlerTest, TestProject1, Version=1.0.0.0, Culture=neutral, PublicKeyToken=null" name="getTimeTest" />
    </UnitTest>
    <UnitTest name="ThreadHandlerConstructorTest" storage="c:\users\mathias\studium\master\semester 1\programmierung\medienprogrammierung\programming\testproject1\bin\debug\testproject1.dll" id="cf2f512f-e3ec-d64c-76cd-f2dad22b45cd">
      <Execution id="99643d40-aa63-497a-8960-e8d20ebfb37d" />
      <TestMethod codeBase="C:/Users/mathias/studium/master/semester 1/programmierung/Medienprogrammierung/Programming/TestProject1/bin/Debug/TestProject1.DLL" adapterTypeName="Microsoft.VisualStudio.TestTools.TestTypes.Unit.UnitTestAdapter, Microsoft.VisualStudio.QualityTools.Tips.UnitTest.Adapter, Version=10.0.0.0, Culture=neutral, PublicKeyToken=b03f5f7f11d50a3a" className="TestProject1.ThreadHandlerTest, TestProject1, Version=1.0.0.0, Culture=neutral, PublicKeyToken=null" name="ThreadHandlerConstructorTest" />
    </UnitTest>
    <UnitTest name="get_lastTest" storage="c:\users\mathias\studium\master\semester 1\programmierung\medienprogrammierung\programming\testproject1\bin\debug\testproject1.dll" id="e47e284a-b0f2-867a-9c3d-a3b9b019db7c">
      <Execution id="4ddbdae5-a5cb-4065-b8a8-bcea92aebeb1" />
      <TestMethod codeBase="C:/Users/mathias/studium/master/semester 1/programmierung/Medienprogrammierung/Programming/TestProject1/bin/Debug/TestProject1.DLL" adapterTypeName="Microsoft.VisualStudio.TestTools.TestTypes.Unit.UnitTestAdapter, Microsoft.VisualStudio.QualityTools.Tips.UnitTest.Adapter, Version=10.0.0.0, Culture=neutral, PublicKeyToken=b03f5f7f11d50a3a" className="TestProject1.PixelStateTest, TestProject1, Version=1.0.0.0, Culture=neutral, PublicKeyToken=null" name="get_lastTest" />
    </UnitTest>
    <UnitTest name="save_PixelStateTest" storage="c:\users\mathias\studium\master\semester 1\programmierung\medienprogrammierung\programming\testproject1\bin\debug\testproject1.dll" id="9f5c1e07-d3c6-a508-adce-b5381cb99ec2">
      <Execution id="6c53e686-7196-46b7-9b1e-043546152bab" />
      <TestMethod codeBase="C:/Users/mathias/studium/master/semester 1/programmierung/Medienprogrammierung/Programming/TestProject1/bin/Debug/TestProject1.DLL" adapterTypeName="Microsoft.VisualStudio.TestTools.TestTypes.Unit.UnitTestAdapter, Microsoft.VisualStudio.QualityTools.Tips.UnitTest.Adapter, Version=10.0.0.0, Culture=neutral, PublicKeyToken=b03f5f7f11d50a3a" className="TestProject1.ThreadHandlerTest, TestProject1, Version=1.0.0.0, Culture=neutral, PublicKeyToken=null" name="save_PixelStateTest" />
    </UnitTest>
  </TestDefinitions>
  <TestLists>
    <TestList name="Nicht in einer Liste enthaltene Ergebnisse" id="8c84fa94-04c1-424b-9868-57a2d4851a1d" />
    <TestList name="Alle geladenen Ergebnisse" id="19431567-8539-422a-85d7-44ee4e166bda" />
  </TestLists>
  <TestEntries>
    <TestEntry testId="37f7fa63-e38f-d747-b2a4-90104bd11c78" executionId="b5b8b1a7-13d3-4584-94b7-84caf9d4b603" testListId="8c84fa94-04c1-424b-9868-57a2d4851a1d" />
    <TestEntry testId="b6d985b7-8ac2-ad2d-96aa-548b788286c5" executionId="70c2e513-1b8e-464c-b8d3-605f34861756" testListId="8c84fa94-04c1-424b-9868-57a2d4851a1d" />
    <TestEntry testId="e47e284a-b0f2-867a-9c3d-a3b9b019db7c" executionId="4ddbdae5-a5cb-4065-b8a8-bcea92aebeb1" testListId="8c84fa94-04c1-424b-9868-57a2d4851a1d" />
    <TestEntry testId="3196b23b-28ea-1580-8a76-65c8297f7f0d" executionId="f0581206-3e79-429d-aaa2-bdbd78a2a9dc" testListId="8c84fa94-04c1-424b-9868-57a2d4851a1d" />
    <TestEntry testId="fafc4f6d-5127-6b3c-75ce-070639d10101" executionId="5a811c0f-1285-4f7d-b67c-62a9c2e2ab89" testListId="8c84fa94-04c1-424b-9868-57a2d4851a1d" />
    <TestEntry testId="002d83ad-e4d7-31f9-b4df-1f60f1b5d3b4" executionId="885b8270-e033-4a02-91d7-e16ece3f172f" testListId="8c84fa94-04c1-424b-9868-57a2d4851a1d" />
    <TestEntry testId="78001a50-ff7e-88eb-9e4c-1447d4837f35" executionId="02e54a4c-1560-418c-bccb-00c5e0856827" testListId="8c84fa94-04c1-424b-9868-57a2d4851a1d" />
    <TestEntry testId="7890454c-0a6b-e2f7-057c-7d73ddaaa939" executionId="ab4de7a7-fbcf-47ab-a68e-f8c9912127ad" testListId="8c84fa94-04c1-424b-9868-57a2d4851a1d" />
    <TestEntry testId="cf2f512f-e3ec-d64c-76cd-f2dad22b45cd" executionId="99643d40-aa63-497a-8960-e8d20ebfb37d" testListId="8c84fa94-04c1-424b-9868-57a2d4851a1d" />
    <TestEntry testId="c17a41ff-1724-776a-23b7-c9e08163c9a8" executionId="1110dae7-74ce-45bb-8e24-15419428ab98" testListId="8c84fa94-04c1-424b-9868-57a2d4851a1d" />
    <TestEntry testId="b573db96-268a-85a5-d513-a40b0110ca2d" executionId="45229319-1997-4442-8f9f-6aa961b2e538" testListId="8c84fa94-04c1-424b-9868-57a2d4851a1d" />
    <TestEntry testId="70a1c56b-2926-56d3-d384-a7aa4f5f64e3" executionId="b7bcd496-c324-45bd-996b-ef848af2d8b2" testListId="8c84fa94-04c1-424b-9868-57a2d4851a1d" />
    <TestEntry testId="12236330-5422-6a79-c41f-2614bfda9226" executionId="ff9d03a1-404d-4251-a829-1ee0791d51e5" testListId="8c84fa94-04c1-424b-9868-57a2d4851a1d" />
    <TestEntry testId="518d9429-f1e2-c6b6-191d-aa275e2ecffe" executionId="272cd281-3753-44b3-9593-ecdcb3fee54d" testListId="8c84fa94-04c1-424b-9868-57a2d4851a1d" />
    <TestEntry testId="5ca0c1f6-2d3a-88b6-1bfe-844668d71a0a" executionId="c2d088a2-d03c-4238-87b1-6bd3d7aa2123" testListId="8c84fa94-04c1-424b-9868-57a2d4851a1d" />
    <TestEntry testId="9f5c1e07-d3c6-a508-adce-b5381cb99ec2" executionId="6c53e686-7196-46b7-9b1e-043546152bab" testListId="8c84fa94-04c1-424b-9868-57a2d4851a1d" />
    <TestEntry testId="0dfe1cd7-d495-1876-69e7-6ac597aa1bbd" executionId="9c80b6fc-f96f-4ca7-8c04-fa798a9b660b" testListId="8c84fa94-04c1-424b-9868-57a2d4851a1d" />
    <TestEntry testId="7d71edaf-c14b-63d9-80d9-3ceb4795ab69" executionId="955e8982-30c6-4259-9146-00349d192ab9" testListId="8c84fa94-04c1-424b-9868-57a2d4851a1d" />
    <TestEntry testId="04f5fa0a-27c4-cb2b-5bf8-37a8a1374577" executionId="6d94d737-9f00-4fc5-bc09-8b0793b9817e" testListId="8c84fa94-04c1-424b-9868-57a2d4851a1d" />
    <TestEntry testId="d595057a-93cd-79ea-b780-b06fe4591bbc" executionId="75b12927-87d2-46b1-a34b-50c7a2ccb644" testListId="8c84fa94-04c1-424b-9868-57a2d4851a1d" />
    <TestEntry testId="ed98a529-aab6-d61c-cfb4-73dfff4d2c0d" executionId="dc839fb5-c712-4c59-822f-188ac191d7c1" testListId="8c84fa94-04c1-424b-9868-57a2d4851a1d" />
    <TestEntry testId="d6f5ee68-bc22-0ee5-b9c1-df81399fcf61" executionId="027fdef7-9af5-47fd-87a4-74e8a2f1ec59" testListId="8c84fa94-04c1-424b-9868-57a2d4851a1d" />
    <TestEntry testId="c8cc5580-ead3-5acf-a1e1-3282adddd441" executionId="78550dad-d7eb-432d-bf57-5e78d8d65761" testListId="8c84fa94-04c1-424b-9868-57a2d4851a1d" />
    <TestEntry testId="c54b7c3d-97a4-cf3e-1b61-db666fb0b2b4" executionId="a205f4df-9f0f-44ec-9d2c-6b2ef8682e0f" testListId="8c84fa94-04c1-424b-9868-57a2d4851a1d" />
    <TestEntry testId="e94ba4b9-677d-b5cb-1b24-050f26be0897" executionId="37de782c-28d4-4968-80ae-7eb0704b938a" testListId="8c84fa94-04c1-424b-9868-57a2d4851a1d" />
    <TestEntry testId="b30649c3-9490-1525-b4f4-8e069a4e79f4" executionId="439ac7e9-c003-48e4-ac2e-bdb20be64517" testListId="8c84fa94-04c1-424b-9868-57a2d4851a1d" />
    <TestEntry testId="e2ad20fc-5473-ee46-2f75-88e5a48cb321" executionId="86925f81-39de-4aff-ad82-10727a175c38" testListId="8c84fa94-04c1-424b-9868-57a2d4851a1d" />
    <TestEntry testId="e7eac791-de3c-46f2-bce8-f4d477776f01" executionId="7d48a278-9af5-45b0-ba61-fdb45617ed79" testListId="8c84fa94-04c1-424b-9868-57a2d4851a1d" />
    <TestEntry testId="0154749f-78bc-bf28-ca06-2e5f09a33e51" executionId="f499a008-1174-4234-bc19-4ead512d1f20" testListId="8c84fa94-04c1-424b-9868-57a2d4851a1d" />
    <TestEntry testId="04635d02-4f9e-45d8-3e06-60b4ba2dbebd" executionId="e9aa7a48-8805-43f5-90db-7f60df6b8418" testListId="8c84fa94-04c1-424b-9868-57a2d4851a1d" />
    <TestEntry testId="cfa535a2-756a-5d02-badb-8fb7df1ef388" executionId="30f6b377-bd9e-43c3-96af-416161b9c37b" testListId="8c84fa94-04c1-424b-9868-57a2d4851a1d" />
    <TestEntry testId="5fafb705-0681-66bb-8720-8f83850173f6" executionId="817c0a98-5b16-43b3-874f-543626e90ed1" testListId="8c84fa94-04c1-424b-9868-57a2d4851a1d" />
    <TestEntry testId="d9cbe861-7ec5-3099-ba38-2c605d306673" executionId="a53d1e6c-4ea2-4d0a-8652-b0dfa4303d21" testListId="8c84fa94-04c1-424b-9868-57a2d4851a1d" />
    <TestEntry testId="f7cd8541-dc96-429d-5112-23b12e0d7bcb" executionId="9abe00e1-de90-46e9-b0e5-c1176605fb05" testListId="8c84fa94-04c1-424b-9868-57a2d4851a1d" />
    <TestEntry testId="c4c3c443-7469-c3ab-1664-55cbef9492d7" executionId="8d2e986d-6220-4ee7-9374-986c9eabab5e" testListId="8c84fa94-04c1-424b-9868-57a2d4851a1d" />
    <TestEntry testId="0ff7e0d0-a263-d910-623c-cc55a9dbcac2" executionId="ce543271-922d-4883-8e61-8930b7a02f1f" testListId="8c84fa94-04c1-424b-9868-57a2d4851a1d" />
    <TestEntry testId="75cc471e-1517-af11-e8dc-a61e8ea83941" executionId="c2feab51-bc23-4338-9e6b-9707b8a66218" testListId="8c84fa94-04c1-424b-9868-57a2d4851a1d" />
    <TestEntry testId="a09dfaf6-7239-4f0d-306e-6ed80bf95595" executionId="f66fa849-de9b-4c91-a424-4d1eb80d5872" testListId="8c84fa94-04c1-424b-9868-57a2d4851a1d" />
    <TestEntry testId="3be80adf-bcab-b9a9-d0fe-a1804ca70733" executionId="ae6434d9-9a2b-4d5f-86a1-5f7f65907984" testListId="8c84fa94-04c1-424b-9868-57a2d4851a1d" />
    <TestEntry testId="5d17ee44-b5cd-0e62-ac4b-1bc91d9bc224" executionId="9b1f19f1-c251-41e7-bc54-5eedb7570b4f" testListId="8c84fa94-04c1-424b-9868-57a2d4851a1d" />
    <TestEntry testId="7870b940-fe6b-7b30-3290-675eea668a00" executionId="f68a3721-57f1-4285-bfdc-b655cebd69f4" testListId="8c84fa94-04c1-424b-9868-57a2d4851a1d" />
    <TestEntry testId="2230829b-1f4f-d9e4-adb1-df3b8d64f72f" executionId="f3feabdd-45d5-4661-b8e4-2ecfeb98597f" testListId="8c84fa94-04c1-424b-9868-57a2d4851a1d" />
    <TestEntry testId="69e27bca-8834-dbda-d579-a227f1d890a9" executionId="c1334f2d-b0fc-4e66-89ec-dd4a050d508a" testListId="8c84fa94-04c1-424b-9868-57a2d4851a1d" />
    <TestEntry testId="cb6f91e9-958d-53a3-511f-f5e378b3ee24" executionId="9556df8b-daf8-4be4-9519-c931c999b698" testListId="8c84fa94-04c1-424b-9868-57a2d4851a1d" />
    <TestEntry testId="9a46fa9b-9a2e-3eff-02e4-ce3ff885083d" executionId="4f24eed9-0115-4b90-b16f-a7011cfb02fa" testListId="8c84fa94-04c1-424b-9868-57a2d4851a1d" />
    <TestEntry testId="808b215a-6a8c-b953-5df1-d3c332ac032c" executionId="c5f4dd65-ed47-44c9-a2c1-cd3b65719e8f" testListId="8c84fa94-04c1-424b-9868-57a2d4851a1d" />
  </TestEntries>
  <Results>
    <UnitTestResult executionId="b5b8b1a7-13d3-4584-94b7-84caf9d4b603" testId="37f7fa63-e38f-d747-b2a4-90104bd11c78" testName="addTest" computerName="MATHIAS-PC" duration="00:00:00.0231825" startTime="2011-12-21T22:37:25.5094488+01:00" endTime="2011-12-21T22:37:25.8084659+01:00" testType="13cdc9d9-ddb5-4fa4-a97d-d965ccfc6d4b" outcome="Passed" testListId="8c84fa94-04c1-424b-9868-57a2d4851a1d" relativeResultsDirectory="b5b8b1a7-13d3-4584-94b7-84caf9d4b603">
    </UnitTestResult>
    <UnitTestResult executionId="70c2e513-1b8e-464c-b8d3-605f34861756" testId="b6d985b7-8ac2-ad2d-96aa-548b788286c5" testName="getInstanceTest" computerName="MATHIAS-PC" duration="00:00:00.0003545" startTime="2011-12-21T22:37:25.8124662+01:00" endTime="2011-12-21T22:37:25.8184665+01:00" testType="13cdc9d9-ddb5-4fa4-a97d-d965ccfc6d4b" outcome="Passed" testListId="8c84fa94-04c1-424b-9868-57a2d4851a1d" relativeResultsDirectory="70c2e513-1b8e-464c-b8d3-605f34861756">
    </UnitTestResult>
    <UnitTestResult executionId="4ddbdae5-a5cb-4065-b8a8-bcea92aebeb1" testId="e47e284a-b0f2-867a-9c3d-a3b9b019db7c" testName="get_lastTest" computerName="MATHIAS-PC" duration="00:00:00.0018846" startTime="2011-12-21T22:37:25.8204666+01:00" endTime="2011-12-21T22:37:25.8274670+01:00" testType="13cdc9d9-ddb5-4fa4-a97d-d965ccfc6d4b" outcome="Passed" testListId="8c84fa94-04c1-424b-9868-57a2d4851a1d" relativeResultsDirectory="4ddbdae5-a5cb-4065-b8a8-bcea92aebeb1">
    </UnitTestResult>
    <UnitTestResult executionId="f0581206-3e79-429d-aaa2-bdbd78a2a9dc" testId="3196b23b-28ea-1580-8a76-65c8297f7f0d" testName="remove_lastTest" computerName="MATHIAS-PC" duration="00:00:00.0014980" startTime="2011-12-21T22:37:25.8294671+01:00" endTime="2011-12-21T22:37:25.8374676+01:00" testType="13cdc9d9-ddb5-4fa4-a97d-d965ccfc6d4b" outcome="Passed" testListId="8c84fa94-04c1-424b-9868-57a2d4851a1d" relativeResultsDirectory="f0581206-3e79-429d-aaa2-bdbd78a2a9dc">
    </UnitTestResult>
    <UnitTestResult executionId="5a811c0f-1285-4f7d-b67c-62a9c2e2ab89" testId="fafc4f6d-5127-6b3c-75ce-070639d10101" testName="resetTest" computerName="MATHIAS-PC" duration="00:00:00.0007662" startTime="2011-12-21T22:37:25.8384676+01:00" endTime="2011-12-21T22:37:25.8464681+01:00" testType="13cdc9d9-ddb5-4fa4-a97d-d965ccfc6d4b" outcome="Passed" testListId="8c84fa94-04c1-424b-9868-57a2d4851a1d" relativeResultsDirectory="5a811c0f-1285-4f7d-b67c-62a9c2e2ab89">
    </UnitTestResult>
    <UnitTestResult executionId="885b8270-e033-4a02-91d7-e16ece3f172f" testId="002d83ad-e4d7-31f9-b4df-1f60f1b5d3b4" testName="ImageObjectConstructorTest" computerName="MATHIAS-PC" duration="00:00:00.0007374" startTime="2011-12-21T22:37:25.8474682+01:00" endTime="2011-12-21T22:37:25.8544686+01:00" testType="13cdc9d9-ddb5-4fa4-a97d-d965ccfc6d4b" outcome="Passed" testListId="8c84fa94-04c1-424b-9868-57a2d4851a1d" relativeResultsDirectory="885b8270-e033-4a02-91d7-e16ece3f172f">
    </UnitTestResult>
    <UnitTestResult executionId="02e54a4c-1560-418c-bccb-00c5e0856827" testId="78001a50-ff7e-88eb-9e4c-1447d4837f35" testName="get_ImageTest" computerName="MATHIAS-PC" duration="00:00:00.0005223" startTime="2011-12-21T22:37:25.8554686+01:00" endTime="2011-12-21T22:37:25.8624690+01:00" testType="13cdc9d9-ddb5-4fa4-a97d-d965ccfc6d4b" outcome="Passed" testListId="8c84fa94-04c1-424b-9868-57a2d4851a1d" relativeResultsDirectory="02e54a4c-1560-418c-bccb-00c5e0856827">
    </UnitTestResult>
    <UnitTestResult executionId="ab4de7a7-fbcf-47ab-a68e-f8c9912127ad" testId="7890454c-0a6b-e2f7-057c-7d73ddaaa939" testName="get_ImageManipulatorTypeTest" computerName="MATHIAS-PC" duration="00:00:00.0010949" startTime="2011-12-21T22:37:25.8634691+01:00" endTime="2011-12-21T22:37:25.8694694+01:00" testType="13cdc9d9-ddb5-4fa4-a97d-d965ccfc6d4b" outcome="Passed" testListId="8c84fa94-04c1-424b-9868-57a2d4851a1d" relativeResultsDirectory="ab4de7a7-fbcf-47ab-a68e-f8c9912127ad">
    </UnitTestResult>
    <UnitTestResult executionId="99643d40-aa63-497a-8960-e8d20ebfb37d" testId="cf2f512f-e3ec-d64c-76cd-f2dad22b45cd" testName="ThreadHandlerConstructorTest" computerName="MATHIAS-PC" duration="00:00:00.0009348" startTime="2011-12-21T22:37:25.8704695+01:00" endTime="2011-12-21T22:37:25.8784699+01:00" testType="13cdc9d9-ddb5-4fa4-a97d-d965ccfc6d4b" outcome="Passed" testListId="8c84fa94-04c1-424b-9868-57a2d4851a1d" relativeResultsDirectory="99643d40-aa63-497a-8960-e8d20ebfb37d">
    </UnitTestResult>
    <UnitTestResult executionId="1110dae7-74ce-45bb-8e24-15419428ab98" testId="c17a41ff-1724-776a-23b7-c9e08163c9a8" testName="getInstanceTest" computerName="MATHIAS-PC" duration="00:00:00.0004603" startTime="2011-12-21T22:37:25.8794700+01:00" endTime="2011-12-21T22:37:25.8854703+01:00" testType="13cdc9d9-ddb5-4fa4-a97d-d965ccfc6d4b" outcome="Passed" testListId="8c84fa94-04c1-424b-9868-57a2d4851a1d" relativeResultsDirectory="1110dae7-74ce-45bb-8e24-15419428ab98">
    </UnitTestResult>
    <UnitTestResult executionId="45229319-1997-4442-8f9f-6aa961b2e538" testId="b573db96-268a-85a5-d513-a40b0110ca2d" testName="getThreadsTest" computerName="MATHIAS-PC" duration="00:00:00.0002848" startTime="2011-12-21T22:37:25.8874705+01:00" endTime="2011-12-21T22:37:25.8934708+01:00" testType="13cdc9d9-ddb5-4fa4-a97d-d965ccfc6d4b" outcome="Passed" testListId="8c84fa94-04c1-424b-9868-57a2d4851a1d" relativeResultsDirectory="45229319-1997-4442-8f9f-6aa961b2e538">
    </UnitTestResult>
    <UnitTestResult executionId="b7bcd496-c324-45bd-996b-ef848af2d8b2" testId="70a1c56b-2926-56d3-d384-a7aa4f5f64e3" testName="getTimeTest" computerName="MATHIAS-PC" duration="00:00:00.0004797" startTime="2011-12-21T22:37:25.8944709+01:00" endTime="2011-12-21T22:37:25.9014713+01:00" testType="13cdc9d9-ddb5-4fa4-a97d-d965ccfc6d4b" outcome="Passed" testListId="8c84fa94-04c1-424b-9868-57a2d4851a1d" relativeResultsDirectory="b7bcd496-c324-45bd-996b-ef848af2d8b2">
    </UnitTestResult>
    <UnitTestResult executionId="ff9d03a1-404d-4251-a829-1ee0791d51e5" testId="12236330-5422-6a79-c41f-2614bfda9226" testName="invoke_refreshTest" computerName="MATHIAS-PC" duration="00:00:00.0033264" startTime="2011-12-21T22:37:25.9024713+01:00" endTime="2011-12-21T22:37:25.9174722+01:00" testType="13cdc9d9-ddb5-4fa4-a97d-d965ccfc6d4b" outcome="Passed" testListId="8c84fa94-04c1-424b-9868-57a2d4851a1d" relativeResultsDirectory="ff9d03a1-404d-4251-a829-1ee0791d51e5">
    </UnitTestResult>
    <UnitTestResult executionId="272cd281-3753-44b3-9593-ecdcb3fee54d" testId="518d9429-f1e2-c6b6-191d-aa275e2ecffe" testName="refreshTest" computerName="MATHIAS-PC" duration="00:00:00.0021788" startTime="2011-12-21T22:37:25.9254726+01:00" endTime="2011-12-21T22:37:25.9344731+01:00" testType="13cdc9d9-ddb5-4fa4-a97d-d965ccfc6d4b" outcome="Passed" testListId="8c84fa94-04c1-424b-9868-57a2d4851a1d" relativeResultsDirectory="272cd281-3753-44b3-9593-ecdcb3fee54d">
    </UnitTestResult>
    <UnitTestResult executionId="c2d088a2-d03c-4238-87b1-6bd3d7aa2123" testId="5ca0c1f6-2d3a-88b6-1bfe-844668d71a0a" testName="registerTest" computerName="MATHIAS-PC" endTime="2011-12-21T22:37:26.4085003+01:00" testType="13cdc9d9-ddb5-4fa4-a97d-d965ccfc6d4b" testListId="8c84fa94-04c1-424b-9868-57a2d4851a1d" relativeResultsDirectory="c2d088a2-d03c-4238-87b1-6bd3d7aa2123">
      <Output>
        <ErrorInfo>
          <Message>Der Agent-Prozess wurde angehalten, solange der Test ausgeführt wird.</Message>
        </ErrorInfo>
      </Output>
    </UnitTestResult>
    <UnitTestResult executionId="6c53e686-7196-46b7-9b1e-043546152bab" testId="9f5c1e07-d3c6-a508-adce-b5381cb99ec2" testName="save_PixelStateTest" computerName="MATHIAS-PC" duration="00:00:00.0202625" startTime="2011-12-21T22:37:26.4315016+01:00" endTime="2011-12-21T22:37:26.7385191+01:00" testType="13cdc9d9-ddb5-4fa4-a97d-d965ccfc6d4b" outcome="Passed" testListId="8c84fa94-04c1-424b-9868-57a2d4851a1d" relativeResultsDirectory="6c53e686-7196-46b7-9b1e-043546152bab">
    </UnitTestResult>
    <UnitTestResult executionId="9c80b6fc-f96f-4ca7-8c04-fa798a9b660b" testId="0dfe1cd7-d495-1876-69e7-6ac597aa1bbd" testName="startTimeTest" computerName="MATHIAS-PC" duration="00:00:00.0049793" startTime="2011-12-21T22:37:26.7405192+01:00" endTime="2011-12-21T22:37:26.7495198+01:00" testType="13cdc9d9-ddb5-4fa4-a97d-d965ccfc6d4b" outcome="Passed" testListId="8c84fa94-04c1-424b-9868-57a2d4851a1d" relativeResultsDirectory="9c80b6fc-f96f-4ca7-8c04-fa798a9b660b">
    </UnitTestResult>
    <UnitTestResult executionId="955e8982-30c6-4259-9146-00349d192ab9" testId="7d71edaf-c14b-63d9-80d9-3ceb4795ab69" testName="threadsAreAliveTest" computerName="MATHIAS-PC" duration="00:00:00.0010369" startTime="2011-12-21T22:37:26.7515199+01:00" endTime="2011-12-21T22:37:26.7575202+01:00" testType="13cdc9d9-ddb5-4fa4-a97d-d965ccfc6d4b" outcome="Passed" testListId="8c84fa94-04c1-424b-9868-57a2d4851a1d" relativeResultsDirectory="955e8982-30c6-4259-9146-00349d192ab9">
    </UnitTestResult>
    <UnitTestResult executionId="6d94d737-9f00-4fc5-bc09-8b0793b9817e" testId="04f5fa0a-27c4-cb2b-5bf8-37a8a1374577" testName="try_refreshTest" computerName="MATHIAS-PC" duration="00:00:00.0001442" startTime="2011-12-21T22:37:26.7585203+01:00" endTime="2011-12-21T22:37:26.7645206+01:00" testType="13cdc9d9-ddb5-4fa4-a97d-d965ccfc6d4b" outcome="Passed" testListId="8c84fa94-04c1-424b-9868-57a2d4851a1d" relativeResultsDirectory="6d94d737-9f00-4fc5-bc09-8b0793b9817e">
    </UnitTestResult>
    <UnitTestResult executionId="75b12927-87d2-46b1-a34b-50c7a2ccb644" testId="d595057a-93cd-79ea-b780-b06fe4591bbc" testName="try_save_PixelStateTest" computerName="MATHIAS-PC" duration="00:00:00.0011597" startTime="2011-12-21T22:37:26.7665207+01:00" endTime="2011-12-21T22:37:26.7725211+01:00" testType="13cdc9d9-ddb5-4fa4-a97d-d965ccfc6d4b" outcome="Passed" testListId="8c84fa94-04c1-424b-9868-57a2d4851a1d" relativeResultsDirectory="75b12927-87d2-46b1-a34b-50c7a2ccb644">
    </UnitTestResult>
    <UnitTestResult executionId="dc839fb5-c712-4c59-822f-188ac191d7c1" testId="ed98a529-aab6-d61c-cfb4-73dfff4d2c0d" testName="performTest" computerName="MATHIAS-PC" duration="00:00:00.0035553" startTime="2011-12-21T22:37:26.7745212+01:00" endTime="2011-12-21T22:37:26.7835217+01:00" testType="13cdc9d9-ddb5-4fa4-a97d-d965ccfc6d4b" outcome="Passed" testListId="8c84fa94-04c1-424b-9868-57a2d4851a1d" relativeResultsDirectory="dc839fb5-c712-4c59-822f-188ac191d7c1">
    </UnitTestResult>
    <UnitTestResult executionId="027fdef7-9af5-47fd-87a4-74e8a2f1ec59" testId="d6f5ee68-bc22-0ee5-b9c1-df81399fcf61" testName="performTest1" computerName="MATHIAS-PC" duration="00:00:00.0017574" startTime="2011-12-21T22:37:26.7845218+01:00" endTime="2011-12-21T22:37:26.7925222+01:00" testType="13cdc9d9-ddb5-4fa4-a97d-d965ccfc6d4b" outcome="Passed" testListId="8c84fa94-04c1-424b-9868-57a2d4851a1d" relativeResultsDirectory="027fdef7-9af5-47fd-87a4-74e8a2f1ec59">
    </UnitTestResult>
    <UnitTestResult executionId="78550dad-d7eb-432d-bf57-5e78d8d65761" testId="c8cc5580-ead3-5acf-a1e1-3282adddd441" testName="computeHeightStepsTest" computerName="MATHIAS-PC" duration="00:00:00.0014555" startTime="2011-12-21T22:37:26.7935223+01:00" endTime="2011-12-21T22:37:26.8025228+01:00" testType="13cdc9d9-ddb5-4fa4-a97d-d965ccfc6d4b" outcome="Passed" testListId="8c84fa94-04c1-424b-9868-57a2d4851a1d" relativeResultsDirectory="78550dad-d7eb-432d-bf57-5e78d8d65761">
    </UnitTestResult>
    <UnitTestResult executionId="a205f4df-9f0f-44ec-9d2c-6b2ef8682e0f" testId="c54b7c3d-97a4-cf3e-1b61-db666fb0b2b4" testName="ImageManipulatorConstructorTest" computerName="MATHIAS-PC" duration="00:00:00.0009016" startTime="2011-12-21T22:37:26.8085231+01:00" endTime="2011-12-21T22:37:26.8155235+01:00" testType="13cdc9d9-ddb5-4fa4-a97d-d965ccfc6d4b" outcome="Passed" testListId="8c84fa94-04c1-424b-9868-57a2d4851a1d" relativeResultsDirectory="a205f4df-9f0f-44ec-9d2c-6b2ef8682e0f">
    </UnitTestResult>
    <UnitTestResult executionId="37de782c-28d4-4968-80ae-7eb0704b938a" testId="e94ba4b9-677d-b5cb-1b24-050f26be0897" testName="getInstanceTest" computerName="MATHIAS-PC" duration="00:00:00.0008995" startTime="2011-12-21T22:37:26.8165236+01:00" endTime="2011-12-21T22:37:26.8235240+01:00" testType="13cdc9d9-ddb5-4fa4-a97d-d965ccfc6d4b" outcome="Passed" testListId="8c84fa94-04c1-424b-9868-57a2d4851a1d" relativeResultsDirectory="37de782c-28d4-4968-80ae-7eb0704b938a">
    </UnitTestResult>
    <UnitTestResult executionId="439ac7e9-c003-48e4-ac2e-bdb20be64517" testId="b30649c3-9490-1525-b4f4-8e069a4e79f4" testName="setMainFormTest" computerName="MATHIAS-PC" duration="00:00:00.1331601" startTime="2011-12-21T22:37:26.8255241+01:00" endTime="2011-12-21T22:37:26.9685323+01:00" testType="13cdc9d9-ddb5-4fa4-a97d-d965ccfc6d4b" outcome="Passed" testListId="8c84fa94-04c1-424b-9868-57a2d4851a1d" relativeResultsDirectory="439ac7e9-c003-48e4-ac2e-bdb20be64517">
    </UnitTestResult>
    <UnitTestResult executionId="86925f81-39de-4aff-ad82-10727a175c38" testId="e2ad20fc-5473-ee46-2f75-88e5a48cb321" testName="setPictureBoxTest" computerName="MATHIAS-PC" duration="00:00:00.0018340" startTime="2011-12-21T22:37:26.9705324+01:00" endTime="2011-12-21T22:37:26.9775328+01:00" testType="13cdc9d9-ddb5-4fa4-a97d-d965ccfc6d4b" outcome="Passed" testListId="8c84fa94-04c1-424b-9868-57a2d4851a1d" relativeResultsDirectory="86925f81-39de-4aff-ad82-10727a175c38">
    </UnitTestResult>
    <UnitTestResult executionId="7d48a278-9af5-45b0-ba61-fdb45617ed79" testId="e7eac791-de3c-46f2-bce8-f4d477776f01" testName="undoTest" computerName="MATHIAS-PC" duration="00:00:00.0386749" startTime="2011-12-21T22:37:26.9815330+01:00" endTime="2011-12-21T22:37:27.0265356+01:00" testType="13cdc9d9-ddb5-4fa4-a97d-d965ccfc6d4b" outcome="Failed" testListId="8c84fa94-04c1-424b-9868-57a2d4851a1d" relativeResultsDirectory="7d48a278-9af5-45b0-ba61-fdb45617ed79">
      <Output>
        <ErrorInfo>
          <Message>Fehler bei "Assert.AreEqual". Erwartet:&lt;System.Drawing.Bitmap&gt;. Tatsächlich:&lt;System.Drawing.Bitmap&gt;. Das System wirft einen Fehler weil er bekommt was er erwartet. ALLES KLAAR!!! :(</Message>
          <StackTrace>   bei TestProject1.ControllerTest.undoTest() in C:\Users\mathias\studium\master\semester 1\programmierung\Medienprogrammierung\Programming\TestProject1\ControllerTest.cs:Zeile 152.
</StackTrace>
        </ErrorInfo>
      </Output>
    </UnitTestResult>
    <UnitTestResult executionId="f499a008-1174-4234-bc19-4ead512d1f20" testId="0154749f-78bc-bf28-ca06-2e5f09a33e51" testName="performTest" computerName="MATHIAS-PC" duration="00:00:00.0009295" startTime="2011-12-21T22:37:27.0325359+01:00" endTime="2011-12-21T22:37:27.0385363+01:00" testType="13cdc9d9-ddb5-4fa4-a97d-d965ccfc6d4b" outcome="Passed" testListId="8c84fa94-04c1-424b-9868-57a2d4851a1d" relativeResultsDirectory="f499a008-1174-4234-bc19-4ead512d1f20">
    </UnitTestResult>
    <UnitTestResult executionId="e9aa7a48-8805-43f5-90db-7f60df6b8418" testId="04635d02-4f9e-45d8-3e06-60b4ba2dbebd" testName="BlackWhiteFilterConstructorTest" computerName="MATHIAS-PC" duration="00:00:00.0003918" startTime="2011-12-21T22:37:27.0405364+01:00" endTime="2011-12-21T22:37:27.0465367+01:00" testType="13cdc9d9-ddb5-4fa4-a97d-d965ccfc6d4b" outcome="Passed" testListId="8c84fa94-04c1-424b-9868-57a2d4851a1d" relativeResultsDirectory="e9aa7a48-8805-43f5-90db-7f60df6b8418">
    </UnitTestResult>
    <UnitTestResult executionId="30f6b377-bd9e-43c3-96af-416161b9c37b" testId="cfa535a2-756a-5d02-badb-8fb7df1ef388" testName="GrayscaleFilterConstructorTest" computerName="MATHIAS-PC" duration="00:00:00.0006686" startTime="2011-12-21T22:37:27.0485369+01:00" endTime="2011-12-21T22:37:27.0555373+01:00" testType="13cdc9d9-ddb5-4fa4-a97d-d965ccfc6d4b" outcome="Passed" testListId="8c84fa94-04c1-424b-9868-57a2d4851a1d" relativeResultsDirectory="30f6b377-bd9e-43c3-96af-416161b9c37b">
    </UnitTestResult>
    <UnitTestResult executionId="817c0a98-5b16-43b3-874f-543626e90ed1" testId="5fafb705-0681-66bb-8720-8f83850173f6" testName="performTest" computerName="MATHIAS-PC" duration="00:00:00.0005223" startTime="2011-12-21T22:37:27.0625377+01:00" endTime="2011-12-21T22:37:27.0695381+01:00" testType="13cdc9d9-ddb5-4fa4-a97d-d965ccfc6d4b" outcome="Passed" testListId="8c84fa94-04c1-424b-9868-57a2d4851a1d" relativeResultsDirectory="817c0a98-5b16-43b3-874f-543626e90ed1">
    </UnitTestResult>
    <UnitTestResult executionId="a53d1e6c-4ea2-4d0a-8652-b0dfa4303d21" testId="d9cbe861-7ec5-3099-ba38-2c605d306673" testName="InvertFilterConstructorTest" computerName="MATHIAS-PC" duration="00:00:00.0008225" startTime="2011-12-21T22:37:27.0735383+01:00" endTime="2011-12-21T22:37:27.0805387+01:00" testType="13cdc9d9-ddb5-4fa4-a97d-d965ccfc6d4b" outcome="Passed" testListId="8c84fa94-04c1-424b-9868-57a2d4851a1d" relativeResultsDirectory="a53d1e6c-4ea2-4d0a-8652-b0dfa4303d21">
    </UnitTestResult>
    <UnitTestResult executionId="9abe00e1-de90-46e9-b0e5-c1176605fb05" testId="f7cd8541-dc96-429d-5112-23b12e0d7bcb" testName="performTest" computerName="MATHIAS-PC" duration="00:00:00.0007581" startTime="2011-12-21T22:37:27.0845389+01:00" endTime="2011-12-21T22:37:27.0925394+01:00" testType="13cdc9d9-ddb5-4fa4-a97d-d965ccfc6d4b" outcome="Passed" testListId="8c84fa94-04c1-424b-9868-57a2d4851a1d" relativeResultsDirectory="9abe00e1-de90-46e9-b0e5-c1176605fb05">
    </UnitTestResult>
    <UnitTestResult executionId="8d2e986d-6220-4ee7-9374-986c9eabab5e" testId="c4c3c443-7469-c3ab-1664-55cbef9492d7" testName="performTest" computerName="MATHIAS-PC" duration="00:00:00.0012902" startTime="2011-12-21T22:37:27.0945395+01:00" endTime="2011-12-21T22:37:27.1055401+01:00" testType="13cdc9d9-ddb5-4fa4-a97d-d965ccfc6d4b" outcome="Passed" testListId="8c84fa94-04c1-424b-9868-57a2d4851a1d" relativeResultsDirectory="8d2e986d-6220-4ee7-9374-986c9eabab5e">
    </UnitTestResult>
    <UnitTestResult executionId="ce543271-922d-4883-8e61-8930b7a02f1f" testId="0ff7e0d0-a263-d910-623c-cc55a9dbcac2" testName="OscillationFilterConstructorTest" computerName="MATHIAS-PC" duration="00:00:00.0004963" startTime="2011-12-21T22:37:27.1085403+01:00" endTime="2011-12-21T22:37:27.1165407+01:00" testType="13cdc9d9-ddb5-4fa4-a97d-d965ccfc6d4b" outcome="Passed" testListId="8c84fa94-04c1-424b-9868-57a2d4851a1d" relativeResultsDirectory="ce543271-922d-4883-8e61-8930b7a02f1f">
    </UnitTestResult>
    <UnitTestResult executionId="c2feab51-bc23-4338-9e6b-9707b8a66218" testId="75cc471e-1517-af11-e8dc-a61e8ea83941" testName="performTest" computerName="MATHIAS-PC" duration="00:00:00.0010592" startTime="2011-12-21T22:37:27.1195409+01:00" endTime="2011-12-21T22:37:27.1275414+01:00" testType="13cdc9d9-ddb5-4fa4-a97d-d965ccfc6d4b" outcome="Passed" testListId="8c84fa94-04c1-424b-9868-57a2d4851a1d" relativeResultsDirectory="c2feab51-bc23-4338-9e6b-9707b8a66218">
    </UnitTestResult>
    <UnitTestResult executionId="f66fa849-de9b-4c91-a424-4d1eb80d5872" testId="a09dfaf6-7239-4f0d-306e-6ed80bf95595" testName="RGB_ModeFilterConstructorTest" computerName="MATHIAS-PC" duration="00:00:00.0004493" startTime="2011-12-21T22:37:27.1295415+01:00" endTime="2011-12-21T22:37:27.1355418+01:00" testType="13cdc9d9-ddb5-4fa4-a97d-d965ccfc6d4b" outcome="Passed" testListId="8c84fa94-04c1-424b-9868-57a2d4851a1d" relativeResultsDirectory="f66fa849-de9b-4c91-a424-4d1eb80d5872">
    </UnitTestResult>
    <UnitTestResult executionId="ae6434d9-9a2b-4d5f-86a1-5f7f65907984" testId="3be80adf-bcab-b9a9-d0fe-a1804ca70733" testName="rotateTest" computerName="MATHIAS-PC" duration="00:00:00.0008598" startTime="2011-12-21T22:37:27.1365419+01:00" endTime="2011-12-21T22:37:27.1425422+01:00" testType="13cdc9d9-ddb5-4fa4-a97d-d965ccfc6d4b" outcome="Passed" testListId="8c84fa94-04c1-424b-9868-57a2d4851a1d" relativeResultsDirectory="ae6434d9-9a2b-4d5f-86a1-5f7f65907984">
    </UnitTestResult>
    <UnitTestResult executionId="9b1f19f1-c251-41e7-bc54-5eedb7570b4f" testId="5d17ee44-b5cd-0e62-ac4b-1bc91d9bc224" testName="RotateFilterConstructorTest" computerName="MATHIAS-PC" duration="00:00:00.0002524" startTime="2011-12-21T22:37:27.1445424+01:00" endTime="2011-12-21T22:37:27.1495426+01:00" testType="13cdc9d9-ddb5-4fa4-a97d-d965ccfc6d4b" outcome="Passed" testListId="8c84fa94-04c1-424b-9868-57a2d4851a1d" relativeResultsDirectory="9b1f19f1-c251-41e7-bc54-5eedb7570b4f">
    </UnitTestResult>
    <UnitTestResult executionId="f68a3721-57f1-4285-bfdc-b655cebd69f4" testId="7870b940-fe6b-7b30-3290-675eea668a00" testName="performTest" computerName="MATHIAS-PC" duration="00:00:00.0008039" startTime="2011-12-21T22:37:27.1495426+01:00" endTime="2011-12-21T22:37:27.1555430+01:00" testType="13cdc9d9-ddb5-4fa4-a97d-d965ccfc6d4b" outcome="Passed" testListId="8c84fa94-04c1-424b-9868-57a2d4851a1d" relativeResultsDirectory="f68a3721-57f1-4285-bfdc-b655cebd69f4">
    </UnitTestResult>
    <UnitTestResult executionId="f3feabdd-45d5-4661-b8e4-2ecfeb98597f" testId="2230829b-1f4f-d9e4-adb1-df3b8d64f72f" testName="SepiaFilterConstructorTest" computerName="MATHIAS-PC" duration="00:00:00.0003618" startTime="2011-12-21T22:37:27.1565430+01:00" endTime="2011-12-21T22:37:27.1615433+01:00" testType="13cdc9d9-ddb5-4fa4-a97d-d965ccfc6d4b" outcome="Passed" testListId="8c84fa94-04c1-424b-9868-57a2d4851a1d" relativeResultsDirectory="f3feabdd-45d5-4661-b8e4-2ecfeb98597f">
    </UnitTestResult>
    <UnitTestResult executionId="c1334f2d-b0fc-4e66-89ec-dd4a050d508a" testId="69e27bca-8834-dbda-d579-a227f1d890a9" testName="performTest" computerName="MATHIAS-PC" duration="00:00:00.0008570" startTime="2011-12-21T22:37:27.1625434+01:00" endTime="2011-12-21T22:37:27.1685437+01:00" testType="13cdc9d9-ddb5-4fa4-a97d-d965ccfc6d4b" outcome="Passed" testListId="8c84fa94-04c1-424b-9868-57a2d4851a1d" relativeResultsDirectory="c1334f2d-b0fc-4e66-89ec-dd4a050d508a">
    </UnitTestResult>
    <UnitTestResult executionId="9556df8b-daf8-4be4-9519-c931c999b698" testId="cb6f91e9-958d-53a3-511f-f5e378b3ee24" testName="ErrorDiffusionFilterConstructorTest" computerName="MATHIAS-PC" duration="00:00:00.0003841" startTime="2011-12-21T22:37:27.1695438+01:00" endTime="2011-12-21T22:37:27.1735440+01:00" testType="13cdc9d9-ddb5-4fa4-a97d-d965ccfc6d4b" outcome="Passed" testListId="8c84fa94-04c1-424b-9868-57a2d4851a1d" relativeResultsDirectory="9556df8b-daf8-4be4-9519-c931c999b698">
    </UnitTestResult>
    <UnitTestResult executionId="4f24eed9-0115-4b90-b16f-a7011cfb02fa" testId="9a46fa9b-9a2e-3eff-02e4-ce3ff885083d" testName="MainTest" computerName="MATHIAS-PC" duration="00:00:01.8082394" startTime="2011-12-21T22:37:27.1755441+01:00" endTime="2011-12-21T22:37:28.9976483+01:00" testType="13cdc9d9-ddb5-4fa4-a97d-d965ccfc6d4b" outcome="Passed" testListId="8c84fa94-04c1-424b-9868-57a2d4851a1d" relativeResultsDirectory="4f24eed9-0115-4b90-b16f-a7011cfb02fa">
    </UnitTestResult>
    <UnitTestResult executionId="c5f4dd65-ed47-44c9-a2c1-cd3b65719e8f" testId="808b215a-6a8c-b953-5df1-d3c332ac032c" testName="setNameTest" computerName="MATHIAS-PC" duration="00:00:00.0015840" startTime="2011-12-21T22:37:29.0106491+01:00" endTime="2011-12-21T22:37:29.0366506+01:00" testType="13cdc9d9-ddb5-4fa4-a97d-d965ccfc6d4b" outcome="Inconclusive" testListId="8c84fa94-04c1-424b-9868-57a2d4851a1d" relativeResultsDirectory="c5f4dd65-ed47-44c9-a2c1-cd3b65719e8f">
      <Output>
        <ErrorInfo>
          <Message>Fehler bei "Assert.Inconclusive". Eine Methode, die keinen Wert zurückgibt, kann nicht überprüft werden.</Message>
          <StackTrace>   bei TestProject1.UserTest.setNameTest() in C:\Users\mathias\studium\master\semester 1\programmierung\Medienprogrammierung\Programming\TestProject1\UserTest.cs:Zeile 76.
</StackTrace>
        </ErrorInfo>
      </Output>
    </UnitTestResult>
  </Results>
</TestRun>