<?xml version="1.0" encoding="UTF-8"?>
<TestRun id="97d46217-965b-47e3-8b6e-edee77f62bff" name="mathias@MATHIAS-PC 2011-12-21 21:38:11" runUser="mathias-PC\mathias" xmlns="http://microsoft.com/schemas/VisualStudio/TeamTest/2010">
  <TestSettings name="Lokal" id="2f49c074-a861-4ffa-afec-cc51f40226af">
    <Description>Dies sind die standardmäßigen Testeinstellungen für einen lokalen Testlauf.</Description>
    <Deployment enabled="false" runDeploymentRoot="mathias_MATHIAS-PC 2011-12-21 21_38_11">
      <DeploymentItem filename="C:\Users\mathias\studium\master\semester 1\programmierung\Medienprogrammierung\Programming\Programming\bin\Release\Newtonsoft.Json.dll" />
      <DeploymentItem filename="C:\Users\mathias\studium\master\semester 1\programmierung\Medienprogrammierung\Programming\Programming\bin\Release\Facebook.dll" />
      <DeploymentItem filename="C:\Users\mathias\studium\master\semester 1\programmierung\Medienprogrammierung\Programming\Programming\bin\Debug\Programming.exe" />
    </Deployment>
    <Execution>
      <TestTypeSpecific />
      <AgentRule name="Execution Agents">
      </AgentRule>
    </Execution>
  </TestSettings>
  <Times creation="2011-12-21T21:38:11.8239555+01:00" queuing="2011-12-21T21:38:11.8399564+01:00" start="2011-12-21T21:38:11.8479569+01:00" finish="2011-12-21T21:38:12.1039715+01:00" />
  <ResultSummary outcome="Completed">
    <Counters total="1" executed="1" passed="1" error="0" failed="0" timeout="0" aborted="0" inconclusive="0" passedButRunAborted="0" notRunnable="0" notExecuted="0" disconnected="0" warning="0" completed="0" inProgress="0" pending="0" />
  </ResultSummary>
  <TestDefinitions>
    <UnitTest name="save_PixelStateTest" storage="c:\users\mathias\studium\master\semester 1\programmierung\medienprogrammierung\programming\testproject1\bin\debug\testproject1.dll" id="9f5c1e07-d3c6-a508-adce-b5381cb99ec2">
      <Execution id="327595cd-3db8-4c1d-b60a-459edfc2b023" />
      <TestMethod codeBase="C:/Users/mathias/studium/master/semester 1/programmierung/Medienprogrammierung/Programming/TestProject1/bin/Debug/TestProject1.DLL" adapterTypeName="Microsoft.VisualStudio.TestTools.TestTypes.Unit.UnitTestAdapter, Microsoft.VisualStudio.QualityTools.Tips.UnitTest.Adapter, Version=10.0.0.0, Culture=neutral, PublicKeyToken=b03f5f7f11d50a3a" className="TestProject1.ThreadHandlerTest, TestProject1, Version=1.0.0.0, Culture=neutral, PublicKeyToken=null" name="save_PixelStateTest" />
    </UnitTest>
  </TestDefinitions>
  <TestLists>
    <TestList name="Nicht in einer Liste enthaltene Ergebnisse" id="8c84fa94-04c1-424b-9868-57a2d4851a1d" />
    <TestList name="Alle geladenen Ergebnisse" id="19431567-8539-422a-85d7-44ee4e166bda" />
  </TestLists>
  <TestEntries>
    <TestEntry testId="9f5c1e07-d3c6-a508-adce-b5381cb99ec2" executionId="327595cd-3db8-4c1d-b60a-459edfc2b023" testListId="8c84fa94-04c1-424b-9868-57a2d4851a1d" />
  </TestEntries>
  <Results>
    <UnitTestResult executionId="327595cd-3db8-4c1d-b60a-459edfc2b023" testId="9f5c1e07-d3c6-a508-adce-b5381cb99ec2" testName="save_PixelStateTest" computerName="MATHIAS-PC" duration="00:00:00.0195412" startTime="2011-12-21T21:38:11.8509570+01:00" endTime="2011-12-21T21:38:12.0899707+01:00" testType="13cdc9d9-ddb5-4fa4-a97d-d965ccfc6d4b" outcome="Passed" testListId="8c84fa94-04c1-424b-9868-57a2d4851a1d" relativeResultsDirectory="327595cd-3db8-4c1d-b60a-459edfc2b023">
    </UnitTestResult>
  </Results>
</TestRun>