<?xml version="1.0" encoding="UTF-8"?>
<TestRun id="72dbb348-96f4-4f00-a49f-a5561aa129b2" name="mathias@MATHIAS-PC 2012-01-21 18:04:37" runUser="mathias-PC\mathias" xmlns="http://microsoft.com/schemas/VisualStudio/TeamTest/2010">
  <TestSettings name="Lokal" id="2f49c074-a861-4ffa-afec-cc51f40226af">
    <Description>Dies sind die standardmäßigen Testeinstellungen für einen lokalen Testlauf.</Description>
    <Deployment userDeploymentRoot="C:\Users\mathias\studium\master\semester 1\programmierung\Medienprogrammierung\Programming\TestResults" useDefaultDeploymentRoot="false" enabled="false" runDeploymentRoot="mathias_MATHIAS-PC 2012-01-21 18_04_37">
      <DeploymentItem filename="C:\Users\mathias\studium\master\semester 1\programmierung\Medienprogrammierung\Programming\Programming\bin\Release\Newtonsoft.Json.dll" />
      <DeploymentItem filename="C:\Users\mathias\studium\master\semester 1\programmierung\Medienprogrammierung\Programming\Programming\bin\Debug\AForge.Video.dll" />
      <DeploymentItem filename="C:\Users\mathias\studium\master\semester 1\programmierung\Medienprogrammierung\Programming\Programming\bin\Debug\AForge.Video.DirectShow.dll" />
      <DeploymentItem filename="C:\Users\mathias\studium\master\semester 1\programmierung\Medienprogrammierung\Programming\Programming\bin\Release\Facebook.dll" />
      <DeploymentItem filename="C:\Users\mathias\studium\master\semester 1\programmierung\Medienprogrammierung\Programming\Programming\bin\Debug\Programming.exe" />
    </Deployment>
    <Execution>
      <TestTypeSpecific />
      <AgentRule name="Execution Agents">
      </AgentRule>
    </Execution>
  </TestSettings>
  <Times creation="2012-01-21T18:04:37.9402765+01:00" queuing="2012-01-21T18:04:37.9552765+01:00" start="2012-01-21T18:04:37.9702766+01:00" finish="2012-01-21T18:04:38.5052773+01:00" />
  <ResultSummary outcome="Completed">
    <Counters total="1" executed="1" passed="1" error="0" failed="0" timeout="0" aborted="0" inconclusive="0" passedButRunAborted="0" notRunnable="0" notExecuted="0" disconnected="0" warning="0" completed="0" inProgress="0" pending="0" />
  </ResultSummary>
  <TestDefinitions>
    <UnitTest name="get_min_valueTest" storage="c:\users\mathias\studium\master\semester 1\programmierung\medienprogrammierung\programming\testproject1\bin\debug\testproject1.dll" id="0f107fbf-ef5c-29e2-8236-37d1c0c26375">
      <Execution id="85354f8b-7f1a-400c-a685-76e6897464ad" />
      <TestMethod codeBase="C:/Users/mathias/studium/master/semester 1/programmierung/Medienprogrammierung/Programming/TestProject1/bin/Debug/TestProject1.DLL" adapterTypeName="Microsoft.VisualStudio.TestTools.TestTypes.Unit.UnitTestAdapter, Microsoft.VisualStudio.QualityTools.Tips.UnitTest.Adapter, Version=10.0.0.0, Culture=neutral, PublicKeyToken=b03f5f7f11d50a3a" className="TestProject1.StatistikModelTest, TestProject1, Version=1.0.0.0, Culture=neutral, PublicKeyToken=null" name="get_min_valueTest" />
    </UnitTest>
  </TestDefinitions>
  <TestLists>
    <TestList name="Nicht in einer Liste enthaltene Ergebnisse" id="8c84fa94-04c1-424b-9868-57a2d4851a1d" />
    <TestList name="Alle geladenen Ergebnisse" id="19431567-8539-422a-85d7-44ee4e166bda" />
  </TestLists>
  <TestEntries>
    <TestEntry testId="0f107fbf-ef5c-29e2-8236-37d1c0c26375" executionId="85354f8b-7f1a-400c-a685-76e6897464ad" testListId="8c84fa94-04c1-424b-9868-57a2d4851a1d" />
  </TestEntries>
  <Results>
    <UnitTestResult executionId="85354f8b-7f1a-400c-a685-76e6897464ad" testId="0f107fbf-ef5c-29e2-8236-37d1c0c26375" testName="get_min_valueTest" computerName="MATHIAS-PC" duration="00:00:00.0269593" startTime="2012-01-21T18:04:37.9702766+01:00" endTime="2012-01-21T18:04:38.3802771+01:00" testType="13cdc9d9-ddb5-4fa4-a97d-d965ccfc6d4b" outcome="Passed" testListId="8c84fa94-04c1-424b-9868-57a2d4851a1d" relativeResultsDirectory="85354f8b-7f1a-400c-a685-76e6897464ad">
    </UnitTestResult>
  </Results>
</TestRun>