<?xml version="1.0" encoding="UTF-8"?>
<TestRun id="200f1809-34be-45dd-b7b3-c69ee224ccca" name="mathias@MATHIAS-PC 2011-12-21 22:29:43" runUser="mathias-PC\mathias" xmlns="http://microsoft.com/schemas/VisualStudio/TeamTest/2010">
  <TestSettings name="Lokal" id="2f49c074-a861-4ffa-afec-cc51f40226af">
    <Description>Dies sind die standardmäßigen Testeinstellungen für einen lokalen Testlauf.</Description>
    <Deployment enabled="false" runDeploymentRoot="mathias_MATHIAS-PC 2011-12-21 22_29_43">
      <DeploymentItem filename="C:\Users\mathias\studium\master\semester 1\programmierung\Medienprogrammierung\Programming\Programming\bin\Release\Newtonsoft.Json.dll" />
      <DeploymentItem filename="C:\Users\mathias\studium\master\semester 1\programmierung\Medienprogrammierung\Programming\Programming\bin\Release\Facebook.dll" />
      <DeploymentItem filename="C:\Users\mathias\studium\master\semester 1\programmierung\Medienprogrammierung\Programming\Programming\bin\Debug\Programming.exe" />
    </Deployment>
    <Execution>
      <TestTypeSpecific />
      <AgentRule name="Execution Agents">
      </AgentRule>
    </Execution>
  </TestSettings>
  <Times creation="2011-12-21T22:29:43.8930459+01:00" queuing="2011-12-21T22:29:43.9380485+01:00" start="2011-12-21T22:29:43.9470490+01:00" finish="2011-12-21T22:29:44.2880685+01:00" />
  <ResultSummary outcome="Error">
    <Counters total="1" executed="1" passed="1" error="0" failed="0" timeout="0" aborted="0" inconclusive="0" passedButRunAborted="0" notRunnable="0" notExecuted="0" disconnected="0" warning="0" completed="0" inProgress="0" pending="0" />
    <RunInfos>
      <RunInfo computerName="MATHIAS-PC" outcome="Error" timestamp="2011-12-21T22:29:44.2310652+01:00">
        <Text>Einer der Hintergrundthreads hat eine Ausnahme ausgelöst: 
System.InvalidOperationException: Invoke oder BeginInvoke kann für ein Steuerelement erst aufgerufen werden, wenn das Fensterhandle erstellt wurde.
   bei System.Windows.Forms.Control.MarshaledInvoke(Control caller, Delegate method, Object[] args, Boolean synchronous)
   bei System.Windows.Forms.Control.Invoke(Delegate method, Object[] args)
   bei System.Windows.Forms.Control.Invoke(Delegate method)
   bei Programming.ThreadHandler.try_refresh() in C:\Users\mathias\studium\master\semester 1\programmierung\Medienprogrammierung\Programming\Programming\ThreadHandler.cs:Zeile 111.
   bei Programming.ThreadHandler.&lt;refresh&gt;b__1() in C:\Users\mathias\studium\master\semester 1\programmierung\Medienprogrammierung\Programming\Programming\ThreadHandler.cs:Zeile 86.
   bei System.Threading.ThreadHelper.ThreadStart_Context(Object state)
   bei System.Threading.ExecutionContext.runTryCode(Object userData)
   bei System.Runtime.CompilerServices.RuntimeHelpers.ExecuteCodeWithGuaranteedCleanup(TryCode code, CleanupCode backoutCode, Object userData)
   bei System.Threading.ExecutionContext.RunInternal(ExecutionContext executionContext, ContextCallback callback, Object state)
   bei System.Threading.ExecutionContext.Run(ExecutionContext executionContext, ContextCallback callback, Object state, Boolean ignoreSyncCtx)
   bei System.Threading.ExecutionContext.Run(ExecutionContext executionContext, ContextCallback callback, Object state)
   bei System.Threading.ThreadHelper.ThreadStart()</Text>
      </RunInfo>
    </RunInfos>
  </ResultSummary>
  <TestDefinitions>
    <UnitTest name="refreshTest" storage="c:\users\mathias\studium\master\semester 1\programmierung\medienprogrammierung\programming\testproject1\bin\debug\testproject1.dll" id="518d9429-f1e2-c6b6-191d-aa275e2ecffe">
      <Execution id="ad47c640-0d4d-45b9-8084-9f5febea45b4" />
      <TestMethod codeBase="C:/Users/mathias/studium/master/semester 1/programmierung/Medienprogrammierung/Programming/TestProject1/bin/Debug/TestProject1.DLL" adapterTypeName="Microsoft.VisualStudio.TestTools.TestTypes.Unit.UnitTestAdapter, Microsoft.VisualStudio.QualityTools.Tips.UnitTest.Adapter, Version=10.0.0.0, Culture=neutral, PublicKeyToken=b03f5f7f11d50a3a" className="TestProject1.ThreadHandlerTest, TestProject1, Version=1.0.0.0, Culture=neutral, PublicKeyToken=null" name="refreshTest" />
    </UnitTest>
  </TestDefinitions>
  <TestLists>
    <TestList name="Nicht in einer Liste enthaltene Ergebnisse" id="8c84fa94-04c1-424b-9868-57a2d4851a1d" />
    <TestList name="Alle geladenen Ergebnisse" id="19431567-8539-422a-85d7-44ee4e166bda" />
  </TestLists>
  <TestEntries>
    <TestEntry testId="518d9429-f1e2-c6b6-191d-aa275e2ecffe" executionId="ad47c640-0d4d-45b9-8084-9f5febea45b4" testListId="8c84fa94-04c1-424b-9868-57a2d4851a1d" />
  </TestEntries>
  <Results>
    <UnitTestResult executionId="ad47c640-0d4d-45b9-8084-9f5febea45b4" testId="518d9429-f1e2-c6b6-191d-aa275e2ecffe" testName="refreshTest" computerName="MATHIAS-PC" duration="00:00:00.0246158" startTime="2011-12-21T22:29:43.9510492+01:00" endTime="2011-12-21T22:29:44.2340654+01:00" testType="13cdc9d9-ddb5-4fa4-a97d-d965ccfc6d4b" outcome="Passed" testListId="8c84fa94-04c1-424b-9868-57a2d4851a1d" relativeResultsDirectory="ad47c640-0d4d-45b9-8084-9f5febea45b4">
    </UnitTestResult>
  </Results>
</TestRun>