<?xml version="1.0" encoding="UTF-8"?>
<TestRun id="ea0e8607-033d-446b-9c96-93c86f79c971" name="mathias@MATHIAS-PC 2011-12-21 22:13:49" runUser="mathias-PC\mathias" xmlns="http://microsoft.com/schemas/VisualStudio/TeamTest/2010">
  <TestSettings name="Lokal" id="2f49c074-a861-4ffa-afec-cc51f40226af">
    <Description>Dies sind die standardmäßigen Testeinstellungen für einen lokalen Testlauf.</Description>
    <Deployment enabled="false" runDeploymentRoot="mathias_MATHIAS-PC 2011-12-21 22_13_49">
      <DeploymentItem filename="C:\Users\mathias\studium\master\semester 1\programmierung\Medienprogrammierung\Programming\Programming\bin\Release\Newtonsoft.Json.dll" />
      <DeploymentItem filename="C:\Users\mathias\studium\master\semester 1\programmierung\Medienprogrammierung\Programming\Programming\bin\Release\Facebook.dll" />
      <DeploymentItem filename="C:\Users\mathias\studium\master\semester 1\programmierung\Medienprogrammierung\Programming\Programming\bin\Debug\Programming.exe" />
    </Deployment>
    <Execution>
      <TestTypeSpecific />
      <AgentRule name="Execution Agents">
      </AgentRule>
    </Execution>
  </TestSettings>
  <Times creation="2011-12-21T22:13:49.4334539+01:00" queuing="2011-12-21T22:13:50.6335226+01:00" start="2011-12-21T22:13:50.8005321+01:00" finish="2011-12-21T22:14:10.3816521+01:00" />
  <ResultSummary outcome="Error">
    <Counters total="1" executed="1" error="0" failed="0" timeout="0" aborted="1" inconclusive="0" passedButRunAborted="0" notRunnable="0" notExecuted="0" disconnected="0" warning="0" passed="0" completed="0" inProgress="0" pending="0" />
    <RunInfos>
      <RunInfo computerName="MATHIAS-PC" outcome="Error" timestamp="2011-12-21T22:14:10.3806520+01:00">
        <Text>Der Testhostprozess wurde unerwartet beendet.</Text>
      </RunInfo>
    </RunInfos>
  </ResultSummary>
  <TestDefinitions>
    <UnitTest name="undoTest" storage="c:\users\mathias\studium\master\semester 1\programmierung\medienprogrammierung\programming\testproject1\bin\debug\testproject1.dll" id="e7eac791-de3c-46f2-bce8-f4d477776f01">
      <Execution id="0bce2a4a-0cf6-420b-b291-19536652415f" />
      <TestMethod codeBase="C:/Users/mathias/studium/master/semester 1/programmierung/Medienprogrammierung/Programming/TestProject1/bin/Debug/TestProject1.DLL" adapterTypeName="Microsoft.VisualStudio.TestTools.TestTypes.Unit.UnitTestAdapter, Microsoft.VisualStudio.QualityTools.Tips.UnitTest.Adapter, Version=10.0.0.0, Culture=neutral, PublicKeyToken=b03f5f7f11d50a3a" className="TestProject1.ControllerTest, TestProject1, Version=1.0.0.0, Culture=neutral, PublicKeyToken=null" name="undoTest" />
    </UnitTest>
  </TestDefinitions>
  <TestLists>
    <TestList name="Nicht in einer Liste enthaltene Ergebnisse" id="8c84fa94-04c1-424b-9868-57a2d4851a1d" />
    <TestList name="Alle geladenen Ergebnisse" id="19431567-8539-422a-85d7-44ee4e166bda" />
  </TestLists>
  <TestEntries>
    <TestEntry testId="e7eac791-de3c-46f2-bce8-f4d477776f01" executionId="0bce2a4a-0cf6-420b-b291-19536652415f" testListId="8c84fa94-04c1-424b-9868-57a2d4851a1d" />
  </TestEntries>
  <Results>
    <UnitTestResult executionId="0bce2a4a-0cf6-420b-b291-19536652415f" testId="e7eac791-de3c-46f2-bce8-f4d477776f01" testName="undoTest" computerName="MATHIAS-PC" duration="00:00:19.4091102" startTime="2011-12-21T22:13:50.9725419+01:00" endTime="2011-12-21T22:14:10.3816521+01:00" testType="13cdc9d9-ddb5-4fa4-a97d-d965ccfc6d4b" outcome="Aborted" testListId="8c84fa94-04c1-424b-9868-57a2d4851a1d" relativeResultsDirectory="0bce2a4a-0cf6-420b-b291-19536652415f">
    </UnitTestResult>
  </Results>
</TestRun>