<?xml version="1.0" encoding="UTF-8"?>
<TestRun id="200d5fae-e995-42e8-b1b0-036ad160a2da" name="mathias@MATHIAS-PC 2011-12-21 21:24:18" runUser="mathias-PC\mathias" xmlns="http://microsoft.com/schemas/VisualStudio/TeamTest/2010">
  <TestSettings name="Lokal" id="2f49c074-a861-4ffa-afec-cc51f40226af">
    <Description>Dies sind die standardmäßigen Testeinstellungen für einen lokalen Testlauf.</Description>
    <Deployment enabled="false" runDeploymentRoot="mathias_MATHIAS-PC 2011-12-21 21_24_18">
      <DeploymentItem filename="C:\Users\mathias\studium\master\semester 1\programmierung\Medienprogrammierung\Programming\Programming\bin\Release\Newtonsoft.Json.dll" />
      <DeploymentItem filename="C:\Users\mathias\studium\master\semester 1\programmierung\Medienprogrammierung\Programming\Programming\bin\Release\Facebook.dll" />
      <DeploymentItem filename="C:\Users\mathias\studium\master\semester 1\programmierung\Medienprogrammierung\Programming\Programming\bin\Debug\Programming.exe" />
    </Deployment>
    <Execution>
      <TestTypeSpecific />
      <AgentRule name="Execution Agents">
      </AgentRule>
    </Execution>
  </TestSettings>
  <Times creation="2011-12-21T21:24:18.1341038+01:00" queuing="2011-12-21T21:24:18.1571051+01:00" start="2011-12-21T21:24:18.1791064+01:00" finish="2011-12-21T21:24:19.2361669+01:00" />
  <ResultSummary outcome="Error">
    <Counters total="24" executed="24" passed="22" error="1" failed="1" timeout="0" aborted="0" inconclusive="0" passedButRunAborted="0" notRunnable="0" notExecuted="0" disconnected="0" warning="0" completed="0" inProgress="0" pending="0" />
    <RunInfos>
      <RunInfo computerName="MATHIAS-PC" outcome="Warning" timestamp="2011-12-21T21:24:18.1561051+01:00">
        <Text>Die Bereitstellung ist zurzeit deaktiviert. Das Bereitstellungselement "Programming.exe" für Test "TestProject1.ImageManipulatorTest.performTest1" wurde nicht bereitgestellt.</Text>
      </RunInfo>
      <RunInfo computerName="MATHIAS-PC" outcome="Error" timestamp="2011-12-21T21:24:18.5571280+01:00">
        <Text>Einer der Hintergrundthreads hat eine Ausnahme ausgelöst: 
System.NullReferenceException: Der Objektverweis wurde nicht auf eine Objektinstanz festgelegt.
   bei Programming.ThreadHandler.try_refresh() in C:\Users\mathias\studium\master\semester 1\programmierung\Medienprogrammierung\Programming\Programming\ThreadHandler.cs:Zeile 111.
   bei Programming.ThreadHandler.&lt;refresh&gt;b__1() in C:\Users\mathias\studium\master\semester 1\programmierung\Medienprogrammierung\Programming\Programming\ThreadHandler.cs:Zeile 86.
   bei System.Threading.ThreadHelper.ThreadStart_Context(Object state)
   bei System.Threading.ExecutionContext.runTryCode(Object userData)
   bei System.Runtime.CompilerServices.RuntimeHelpers.ExecuteCodeWithGuaranteedCleanup(TryCode code, CleanupCode backoutCode, Object userData)
   bei System.Threading.ExecutionContext.RunInternal(ExecutionContext executionContext, ContextCallback callback, Object state)
   bei System.Threading.ExecutionContext.Run(ExecutionContext executionContext, ContextCallback callback, Object state, Boolean ignoreSyncCtx)
   bei System.Threading.ExecutionContext.Run(ExecutionContext executionContext, ContextCallback callback, Object state)
   bei System.Threading.ThreadHelper.ThreadStart()</Text>
      </RunInfo>
      <RunInfo computerName="MATHIAS-PC" outcome="Error" timestamp="2011-12-21T21:24:18.5591281+01:00">
        <Text>Einer der Hintergrundthreads hat eine Ausnahme ausgelöst: 
System.NullReferenceException: Der Objektverweis wurde nicht auf eine Objektinstanz festgelegt.
   bei Programming.ThreadHandler.try_refresh() in C:\Users\mathias\studium\master\semester 1\programmierung\Medienprogrammierung\Programming\Programming\ThreadHandler.cs:Zeile 111.
   bei Programming.ThreadHandler.&lt;refresh&gt;b__1() in C:\Users\mathias\studium\master\semester 1\programmierung\Medienprogrammierung\Programming\Programming\ThreadHandler.cs:Zeile 86.
   bei System.Threading.ThreadHelper.ThreadStart_Context(Object state)
   bei System.Threading.ExecutionContext.runTryCode(Object userData)
   bei System.Runtime.CompilerServices.RuntimeHelpers.ExecuteCodeWithGuaranteedCleanup(TryCode code, CleanupCode backoutCode, Object userData)
   bei System.Threading.ExecutionContext.RunInternal(ExecutionContext executionContext, ContextCallback callback, Object state)
   bei System.Threading.ExecutionContext.Run(ExecutionContext executionContext, ContextCallback callback, Object state, Boolean ignoreSyncCtx)
   bei System.Threading.ExecutionContext.Run(ExecutionContext executionContext, ContextCallback callback, Object state)
   bei System.Threading.ThreadHelper.ThreadStart()</Text>
      </RunInfo>
    </RunInfos>
  </ResultSummary>
  <TestDefinitions>
    <UnitTest name="performTest1" storage="c:\users\mathias\studium\master\semester 1\programmierung\medienprogrammierung\programming\testproject1\bin\debug\testproject1.dll" id="d6f5ee68-bc22-0ee5-b9c1-df81399fcf61">
      <DeploymentItems>
        <DeploymentItem filename="Programming.exe" />
      </DeploymentItems>
      <Execution id="386eeaec-a133-4a39-a9d2-4ef42ad3b71b" />
      <TestMethod codeBase="C:/Users/mathias/studium/master/semester 1/programmierung/Medienprogrammierung/Programming/TestProject1/bin/Debug/TestProject1.DLL" adapterTypeName="Microsoft.VisualStudio.TestTools.TestTypes.Unit.UnitTestAdapter, Microsoft.VisualStudio.QualityTools.Tips.UnitTest.Adapter, Version=10.0.0.0, Culture=neutral, PublicKeyToken=b03f5f7f11d50a3a" className="TestProject1.ImageManipulatorTest, TestProject1, Version=1.0.0.0, Culture=neutral, PublicKeyToken=null" name="performTest1" />
    </UnitTest>
    <UnitTest name="addTest" storage="c:\users\mathias\studium\master\semester 1\programmierung\medienprogrammierung\programming\testproject1\bin\debug\testproject1.dll" id="37f7fa63-e38f-d747-b2a4-90104bd11c78">
      <Execution id="004566ec-f99a-4453-9b9f-29d4946a2b62" />
      <TestMethod codeBase="C:/Users/mathias/studium/master/semester 1/programmierung/Medienprogrammierung/Programming/TestProject1/bin/Debug/TestProject1.DLL" adapterTypeName="Microsoft.VisualStudio.TestTools.TestTypes.Unit.UnitTestAdapter, Microsoft.VisualStudio.QualityTools.Tips.UnitTest.Adapter, Version=10.0.0.0, Culture=neutral, PublicKeyToken=b03f5f7f11d50a3a" className="TestProject1.PixelStateTest, TestProject1, Version=1.0.0.0, Culture=neutral, PublicKeyToken=null" name="addTest" />
    </UnitTest>
    <UnitTest name="threadsAreAliveTest" storage="c:\users\mathias\studium\master\semester 1\programmierung\medienprogrammierung\programming\testproject1\bin\debug\testproject1.dll" id="7d71edaf-c14b-63d9-80d9-3ceb4795ab69">
      <Execution id="0e82a34c-827b-465a-a960-e2e818cf1fa3" />
      <TestMethod codeBase="C:/Users/mathias/studium/master/semester 1/programmierung/Medienprogrammierung/Programming/TestProject1/bin/Debug/TestProject1.DLL" adapterTypeName="Microsoft.VisualStudio.TestTools.TestTypes.Unit.UnitTestAdapter, Microsoft.VisualStudio.QualityTools.Tips.UnitTest.Adapter, Version=10.0.0.0, Culture=neutral, PublicKeyToken=b03f5f7f11d50a3a" className="TestProject1.ThreadHandlerTest, TestProject1, Version=1.0.0.0, Culture=neutral, PublicKeyToken=null" name="threadsAreAliveTest" />
    </UnitTest>
    <UnitTest name="try_save_PixelStateTest" storage="c:\users\mathias\studium\master\semester 1\programmierung\medienprogrammierung\programming\testproject1\bin\debug\testproject1.dll" id="d595057a-93cd-79ea-b780-b06fe4591bbc">
      <DeploymentItems>
        <DeploymentItem filename="Programming.exe" />
      </DeploymentItems>
      <Execution id="decb2182-2066-4a4e-a207-e84ee459d324" />
      <TestMethod codeBase="C:/Users/mathias/studium/master/semester 1/programmierung/Medienprogrammierung/Programming/TestProject1/bin/Debug/TestProject1.DLL" adapterTypeName="Microsoft.VisualStudio.TestTools.TestTypes.Unit.UnitTestAdapter, Microsoft.VisualStudio.QualityTools.Tips.UnitTest.Adapter, Version=10.0.0.0, Culture=neutral, PublicKeyToken=b03f5f7f11d50a3a" className="TestProject1.ThreadHandlerTest, TestProject1, Version=1.0.0.0, Culture=neutral, PublicKeyToken=null" name="try_save_PixelStateTest" />
    </UnitTest>
    <UnitTest name="ImageManipulatorConstructorTest" storage="c:\users\mathias\studium\master\semester 1\programmierung\medienprogrammierung\programming\testproject1\bin\debug\testproject1.dll" id="c54b7c3d-97a4-cf3e-1b61-db666fb0b2b4">
      <Execution id="b5912cfe-727f-47ec-a104-81d529665807" />
      <TestMethod codeBase="C:/Users/mathias/studium/master/semester 1/programmierung/Medienprogrammierung/Programming/TestProject1/bin/Debug/TestProject1.DLL" adapterTypeName="Microsoft.VisualStudio.TestTools.TestTypes.Unit.UnitTestAdapter, Microsoft.VisualStudio.QualityTools.Tips.UnitTest.Adapter, Version=10.0.0.0, Culture=neutral, PublicKeyToken=b03f5f7f11d50a3a" className="TestProject1.ImageManipulatorTest, TestProject1, Version=1.0.0.0, Culture=neutral, PublicKeyToken=null" name="ImageManipulatorConstructorTest" />
    </UnitTest>
    <UnitTest name="get_ImageTest" storage="c:\users\mathias\studium\master\semester 1\programmierung\medienprogrammierung\programming\testproject1\bin\debug\testproject1.dll" id="78001a50-ff7e-88eb-9e4c-1447d4837f35">
      <Execution id="f5642155-6a6b-4aed-a83d-8189ebf9cb2e" />
      <TestMethod codeBase="C:/Users/mathias/studium/master/semester 1/programmierung/Medienprogrammierung/Programming/TestProject1/bin/Debug/TestProject1.DLL" adapterTypeName="Microsoft.VisualStudio.TestTools.TestTypes.Unit.UnitTestAdapter, Microsoft.VisualStudio.QualityTools.Tips.UnitTest.Adapter, Version=10.0.0.0, Culture=neutral, PublicKeyToken=b03f5f7f11d50a3a" className="TestProject1.ImageObjectTest, TestProject1, Version=1.0.0.0, Culture=neutral, PublicKeyToken=null" name="get_ImageTest" />
    </UnitTest>
    <UnitTest name="startTimeTest" storage="c:\users\mathias\studium\master\semester 1\programmierung\medienprogrammierung\programming\testproject1\bin\debug\testproject1.dll" id="0dfe1cd7-d495-1876-69e7-6ac597aa1bbd">
      <DeploymentItems>
        <DeploymentItem filename="Programming.exe" />
      </DeploymentItems>
      <Execution id="c7c3ae5d-44a5-4af1-9954-7a9039ffd9bd" />
      <TestMethod codeBase="C:/Users/mathias/studium/master/semester 1/programmierung/Medienprogrammierung/Programming/TestProject1/bin/Debug/TestProject1.DLL" adapterTypeName="Microsoft.VisualStudio.TestTools.TestTypes.Unit.UnitTestAdapter, Microsoft.VisualStudio.QualityTools.Tips.UnitTest.Adapter, Version=10.0.0.0, Culture=neutral, PublicKeyToken=b03f5f7f11d50a3a" className="TestProject1.ThreadHandlerTest, TestProject1, Version=1.0.0.0, Culture=neutral, PublicKeyToken=null" name="startTimeTest" />
    </UnitTest>
    <UnitTest name="ImageObjectConstructorTest" storage="c:\users\mathias\studium\master\semester 1\programmierung\medienprogrammierung\programming\testproject1\bin\debug\testproject1.dll" id="002d83ad-e4d7-31f9-b4df-1f60f1b5d3b4">
      <Execution id="15dc1d63-d4b5-40b3-8ce9-b67deea11f3b" />
      <TestMethod codeBase="C:/Users/mathias/studium/master/semester 1/programmierung/Medienprogrammierung/Programming/TestProject1/bin/Debug/TestProject1.DLL" adapterTypeName="Microsoft.VisualStudio.TestTools.TestTypes.Unit.UnitTestAdapter, Microsoft.VisualStudio.QualityTools.Tips.UnitTest.Adapter, Version=10.0.0.0, Culture=neutral, PublicKeyToken=b03f5f7f11d50a3a" className="TestProject1.ImageObjectTest, TestProject1, Version=1.0.0.0, Culture=neutral, PublicKeyToken=null" name="ImageObjectConstructorTest" />
    </UnitTest>
    <UnitTest name="performTest" storage="c:\users\mathias\studium\master\semester 1\programmierung\medienprogrammierung\programming\testproject1\bin\debug\testproject1.dll" id="ed98a529-aab6-d61c-cfb4-73dfff4d2c0d">
      <Execution id="79bacb59-c661-455c-a507-dd3fe1d3c236" />
      <TestMethod codeBase="C:/Users/mathias/studium/master/semester 1/programmierung/Medienprogrammierung/Programming/TestProject1/bin/Debug/TestProject1.DLL" adapterTypeName="Microsoft.VisualStudio.TestTools.TestTypes.Unit.UnitTestAdapter, Microsoft.VisualStudio.QualityTools.Tips.UnitTest.Adapter, Version=10.0.0.0, Culture=neutral, PublicKeyToken=b03f5f7f11d50a3a" className="TestProject1.ImageManipulatorTest, TestProject1, Version=1.0.0.0, Culture=neutral, PublicKeyToken=null" name="performTest" />
    </UnitTest>
    <UnitTest name="getThreadsTest" storage="c:\users\mathias\studium\master\semester 1\programmierung\medienprogrammierung\programming\testproject1\bin\debug\testproject1.dll" id="b573db96-268a-85a5-d513-a40b0110ca2d">
      <Execution id="5d778e41-1e59-4872-a01d-35dd20ca94b4" />
      <TestMethod codeBase="C:/Users/mathias/studium/master/semester 1/programmierung/Medienprogrammierung/Programming/TestProject1/bin/Debug/TestProject1.DLL" adapterTypeName="Microsoft.VisualStudio.TestTools.TestTypes.Unit.UnitTestAdapter, Microsoft.VisualStudio.QualityTools.Tips.UnitTest.Adapter, Version=10.0.0.0, Culture=neutral, PublicKeyToken=b03f5f7f11d50a3a" className="TestProject1.ThreadHandlerTest, TestProject1, Version=1.0.0.0, Culture=neutral, PublicKeyToken=null" name="getThreadsTest" />
    </UnitTest>
    <UnitTest name="ThreadHandlerConstructorTest" storage="c:\users\mathias\studium\master\semester 1\programmierung\medienprogrammierung\programming\testproject1\bin\debug\testproject1.dll" id="cf2f512f-e3ec-d64c-76cd-f2dad22b45cd">
      <Execution id="47aba9c5-cdfa-4226-bcca-2cef662a8878" />
      <TestMethod codeBase="C:/Users/mathias/studium/master/semester 1/programmierung/Medienprogrammierung/Programming/TestProject1/bin/Debug/TestProject1.DLL" adapterTypeName="Microsoft.VisualStudio.TestTools.TestTypes.Unit.UnitTestAdapter, Microsoft.VisualStudio.QualityTools.Tips.UnitTest.Adapter, Version=10.0.0.0, Culture=neutral, PublicKeyToken=b03f5f7f11d50a3a" className="TestProject1.ThreadHandlerTest, TestProject1, Version=1.0.0.0, Culture=neutral, PublicKeyToken=null" name="ThreadHandlerConstructorTest" />
    </UnitTest>
    <UnitTest name="save_PixelStateTest" storage="c:\users\mathias\studium\master\semester 1\programmierung\medienprogrammierung\programming\testproject1\bin\debug\testproject1.dll" id="9f5c1e07-d3c6-a508-adce-b5381cb99ec2">
      <Execution id="b12ad76e-8836-4061-a2ad-c113065d720c" />
      <TestMethod codeBase="C:/Users/mathias/studium/master/semester 1/programmierung/Medienprogrammierung/Programming/TestProject1/bin/Debug/TestProject1.DLL" adapterTypeName="Microsoft.VisualStudio.TestTools.TestTypes.Unit.UnitTestAdapter, Microsoft.VisualStudio.QualityTools.Tips.UnitTest.Adapter, Version=10.0.0.0, Culture=neutral, PublicKeyToken=b03f5f7f11d50a3a" className="TestProject1.ThreadHandlerTest, TestProject1, Version=1.0.0.0, Culture=neutral, PublicKeyToken=null" name="save_PixelStateTest" />
    </UnitTest>
    <UnitTest name="getInstanceTest" storage="c:\users\mathias\studium\master\semester 1\programmierung\medienprogrammierung\programming\testproject1\bin\debug\testproject1.dll" id="c17a41ff-1724-776a-23b7-c9e08163c9a8">
      <Execution id="d60cd5ae-bc54-4526-9e6c-d572024572bb" />
      <TestMethod codeBase="C:/Users/mathias/studium/master/semester 1/programmierung/Medienprogrammierung/Programming/TestProject1/bin/Debug/TestProject1.DLL" adapterTypeName="Microsoft.VisualStudio.TestTools.TestTypes.Unit.UnitTestAdapter, Microsoft.VisualStudio.QualityTools.Tips.UnitTest.Adapter, Version=10.0.0.0, Culture=neutral, PublicKeyToken=b03f5f7f11d50a3a" className="TestProject1.ThreadHandlerTest, TestProject1, Version=1.0.0.0, Culture=neutral, PublicKeyToken=null" name="getInstanceTest" />
    </UnitTest>
    <UnitTest name="invoke_refreshTest" storage="c:\users\mathias\studium\master\semester 1\programmierung\medienprogrammierung\programming\testproject1\bin\debug\testproject1.dll" id="12236330-5422-6a79-c41f-2614bfda9226">
      <DeploymentItems>
        <DeploymentItem filename="Programming.exe" />
      </DeploymentItems>
      <Execution id="03f37a18-991e-4c78-bd01-50f32a2b3a41" />
      <TestMethod codeBase="C:/Users/mathias/studium/master/semester 1/programmierung/Medienprogrammierung/Programming/TestProject1/bin/Debug/TestProject1.DLL" adapterTypeName="Microsoft.VisualStudio.TestTools.TestTypes.Unit.UnitTestAdapter, Microsoft.VisualStudio.QualityTools.Tips.UnitTest.Adapter, Version=10.0.0.0, Culture=neutral, PublicKeyToken=b03f5f7f11d50a3a" className="TestProject1.ThreadHandlerTest, TestProject1, Version=1.0.0.0, Culture=neutral, PublicKeyToken=null" name="invoke_refreshTest" />
    </UnitTest>
    <UnitTest name="getTimeTest" storage="c:\users\mathias\studium\master\semester 1\programmierung\medienprogrammierung\programming\testproject1\bin\debug\testproject1.dll" id="70a1c56b-2926-56d3-d384-a7aa4f5f64e3">
      <Execution id="bf3685fb-1d91-4a89-bbb5-6a9730e5f317" />
      <TestMethod codeBase="C:/Users/mathias/studium/master/semester 1/programmierung/Medienprogrammierung/Programming/TestProject1/bin/Debug/TestProject1.DLL" adapterTypeName="Microsoft.VisualStudio.TestTools.TestTypes.Unit.UnitTestAdapter, Microsoft.VisualStudio.QualityTools.Tips.UnitTest.Adapter, Version=10.0.0.0, Culture=neutral, PublicKeyToken=b03f5f7f11d50a3a" className="TestProject1.ThreadHandlerTest, TestProject1, Version=1.0.0.0, Culture=neutral, PublicKeyToken=null" name="getTimeTest" />
    </UnitTest>
    <UnitTest name="resetTest" storage="c:\users\mathias\studium\master\semester 1\programmierung\medienprogrammierung\programming\testproject1\bin\debug\testproject1.dll" id="fafc4f6d-5127-6b3c-75ce-070639d10101">
      <Execution id="8c982292-d448-42a0-92e1-98cd2563268b" />
      <TestMethod codeBase="C:/Users/mathias/studium/master/semester 1/programmierung/Medienprogrammierung/Programming/TestProject1/bin/Debug/TestProject1.DLL" adapterTypeName="Microsoft.VisualStudio.TestTools.TestTypes.Unit.UnitTestAdapter, Microsoft.VisualStudio.QualityTools.Tips.UnitTest.Adapter, Version=10.0.0.0, Culture=neutral, PublicKeyToken=b03f5f7f11d50a3a" className="TestProject1.PixelStateTest, TestProject1, Version=1.0.0.0, Culture=neutral, PublicKeyToken=null" name="resetTest" />
    </UnitTest>
    <UnitTest name="registerTest" storage="c:\users\mathias\studium\master\semester 1\programmierung\medienprogrammierung\programming\testproject1\bin\debug\testproject1.dll" id="5ca0c1f6-2d3a-88b6-1bfe-844668d71a0a">
      <Execution id="ded11ce5-c2aa-43a7-8ace-efa4c113d65b" />
      <TestMethod codeBase="C:/Users/mathias/studium/master/semester 1/programmierung/Medienprogrammierung/Programming/TestProject1/bin/Debug/TestProject1.DLL" adapterTypeName="Microsoft.VisualStudio.TestTools.TestTypes.Unit.UnitTestAdapter, Microsoft.VisualStudio.QualityTools.Tips.UnitTest.Adapter, Version=10.0.0.0, Culture=neutral, PublicKeyToken=b03f5f7f11d50a3a" className="TestProject1.ThreadHandlerTest, TestProject1, Version=1.0.0.0, Culture=neutral, PublicKeyToken=null" name="registerTest" />
    </UnitTest>
    <UnitTest name="try_refreshTest" storage="c:\users\mathias\studium\master\semester 1\programmierung\medienprogrammierung\programming\testproject1\bin\debug\testproject1.dll" id="04f5fa0a-27c4-cb2b-5bf8-37a8a1374577">
      <DeploymentItems>
        <DeploymentItem filename="Programming.exe" />
      </DeploymentItems>
      <Execution id="c92b27e2-595c-4449-b006-908e27096a9d" />
      <TestMethod codeBase="C:/Users/mathias/studium/master/semester 1/programmierung/Medienprogrammierung/Programming/TestProject1/bin/Debug/TestProject1.DLL" adapterTypeName="Microsoft.VisualStudio.TestTools.TestTypes.Unit.UnitTestAdapter, Microsoft.VisualStudio.QualityTools.Tips.UnitTest.Adapter, Version=10.0.0.0, Culture=neutral, PublicKeyToken=b03f5f7f11d50a3a" className="TestProject1.ThreadHandlerTest, TestProject1, Version=1.0.0.0, Culture=neutral, PublicKeyToken=null" name="try_refreshTest" />
    </UnitTest>
    <UnitTest name="refreshTest" storage="c:\users\mathias\studium\master\semester 1\programmierung\medienprogrammierung\programming\testproject1\bin\debug\testproject1.dll" id="518d9429-f1e2-c6b6-191d-aa275e2ecffe">
      <Execution id="05f85f6e-eb65-4c63-a3f1-a9bf75c035d9" />
      <TestMethod codeBase="C:/Users/mathias/studium/master/semester 1/programmierung/Medienprogrammierung/Programming/TestProject1/bin/Debug/TestProject1.DLL" adapterTypeName="Microsoft.VisualStudio.TestTools.TestTypes.Unit.UnitTestAdapter, Microsoft.VisualStudio.QualityTools.Tips.UnitTest.Adapter, Version=10.0.0.0, Culture=neutral, PublicKeyToken=b03f5f7f11d50a3a" className="TestProject1.ThreadHandlerTest, TestProject1, Version=1.0.0.0, Culture=neutral, PublicKeyToken=null" name="refreshTest" />
    </UnitTest>
    <UnitTest name="get_lastTest" storage="c:\users\mathias\studium\master\semester 1\programmierung\medienprogrammierung\programming\testproject1\bin\debug\testproject1.dll" id="e47e284a-b0f2-867a-9c3d-a3b9b019db7c">
      <Execution id="d60f3053-d808-4d89-9d8b-8bde02509f37" />
      <TestMethod codeBase="C:/Users/mathias/studium/master/semester 1/programmierung/Medienprogrammierung/Programming/TestProject1/bin/Debug/TestProject1.DLL" adapterTypeName="Microsoft.VisualStudio.TestTools.TestTypes.Unit.UnitTestAdapter, Microsoft.VisualStudio.QualityTools.Tips.UnitTest.Adapter, Version=10.0.0.0, Culture=neutral, PublicKeyToken=b03f5f7f11d50a3a" className="TestProject1.PixelStateTest, TestProject1, Version=1.0.0.0, Culture=neutral, PublicKeyToken=null" name="get_lastTest" />
    </UnitTest>
    <UnitTest name="get_ImageManipulatorTypeTest" storage="c:\users\mathias\studium\master\semester 1\programmierung\medienprogrammierung\programming\testproject1\bin\debug\testproject1.dll" id="7890454c-0a6b-e2f7-057c-7d73ddaaa939">
      <Execution id="24b0aeab-dfae-417c-86c7-2a15c9981aa7" />
      <TestMethod codeBase="C:/Users/mathias/studium/master/semester 1/programmierung/Medienprogrammierung/Programming/TestProject1/bin/Debug/TestProject1.DLL" adapterTypeName="Microsoft.VisualStudio.TestTools.TestTypes.Unit.UnitTestAdapter, Microsoft.VisualStudio.QualityTools.Tips.UnitTest.Adapter, Version=10.0.0.0, Culture=neutral, PublicKeyToken=b03f5f7f11d50a3a" className="TestProject1.ImageObjectTest, TestProject1, Version=1.0.0.0, Culture=neutral, PublicKeyToken=null" name="get_ImageManipulatorTypeTest" />
    </UnitTest>
    <UnitTest name="remove_lastTest" storage="c:\users\mathias\studium\master\semester 1\programmierung\medienprogrammierung\programming\testproject1\bin\debug\testproject1.dll" id="3196b23b-28ea-1580-8a76-65c8297f7f0d">
      <Execution id="ebbb7c06-06cb-4921-8505-0a5dfad4632f" />
      <TestMethod codeBase="C:/Users/mathias/studium/master/semester 1/programmierung/Medienprogrammierung/Programming/TestProject1/bin/Debug/TestProject1.DLL" adapterTypeName="Microsoft.VisualStudio.TestTools.TestTypes.Unit.UnitTestAdapter, Microsoft.VisualStudio.QualityTools.Tips.UnitTest.Adapter, Version=10.0.0.0, Culture=neutral, PublicKeyToken=b03f5f7f11d50a3a" className="TestProject1.PixelStateTest, TestProject1, Version=1.0.0.0, Culture=neutral, PublicKeyToken=null" name="remove_lastTest" />
    </UnitTest>
    <UnitTest name="computeHeightStepsTest" storage="c:\users\mathias\studium\master\semester 1\programmierung\medienprogrammierung\programming\testproject1\bin\debug\testproject1.dll" id="c8cc5580-ead3-5acf-a1e1-3282adddd441">
      <DeploymentItems>
        <DeploymentItem filename="Programming.exe" />
      </DeploymentItems>
      <Execution id="68dbb761-95b9-4efc-acf5-14e1e1865862" />
      <TestMethod codeBase="C:/Users/mathias/studium/master/semester 1/programmierung/Medienprogrammierung/Programming/TestProject1/bin/Debug/TestProject1.DLL" adapterTypeName="Microsoft.VisualStudio.TestTools.TestTypes.Unit.UnitTestAdapter, Microsoft.VisualStudio.QualityTools.Tips.UnitTest.Adapter, Version=10.0.0.0, Culture=neutral, PublicKeyToken=b03f5f7f11d50a3a" className="TestProject1.ImageManipulatorTest, TestProject1, Version=1.0.0.0, Culture=neutral, PublicKeyToken=null" name="computeHeightStepsTest" />
    </UnitTest>
    <UnitTest name="getInstanceTest" storage="c:\users\mathias\studium\master\semester 1\programmierung\medienprogrammierung\programming\testproject1\bin\debug\testproject1.dll" id="b6d985b7-8ac2-ad2d-96aa-548b788286c5">
      <Execution id="b68d2b9d-5cac-4239-942d-07fb52483405" />
      <TestMethod codeBase="C:/Users/mathias/studium/master/semester 1/programmierung/Medienprogrammierung/Programming/TestProject1/bin/Debug/TestProject1.DLL" adapterTypeName="Microsoft.VisualStudio.TestTools.TestTypes.Unit.UnitTestAdapter, Microsoft.VisualStudio.QualityTools.Tips.UnitTest.Adapter, Version=10.0.0.0, Culture=neutral, PublicKeyToken=b03f5f7f11d50a3a" className="TestProject1.PixelStateTest, TestProject1, Version=1.0.0.0, Culture=neutral, PublicKeyToken=null" name="getInstanceTest" />
    </UnitTest>
  </TestDefinitions>
  <TestLists>
    <TestList name="Nicht in einer Liste enthaltene Ergebnisse" id="8c84fa94-04c1-424b-9868-57a2d4851a1d" />
    <TestList name="Alle geladenen Ergebnisse" id="19431567-8539-422a-85d7-44ee4e166bda" />
  </TestLists>
  <TestEntries>
    <TestEntry testId="37f7fa63-e38f-d747-b2a4-90104bd11c78" executionId="004566ec-f99a-4453-9b9f-29d4946a2b62" testListId="8c84fa94-04c1-424b-9868-57a2d4851a1d" />
    <TestEntry testId="b6d985b7-8ac2-ad2d-96aa-548b788286c5" executionId="b68d2b9d-5cac-4239-942d-07fb52483405" testListId="8c84fa94-04c1-424b-9868-57a2d4851a1d" />
    <TestEntry testId="e47e284a-b0f2-867a-9c3d-a3b9b019db7c" executionId="d60f3053-d808-4d89-9d8b-8bde02509f37" testListId="8c84fa94-04c1-424b-9868-57a2d4851a1d" />
    <TestEntry testId="3196b23b-28ea-1580-8a76-65c8297f7f0d" executionId="ebbb7c06-06cb-4921-8505-0a5dfad4632f" testListId="8c84fa94-04c1-424b-9868-57a2d4851a1d" />
    <TestEntry testId="fafc4f6d-5127-6b3c-75ce-070639d10101" executionId="8c982292-d448-42a0-92e1-98cd2563268b" testListId="8c84fa94-04c1-424b-9868-57a2d4851a1d" />
    <TestEntry testId="002d83ad-e4d7-31f9-b4df-1f60f1b5d3b4" executionId="15dc1d63-d4b5-40b3-8ce9-b67deea11f3b" testListId="8c84fa94-04c1-424b-9868-57a2d4851a1d" />
    <TestEntry testId="78001a50-ff7e-88eb-9e4c-1447d4837f35" executionId="f5642155-6a6b-4aed-a83d-8189ebf9cb2e" testListId="8c84fa94-04c1-424b-9868-57a2d4851a1d" />
    <TestEntry testId="7890454c-0a6b-e2f7-057c-7d73ddaaa939" executionId="24b0aeab-dfae-417c-86c7-2a15c9981aa7" testListId="8c84fa94-04c1-424b-9868-57a2d4851a1d" />
    <TestEntry testId="cf2f512f-e3ec-d64c-76cd-f2dad22b45cd" executionId="47aba9c5-cdfa-4226-bcca-2cef662a8878" testListId="8c84fa94-04c1-424b-9868-57a2d4851a1d" />
    <TestEntry testId="c17a41ff-1724-776a-23b7-c9e08163c9a8" executionId="d60cd5ae-bc54-4526-9e6c-d572024572bb" testListId="8c84fa94-04c1-424b-9868-57a2d4851a1d" />
    <TestEntry testId="b573db96-268a-85a5-d513-a40b0110ca2d" executionId="5d778e41-1e59-4872-a01d-35dd20ca94b4" testListId="8c84fa94-04c1-424b-9868-57a2d4851a1d" />
    <TestEntry testId="70a1c56b-2926-56d3-d384-a7aa4f5f64e3" executionId="bf3685fb-1d91-4a89-bbb5-6a9730e5f317" testListId="8c84fa94-04c1-424b-9868-57a2d4851a1d" />
    <TestEntry testId="12236330-5422-6a79-c41f-2614bfda9226" executionId="03f37a18-991e-4c78-bd01-50f32a2b3a41" testListId="8c84fa94-04c1-424b-9868-57a2d4851a1d" />
    <TestEntry testId="518d9429-f1e2-c6b6-191d-aa275e2ecffe" executionId="05f85f6e-eb65-4c63-a3f1-a9bf75c035d9" testListId="8c84fa94-04c1-424b-9868-57a2d4851a1d" />
    <TestEntry testId="5ca0c1f6-2d3a-88b6-1bfe-844668d71a0a" executionId="ded11ce5-c2aa-43a7-8ace-efa4c113d65b" testListId="8c84fa94-04c1-424b-9868-57a2d4851a1d" />
    <TestEntry testId="9f5c1e07-d3c6-a508-adce-b5381cb99ec2" executionId="b12ad76e-8836-4061-a2ad-c113065d720c" testListId="8c84fa94-04c1-424b-9868-57a2d4851a1d" />
    <TestEntry testId="0dfe1cd7-d495-1876-69e7-6ac597aa1bbd" executionId="c7c3ae5d-44a5-4af1-9954-7a9039ffd9bd" testListId="8c84fa94-04c1-424b-9868-57a2d4851a1d" />
    <TestEntry testId="7d71edaf-c14b-63d9-80d9-3ceb4795ab69" executionId="0e82a34c-827b-465a-a960-e2e818cf1fa3" testListId="8c84fa94-04c1-424b-9868-57a2d4851a1d" />
    <TestEntry testId="04f5fa0a-27c4-cb2b-5bf8-37a8a1374577" executionId="c92b27e2-595c-4449-b006-908e27096a9d" testListId="8c84fa94-04c1-424b-9868-57a2d4851a1d" />
    <TestEntry testId="d595057a-93cd-79ea-b780-b06fe4591bbc" executionId="decb2182-2066-4a4e-a207-e84ee459d324" testListId="8c84fa94-04c1-424b-9868-57a2d4851a1d" />
    <TestEntry testId="ed98a529-aab6-d61c-cfb4-73dfff4d2c0d" executionId="79bacb59-c661-455c-a507-dd3fe1d3c236" testListId="8c84fa94-04c1-424b-9868-57a2d4851a1d" />
    <TestEntry testId="d6f5ee68-bc22-0ee5-b9c1-df81399fcf61" executionId="386eeaec-a133-4a39-a9d2-4ef42ad3b71b" testListId="8c84fa94-04c1-424b-9868-57a2d4851a1d" />
    <TestEntry testId="c8cc5580-ead3-5acf-a1e1-3282adddd441" executionId="68dbb761-95b9-4efc-acf5-14e1e1865862" testListId="8c84fa94-04c1-424b-9868-57a2d4851a1d" />
    <TestEntry testId="c54b7c3d-97a4-cf3e-1b61-db666fb0b2b4" executionId="b5912cfe-727f-47ec-a104-81d529665807" testListId="8c84fa94-04c1-424b-9868-57a2d4851a1d" />
  </TestEntries>
  <Results>
    <UnitTestResult executionId="004566ec-f99a-4453-9b9f-29d4946a2b62" testId="37f7fa63-e38f-d747-b2a4-90104bd11c78" testName="addTest" computerName="MATHIAS-PC" duration="00:00:00.0184978" startTime="2011-12-21T21:24:18.1861068+01:00" endTime="2011-12-21T21:24:18.4051193+01:00" testType="13cdc9d9-ddb5-4fa4-a97d-d965ccfc6d4b" outcome="Passed" testListId="8c84fa94-04c1-424b-9868-57a2d4851a1d" relativeResultsDirectory="004566ec-f99a-4453-9b9f-29d4946a2b62">
    </UnitTestResult>
    <UnitTestResult executionId="b68d2b9d-5cac-4239-942d-07fb52483405" testId="b6d985b7-8ac2-ad2d-96aa-548b788286c5" testName="getInstanceTest" computerName="MATHIAS-PC" duration="00:00:00.0003963" startTime="2011-12-21T21:24:18.4071194+01:00" endTime="2011-12-21T21:24:18.4131198+01:00" testType="13cdc9d9-ddb5-4fa4-a97d-d965ccfc6d4b" outcome="Passed" testListId="8c84fa94-04c1-424b-9868-57a2d4851a1d" relativeResultsDirectory="b68d2b9d-5cac-4239-942d-07fb52483405">
    </UnitTestResult>
    <UnitTestResult executionId="d60f3053-d808-4d89-9d8b-8bde02509f37" testId="e47e284a-b0f2-867a-9c3d-a3b9b019db7c" testName="get_lastTest" computerName="MATHIAS-PC" duration="00:00:00.0019434" startTime="2011-12-21T21:24:18.4171200+01:00" endTime="2011-12-21T21:24:18.4271206+01:00" testType="13cdc9d9-ddb5-4fa4-a97d-d965ccfc6d4b" outcome="Passed" testListId="8c84fa94-04c1-424b-9868-57a2d4851a1d" relativeResultsDirectory="d60f3053-d808-4d89-9d8b-8bde02509f37">
    </UnitTestResult>
    <UnitTestResult executionId="ebbb7c06-06cb-4921-8505-0a5dfad4632f" testId="3196b23b-28ea-1580-8a76-65c8297f7f0d" testName="remove_lastTest" computerName="MATHIAS-PC" duration="00:00:00.0295056" startTime="2011-12-21T21:24:18.4331209+01:00" endTime="2011-12-21T21:24:18.4701230+01:00" testType="13cdc9d9-ddb5-4fa4-a97d-d965ccfc6d4b" outcome="Failed" testListId="8c84fa94-04c1-424b-9868-57a2d4851a1d" relativeResultsDirectory="ebbb7c06-06cb-4921-8505-0a5dfad4632f">
      <Output>
        <ErrorInfo>
          <Message>Fehler bei "Assert.IsNull". </Message>
          <StackTrace>   bei TestProject1.PixelStateTest.remove_lastTest() in C:\Users\mathias\studium\master\semester 1\programmierung\Medienprogrammierung\Programming\TestProject1\PixelStateTest.cs:Zeile 160.
</StackTrace>
        </ErrorInfo>
      </Output>
    </UnitTestResult>
    <UnitTestResult executionId="8c982292-d448-42a0-92e1-98cd2563268b" testId="fafc4f6d-5127-6b3c-75ce-070639d10101" testName="resetTest" computerName="MATHIAS-PC" duration="00:00:00.0010835" startTime="2011-12-21T21:24:18.4701230+01:00" endTime="2011-12-21T21:24:18.4771234+01:00" testType="13cdc9d9-ddb5-4fa4-a97d-d965ccfc6d4b" outcome="Passed" testListId="8c84fa94-04c1-424b-9868-57a2d4851a1d" relativeResultsDirectory="8c982292-d448-42a0-92e1-98cd2563268b">
    </UnitTestResult>
    <UnitTestResult executionId="15dc1d63-d4b5-40b3-8ce9-b67deea11f3b" testId="002d83ad-e4d7-31f9-b4df-1f60f1b5d3b4" testName="ImageObjectConstructorTest" computerName="MATHIAS-PC" duration="00:00:00.0007366" startTime="2011-12-21T21:24:18.4781235+01:00" endTime="2011-12-21T21:24:18.4841238+01:00" testType="13cdc9d9-ddb5-4fa4-a97d-d965ccfc6d4b" outcome="Passed" testListId="8c84fa94-04c1-424b-9868-57a2d4851a1d" relativeResultsDirectory="15dc1d63-d4b5-40b3-8ce9-b67deea11f3b">
    </UnitTestResult>
    <UnitTestResult executionId="f5642155-6a6b-4aed-a83d-8189ebf9cb2e" testId="78001a50-ff7e-88eb-9e4c-1447d4837f35" testName="get_ImageTest" computerName="MATHIAS-PC" duration="00:00:00.0006066" startTime="2011-12-21T21:24:18.4851239+01:00" endTime="2011-12-21T21:24:18.4921243+01:00" testType="13cdc9d9-ddb5-4fa4-a97d-d965ccfc6d4b" outcome="Passed" testListId="8c84fa94-04c1-424b-9868-57a2d4851a1d" relativeResultsDirectory="f5642155-6a6b-4aed-a83d-8189ebf9cb2e">
    </UnitTestResult>
    <UnitTestResult executionId="24b0aeab-dfae-417c-86c7-2a15c9981aa7" testId="7890454c-0a6b-e2f7-057c-7d73ddaaa939" testName="get_ImageManipulatorTypeTest" computerName="MATHIAS-PC" duration="00:00:00.0010365" startTime="2011-12-21T21:24:18.4931244+01:00" endTime="2011-12-21T21:24:18.4991247+01:00" testType="13cdc9d9-ddb5-4fa4-a97d-d965ccfc6d4b" outcome="Passed" testListId="8c84fa94-04c1-424b-9868-57a2d4851a1d" relativeResultsDirectory="24b0aeab-dfae-417c-86c7-2a15c9981aa7">
    </UnitTestResult>
    <UnitTestResult executionId="47aba9c5-cdfa-4226-bcca-2cef662a8878" testId="cf2f512f-e3ec-d64c-76cd-f2dad22b45cd" testName="ThreadHandlerConstructorTest" computerName="MATHIAS-PC" duration="00:00:00.0018571" startTime="2011-12-21T21:24:18.5011248+01:00" endTime="2011-12-21T21:24:18.5081252+01:00" testType="13cdc9d9-ddb5-4fa4-a97d-d965ccfc6d4b" outcome="Passed" testListId="8c84fa94-04c1-424b-9868-57a2d4851a1d" relativeResultsDirectory="47aba9c5-cdfa-4226-bcca-2cef662a8878">
    </UnitTestResult>
    <UnitTestResult executionId="d60cd5ae-bc54-4526-9e6c-d572024572bb" testId="c17a41ff-1724-776a-23b7-c9e08163c9a8" testName="getInstanceTest" computerName="MATHIAS-PC" duration="00:00:00.0005130" startTime="2011-12-21T21:24:18.5091253+01:00" endTime="2011-12-21T21:24:18.5151256+01:00" testType="13cdc9d9-ddb5-4fa4-a97d-d965ccfc6d4b" outcome="Passed" testListId="8c84fa94-04c1-424b-9868-57a2d4851a1d" relativeResultsDirectory="d60cd5ae-bc54-4526-9e6c-d572024572bb">
    </UnitTestResult>
    <UnitTestResult executionId="5d778e41-1e59-4872-a01d-35dd20ca94b4" testId="b573db96-268a-85a5-d513-a40b0110ca2d" testName="getThreadsTest" computerName="MATHIAS-PC" duration="00:00:00.0003241" startTime="2011-12-21T21:24:18.5171257+01:00" endTime="2011-12-21T21:24:18.5221260+01:00" testType="13cdc9d9-ddb5-4fa4-a97d-d965ccfc6d4b" outcome="Passed" testListId="8c84fa94-04c1-424b-9868-57a2d4851a1d" relativeResultsDirectory="5d778e41-1e59-4872-a01d-35dd20ca94b4">
    </UnitTestResult>
    <UnitTestResult executionId="bf3685fb-1d91-4a89-bbb5-6a9730e5f317" testId="70a1c56b-2926-56d3-d384-a7aa4f5f64e3" testName="getTimeTest" computerName="MATHIAS-PC" duration="00:00:00.0005178" startTime="2011-12-21T21:24:18.5231261+01:00" endTime="2011-12-21T21:24:18.5301265+01:00" testType="13cdc9d9-ddb5-4fa4-a97d-d965ccfc6d4b" outcome="Passed" testListId="8c84fa94-04c1-424b-9868-57a2d4851a1d" relativeResultsDirectory="bf3685fb-1d91-4a89-bbb5-6a9730e5f317">
    </UnitTestResult>
    <UnitTestResult executionId="03f37a18-991e-4c78-bd01-50f32a2b3a41" testId="12236330-5422-6a79-c41f-2614bfda9226" testName="invoke_refreshTest" computerName="MATHIAS-PC" duration="00:00:00.0031643" startTime="2011-12-21T21:24:18.5311265+01:00" endTime="2011-12-21T21:24:18.5401270+01:00" testType="13cdc9d9-ddb5-4fa4-a97d-d965ccfc6d4b" outcome="Passed" testListId="8c84fa94-04c1-424b-9868-57a2d4851a1d" relativeResultsDirectory="03f37a18-991e-4c78-bd01-50f32a2b3a41">
    </UnitTestResult>
    <UnitTestResult executionId="05f85f6e-eb65-4c63-a3f1-a9bf75c035d9" testId="518d9429-f1e2-c6b6-191d-aa275e2ecffe" testName="refreshTest" computerName="MATHIAS-PC" duration="00:00:00.0016836" startTime="2011-12-21T21:24:18.5451273+01:00" endTime="2011-12-21T21:24:18.5611282+01:00" testType="13cdc9d9-ddb5-4fa4-a97d-d965ccfc6d4b" outcome="Passed" testListId="8c84fa94-04c1-424b-9868-57a2d4851a1d" relativeResultsDirectory="05f85f6e-eb65-4c63-a3f1-a9bf75c035d9">
    </UnitTestResult>
    <UnitTestResult executionId="ded11ce5-c2aa-43a7-8ace-efa4c113d65b" testId="5ca0c1f6-2d3a-88b6-1bfe-844668d71a0a" testName="registerTest" computerName="MATHIAS-PC" duration="00:00:00.0007662" startTime="2011-12-21T21:24:18.5661285+01:00" endTime="2011-12-21T21:24:18.5761291+01:00" testType="13cdc9d9-ddb5-4fa4-a97d-d965ccfc6d4b" outcome="Passed" testListId="8c84fa94-04c1-424b-9868-57a2d4851a1d" relativeResultsDirectory="ded11ce5-c2aa-43a7-8ace-efa4c113d65b">
    </UnitTestResult>
    <UnitTestResult executionId="b12ad76e-8836-4061-a2ad-c113065d720c" testId="9f5c1e07-d3c6-a508-adce-b5381cb99ec2" testName="save_PixelStateTest" computerName="MATHIAS-PC" duration="00:00:00.0063323" startTime="2011-12-21T21:24:18.5811294+01:00" endTime="2011-12-21T21:24:18.5981304+01:00" testType="13cdc9d9-ddb5-4fa4-a97d-d965ccfc6d4b" outcome="Passed" testListId="8c84fa94-04c1-424b-9868-57a2d4851a1d" relativeResultsDirectory="b12ad76e-8836-4061-a2ad-c113065d720c">
    </UnitTestResult>
    <UnitTestResult executionId="c7c3ae5d-44a5-4af1-9954-7a9039ffd9bd" testId="0dfe1cd7-d495-1876-69e7-6ac597aa1bbd" testName="startTimeTest" computerName="MATHIAS-PC" startTime="2011-12-21T21:24:18.6031307+01:00" endTime="2011-12-21T21:24:18.8821466+01:00" testType="13cdc9d9-ddb5-4fa4-a97d-d965ccfc6d4b" testListId="8c84fa94-04c1-424b-9868-57a2d4851a1d" relativeResultsDirectory="c7c3ae5d-44a5-4af1-9954-7a9039ffd9bd">
      <Output>
        <ErrorInfo>
          <Message>Der Agent-Prozess wurde angehalten, solange der Test ausgeführt wird.</Message>
        </ErrorInfo>
      </Output>
    </UnitTestResult>
    <UnitTestResult executionId="0e82a34c-827b-465a-a960-e2e818cf1fa3" testId="7d71edaf-c14b-63d9-80d9-3ceb4795ab69" testName="threadsAreAliveTest" computerName="MATHIAS-PC" duration="00:00:00.0145076" startTime="2011-12-21T21:24:18.8911471+01:00" endTime="2011-12-21T21:24:19.1281607+01:00" testType="13cdc9d9-ddb5-4fa4-a97d-d965ccfc6d4b" outcome="Passed" testListId="8c84fa94-04c1-424b-9868-57a2d4851a1d" relativeResultsDirectory="0e82a34c-827b-465a-a960-e2e818cf1fa3">
    </UnitTestResult>
    <UnitTestResult executionId="c92b27e2-595c-4449-b006-908e27096a9d" testId="04f5fa0a-27c4-cb2b-5bf8-37a8a1374577" testName="try_refreshTest" computerName="MATHIAS-PC" duration="00:00:00.0001876" startTime="2011-12-21T21:24:19.1281607+01:00" endTime="2011-12-21T21:24:19.1351611+01:00" testType="13cdc9d9-ddb5-4fa4-a97d-d965ccfc6d4b" outcome="Passed" testListId="8c84fa94-04c1-424b-9868-57a2d4851a1d" relativeResultsDirectory="c92b27e2-595c-4449-b006-908e27096a9d">
    </UnitTestResult>
    <UnitTestResult executionId="decb2182-2066-4a4e-a207-e84ee459d324" testId="d595057a-93cd-79ea-b780-b06fe4591bbc" testName="try_save_PixelStateTest" computerName="MATHIAS-PC" duration="00:00:00.0133592" startTime="2011-12-21T21:24:19.1361611+01:00" endTime="2011-12-21T21:24:19.1551622+01:00" testType="13cdc9d9-ddb5-4fa4-a97d-d965ccfc6d4b" outcome="Passed" testListId="8c84fa94-04c1-424b-9868-57a2d4851a1d" relativeResultsDirectory="decb2182-2066-4a4e-a207-e84ee459d324">
    </UnitTestResult>
    <UnitTestResult executionId="79bacb59-c661-455c-a507-dd3fe1d3c236" testId="ed98a529-aab6-d61c-cfb4-73dfff4d2c0d" testName="performTest" computerName="MATHIAS-PC" duration="00:00:00.0036939" startTime="2011-12-21T21:24:19.1601625+01:00" endTime="2011-12-21T21:24:19.1721632+01:00" testType="13cdc9d9-ddb5-4fa4-a97d-d965ccfc6d4b" outcome="Passed" testListId="8c84fa94-04c1-424b-9868-57a2d4851a1d" relativeResultsDirectory="79bacb59-c661-455c-a507-dd3fe1d3c236">
    </UnitTestResult>
    <UnitTestResult executionId="386eeaec-a133-4a39-a9d2-4ef42ad3b71b" testId="d6f5ee68-bc22-0ee5-b9c1-df81399fcf61" testName="performTest1" computerName="MATHIAS-PC" duration="00:00:00.0020654" startTime="2011-12-21T21:24:19.1761634+01:00" endTime="2011-12-21T21:24:19.1841639+01:00" testType="13cdc9d9-ddb5-4fa4-a97d-d965ccfc6d4b" outcome="Passed" testListId="8c84fa94-04c1-424b-9868-57a2d4851a1d" relativeResultsDirectory="386eeaec-a133-4a39-a9d2-4ef42ad3b71b">
    </UnitTestResult>
    <UnitTestResult executionId="68dbb761-95b9-4efc-acf5-14e1e1865862" testId="c8cc5580-ead3-5acf-a1e1-3282adddd441" testName="computeHeightStepsTest" computerName="MATHIAS-PC" duration="00:00:00.0021622" startTime="2011-12-21T21:24:19.1851639+01:00" endTime="2011-12-21T21:24:19.1981647+01:00" testType="13cdc9d9-ddb5-4fa4-a97d-d965ccfc6d4b" outcome="Passed" testListId="8c84fa94-04c1-424b-9868-57a2d4851a1d" relativeResultsDirectory="68dbb761-95b9-4efc-acf5-14e1e1865862">
    </UnitTestResult>
    <UnitTestResult executionId="b5912cfe-727f-47ec-a104-81d529665807" testId="c54b7c3d-97a4-cf3e-1b61-db666fb0b2b4" testName="ImageManipulatorConstructorTest" computerName="MATHIAS-PC" duration="00:00:00.0008517" startTime="2011-12-21T21:24:19.1991647+01:00" endTime="2011-12-21T21:24:19.2051651+01:00" testType="13cdc9d9-ddb5-4fa4-a97d-d965ccfc6d4b" outcome="Passed" testListId="8c84fa94-04c1-424b-9868-57a2d4851a1d" relativeResultsDirectory="b5912cfe-727f-47ec-a104-81d529665807">
    </UnitTestResult>
  </Results>
</TestRun>