<?xml version="1.0" encoding="UTF-8"?>
<TestRun id="74701195-ee03-43bc-b241-b9355a07e9d7" name="mathias@MATHIAS-PC 2011-12-21 22:09:33" runUser="mathias-PC\mathias" xmlns="http://microsoft.com/schemas/VisualStudio/TeamTest/2010">
  <TestSettings name="Lokal" id="2f49c074-a861-4ffa-afec-cc51f40226af">
    <Description>Dies sind die standardmäßigen Testeinstellungen für einen lokalen Testlauf.</Description>
    <Deployment enabled="false" runDeploymentRoot="mathias_MATHIAS-PC 2011-12-21 22_09_33">
      <DeploymentItem filename="C:\Users\mathias\studium\master\semester 1\programmierung\Medienprogrammierung\Programming\Programming\bin\Release\Newtonsoft.Json.dll" />
      <DeploymentItem filename="C:\Users\mathias\studium\master\semester 1\programmierung\Medienprogrammierung\Programming\Programming\bin\Release\Facebook.dll" />
      <DeploymentItem filename="C:\Users\mathias\studium\master\semester 1\programmierung\Medienprogrammierung\Programming\Programming\bin\Debug\Programming.exe" />
    </Deployment>
    <Execution>
      <TestTypeSpecific />
      <AgentRule name="Execution Agents">
      </AgentRule>
    </Execution>
  </TestSettings>
  <Times creation="2011-12-21T22:09:33.1127932+01:00" queuing="2011-12-21T22:09:34.2498582+01:00" start="2011-12-21T22:09:34.4388691+01:00" finish="2011-12-21T22:09:49.9047537+01:00" />
  <ResultSummary outcome="Failed">
    <Counters total="1" executed="1" error="0" failed="1" timeout="0" aborted="0" inconclusive="0" passedButRunAborted="0" notRunnable="0" notExecuted="0" disconnected="0" warning="0" passed="0" completed="0" inProgress="0" pending="0" />
  </ResultSummary>
  <TestDefinitions>
    <UnitTest name="undoTest" storage="c:\users\mathias\studium\master\semester 1\programmierung\medienprogrammierung\programming\testproject1\bin\debug\testproject1.dll" id="e7eac791-de3c-46f2-bce8-f4d477776f01">
      <Execution id="05b23159-8de1-42b2-95da-bc9570e312de" />
      <TestMethod codeBase="C:/Users/mathias/studium/master/semester 1/programmierung/Medienprogrammierung/Programming/TestProject1/bin/Debug/TestProject1.DLL" adapterTypeName="Microsoft.VisualStudio.TestTools.TestTypes.Unit.UnitTestAdapter, Microsoft.VisualStudio.QualityTools.Tips.UnitTest.Adapter, Version=10.0.0.0, Culture=neutral, PublicKeyToken=b03f5f7f11d50a3a" className="TestProject1.ControllerTest, TestProject1, Version=1.0.0.0, Culture=neutral, PublicKeyToken=null" name="undoTest" />
    </UnitTest>
  </TestDefinitions>
  <TestLists>
    <TestList name="Nicht in einer Liste enthaltene Ergebnisse" id="8c84fa94-04c1-424b-9868-57a2d4851a1d" />
    <TestList name="Alle geladenen Ergebnisse" id="19431567-8539-422a-85d7-44ee4e166bda" />
  </TestLists>
  <TestEntries>
    <TestEntry testId="e7eac791-de3c-46f2-bce8-f4d477776f01" executionId="05b23159-8de1-42b2-95da-bc9570e312de" testListId="8c84fa94-04c1-424b-9868-57a2d4851a1d" />
  </TestEntries>
  <Results>
    <UnitTestResult executionId="05b23159-8de1-42b2-95da-bc9570e312de" testId="e7eac791-de3c-46f2-bce8-f4d477776f01" testName="undoTest" computerName="MATHIAS-PC" duration="00:00:14.5810709" startTime="2011-12-21T22:09:34.5978782+01:00" endTime="2011-12-21T22:09:49.8327495+01:00" testType="13cdc9d9-ddb5-4fa4-a97d-d965ccfc6d4b" outcome="Failed" testListId="8c84fa94-04c1-424b-9868-57a2d4851a1d" relativeResultsDirectory="05b23159-8de1-42b2-95da-bc9570e312de">
      <Output>
        <ErrorInfo>
          <Message>Die TestProject1.ControllerTest.undoTest-Testmethode hat eine Ausnahme ausgelöst: System.NullReferenceException: Der Objektverweis wurde nicht auf eine Objektinstanz festgelegt.</Message>
          <StackTrace>    bei TestProject1.ControllerTest.undoTest() in C:\Users\mathias\studium\master\semester 1\programmierung\Medienprogrammierung\Programming\TestProject1\ControllerTest.cs:Zeile 136.
</StackTrace>
        </ErrorInfo>
      </Output>
    </UnitTestResult>
  </Results>
</TestRun>