<?xml version="1.0" encoding="UTF-8"?>
<TestRun id="80e2d0e7-9e2f-401c-9a40-7af29f424fb7" name="mathias@MATHIAS-PC 2011-12-21 22:49:49" runUser="mathias-PC\mathias" xmlns="http://microsoft.com/schemas/VisualStudio/TeamTest/2010">
  <TestSettings name="Lokal" id="2f49c074-a861-4ffa-afec-cc51f40226af">
    <Description>Dies sind die standardmäßigen Testeinstellungen für einen lokalen Testlauf.</Description>
    <Deployment enabled="false" runDeploymentRoot="mathias_MATHIAS-PC 2011-12-21 22_49_49">
      <DeploymentItem filename="C:\Users\mathias\studium\master\semester 1\programmierung\Medienprogrammierung\Programming\Programming\bin\Release\Newtonsoft.Json.dll" />
      <DeploymentItem filename="C:\Users\mathias\studium\master\semester 1\programmierung\Medienprogrammierung\Programming\Programming\bin\Release\Facebook.dll" />
      <DeploymentItem filename="C:\Users\mathias\studium\master\semester 1\programmierung\Medienprogrammierung\Programming\Programming\bin\Debug\Programming.exe" />
    </Deployment>
    <Execution>
      <TestTypeSpecific />
      <AgentRule name="Execution Agents">
      </AgentRule>
    </Execution>
  </TestSettings>
  <Times creation="2011-12-21T22:49:49.3789957+01:00" queuing="2011-12-21T22:49:49.6800130+01:00" start="2011-12-21T22:49:49.7620176+01:00" finish="2011-12-21T22:49:50.1620405+01:00" />
  <ResultSummary outcome="Completed">
    <Counters total="1" executed="1" passed="1" error="0" failed="0" timeout="0" aborted="0" inconclusive="0" passedButRunAborted="0" notRunnable="0" notExecuted="0" disconnected="0" warning="0" completed="0" inProgress="0" pending="0" />
  </ResultSummary>
  <TestDefinitions>
    <UnitTest name="performTest" storage="c:\users\mathias\studium\master\semester 1\programmierung\medienprogrammierung\programming\testproject1\bin\debug\testproject1.dll" id="ed98a529-aab6-d61c-cfb4-73dfff4d2c0d">
      <Execution id="bb0dffd4-c312-4698-9c29-c268a8eeae4c" />
      <TestMethod codeBase="C:/Users/mathias/studium/master/semester 1/programmierung/Medienprogrammierung/Programming/TestProject1/bin/Debug/TestProject1.DLL" adapterTypeName="Microsoft.VisualStudio.TestTools.TestTypes.Unit.UnitTestAdapter, Microsoft.VisualStudio.QualityTools.Tips.UnitTest.Adapter, Version=10.0.0.0, Culture=neutral, PublicKeyToken=b03f5f7f11d50a3a" className="TestProject1.ImageManipulatorTest, TestProject1, Version=1.0.0.0, Culture=neutral, PublicKeyToken=null" name="performTest" />
    </UnitTest>
  </TestDefinitions>
  <TestLists>
    <TestList name="Nicht in einer Liste enthaltene Ergebnisse" id="8c84fa94-04c1-424b-9868-57a2d4851a1d" />
    <TestList name="Alle geladenen Ergebnisse" id="19431567-8539-422a-85d7-44ee4e166bda" />
  </TestLists>
  <TestEntries>
    <TestEntry testId="ed98a529-aab6-d61c-cfb4-73dfff4d2c0d" executionId="bb0dffd4-c312-4698-9c29-c268a8eeae4c" testListId="8c84fa94-04c1-424b-9868-57a2d4851a1d" />
  </TestEntries>
  <Results>
    <UnitTestResult executionId="bb0dffd4-c312-4698-9c29-c268a8eeae4c" testId="ed98a529-aab6-d61c-cfb4-73dfff4d2c0d" testName="performTest" computerName="MATHIAS-PC" duration="00:00:00.0270690" startTime="2011-12-21T22:49:49.7740183+01:00" endTime="2011-12-21T22:49:50.1330389+01:00" testType="13cdc9d9-ddb5-4fa4-a97d-d965ccfc6d4b" outcome="Passed" testListId="8c84fa94-04c1-424b-9868-57a2d4851a1d" relativeResultsDirectory="bb0dffd4-c312-4698-9c29-c268a8eeae4c">
    </UnitTestResult>
  </Results>
</TestRun>