<?xml version="1.0" encoding="UTF-8"?>
<TestRun id="6ae5263c-8490-4337-a6bf-3efc0a90f0ec" name="mathias@MATHIAS-PC 2012-01-21 15:05:06" runUser="mathias-PC\mathias" xmlns="http://microsoft.com/schemas/VisualStudio/TeamTest/2010">
  <TestSettings name="Lokal" id="2f49c074-a861-4ffa-afec-cc51f40226af">
    <Description>Dies sind die standardmäßigen Testeinstellungen für einen lokalen Testlauf.</Description>
    <Deployment userDeploymentRoot="C:\Users\mathias\studium\master\semester 1\programmierung\Medienprogrammierung\Programming\TestResults" useDefaultDeploymentRoot="false" enabled="false" runDeploymentRoot="mathias_MATHIAS-PC 2012-01-21 15_05_06">
      <DeploymentItem filename="C:\Users\mathias\studium\master\semester 1\programmierung\Medienprogrammierung\Programming\Programming\bin\Release\Newtonsoft.Json.dll" />
      <DeploymentItem filename="C:\Users\mathias\studium\master\semester 1\programmierung\Medienprogrammierung\Programming\Programming\bin\Debug\AForge.Video.dll" />
      <DeploymentItem filename="C:\Users\mathias\studium\master\semester 1\programmierung\Medienprogrammierung\Programming\Programming\bin\Debug\AForge.Video.DirectShow.dll" />
      <DeploymentItem filename="C:\Users\mathias\studium\master\semester 1\programmierung\Medienprogrammierung\Programming\Programming\bin\Release\Facebook.dll" />
      <DeploymentItem filename="C:\Users\mathias\studium\master\semester 1\programmierung\Medienprogrammierung\Programming\Programming\bin\Debug\Programming.exe" />
    </Deployment>
    <Execution>
      <TestTypeSpecific />
      <AgentRule name="Execution Agents">
      </AgentRule>
    </Execution>
  </TestSettings>
  <Times creation="2012-01-21T15:05:06.3368306+01:00" queuing="2012-01-21T15:05:06.3498314+01:00" start="2012-01-21T15:05:06.3678324+01:00" finish="2012-01-21T15:05:13.4212358+01:00" />
  <ResultSummary outcome="Warning">
    <Counters total="1" executed="1" passed="1" error="0" failed="0" timeout="0" aborted="0" inconclusive="0" passedButRunAborted="0" notRunnable="0" notExecuted="0" disconnected="0" warning="0" completed="0" inProgress="0" pending="0" />
    <RunInfos>
      <RunInfo computerName="MATHIAS-PC" outcome="Warning" timestamp="2012-01-21T15:05:06.3488313+01:00">
        <Text>Die Bereitstellung ist zurzeit deaktiviert. Das Bereitstellungselement "Programming.exe" für Test "TestProject1.ProgramTest.MainTest1" wurde nicht bereitgestellt.</Text>
      </RunInfo>
    </RunInfos>
  </ResultSummary>
  <TestDefinitions>
    <UnitTest name="MainTest1" storage="c:\users\mathias\studium\master\semester 1\programmierung\medienprogrammierung\programming\testproject1\bin\debug\testproject1.dll" id="32b13811-adb6-ec77-d94c-bf5c860951be">
      <DeploymentItems>
        <DeploymentItem filename="Programming.exe" />
      </DeploymentItems>
      <Execution id="8c477f85-52dc-4618-a912-542e6018dcf7" />
      <TestMethod codeBase="C:/Users/mathias/studium/master/semester 1/programmierung/Medienprogrammierung/Programming/TestProject1/bin/Debug/TestProject1.DLL" adapterTypeName="Microsoft.VisualStudio.TestTools.TestTypes.Unit.UnitTestAdapter, Microsoft.VisualStudio.QualityTools.Tips.UnitTest.Adapter, Version=10.0.0.0, Culture=neutral, PublicKeyToken=b03f5f7f11d50a3a" className="TestProject1.ProgramTest, TestProject1, Version=1.0.0.0, Culture=neutral, PublicKeyToken=null" name="MainTest1" />
    </UnitTest>
  </TestDefinitions>
  <TestLists>
    <TestList name="Nicht in einer Liste enthaltene Ergebnisse" id="8c84fa94-04c1-424b-9868-57a2d4851a1d" />
    <TestList name="Alle geladenen Ergebnisse" id="19431567-8539-422a-85d7-44ee4e166bda" />
  </TestLists>
  <TestEntries>
    <TestEntry testId="32b13811-adb6-ec77-d94c-bf5c860951be" executionId="8c477f85-52dc-4618-a912-542e6018dcf7" testListId="8c84fa94-04c1-424b-9868-57a2d4851a1d" />
  </TestEntries>
  <Results>
    <UnitTestResult executionId="8c477f85-52dc-4618-a912-542e6018dcf7" testId="32b13811-adb6-ec77-d94c-bf5c860951be" testName="MainTest1" computerName="MATHIAS-PC" duration="00:00:06.4303304" startTime="2012-01-21T15:05:06.3918338+01:00" endTime="2012-01-21T15:05:13.3452315+01:00" testType="13cdc9d9-ddb5-4fa4-a97d-d965ccfc6d4b" outcome="Passed" testListId="8c84fa94-04c1-424b-9868-57a2d4851a1d" relativeResultsDirectory="8c477f85-52dc-4618-a912-542e6018dcf7">
    </UnitTestResult>
  </Results>
</TestRun>