<?xml version="1.0" encoding="UTF-8"?>
<TestRun id="afb5f3ea-1a98-45b2-9d91-106b0e7b0fea" name="mathias@MATHIAS-PC 2011-12-21 22:37:06" runUser="mathias-PC\mathias" xmlns="http://microsoft.com/schemas/VisualStudio/TeamTest/2010">
  <TestSettings name="Lokal" id="2f49c074-a861-4ffa-afec-cc51f40226af">
    <Description>Dies sind die standardmäßigen Testeinstellungen für einen lokalen Testlauf.</Description>
    <Deployment userDeploymentRoot="C:\Users\mathias\studium\master\semester 1\programmierung\Medienprogrammierung\Programming\TestResults" useDefaultDeploymentRoot="false" enabled="false" runDeploymentRoot="mathias_MATHIAS-PC 2011-12-21 22_37_06">
      <DeploymentItem filename="C:\Users\mathias\studium\master\semester 1\programmierung\Medienprogrammierung\Programming\Programming\bin\Release\Newtonsoft.Json.dll" />
      <DeploymentItem filename="C:\Users\mathias\studium\master\semester 1\programmierung\Medienprogrammierung\Programming\Programming\bin\Release\Facebook.dll" />
      <DeploymentItem filename="C:\Users\mathias\studium\master\semester 1\programmierung\Medienprogrammierung\Programming\Programming\bin\Debug\Programming.exe" />
    </Deployment>
    <Execution>
      <TestTypeSpecific />
      <AgentRule name="Execution Agents">
      </AgentRule>
    </Execution>
  </TestSettings>
  <Times creation="2011-12-21T22:37:06.7893781+01:00" queuing="2011-12-21T22:37:06.8203799+01:00" start="2011-12-21T22:37:06.8393810+01:00" finish="2011-12-21T22:37:07.6554276+01:00" />
  <ResultSummary outcome="Failed">
    <Counters total="26" executed="26" passed="24" error="0" failed="1" timeout="0" aborted="0" inconclusive="1" passedButRunAborted="0" notRunnable="0" notExecuted="0" disconnected="0" warning="0" completed="0" inProgress="0" pending="0" />
  </ResultSummary>
  <TestDefinitions>
    <UnitTest name="getInstanceTest" storage="c:\users\mathias\studium\master\semester 1\programmierung\medienprogrammierung\programming\testproject1\bin\debug\testproject1.dll" id="e94ba4b9-677d-b5cb-1b24-050f26be0897">
      <Execution id="600b3f8e-cc48-4455-b14f-f9bc786f7683" />
      <TestMethod codeBase="C:/Users/mathias/studium/master/semester 1/programmierung/Medienprogrammierung/Programming/TestProject1/bin/Debug/TestProject1.DLL" adapterTypeName="Microsoft.VisualStudio.TestTools.TestTypes.Unit.UnitTestAdapter, Microsoft.VisualStudio.QualityTools.Tips.UnitTest.Adapter, Version=10.0.0.0, Culture=neutral, PublicKeyToken=b03f5f7f11d50a3a" className="TestProject1.ControllerTest, TestProject1, Version=1.0.0.0, Culture=neutral, PublicKeyToken=null" name="getInstanceTest" />
    </UnitTest>
    <UnitTest name="MainTest" storage="c:\users\mathias\studium\master\semester 1\programmierung\medienprogrammierung\programming\testproject1\bin\debug\testproject1.dll" id="9a46fa9b-9a2e-3eff-02e4-ce3ff885083d">
      <DeploymentItems>
        <DeploymentItem filename="Programming.exe" />
      </DeploymentItems>
      <Execution id="bce127e1-acd7-4af1-973b-9642fc928922" />
      <TestMethod codeBase="C:/Users/mathias/studium/master/semester 1/programmierung/Medienprogrammierung/Programming/TestProject1/bin/Debug/TestProject1.DLL" adapterTypeName="Microsoft.VisualStudio.TestTools.TestTypes.Unit.UnitTestAdapter, Microsoft.VisualStudio.QualityTools.Tips.UnitTest.Adapter, Version=10.0.0.0, Culture=neutral, PublicKeyToken=b03f5f7f11d50a3a" className="TestProject1.ProgramTest, TestProject1, Version=1.0.0.0, Culture=neutral, PublicKeyToken=null" name="MainTest" />
    </UnitTest>
    <UnitTest name="RGB_ModeFilterConstructorTest" storage="c:\users\mathias\studium\master\semester 1\programmierung\medienprogrammierung\programming\testproject1\bin\debug\testproject1.dll" id="a09dfaf6-7239-4f0d-306e-6ed80bf95595">
      <Execution id="5c45c278-32d4-4817-b69e-a5ab574a9d60" />
      <TestMethod codeBase="C:/Users/mathias/studium/master/semester 1/programmierung/Medienprogrammierung/Programming/TestProject1/bin/Debug/TestProject1.DLL" adapterTypeName="Microsoft.VisualStudio.TestTools.TestTypes.Unit.UnitTestAdapter, Microsoft.VisualStudio.QualityTools.Tips.UnitTest.Adapter, Version=10.0.0.0, Culture=neutral, PublicKeyToken=b03f5f7f11d50a3a" className="TestProject1.RGB_ModeFilterTest, TestProject1, Version=1.0.0.0, Culture=neutral, PublicKeyToken=null" name="RGB_ModeFilterConstructorTest" />
    </UnitTest>
    <UnitTest name="ErrorDiffusionFilterConstructorTest" storage="c:\users\mathias\studium\master\semester 1\programmierung\medienprogrammierung\programming\testproject1\bin\debug\testproject1.dll" id="cb6f91e9-958d-53a3-511f-f5e378b3ee24">
      <Execution id="0f27de5a-26e2-4a4e-8a66-14b7c212ee1f" />
      <TestMethod codeBase="C:/Users/mathias/studium/master/semester 1/programmierung/Medienprogrammierung/Programming/TestProject1/bin/Debug/TestProject1.DLL" adapterTypeName="Microsoft.VisualStudio.TestTools.TestTypes.Unit.UnitTestAdapter, Microsoft.VisualStudio.QualityTools.Tips.UnitTest.Adapter, Version=10.0.0.0, Culture=neutral, PublicKeyToken=b03f5f7f11d50a3a" className="TestProject1.ErrorDiffusionFilterTest, TestProject1, Version=1.0.0.0, Culture=neutral, PublicKeyToken=null" name="ErrorDiffusionFilterConstructorTest" />
    </UnitTest>
    <UnitTest name="ImageManipulatorConstructorTest" storage="c:\users\mathias\studium\master\semester 1\programmierung\medienprogrammierung\programming\testproject1\bin\debug\testproject1.dll" id="c54b7c3d-97a4-cf3e-1b61-db666fb0b2b4">
      <Execution id="8f48db37-9e32-44a6-8df9-17caa7afe057" />
      <TestMethod codeBase="C:/Users/mathias/studium/master/semester 1/programmierung/Medienprogrammierung/Programming/TestProject1/bin/Debug/TestProject1.DLL" adapterTypeName="Microsoft.VisualStudio.TestTools.TestTypes.Unit.UnitTestAdapter, Microsoft.VisualStudio.QualityTools.Tips.UnitTest.Adapter, Version=10.0.0.0, Culture=neutral, PublicKeyToken=b03f5f7f11d50a3a" className="TestProject1.ImageManipulatorTest, TestProject1, Version=1.0.0.0, Culture=neutral, PublicKeyToken=null" name="ImageManipulatorConstructorTest" />
    </UnitTest>
    <UnitTest name="performTest" storage="c:\users\mathias\studium\master\semester 1\programmierung\medienprogrammierung\programming\testproject1\bin\debug\testproject1.dll" id="c4c3c443-7469-c3ab-1664-55cbef9492d7">
      <Execution id="19fc55dc-f8e7-4054-bef8-baae1e8fb276" />
      <TestMethod codeBase="C:/Users/mathias/studium/master/semester 1/programmierung/Medienprogrammierung/Programming/TestProject1/bin/Debug/TestProject1.DLL" adapterTypeName="Microsoft.VisualStudio.TestTools.TestTypes.Unit.UnitTestAdapter, Microsoft.VisualStudio.QualityTools.Tips.UnitTest.Adapter, Version=10.0.0.0, Culture=neutral, PublicKeyToken=b03f5f7f11d50a3a" className="TestProject1.OscillationFilterTest, TestProject1, Version=1.0.0.0, Culture=neutral, PublicKeyToken=null" name="performTest" />
    </UnitTest>
    <UnitTest name="performTest" storage="c:\users\mathias\studium\master\semester 1\programmierung\medienprogrammierung\programming\testproject1\bin\debug\testproject1.dll" id="0154749f-78bc-bf28-ca06-2e5f09a33e51">
      <Execution id="8458e6ac-9ad3-425d-b5db-c46061761560" />
      <TestMethod codeBase="C:/Users/mathias/studium/master/semester 1/programmierung/Medienprogrammierung/Programming/TestProject1/bin/Debug/TestProject1.DLL" adapterTypeName="Microsoft.VisualStudio.TestTools.TestTypes.Unit.UnitTestAdapter, Microsoft.VisualStudio.QualityTools.Tips.UnitTest.Adapter, Version=10.0.0.0, Culture=neutral, PublicKeyToken=b03f5f7f11d50a3a" className="TestProject1.BlackWhiteFilterTest, TestProject1, Version=1.0.0.0, Culture=neutral, PublicKeyToken=null" name="performTest" />
    </UnitTest>
    <UnitTest name="OscillationFilterConstructorTest" storage="c:\users\mathias\studium\master\semester 1\programmierung\medienprogrammierung\programming\testproject1\bin\debug\testproject1.dll" id="0ff7e0d0-a263-d910-623c-cc55a9dbcac2">
      <Execution id="39d37e8b-8dad-42e8-8bb2-4036ff138cc0" />
      <TestMethod codeBase="C:/Users/mathias/studium/master/semester 1/programmierung/Medienprogrammierung/Programming/TestProject1/bin/Debug/TestProject1.DLL" adapterTypeName="Microsoft.VisualStudio.TestTools.TestTypes.Unit.UnitTestAdapter, Microsoft.VisualStudio.QualityTools.Tips.UnitTest.Adapter, Version=10.0.0.0, Culture=neutral, PublicKeyToken=b03f5f7f11d50a3a" className="TestProject1.OscillationFilterTest, TestProject1, Version=1.0.0.0, Culture=neutral, PublicKeyToken=null" name="OscillationFilterConstructorTest" />
    </UnitTest>
    <UnitTest name="InvertFilterConstructorTest" storage="c:\users\mathias\studium\master\semester 1\programmierung\medienprogrammierung\programming\testproject1\bin\debug\testproject1.dll" id="d9cbe861-7ec5-3099-ba38-2c605d306673">
      <Execution id="1fcc38a4-c35c-45e5-b21c-68d9965e5940" />
      <TestMethod codeBase="C:/Users/mathias/studium/master/semester 1/programmierung/Medienprogrammierung/Programming/TestProject1/bin/Debug/TestProject1.DLL" adapterTypeName="Microsoft.VisualStudio.TestTools.TestTypes.Unit.UnitTestAdapter, Microsoft.VisualStudio.QualityTools.Tips.UnitTest.Adapter, Version=10.0.0.0, Culture=neutral, PublicKeyToken=b03f5f7f11d50a3a" className="TestProject1.InvertFilterTest, TestProject1, Version=1.0.0.0, Culture=neutral, PublicKeyToken=null" name="InvertFilterConstructorTest" />
    </UnitTest>
    <UnitTest name="setMainFormTest" storage="c:\users\mathias\studium\master\semester 1\programmierung\medienprogrammierung\programming\testproject1\bin\debug\testproject1.dll" id="b30649c3-9490-1525-b4f4-8e069a4e79f4">
      <Execution id="d0fadd1f-926e-4986-be88-aff9313552f6" />
      <TestMethod codeBase="C:/Users/mathias/studium/master/semester 1/programmierung/Medienprogrammierung/Programming/TestProject1/bin/Debug/TestProject1.DLL" adapterTypeName="Microsoft.VisualStudio.TestTools.TestTypes.Unit.UnitTestAdapter, Microsoft.VisualStudio.QualityTools.Tips.UnitTest.Adapter, Version=10.0.0.0, Culture=neutral, PublicKeyToken=b03f5f7f11d50a3a" className="TestProject1.ControllerTest, TestProject1, Version=1.0.0.0, Culture=neutral, PublicKeyToken=null" name="setMainFormTest" />
    </UnitTest>
    <UnitTest name="save_PixelStateTest" storage="c:\users\mathias\studium\master\semester 1\programmierung\medienprogrammierung\programming\testproject1\bin\debug\testproject1.dll" id="9f5c1e07-d3c6-a508-adce-b5381cb99ec2">
      <Execution id="1ba70d2b-be81-4c16-9d87-51becccfa519" />
      <TestMethod codeBase="C:/Users/mathias/studium/master/semester 1/programmierung/Medienprogrammierung/Programming/TestProject1/bin/Debug/TestProject1.DLL" adapterTypeName="Microsoft.VisualStudio.TestTools.TestTypes.Unit.UnitTestAdapter, Microsoft.VisualStudio.QualityTools.Tips.UnitTest.Adapter, Version=10.0.0.0, Culture=neutral, PublicKeyToken=b03f5f7f11d50a3a" className="TestProject1.ThreadHandlerTest, TestProject1, Version=1.0.0.0, Culture=neutral, PublicKeyToken=null" name="save_PixelStateTest" />
    </UnitTest>
    <UnitTest name="setNameTest" storage="c:\users\mathias\studium\master\semester 1\programmierung\medienprogrammierung\programming\testproject1\bin\debug\testproject1.dll" id="808b215a-6a8c-b953-5df1-d3c332ac032c">
      <Execution id="05737933-055e-45a6-804c-599634cdaf10" />
      <TestMethod codeBase="C:/Users/mathias/studium/master/semester 1/programmierung/Medienprogrammierung/Programming/TestProject1/bin/Debug/TestProject1.DLL" adapterTypeName="Microsoft.VisualStudio.TestTools.TestTypes.Unit.UnitTestAdapter, Microsoft.VisualStudio.QualityTools.Tips.UnitTest.Adapter, Version=10.0.0.0, Culture=neutral, PublicKeyToken=b03f5f7f11d50a3a" className="TestProject1.UserTest, TestProject1, Version=1.0.0.0, Culture=neutral, PublicKeyToken=null" name="setNameTest" />
    </UnitTest>
    <UnitTest name="RotateFilterConstructorTest" storage="c:\users\mathias\studium\master\semester 1\programmierung\medienprogrammierung\programming\testproject1\bin\debug\testproject1.dll" id="5d17ee44-b5cd-0e62-ac4b-1bc91d9bc224">
      <Execution id="fe9151ba-4362-4995-82f3-26bf54184d87" />
      <TestMethod codeBase="C:/Users/mathias/studium/master/semester 1/programmierung/Medienprogrammierung/Programming/TestProject1/bin/Debug/TestProject1.DLL" adapterTypeName="Microsoft.VisualStudio.TestTools.TestTypes.Unit.UnitTestAdapter, Microsoft.VisualStudio.QualityTools.Tips.UnitTest.Adapter, Version=10.0.0.0, Culture=neutral, PublicKeyToken=b03f5f7f11d50a3a" className="TestProject1.RotateFilterTest, TestProject1, Version=1.0.0.0, Culture=neutral, PublicKeyToken=null" name="RotateFilterConstructorTest" />
    </UnitTest>
    <UnitTest name="rotateTest" storage="c:\users\mathias\studium\master\semester 1\programmierung\medienprogrammierung\programming\testproject1\bin\debug\testproject1.dll" id="3be80adf-bcab-b9a9-d0fe-a1804ca70733">
      <Execution id="b06aaf03-29d1-4cef-8b9b-e72ee3342753" />
      <TestMethod codeBase="C:/Users/mathias/studium/master/semester 1/programmierung/Medienprogrammierung/Programming/TestProject1/bin/Debug/TestProject1.DLL" adapterTypeName="Microsoft.VisualStudio.TestTools.TestTypes.Unit.UnitTestAdapter, Microsoft.VisualStudio.QualityTools.Tips.UnitTest.Adapter, Version=10.0.0.0, Culture=neutral, PublicKeyToken=b03f5f7f11d50a3a" className="TestProject1.RotateFilterTest, TestProject1, Version=1.0.0.0, Culture=neutral, PublicKeyToken=null" name="rotateTest" />
    </UnitTest>
    <UnitTest name="performTest" storage="c:\users\mathias\studium\master\semester 1\programmierung\medienprogrammierung\programming\testproject1\bin\debug\testproject1.dll" id="5fafb705-0681-66bb-8720-8f83850173f6">
      <Execution id="6fb8874e-7c61-420f-bddf-8bccb7041331" />
      <TestMethod codeBase="C:/Users/mathias/studium/master/semester 1/programmierung/Medienprogrammierung/Programming/TestProject1/bin/Debug/TestProject1.DLL" adapterTypeName="Microsoft.VisualStudio.TestTools.TestTypes.Unit.UnitTestAdapter, Microsoft.VisualStudio.QualityTools.Tips.UnitTest.Adapter, Version=10.0.0.0, Culture=neutral, PublicKeyToken=b03f5f7f11d50a3a" className="TestProject1.GrayscaleFilterTest, TestProject1, Version=1.0.0.0, Culture=neutral, PublicKeyToken=null" name="performTest" />
    </UnitTest>
    <UnitTest name="performTest1" storage="c:\users\mathias\studium\master\semester 1\programmierung\medienprogrammierung\programming\testproject1\bin\debug\testproject1.dll" id="d6f5ee68-bc22-0ee5-b9c1-df81399fcf61">
      <DeploymentItems>
        <DeploymentItem filename="Programming.exe" />
      </DeploymentItems>
      <Execution id="14b0c7fe-b3b8-46c5-a638-be2db75653ab" />
      <TestMethod codeBase="C:/Users/mathias/studium/master/semester 1/programmierung/Medienprogrammierung/Programming/TestProject1/bin/Debug/TestProject1.DLL" adapterTypeName="Microsoft.VisualStudio.TestTools.TestTypes.Unit.UnitTestAdapter, Microsoft.VisualStudio.QualityTools.Tips.UnitTest.Adapter, Version=10.0.0.0, Culture=neutral, PublicKeyToken=b03f5f7f11d50a3a" className="TestProject1.ImageManipulatorTest, TestProject1, Version=1.0.0.0, Culture=neutral, PublicKeyToken=null" name="performTest1" />
    </UnitTest>
    <UnitTest name="performTest" storage="c:\users\mathias\studium\master\semester 1\programmierung\medienprogrammierung\programming\testproject1\bin\debug\testproject1.dll" id="f7cd8541-dc96-429d-5112-23b12e0d7bcb">
      <Execution id="33c64821-b7eb-4c67-95ea-24ad30b80ef5" />
      <TestMethod codeBase="C:/Users/mathias/studium/master/semester 1/programmierung/Medienprogrammierung/Programming/TestProject1/bin/Debug/TestProject1.DLL" adapterTypeName="Microsoft.VisualStudio.TestTools.TestTypes.Unit.UnitTestAdapter, Microsoft.VisualStudio.QualityTools.Tips.UnitTest.Adapter, Version=10.0.0.0, Culture=neutral, PublicKeyToken=b03f5f7f11d50a3a" className="TestProject1.InvertFilterTest, TestProject1, Version=1.0.0.0, Culture=neutral, PublicKeyToken=null" name="performTest" />
    </UnitTest>
    <UnitTest name="GrayscaleFilterConstructorTest" storage="c:\users\mathias\studium\master\semester 1\programmierung\medienprogrammierung\programming\testproject1\bin\debug\testproject1.dll" id="cfa535a2-756a-5d02-badb-8fb7df1ef388">
      <Execution id="94521583-a6cc-4193-9885-caa1c9e55ead" />
      <TestMethod codeBase="C:/Users/mathias/studium/master/semester 1/programmierung/Medienprogrammierung/Programming/TestProject1/bin/Debug/TestProject1.DLL" adapterTypeName="Microsoft.VisualStudio.TestTools.TestTypes.Unit.UnitTestAdapter, Microsoft.VisualStudio.QualityTools.Tips.UnitTest.Adapter, Version=10.0.0.0, Culture=neutral, PublicKeyToken=b03f5f7f11d50a3a" className="TestProject1.GrayscaleFilterTest, TestProject1, Version=1.0.0.0, Culture=neutral, PublicKeyToken=null" name="GrayscaleFilterConstructorTest" />
    </UnitTest>
    <UnitTest name="setPictureBoxTest" storage="c:\users\mathias\studium\master\semester 1\programmierung\medienprogrammierung\programming\testproject1\bin\debug\testproject1.dll" id="e2ad20fc-5473-ee46-2f75-88e5a48cb321">
      <Execution id="d110f576-fa19-499f-985d-216503b161d4" />
      <TestMethod codeBase="C:/Users/mathias/studium/master/semester 1/programmierung/Medienprogrammierung/Programming/TestProject1/bin/Debug/TestProject1.DLL" adapterTypeName="Microsoft.VisualStudio.TestTools.TestTypes.Unit.UnitTestAdapter, Microsoft.VisualStudio.QualityTools.Tips.UnitTest.Adapter, Version=10.0.0.0, Culture=neutral, PublicKeyToken=b03f5f7f11d50a3a" className="TestProject1.ControllerTest, TestProject1, Version=1.0.0.0, Culture=neutral, PublicKeyToken=null" name="setPictureBoxTest" />
    </UnitTest>
    <UnitTest name="performTest" storage="c:\users\mathias\studium\master\semester 1\programmierung\medienprogrammierung\programming\testproject1\bin\debug\testproject1.dll" id="69e27bca-8834-dbda-d579-a227f1d890a9">
      <Execution id="1702612b-4084-41af-998c-d88d4df9eb4b" />
      <TestMethod codeBase="C:/Users/mathias/studium/master/semester 1/programmierung/Medienprogrammierung/Programming/TestProject1/bin/Debug/TestProject1.DLL" adapterTypeName="Microsoft.VisualStudio.TestTools.TestTypes.Unit.UnitTestAdapter, Microsoft.VisualStudio.QualityTools.Tips.UnitTest.Adapter, Version=10.0.0.0, Culture=neutral, PublicKeyToken=b03f5f7f11d50a3a" className="TestProject1.ErrorDiffusionFilterTest, TestProject1, Version=1.0.0.0, Culture=neutral, PublicKeyToken=null" name="performTest" />
    </UnitTest>
    <UnitTest name="SepiaFilterConstructorTest" storage="c:\users\mathias\studium\master\semester 1\programmierung\medienprogrammierung\programming\testproject1\bin\debug\testproject1.dll" id="2230829b-1f4f-d9e4-adb1-df3b8d64f72f">
      <Execution id="024bf6c7-27b8-4b2e-8c22-9494a3d19316" />
      <TestMethod codeBase="C:/Users/mathias/studium/master/semester 1/programmierung/Medienprogrammierung/Programming/TestProject1/bin/Debug/TestProject1.DLL" adapterTypeName="Microsoft.VisualStudio.TestTools.TestTypes.Unit.UnitTestAdapter, Microsoft.VisualStudio.QualityTools.Tips.UnitTest.Adapter, Version=10.0.0.0, Culture=neutral, PublicKeyToken=b03f5f7f11d50a3a" className="TestProject1.SepiaFilterTest, TestProject1, Version=1.0.0.0, Culture=neutral, PublicKeyToken=null" name="SepiaFilterConstructorTest" />
    </UnitTest>
    <UnitTest name="performTest" storage="c:\users\mathias\studium\master\semester 1\programmierung\medienprogrammierung\programming\testproject1\bin\debug\testproject1.dll" id="75cc471e-1517-af11-e8dc-a61e8ea83941">
      <Execution id="991fc675-65e6-477e-87db-f79552643e29" />
      <TestMethod codeBase="C:/Users/mathias/studium/master/semester 1/programmierung/Medienprogrammierung/Programming/TestProject1/bin/Debug/TestProject1.DLL" adapterTypeName="Microsoft.VisualStudio.TestTools.TestTypes.Unit.UnitTestAdapter, Microsoft.VisualStudio.QualityTools.Tips.UnitTest.Adapter, Version=10.0.0.0, Culture=neutral, PublicKeyToken=b03f5f7f11d50a3a" className="TestProject1.RGB_ModeFilterTest, TestProject1, Version=1.0.0.0, Culture=neutral, PublicKeyToken=null" name="performTest" />
    </UnitTest>
    <UnitTest name="performTest" storage="c:\users\mathias\studium\master\semester 1\programmierung\medienprogrammierung\programming\testproject1\bin\debug\testproject1.dll" id="7870b940-fe6b-7b30-3290-675eea668a00">
      <Execution id="03d59113-8139-42a0-a2cd-86754b857b0c" />
      <TestMethod codeBase="C:/Users/mathias/studium/master/semester 1/programmierung/Medienprogrammierung/Programming/TestProject1/bin/Debug/TestProject1.DLL" adapterTypeName="Microsoft.VisualStudio.TestTools.TestTypes.Unit.UnitTestAdapter, Microsoft.VisualStudio.QualityTools.Tips.UnitTest.Adapter, Version=10.0.0.0, Culture=neutral, PublicKeyToken=b03f5f7f11d50a3a" className="TestProject1.SepiaFilterTest, TestProject1, Version=1.0.0.0, Culture=neutral, PublicKeyToken=null" name="performTest" />
    </UnitTest>
    <UnitTest name="undoTest" storage="c:\users\mathias\studium\master\semester 1\programmierung\medienprogrammierung\programming\testproject1\bin\debug\testproject1.dll" id="e7eac791-de3c-46f2-bce8-f4d477776f01">
      <Execution id="b5266c24-3433-49d7-8197-c700b9781b3d" />
      <TestMethod codeBase="C:/Users/mathias/studium/master/semester 1/programmierung/Medienprogrammierung/Programming/TestProject1/bin/Debug/TestProject1.DLL" adapterTypeName="Microsoft.VisualStudio.TestTools.TestTypes.Unit.UnitTestAdapter, Microsoft.VisualStudio.QualityTools.Tips.UnitTest.Adapter, Version=10.0.0.0, Culture=neutral, PublicKeyToken=b03f5f7f11d50a3a" className="TestProject1.ControllerTest, TestProject1, Version=1.0.0.0, Culture=neutral, PublicKeyToken=null" name="undoTest" />
    </UnitTest>
    <UnitTest name="computeHeightStepsTest" storage="c:\users\mathias\studium\master\semester 1\programmierung\medienprogrammierung\programming\testproject1\bin\debug\testproject1.dll" id="c8cc5580-ead3-5acf-a1e1-3282adddd441">
      <DeploymentItems>
        <DeploymentItem filename="Programming.exe" />
      </DeploymentItems>
      <Execution id="6e2a951b-61bb-4983-8623-f3d91ec11f53" />
      <TestMethod codeBase="C:/Users/mathias/studium/master/semester 1/programmierung/Medienprogrammierung/Programming/TestProject1/bin/Debug/TestProject1.DLL" adapterTypeName="Microsoft.VisualStudio.TestTools.TestTypes.Unit.UnitTestAdapter, Microsoft.VisualStudio.QualityTools.Tips.UnitTest.Adapter, Version=10.0.0.0, Culture=neutral, PublicKeyToken=b03f5f7f11d50a3a" className="TestProject1.ImageManipulatorTest, TestProject1, Version=1.0.0.0, Culture=neutral, PublicKeyToken=null" name="computeHeightStepsTest" />
    </UnitTest>
    <UnitTest name="BlackWhiteFilterConstructorTest" storage="c:\users\mathias\studium\master\semester 1\programmierung\medienprogrammierung\programming\testproject1\bin\debug\testproject1.dll" id="04635d02-4f9e-45d8-3e06-60b4ba2dbebd">
      <Execution id="fce2539f-837d-408e-87ad-9e5fe5e891b4" />
      <TestMethod codeBase="C:/Users/mathias/studium/master/semester 1/programmierung/Medienprogrammierung/Programming/TestProject1/bin/Debug/TestProject1.DLL" adapterTypeName="Microsoft.VisualStudio.TestTools.TestTypes.Unit.UnitTestAdapter, Microsoft.VisualStudio.QualityTools.Tips.UnitTest.Adapter, Version=10.0.0.0, Culture=neutral, PublicKeyToken=b03f5f7f11d50a3a" className="TestProject1.BlackWhiteFilterTest, TestProject1, Version=1.0.0.0, Culture=neutral, PublicKeyToken=null" name="BlackWhiteFilterConstructorTest" />
    </UnitTest>
  </TestDefinitions>
  <TestLists>
    <TestList name="Nicht in einer Liste enthaltene Ergebnisse" id="8c84fa94-04c1-424b-9868-57a2d4851a1d" />
    <TestList name="Alle geladenen Ergebnisse" id="19431567-8539-422a-85d7-44ee4e166bda" />
  </TestLists>
  <TestEntries>
    <TestEntry testId="e7eac791-de3c-46f2-bce8-f4d477776f01" executionId="b5266c24-3433-49d7-8197-c700b9781b3d" testListId="8c84fa94-04c1-424b-9868-57a2d4851a1d" />
    <TestEntry testId="5d17ee44-b5cd-0e62-ac4b-1bc91d9bc224" executionId="fe9151ba-4362-4995-82f3-26bf54184d87" testListId="8c84fa94-04c1-424b-9868-57a2d4851a1d" />
    <TestEntry testId="d6f5ee68-bc22-0ee5-b9c1-df81399fcf61" executionId="14b0c7fe-b3b8-46c5-a638-be2db75653ab" testListId="8c84fa94-04c1-424b-9868-57a2d4851a1d" />
    <TestEntry testId="e94ba4b9-677d-b5cb-1b24-050f26be0897" executionId="600b3f8e-cc48-4455-b14f-f9bc786f7683" testListId="8c84fa94-04c1-424b-9868-57a2d4851a1d" />
    <TestEntry testId="9f5c1e07-d3c6-a508-adce-b5381cb99ec2" executionId="1ba70d2b-be81-4c16-9d87-51becccfa519" testListId="8c84fa94-04c1-424b-9868-57a2d4851a1d" />
    <TestEntry testId="d9cbe861-7ec5-3099-ba38-2c605d306673" executionId="1fcc38a4-c35c-45e5-b21c-68d9965e5940" testListId="8c84fa94-04c1-424b-9868-57a2d4851a1d" />
    <TestEntry testId="3be80adf-bcab-b9a9-d0fe-a1804ca70733" executionId="b06aaf03-29d1-4cef-8b9b-e72ee3342753" testListId="8c84fa94-04c1-424b-9868-57a2d4851a1d" />
    <TestEntry testId="5fafb705-0681-66bb-8720-8f83850173f6" executionId="6fb8874e-7c61-420f-bddf-8bccb7041331" testListId="8c84fa94-04c1-424b-9868-57a2d4851a1d" />
    <TestEntry testId="cfa535a2-756a-5d02-badb-8fb7df1ef388" executionId="94521583-a6cc-4193-9885-caa1c9e55ead" testListId="8c84fa94-04c1-424b-9868-57a2d4851a1d" />
    <TestEntry testId="9a46fa9b-9a2e-3eff-02e4-ce3ff885083d" executionId="bce127e1-acd7-4af1-973b-9642fc928922" testListId="8c84fa94-04c1-424b-9868-57a2d4851a1d" />
    <TestEntry testId="cb6f91e9-958d-53a3-511f-f5e378b3ee24" executionId="0f27de5a-26e2-4a4e-8a66-14b7c212ee1f" testListId="8c84fa94-04c1-424b-9868-57a2d4851a1d" />
    <TestEntry testId="04635d02-4f9e-45d8-3e06-60b4ba2dbebd" executionId="fce2539f-837d-408e-87ad-9e5fe5e891b4" testListId="8c84fa94-04c1-424b-9868-57a2d4851a1d" />
    <TestEntry testId="0154749f-78bc-bf28-ca06-2e5f09a33e51" executionId="8458e6ac-9ad3-425d-b5db-c46061761560" testListId="8c84fa94-04c1-424b-9868-57a2d4851a1d" />
    <TestEntry testId="c54b7c3d-97a4-cf3e-1b61-db666fb0b2b4" executionId="8f48db37-9e32-44a6-8df9-17caa7afe057" testListId="8c84fa94-04c1-424b-9868-57a2d4851a1d" />
    <TestEntry testId="0ff7e0d0-a263-d910-623c-cc55a9dbcac2" executionId="39d37e8b-8dad-42e8-8bb2-4036ff138cc0" testListId="8c84fa94-04c1-424b-9868-57a2d4851a1d" />
    <TestEntry testId="b30649c3-9490-1525-b4f4-8e069a4e79f4" executionId="d0fadd1f-926e-4986-be88-aff9313552f6" testListId="8c84fa94-04c1-424b-9868-57a2d4851a1d" />
    <TestEntry testId="c8cc5580-ead3-5acf-a1e1-3282adddd441" executionId="6e2a951b-61bb-4983-8623-f3d91ec11f53" testListId="8c84fa94-04c1-424b-9868-57a2d4851a1d" />
    <TestEntry testId="a09dfaf6-7239-4f0d-306e-6ed80bf95595" executionId="5c45c278-32d4-4817-b69e-a5ab574a9d60" testListId="8c84fa94-04c1-424b-9868-57a2d4851a1d" />
    <TestEntry testId="2230829b-1f4f-d9e4-adb1-df3b8d64f72f" executionId="024bf6c7-27b8-4b2e-8c22-9494a3d19316" testListId="8c84fa94-04c1-424b-9868-57a2d4851a1d" />
    <TestEntry testId="7870b940-fe6b-7b30-3290-675eea668a00" executionId="03d59113-8139-42a0-a2cd-86754b857b0c" testListId="8c84fa94-04c1-424b-9868-57a2d4851a1d" />
    <TestEntry testId="c4c3c443-7469-c3ab-1664-55cbef9492d7" executionId="19fc55dc-f8e7-4054-bef8-baae1e8fb276" testListId="8c84fa94-04c1-424b-9868-57a2d4851a1d" />
    <TestEntry testId="75cc471e-1517-af11-e8dc-a61e8ea83941" executionId="991fc675-65e6-477e-87db-f79552643e29" testListId="8c84fa94-04c1-424b-9868-57a2d4851a1d" />
    <TestEntry testId="f7cd8541-dc96-429d-5112-23b12e0d7bcb" executionId="33c64821-b7eb-4c67-95ea-24ad30b80ef5" testListId="8c84fa94-04c1-424b-9868-57a2d4851a1d" />
    <TestEntry testId="69e27bca-8834-dbda-d579-a227f1d890a9" executionId="1702612b-4084-41af-998c-d88d4df9eb4b" testListId="8c84fa94-04c1-424b-9868-57a2d4851a1d" />
    <TestEntry testId="808b215a-6a8c-b953-5df1-d3c332ac032c" executionId="05737933-055e-45a6-804c-599634cdaf10" testListId="8c84fa94-04c1-424b-9868-57a2d4851a1d" />
    <TestEntry testId="e2ad20fc-5473-ee46-2f75-88e5a48cb321" executionId="d110f576-fa19-499f-985d-216503b161d4" testListId="8c84fa94-04c1-424b-9868-57a2d4851a1d" />
  </TestEntries>
  <Results>
    <UnitTestResult executionId="b5266c24-3433-49d7-8197-c700b9781b3d" testId="e7eac791-de3c-46f2-bce8-f4d477776f01" testName="undoTest" computerName="MATHIAS-PC" duration="00:00:00.0720754" startTime="2011-12-21T22:37:06.8533818+01:00" endTime="2011-12-21T22:37:07.2254030+01:00" testType="13cdc9d9-ddb5-4fa4-a97d-d965ccfc6d4b" outcome="Failed" testListId="8c84fa94-04c1-424b-9868-57a2d4851a1d" relativeResultsDirectory="b5266c24-3433-49d7-8197-c700b9781b3d">
      <Output>
        <ErrorInfo>
          <Message>Fehler bei "Assert.AreEqual". Erwartet:&lt;System.Drawing.Bitmap&gt;. Tatsächlich:&lt;System.Drawing.Bitmap&gt;. Das System wirft einen Fehler weil er bekommt was er erwartet. ALLES KLAAR!!! :(</Message>
          <StackTrace>   bei TestProject1.ControllerTest.undoTest() in C:\Users\mathias\studium\master\semester 1\programmierung\Medienprogrammierung\Programming\TestProject1\ControllerTest.cs:Zeile 152.
</StackTrace>
        </ErrorInfo>
      </Output>
    </UnitTestResult>
    <UnitTestResult executionId="fe9151ba-4362-4995-82f3-26bf54184d87" testId="5d17ee44-b5cd-0e62-ac4b-1bc91d9bc224" testName="RotateFilterConstructorTest" computerName="MATHIAS-PC" duration="00:00:00.0005847" startTime="2011-12-21T22:37:07.2304033+01:00" endTime="2011-12-21T22:37:07.2404039+01:00" testType="13cdc9d9-ddb5-4fa4-a97d-d965ccfc6d4b" outcome="Passed" testListId="8c84fa94-04c1-424b-9868-57a2d4851a1d" relativeResultsDirectory="fe9151ba-4362-4995-82f3-26bf54184d87">
    </UnitTestResult>
    <UnitTestResult executionId="14b0c7fe-b3b8-46c5-a638-be2db75653ab" testId="d6f5ee68-bc22-0ee5-b9c1-df81399fcf61" testName="performTest1" computerName="MATHIAS-PC" duration="00:00:00.0101478" startTime="2011-12-21T22:37:07.2434041+01:00" endTime="2011-12-21T22:37:07.2664054+01:00" testType="13cdc9d9-ddb5-4fa4-a97d-d965ccfc6d4b" outcome="Passed" testListId="8c84fa94-04c1-424b-9868-57a2d4851a1d" relativeResultsDirectory="14b0c7fe-b3b8-46c5-a638-be2db75653ab">
    </UnitTestResult>
    <UnitTestResult executionId="600b3f8e-cc48-4455-b14f-f9bc786f7683" testId="e94ba4b9-677d-b5cb-1b24-050f26be0897" testName="getInstanceTest" computerName="MATHIAS-PC" duration="00:00:00.0004550" startTime="2011-12-21T22:37:07.2684055+01:00" endTime="2011-12-21T22:37:07.2784061+01:00" testType="13cdc9d9-ddb5-4fa4-a97d-d965ccfc6d4b" outcome="Passed" testListId="8c84fa94-04c1-424b-9868-57a2d4851a1d" relativeResultsDirectory="600b3f8e-cc48-4455-b14f-f9bc786f7683">
    </UnitTestResult>
    <UnitTestResult executionId="1ba70d2b-be81-4c16-9d87-51becccfa519" testId="9f5c1e07-d3c6-a508-adce-b5381cb99ec2" testName="save_PixelStateTest" computerName="MATHIAS-PC" duration="00:00:00.0104951" startTime="2011-12-21T22:37:07.2814062+01:00" endTime="2011-12-21T22:37:07.3144081+01:00" testType="13cdc9d9-ddb5-4fa4-a97d-d965ccfc6d4b" outcome="Passed" testListId="8c84fa94-04c1-424b-9868-57a2d4851a1d" relativeResultsDirectory="1ba70d2b-be81-4c16-9d87-51becccfa519">
    </UnitTestResult>
    <UnitTestResult executionId="1fcc38a4-c35c-45e5-b21c-68d9965e5940" testId="d9cbe861-7ec5-3099-ba38-2c605d306673" testName="InvertFilterConstructorTest" computerName="MATHIAS-PC" duration="00:00:00.0041101" startTime="2011-12-21T22:37:07.3264088+01:00" endTime="2011-12-21T22:37:07.3394096+01:00" testType="13cdc9d9-ddb5-4fa4-a97d-d965ccfc6d4b" outcome="Passed" testListId="8c84fa94-04c1-424b-9868-57a2d4851a1d" relativeResultsDirectory="1fcc38a4-c35c-45e5-b21c-68d9965e5940">
    </UnitTestResult>
    <UnitTestResult executionId="b06aaf03-29d1-4cef-8b9b-e72ee3342753" testId="3be80adf-bcab-b9a9-d0fe-a1804ca70733" testName="rotateTest" computerName="MATHIAS-PC" duration="00:00:00.0005008" startTime="2011-12-21T22:37:07.3424097+01:00" endTime="2011-12-21T22:37:07.3494101+01:00" testType="13cdc9d9-ddb5-4fa4-a97d-d965ccfc6d4b" outcome="Passed" testListId="8c84fa94-04c1-424b-9868-57a2d4851a1d" relativeResultsDirectory="b06aaf03-29d1-4cef-8b9b-e72ee3342753">
    </UnitTestResult>
    <UnitTestResult executionId="6fb8874e-7c61-420f-bddf-8bccb7041331" testId="5fafb705-0681-66bb-8720-8f83850173f6" testName="performTest" computerName="MATHIAS-PC" duration="00:00:00.0007123" startTime="2011-12-21T22:37:07.3524103+01:00" endTime="2011-12-21T22:37:07.3594107+01:00" testType="13cdc9d9-ddb5-4fa4-a97d-d965ccfc6d4b" outcome="Passed" testListId="8c84fa94-04c1-424b-9868-57a2d4851a1d" relativeResultsDirectory="6fb8874e-7c61-420f-bddf-8bccb7041331">
    </UnitTestResult>
    <UnitTestResult executionId="94521583-a6cc-4193-9885-caa1c9e55ead" testId="cfa535a2-756a-5d02-badb-8fb7df1ef388" testName="GrayscaleFilterConstructorTest" computerName="MATHIAS-PC" duration="00:00:00.0009911" startTime="2011-12-21T22:37:07.3614108+01:00" endTime="2011-12-21T22:37:07.3694113+01:00" testType="13cdc9d9-ddb5-4fa4-a97d-d965ccfc6d4b" outcome="Passed" testListId="8c84fa94-04c1-424b-9868-57a2d4851a1d" relativeResultsDirectory="94521583-a6cc-4193-9885-caa1c9e55ead">
    </UnitTestResult>
    <UnitTestResult executionId="bce127e1-acd7-4af1-973b-9642fc928922" testId="9a46fa9b-9a2e-3eff-02e4-ce3ff885083d" testName="MainTest" computerName="MATHIAS-PC" duration="00:00:00.0003805" startTime="2011-12-21T22:37:07.3744116+01:00" endTime="2011-12-21T22:37:07.3814120+01:00" testType="13cdc9d9-ddb5-4fa4-a97d-d965ccfc6d4b" outcome="Passed" testListId="8c84fa94-04c1-424b-9868-57a2d4851a1d" relativeResultsDirectory="bce127e1-acd7-4af1-973b-9642fc928922">
    </UnitTestResult>
    <UnitTestResult executionId="0f27de5a-26e2-4a4e-8a66-14b7c212ee1f" testId="cb6f91e9-958d-53a3-511f-f5e378b3ee24" testName="ErrorDiffusionFilterConstructorTest" computerName="MATHIAS-PC" duration="00:00:00.0007970" startTime="2011-12-21T22:37:07.3844121+01:00" endTime="2011-12-21T22:37:07.3924126+01:00" testType="13cdc9d9-ddb5-4fa4-a97d-d965ccfc6d4b" outcome="Passed" testListId="8c84fa94-04c1-424b-9868-57a2d4851a1d" relativeResultsDirectory="0f27de5a-26e2-4a4e-8a66-14b7c212ee1f">
    </UnitTestResult>
    <UnitTestResult executionId="fce2539f-837d-408e-87ad-9e5fe5e891b4" testId="04635d02-4f9e-45d8-3e06-60b4ba2dbebd" testName="BlackWhiteFilterConstructorTest" computerName="MATHIAS-PC" duration="00:00:00.0006183" startTime="2011-12-21T22:37:07.3954128+01:00" endTime="2011-12-21T22:37:07.4024132+01:00" testType="13cdc9d9-ddb5-4fa4-a97d-d965ccfc6d4b" outcome="Passed" testListId="8c84fa94-04c1-424b-9868-57a2d4851a1d" relativeResultsDirectory="fce2539f-837d-408e-87ad-9e5fe5e891b4">
    </UnitTestResult>
    <UnitTestResult executionId="8458e6ac-9ad3-425d-b5db-c46061761560" testId="0154749f-78bc-bf28-ca06-2e5f09a33e51" testName="performTest" computerName="MATHIAS-PC" duration="00:00:00.0009899" startTime="2011-12-21T22:37:07.4064134+01:00" endTime="2011-12-21T22:37:07.4134138+01:00" testType="13cdc9d9-ddb5-4fa4-a97d-d965ccfc6d4b" outcome="Passed" testListId="8c84fa94-04c1-424b-9868-57a2d4851a1d" relativeResultsDirectory="8458e6ac-9ad3-425d-b5db-c46061761560">
    </UnitTestResult>
    <UnitTestResult executionId="8f48db37-9e32-44a6-8df9-17caa7afe057" testId="c54b7c3d-97a4-cf3e-1b61-db666fb0b2b4" testName="ImageManipulatorConstructorTest" computerName="MATHIAS-PC" duration="00:00:00.0013035" startTime="2011-12-21T22:37:07.4164140+01:00" endTime="2011-12-21T22:37:07.4244144+01:00" testType="13cdc9d9-ddb5-4fa4-a97d-d965ccfc6d4b" outcome="Passed" testListId="8c84fa94-04c1-424b-9868-57a2d4851a1d" relativeResultsDirectory="8f48db37-9e32-44a6-8df9-17caa7afe057">
    </UnitTestResult>
    <UnitTestResult executionId="39d37e8b-8dad-42e8-8bb2-4036ff138cc0" testId="0ff7e0d0-a263-d910-623c-cc55a9dbcac2" testName="OscillationFilterConstructorTest" computerName="MATHIAS-PC" duration="00:00:00.0007743" startTime="2011-12-21T22:37:07.4254145+01:00" endTime="2011-12-21T22:37:07.4324149+01:00" testType="13cdc9d9-ddb5-4fa4-a97d-d965ccfc6d4b" outcome="Passed" testListId="8c84fa94-04c1-424b-9868-57a2d4851a1d" relativeResultsDirectory="39d37e8b-8dad-42e8-8bb2-4036ff138cc0">
    </UnitTestResult>
    <UnitTestResult executionId="d0fadd1f-926e-4986-be88-aff9313552f6" testId="b30649c3-9490-1525-b4f4-8e069a4e79f4" testName="setMainFormTest" computerName="MATHIAS-PC" duration="00:00:00.0742806" startTime="2011-12-21T22:37:07.4364151+01:00" endTime="2011-12-21T22:37:07.5214200+01:00" testType="13cdc9d9-ddb5-4fa4-a97d-d965ccfc6d4b" outcome="Passed" testListId="8c84fa94-04c1-424b-9868-57a2d4851a1d" relativeResultsDirectory="d0fadd1f-926e-4986-be88-aff9313552f6">
    </UnitTestResult>
    <UnitTestResult executionId="6e2a951b-61bb-4983-8623-f3d91ec11f53" testId="c8cc5580-ead3-5acf-a1e1-3282adddd441" testName="computeHeightStepsTest" computerName="MATHIAS-PC" duration="00:00:00.0010908" startTime="2011-12-21T22:37:07.5244201+01:00" endTime="2011-12-21T22:37:07.5334207+01:00" testType="13cdc9d9-ddb5-4fa4-a97d-d965ccfc6d4b" outcome="Passed" testListId="8c84fa94-04c1-424b-9868-57a2d4851a1d" relativeResultsDirectory="6e2a951b-61bb-4983-8623-f3d91ec11f53">
    </UnitTestResult>
    <UnitTestResult executionId="5c45c278-32d4-4817-b69e-a5ab574a9d60" testId="a09dfaf6-7239-4f0d-306e-6ed80bf95595" testName="RGB_ModeFilterConstructorTest" computerName="MATHIAS-PC" duration="00:00:00.0008266" startTime="2011-12-21T22:37:07.5354208+01:00" endTime="2011-12-21T22:37:07.5424212+01:00" testType="13cdc9d9-ddb5-4fa4-a97d-d965ccfc6d4b" outcome="Passed" testListId="8c84fa94-04c1-424b-9868-57a2d4851a1d" relativeResultsDirectory="5c45c278-32d4-4817-b69e-a5ab574a9d60">
    </UnitTestResult>
    <UnitTestResult executionId="024bf6c7-27b8-4b2e-8c22-9494a3d19316" testId="2230829b-1f4f-d9e4-adb1-df3b8d64f72f" testName="SepiaFilterConstructorTest" computerName="MATHIAS-PC" duration="00:00:00.0006985" startTime="2011-12-21T22:37:07.5444213+01:00" endTime="2011-12-21T22:37:07.5514217+01:00" testType="13cdc9d9-ddb5-4fa4-a97d-d965ccfc6d4b" outcome="Passed" testListId="8c84fa94-04c1-424b-9868-57a2d4851a1d" relativeResultsDirectory="024bf6c7-27b8-4b2e-8c22-9494a3d19316">
    </UnitTestResult>
    <UnitTestResult executionId="03d59113-8139-42a0-a2cd-86754b857b0c" testId="7870b940-fe6b-7b30-3290-675eea668a00" testName="performTest" computerName="MATHIAS-PC" duration="00:00:00.0008444" startTime="2011-12-21T22:37:07.5544219+01:00" endTime="2011-12-21T22:37:07.5614223+01:00" testType="13cdc9d9-ddb5-4fa4-a97d-d965ccfc6d4b" outcome="Passed" testListId="8c84fa94-04c1-424b-9868-57a2d4851a1d" relativeResultsDirectory="03d59113-8139-42a0-a2cd-86754b857b0c">
    </UnitTestResult>
    <UnitTestResult executionId="19fc55dc-f8e7-4054-bef8-baae1e8fb276" testId="c4c3c443-7469-c3ab-1664-55cbef9492d7" testName="performTest" computerName="MATHIAS-PC" duration="00:00:00.0008019" startTime="2011-12-21T22:37:07.5654225+01:00" endTime="2011-12-21T22:37:07.5734229+01:00" testType="13cdc9d9-ddb5-4fa4-a97d-d965ccfc6d4b" outcome="Passed" testListId="8c84fa94-04c1-424b-9868-57a2d4851a1d" relativeResultsDirectory="19fc55dc-f8e7-4054-bef8-baae1e8fb276">
    </UnitTestResult>
    <UnitTestResult executionId="991fc675-65e6-477e-87db-f79552643e29" testId="75cc471e-1517-af11-e8dc-a61e8ea83941" testName="performTest" computerName="MATHIAS-PC" duration="00:00:00.0008687" startTime="2011-12-21T22:37:07.5894239+01:00" endTime="2011-12-21T22:37:07.5964243+01:00" testType="13cdc9d9-ddb5-4fa4-a97d-d965ccfc6d4b" outcome="Passed" testListId="8c84fa94-04c1-424b-9868-57a2d4851a1d" relativeResultsDirectory="991fc675-65e6-477e-87db-f79552643e29">
    </UnitTestResult>
    <UnitTestResult executionId="33c64821-b7eb-4c67-95ea-24ad30b80ef5" testId="f7cd8541-dc96-429d-5112-23b12e0d7bcb" testName="performTest" computerName="MATHIAS-PC" duration="00:00:00.0008071" startTime="2011-12-21T22:37:07.5974243+01:00" endTime="2011-12-21T22:37:07.6044247+01:00" testType="13cdc9d9-ddb5-4fa4-a97d-d965ccfc6d4b" outcome="Passed" testListId="8c84fa94-04c1-424b-9868-57a2d4851a1d" relativeResultsDirectory="33c64821-b7eb-4c67-95ea-24ad30b80ef5">
    </UnitTestResult>
    <UnitTestResult executionId="1702612b-4084-41af-998c-d88d4df9eb4b" testId="69e27bca-8834-dbda-d579-a227f1d890a9" testName="performTest" computerName="MATHIAS-PC" duration="00:00:00.0007966" startTime="2011-12-21T22:37:07.6054248+01:00" endTime="2011-12-21T22:37:07.6124252+01:00" testType="13cdc9d9-ddb5-4fa4-a97d-d965ccfc6d4b" outcome="Passed" testListId="8c84fa94-04c1-424b-9868-57a2d4851a1d" relativeResultsDirectory="1702612b-4084-41af-998c-d88d4df9eb4b">
    </UnitTestResult>
    <UnitTestResult executionId="05737933-055e-45a6-804c-599634cdaf10" testId="808b215a-6a8c-b953-5df1-d3c332ac032c" testName="setNameTest" computerName="MATHIAS-PC" duration="00:00:00.0020998" startTime="2011-12-21T22:37:07.6134252+01:00" endTime="2011-12-21T22:37:07.6224257+01:00" testType="13cdc9d9-ddb5-4fa4-a97d-d965ccfc6d4b" outcome="Inconclusive" testListId="8c84fa94-04c1-424b-9868-57a2d4851a1d" relativeResultsDirectory="05737933-055e-45a6-804c-599634cdaf10">
      <Output>
        <ErrorInfo>
          <Message>Fehler bei "Assert.Inconclusive". Eine Methode, die keinen Wert zurückgibt, kann nicht überprüft werden.</Message>
          <StackTrace>   bei TestProject1.UserTest.setNameTest() in C:\Users\mathias\studium\master\semester 1\programmierung\Medienprogrammierung\Programming\TestProject1\UserTest.cs:Zeile 76.
</StackTrace>
        </ErrorInfo>
      </Output>
    </UnitTestResult>
    <UnitTestResult executionId="d110f576-fa19-499f-985d-216503b161d4" testId="e2ad20fc-5473-ee46-2f75-88e5a48cb321" testName="setPictureBoxTest" computerName="MATHIAS-PC" duration="00:00:00.0021395" startTime="2011-12-21T22:37:07.6244259+01:00" endTime="2011-12-21T22:37:07.6324263+01:00" testType="13cdc9d9-ddb5-4fa4-a97d-d965ccfc6d4b" outcome="Passed" testListId="8c84fa94-04c1-424b-9868-57a2d4851a1d" relativeResultsDirectory="d110f576-fa19-499f-985d-216503b161d4">
    </UnitTestResult>
  </Results>
</TestRun>